<?xml version="1.0" encoding="UTF-8"?>
<testsuite xmlns:xsi="http://www.w3.org/2001/XMLSchema-instance" xsi:noNamespaceSchemaLocation="https://maven.apache.org/surefire/maven-surefire-plugin/xsd/surefire-test-report-3.0.xsd" version="3.0" name="CMMS.Testcase.TestCase" time="85.527" tests="1" errors="0" skipped="0" failures="0">
  <properties>
    <property name="java.specification.version" value="17"/>
    <property name="sun.cpu.isalist" value="amd64"/>
    <property name="sun.jnu.encoding" value="Cp1252"/>
    <property name="java.class.path" value="C:\Eclipse\CMMSmobiletesting\target\test-classes;C:\Eclipse\CMMSmobiletesting\target\classes;C:\Users\wwwsa\.m2\repository\org\seleniumhq\selenium\selenium-java\4.20.0\selenium-java-4.20.0.jar;C:\Users\wwwsa\.m2\repository\org\seleniumhq\selenium\selenium-api\4.20.0\selenium-api-4.20.0.jar;C:\Users\wwwsa\.m2\repository\org\seleniumhq\selenium\selenium-chrome-driver\4.20.0\selenium-chrome-driver-4.20.0.jar;C:\Users\wwwsa\.m2\repository\com\google\auto\service\auto-service-annotations\1.1.1\auto-service-annotations-1.1.1.jar;C:\Users\wwwsa\.m2\repository\org\seleniumhq\selenium\selenium-chromium-driver\4.20.0\selenium-chromium-driver-4.20.0.jar;C:\Users\wwwsa\.m2\repository\org\seleniumhq\selenium\selenium-json\4.20.0\selenium-json-4.20.0.jar;C:\Users\wwwsa\.m2\repository\org\seleniumhq\selenium\selenium-manager\4.20.0\selenium-manager-4.20.0.jar;C:\Users\wwwsa\.m2\repository\org\seleniumhq\selenium\selenium-devtools-v122\4.20.0\selenium-devtools-v122-4.20.0.jar;C:\Users\wwwsa\.m2\repository\org\seleniumhq\selenium\selenium-devtools-v123\4.20.0\selenium-devtools-v123-4.20.0.jar;C:\Users\wwwsa\.m2\repository\org\seleniumhq\selenium\selenium-devtools-v124\4.20.0\selenium-devtools-v124-4.20.0.jar;C:\Users\wwwsa\.m2\repository\org\seleniumhq\selenium\selenium-devtools-v85\4.20.0\selenium-devtools-v85-4.20.0.jar;C:\Users\wwwsa\.m2\repository\org\seleniumhq\selenium\selenium-edge-driver\4.20.0\selenium-edge-driver-4.20.0.jar;C:\Users\wwwsa\.m2\repository\org\seleniumhq\selenium\selenium-firefox-driver\4.20.0\selenium-firefox-driver-4.20.0.jar;C:\Users\wwwsa\.m2\repository\org\seleniumhq\selenium\selenium-http\4.20.0\selenium-http-4.20.0.jar;C:\Users\wwwsa\.m2\repository\dev\failsafe\failsafe\3.3.2\failsafe-3.3.2.jar;C:\Users\wwwsa\.m2\repository\org\seleniumhq\selenium\selenium-ie-driver\4.20.0\selenium-ie-driver-4.20.0.jar;C:\Users\wwwsa\.m2\repository\org\seleniumhq\selenium\selenium-remote-driver\4.20.0\selenium-remote-driver-4.20.0.jar;C:\Users\wwwsa\.m2\repository\com\google\guava\guava\33.1.0-jre\guava-33.1.0-jre.jar;C:\Users\wwwsa\.m2\repository\com\google\guava\failureaccess\1.0.2\failureaccess-1.0.2.jar;C:\Users\wwwsa\.m2\repository\com\google\guava\listenablefuture\9999.0-empty-to-avoid-conflict-with-guava\listenablefuture-9999.0-empty-to-avoid-conflict-with-guava.jar;C:\Users\wwwsa\.m2\repository\com\google\code\findbugs\jsr305\3.0.2\jsr305-3.0.2.jar;C:\Users\wwwsa\.m2\repository\org\checkerframework\checker-qual\3.42.0\checker-qual-3.42.0.jar;C:\Users\wwwsa\.m2\repository\com\google\errorprone\error_prone_annotations\2.26.1\error_prone_annotations-2.26.1.jar;C:\Users\wwwsa\.m2\repository\com\google\j2objc\j2objc-annotations\3.0.0\j2objc-annotations-3.0.0.jar;C:\Users\wwwsa\.m2\repository\io\opentelemetry\semconv\opentelemetry-semconv\1.25.0-alpha\opentelemetry-semconv-1.25.0-alpha.jar;C:\Users\wwwsa\.m2\repository\io\opentelemetry\opentelemetry-api\1.37.0\opentelemetry-api-1.37.0.jar;C:\Users\wwwsa\.m2\repository\io\opentelemetry\opentelemetry-context\1.37.0\opentelemetry-context-1.37.0.jar;C:\Users\wwwsa\.m2\repository\io\opentelemetry\opentelemetry-exporter-logging\1.37.0\opentelemetry-exporter-logging-1.37.0.jar;C:\Users\wwwsa\.m2\repository\io\opentelemetry\opentelemetry-sdk-common\1.37.0\opentelemetry-sdk-common-1.37.0.jar;C:\Users\wwwsa\.m2\repository\io\opentelemetry\opentelemetry-sdk-extension-autoconfigure-spi\1.37.0\opentelemetry-sdk-extension-autoconfigure-spi-1.37.0.jar;C:\Users\wwwsa\.m2\repository\io\opentelemetry\opentelemetry-sdk-extension-autoconfigure\1.37.0\opentelemetry-sdk-extension-autoconfigure-1.37.0.jar;C:\Users\wwwsa\.m2\repository\io\opentelemetry\opentelemetry-api-incubator\1.37.0-alpha\opentelemetry-api-incubator-1.37.0-alpha.jar;C:\Users\wwwsa\.m2\repository\io\opentelemetry\opentelemetry-sdk-trace\1.37.0\opentelemetry-sdk-trace-1.37.0.jar;C:\Users\wwwsa\.m2\repository\io\opentelemetry\opentelemetry-sdk\1.37.0\opentelemetry-sdk-1.37.0.jar;C:\Users\wwwsa\.m2\repository\io\opentelemetry\opentelemetry-sdk-metrics\1.37.0\opentelemetry-sdk-metrics-1.37.0.jar;C:\Users\wwwsa\.m2\repository\io\opentelemetry\opentelemetry-sdk-logs\1.37.0\opentelemetry-sdk-logs-1.37.0.jar;C:\Users\wwwsa\.m2\repository\net\bytebuddy\byte-buddy\1.14.14\byte-buddy-1.14.14.jar;C:\Users\wwwsa\.m2\repository\org\seleniumhq\selenium\selenium-os\4.20.0\selenium-os-4.20.0.jar;C:\Users\wwwsa\.m2\repository\org\apache\commons\commons-exec\1.4.0\commons-exec-1.4.0.jar;C:\Users\wwwsa\.m2\repository\org\seleniumhq\selenium\selenium-safari-driver\4.20.0\selenium-safari-driver-4.20.0.jar;C:\Users\wwwsa\.m2\repository\org\seleniumhq\selenium\selenium-support\4.20.0\selenium-support-4.20.0.jar;C:\Users\wwwsa\.m2\repository\org\testng\testng\6.14.3\testng-6.14.3.jar;C:\Users\wwwsa\.m2\repository\com\beust\jcommander\1.72\jcommander-1.72.jar;C:\Users\wwwsa\.m2\repository\org\apache-extras\beanshell\bsh\2.0b6\bsh-2.0b6.jar;C:\Users\wwwsa\.m2\repository\io\appium\java-client\9.2.2\java-client-9.2.2.jar;C:\Users\wwwsa\.m2\repository\com\google\code\gson\gson\2.10.1\gson-2.10.1.jar;C:\Users\wwwsa\.m2\repository\org\slf4j\slf4j-api\2.0.12\slf4j-api-2.0.12.jar;"/>
    <property name="java.vm.vendor" value="Oracle Corporation"/>
    <property name="sun.arch.data.model" value="64"/>
    <property name="user.variant" value=""/>
    <property name="java.vendor.url" value="https://java.oracle.com/"/>
    <property name="user.timezone" value="Asia/Calcutta"/>
    <property name="os.name" value="Windows 11"/>
    <property name="java.vm.specification.version" value="17"/>
    <property name="sun.java.launcher" value="SUN_STANDARD"/>
    <property name="user.country" value="IN"/>
    <property name="sun.boot.library.path" value="C:\Program Files\Java\jdk-17\bin"/>
    <property name="sun.java.command" value="C:\Users\wwwsa\AppData\Local\Temp\surefire9652515045676730397\surefirebooter-20240522161220912_3.jar C:\Users\wwwsa\AppData\Local\Temp\surefire9652515045676730397 2024-05-22T16-12-20_692-jvmRun1 surefire-20240522161220912_1tmp surefire_0-20240522161220912_2tmp"/>
    <property name="jdk.debug" value="release"/>
    <property name="surefire.test.class.path" value="C:\Eclipse\CMMSmobiletesting\target\test-classes;C:\Eclipse\CMMSmobiletesting\target\classes;C:\Users\wwwsa\.m2\repository\org\seleniumhq\selenium\selenium-java\4.20.0\selenium-java-4.20.0.jar;C:\Users\wwwsa\.m2\repository\org\seleniumhq\selenium\selenium-api\4.20.0\selenium-api-4.20.0.jar;C:\Users\wwwsa\.m2\repository\org\seleniumhq\selenium\selenium-chrome-driver\4.20.0\selenium-chrome-driver-4.20.0.jar;C:\Users\wwwsa\.m2\repository\com\google\auto\service\auto-service-annotations\1.1.1\auto-service-annotations-1.1.1.jar;C:\Users\wwwsa\.m2\repository\org\seleniumhq\selenium\selenium-chromium-driver\4.20.0\selenium-chromium-driver-4.20.0.jar;C:\Users\wwwsa\.m2\repository\org\seleniumhq\selenium\selenium-json\4.20.0\selenium-json-4.20.0.jar;C:\Users\wwwsa\.m2\repository\org\seleniumhq\selenium\selenium-manager\4.20.0\selenium-manager-4.20.0.jar;C:\Users\wwwsa\.m2\repository\org\seleniumhq\selenium\selenium-devtools-v122\4.20.0\selenium-devtools-v122-4.20.0.jar;C:\Users\wwwsa\.m2\repository\org\seleniumhq\selenium\selenium-devtools-v123\4.20.0\selenium-devtools-v123-4.20.0.jar;C:\Users\wwwsa\.m2\repository\org\seleniumhq\selenium\selenium-devtools-v124\4.20.0\selenium-devtools-v124-4.20.0.jar;C:\Users\wwwsa\.m2\repository\org\seleniumhq\selenium\selenium-devtools-v85\4.20.0\selenium-devtools-v85-4.20.0.jar;C:\Users\wwwsa\.m2\repository\org\seleniumhq\selenium\selenium-edge-driver\4.20.0\selenium-edge-driver-4.20.0.jar;C:\Users\wwwsa\.m2\repository\org\seleniumhq\selenium\selenium-firefox-driver\4.20.0\selenium-firefox-driver-4.20.0.jar;C:\Users\wwwsa\.m2\repository\org\seleniumhq\selenium\selenium-http\4.20.0\selenium-http-4.20.0.jar;C:\Users\wwwsa\.m2\repository\dev\failsafe\failsafe\3.3.2\failsafe-3.3.2.jar;C:\Users\wwwsa\.m2\repository\org\seleniumhq\selenium\selenium-ie-driver\4.20.0\selenium-ie-driver-4.20.0.jar;C:\Users\wwwsa\.m2\repository\org\seleniumhq\selenium\selenium-remote-driver\4.20.0\selenium-remote-driver-4.20.0.jar;C:\Users\wwwsa\.m2\repository\com\google\guava\guava\33.1.0-jre\guava-33.1.0-jre.jar;C:\Users\wwwsa\.m2\repository\com\google\guava\failureaccess\1.0.2\failureaccess-1.0.2.jar;C:\Users\wwwsa\.m2\repository\com\google\guava\listenablefuture\9999.0-empty-to-avoid-conflict-with-guava\listenablefuture-9999.0-empty-to-avoid-conflict-with-guava.jar;C:\Users\wwwsa\.m2\repository\com\google\code\findbugs\jsr305\3.0.2\jsr305-3.0.2.jar;C:\Users\wwwsa\.m2\repository\org\checkerframework\checker-qual\3.42.0\checker-qual-3.42.0.jar;C:\Users\wwwsa\.m2\repository\com\google\errorprone\error_prone_annotations\2.26.1\error_prone_annotations-2.26.1.jar;C:\Users\wwwsa\.m2\repository\com\google\j2objc\j2objc-annotations\3.0.0\j2objc-annotations-3.0.0.jar;C:\Users\wwwsa\.m2\repository\io\opentelemetry\semconv\opentelemetry-semconv\1.25.0-alpha\opentelemetry-semconv-1.25.0-alpha.jar;C:\Users\wwwsa\.m2\repository\io\opentelemetry\opentelemetry-api\1.37.0\opentelemetry-api-1.37.0.jar;C:\Users\wwwsa\.m2\repository\io\opentelemetry\opentelemetry-context\1.37.0\opentelemetry-context-1.37.0.jar;C:\Users\wwwsa\.m2\repository\io\opentelemetry\opentelemetry-exporter-logging\1.37.0\opentelemetry-exporter-logging-1.37.0.jar;C:\Users\wwwsa\.m2\repository\io\opentelemetry\opentelemetry-sdk-common\1.37.0\opentelemetry-sdk-common-1.37.0.jar;C:\Users\wwwsa\.m2\repository\io\opentelemetry\opentelemetry-sdk-extension-autoconfigure-spi\1.37.0\opentelemetry-sdk-extension-autoconfigure-spi-1.37.0.jar;C:\Users\wwwsa\.m2\repository\io\opentelemetry\opentelemetry-sdk-extension-autoconfigure\1.37.0\opentelemetry-sdk-extension-autoconfigure-1.37.0.jar;C:\Users\wwwsa\.m2\repository\io\opentelemetry\opentelemetry-api-incubator\1.37.0-alpha\opentelemetry-api-incubator-1.37.0-alpha.jar;C:\Users\wwwsa\.m2\repository\io\opentelemetry\opentelemetry-sdk-trace\1.37.0\opentelemetry-sdk-trace-1.37.0.jar;C:\Users\wwwsa\.m2\repository\io\opentelemetry\opentelemetry-sdk\1.37.0\opentelemetry-sdk-1.37.0.jar;C:\Users\wwwsa\.m2\repository\io\opentelemetry\opentelemetry-sdk-metrics\1.37.0\opentelemetry-sdk-metrics-1.37.0.jar;C:\Users\wwwsa\.m2\repository\io\opentelemetry\opentelemetry-sdk-logs\1.37.0\opentelemetry-sdk-logs-1.37.0.jar;C:\Users\wwwsa\.m2\repository\net\bytebuddy\byte-buddy\1.14.14\byte-buddy-1.14.14.jar;C:\Users\wwwsa\.m2\repository\org\seleniumhq\selenium\selenium-os\4.20.0\selenium-os-4.20.0.jar;C:\Users\wwwsa\.m2\repository\org\apache\commons\commons-exec\1.4.0\commons-exec-1.4.0.jar;C:\Users\wwwsa\.m2\repository\org\seleniumhq\selenium\selenium-safari-driver\4.20.0\selenium-safari-driver-4.20.0.jar;C:\Users\wwwsa\.m2\repository\org\seleniumhq\selenium\selenium-support\4.20.0\selenium-support-4.20.0.jar;C:\Users\wwwsa\.m2\repository\org\testng\testng\6.14.3\testng-6.14.3.jar;C:\Users\wwwsa\.m2\repository\com\beust\jcommander\1.72\jcommander-1.72.jar;C:\Users\wwwsa\.m2\repository\org\apache-extras\beanshell\bsh\2.0b6\bsh-2.0b6.jar;C:\Users\wwwsa\.m2\repository\io\appium\java-client\9.2.2\java-client-9.2.2.jar;C:\Users\wwwsa\.m2\repository\com\google\code\gson\gson\2.10.1\gson-2.10.1.jar;C:\Users\wwwsa\.m2\repository\org\slf4j\slf4j-api\2.0.12\slf4j-api-2.0.12.jar;"/>
    <property name="sun.cpu.endian" value="little"/>
    <property name="user.home" value="C:\Users\wwwsa"/>
    <property name="user.language" value="en"/>
    <property name="java.specification.vendor" value="Oracle Corporation"/>
    <property name="java.version.date" value="2023-07-18"/>
    <property name="java.home" value="C:\Program Files\Java\jdk-17"/>
    <property name="file.separator" value="\"/>
    <property name="basedir" value="C:\Eclipse\CMMSmobiletesting"/>
    <property name="java.vm.compressedOopsMode" value="Zero based"/>
    <property name="line.separator" value="&#10;"/>
    <property name="java.vm.specification.vendor" value="Oracle Corporation"/>
    <property name="java.specification.name" value="Java Platform API Specification"/>
    <property name="surefire.real.class.path" value="C:\Users\wwwsa\AppData\Local\Temp\surefire9652515045676730397\surefirebooter-20240522161220912_3.jar"/>
    <property name="user.script" value=""/>
    <property name="sun.management.compiler" value="HotSpot 64-Bit Tiered Compilers"/>
    <property name="java.runtime.version" value="17.0.8+9-LTS-211"/>
    <property name="user.name" value="wwwsa"/>
    <property name="path.separator" value=";"/>
    <property name="os.version" value="10.0"/>
    <property name="java.runtime.name" value="Java(TM) SE Runtime Environment"/>
    <property name="file.encoding" value="Cp1252"/>
    <property name="java.vm.name" value="Java HotSpot(TM) 64-Bit Server VM"/>
    <property name="localRepository" value="C:\Users\wwwsa\.m2\repository"/>
    <property name="java.vendor.url.bug" value="https://bugreport.java.com/bugreport/"/>
    <property name="java.io.tmpdir" value="C:\Users\wwwsa\AppData\Local\Temp\"/>
    <property name="java.version" value="17.0.8"/>
    <property name="user.dir" value="C:\Eclipse\CMMSmobiletesting"/>
    <property name="os.arch" value="amd64"/>
    <property name="java.vm.specification.name" value="Java Virtual Machine Specification"/>
    <property name="sun.os.patch.level" value=""/>
    <property name="native.encoding" value="Cp1252"/>
    <property name="java.library.path" value="C:\Program Files\Java\jdk-17\bin;C:\WINDOWS\Sun\Java\bin;C:\WINDOWS\system32;C:\WINDOWS;C:\Program Files\Common Files\Oracle\Java\javapath;C:\WINDOWS\system32;C:\WINDOWS;C:\WINDOWS\System32\Wbem;C:\WINDOWS\System32\WindowsPowerShell\v1.0\;C:\WINDOWS\System32\OpenSSH\;C:\Program Files\Java\jdk-17\bin;C:\Users\wwwsa\Downloads\apache-maven-3.9.5-bin\apache-maven-3.9.5\bin;C:\Users\wwwsa\Downloads\allure-commandline-2.13.0\allure-2.13.0\bin;C:\Program Files\nodejs\;C:\Users\wwwsa\AppData\Local\Android\Sdk;C:\Users\wwwsa\AppData\Local\Android\Sdk\platform-tools;C:\Users\wwwsa\AppData\Local\Android\Sdk\tools\bin;C:\Users\wwwsa\AppData\Local\Android\Sdk\tools;C:\Program Files\nodejs\node_modules\npm\bin;C:\Users\wwwsa\AppData\Local\Microsoft\WindowsApps;C:\Users\wwwsa\AppData\Roaming\npm;;."/>
    <property name="java.vm.info" value="mixed mode, sharing"/>
    <property name="java.vendor" value="Oracle Corporation"/>
    <property name="java.vm.version" value="17.0.8+9-LTS-211"/>
    <property name="sun.io.unicode.encoding" value="UnicodeLittle"/>
    <property name="java.class.version" value="61.0"/>
  </properties>
  <testcase name="testcmms" classname="CMMS.Testcase.TestCase" time="66.33">
    <system-out><![CDATA[&amp#27;[35m[Appium]&amp#27;[39m Welcome to Appium v2.5.4
&amp#27;[35m[Appium]&amp#27;[39m Non-default server args:
&amp#27;[35m[Appium]&amp#27;[39m { address: &amp#27;[32m'127.0.0.1'&amp#27;[39m }
&amp#27;[35m[Appium]&amp#27;[39m The autodetected Appium home path: C:\Users\wwwsa\.appium
&amp#27;[35m[Appium]&amp#27;[39m Attempting to load driver uiautomator2...
&amp#27;[35m[Appium]&amp#27;[39m Requiring driver at C:\Users\wwwsa\.appium\node_modules\appium-uiautomator2-driver\build\index.js
&amp#27;[35m[Appium]&amp#27;[39m AndroidUiautomator2Driver has been successfully loaded in 1.059s
&amp#27;[35m[Appium]&amp#27;[39m Appium REST http interface listener started on http://127.0.0.1:4723
&amp#27;[35m[Appium]&amp#27;[39m Available drivers:
&amp#27;[35m[Appium]&amp#27;[39m   - uiautomator2@3.1.0 (automationName 'UiAutomator2')
&amp#27;[35m[Appium]&amp#27;[39m No plugins have been installed. Use the "appium plugin" command to install the one(s) you want to use.
&amp#27;[38;5;0m[HTTP]&amp#27;[0m &amp#27;[37m-->&amp#27;[39m &amp#27;[37mGET&amp#27;[39m &amp#27;[37m/status&amp#27;[39m
&amp#27;[38;5;0m[HTTP]&amp#27;[0m &amp#27;[90m{}&amp#27;[39m
&amp#27;[38;5;16m[AppiumDriver@033f]&amp#27;[0m Calling AppiumDriver.getStatus() with args: []
&amp#27;[38;5;16m[AppiumDriver@033f]&amp#27;[0m Responding to client with driver.getStatus() result: {"ready":true,"message":"The server is ready to accept new connections","build":{"version":"2.5.4"}}
&amp#27;[38;5;0m[HTTP]&amp#27;[0m &amp#27;[37m<-- GET /status &amp#27;[39m&amp#27;[32m200&amp#27;[39m &amp#27;[90m8 ms - 110&amp#27;[39m
&amp#27;[38;5;0m[HTTP]&amp#27;[0m &amp#27;[90m&amp#27;[39m
&amp#27;[38;5;0m[HTTP]&amp#27;[0m Request idempotency key: e7b701e9-9aed-4d2f-ae73-8f1033fd6f80
&amp#27;[38;5;0m[HTTP]&amp#27;[0m &amp#27;[37m-->&amp#27;[39m &amp#27;[37mPOST&amp#27;[39m &amp#27;[37m/session&amp#27;[39m
&amp#27;[38;5;0m[HTTP]&amp#27;[0m &amp#27;[90m{"capabilities":{"firstMatch":[{}],"alwaysMatch":{"browserName":"Chrome","platformName":"ANDROID","appium:chromedriverExecutable":"C://Users//wwwsa//Downloads//chromedriver_83version//chromedriver.exe","appium:automationName":"UIAutomator2","appium:deviceName":"Android11"}}}&amp#27;[39m
&amp#27;[38;5;16m[AppiumDriver@033f]&amp#27;[0m Calling AppiumDriver.createSession() with args: [null,null,{"firstMatch":[{}],"alwaysMatch":{"browserName":"Chrome","platformName":"ANDROID","appium:chromedriverExecutable":"C://Users//wwwsa//Downloads//chromedriver_83version//chromedriver.exe","appium:automationName":"UIAutomator2","appium:deviceName":"Android11"}}]
&amp#27;[38;5;16m[AppiumDriver@033f]&amp#27;[0m Event 'newSessionRequested' logged at 1716374545391 (16:12:25 GMT+0530 (India Standard Time))
&amp#27;[35m[Appium]&amp#27;[39m Attempting to find matching driver for automationName 'UIAutomator2' and platformName 'ANDROID'
&amp#27;[35m[Appium]&amp#27;[39m The 'uiautomator2' driver was installed and matched caps.
&amp#27;[35m[Appium]&amp#27;[39m Will require it at C:\Users\wwwsa\.appium\node_modules\appium-uiautomator2-driver
&amp#27;[35m[Appium]&amp#27;[39m Requiring driver at C:\Users\wwwsa\.appium\node_modules\appium-uiautomator2-driver\build\index.js
&amp#27;[38;5;16m[AppiumDriver@033f]&amp#27;[0m Appium v2.5.4 creating new AndroidUiautomator2Driver (v3.1.0) session
&amp#27;[38;5;16m[AppiumDriver@033f]&amp#27;[0m Checking BaseDriver versions for Appium and AndroidUiautomator2Driver
&amp#27;[38;5;16m[AppiumDriver@033f]&amp#27;[0m Appium's BaseDriver version is 9.6.0
&amp#27;[38;5;16m[AppiumDriver@033f]&amp#27;[0m AndroidUiautomator2Driver's BaseDriver version is 9.6.0
&amp#27;[38;5;32m[AndroidUiautomator2Driver@6453]&amp#27;[0m Creating session with W3C capabilities: {
&amp#27;[38;5;32m[AndroidUiautomator2Driver@6453]&amp#27;[0m   "alwaysMatch": {
&amp#27;[38;5;32m[AndroidUiautomator2Driver@6453]&amp#27;[0m     "browserName": "Chrome",
&amp#27;[38;5;32m[AndroidUiautomator2Driver@6453]&amp#27;[0m     "platformName": "ANDROID",
&amp#27;[38;5;32m[AndroidUiautomator2Driver@6453]&amp#27;[0m     "appium:chromedriverExecutable": "C://Users//wwwsa//Downloads//chromedriver_83version//chromedriver.exe",
&amp#27;[38;5;32m[AndroidUiautomator2Driver@6453]&amp#27;[0m     "appium:automationName": "UIAutomator2",
&amp#27;[38;5;32m[AndroidUiautomator2Driver@6453]&amp#27;[0m     "appium:deviceName": "Android11"
&amp#27;[38;5;32m[AndroidUiautomator2Driver@6453]&amp#27;[0m   },
&amp#27;[38;5;32m[AndroidUiautomator2Driver@6453]&amp#27;[0m   "firstMatch": [
&amp#27;[38;5;32m[AndroidUiautomator2Driver@6453]&amp#27;[0m     {}
&amp#27;[38;5;32m[AndroidUiautomator2Driver@6453]&amp#27;[0m   ]
&amp#27;[38;5;32m[AndroidUiautomator2Driver@6453]&amp#27;[0m }
&amp#27;[38;5;32m[AndroidUiautomator2Driver@6453 (8b9c12c4)]&amp#27;[0m Session created with session id: 8b9c12c4-9c1c-4db2-8d1e-b301ec11f45a
&amp#27;[38;5;48m[ADB]&amp#27;[0m Found 1 'build-tools' folders under 'C:\Users\wwwsa\AppData\Local\Android\Sdk' (newest first):
&amp#27;[38;5;48m[ADB]&amp#27;[0m     C:\Users\wwwsa\AppData\Local\Android\Sdk\build-tools\34.0.0
&amp#27;[38;5;48m[ADB]&amp#27;[0m Using 'adb.exe' from 'C:\Users\wwwsa\AppData\Local\Android\Sdk\platform-tools\adb.exe'
&amp#27;[38;5;48m[ADB]&amp#27;[0m Running 'C:\Users\wwwsa\AppData\Local\Android\Sdk\platform-tools\adb.exe -P 5037 start-server'
&amp#27;[38;5;32m[AndroidUiautomator2Driver@6453 (8b9c12c4)]&amp#27;[0m Retrieving device list
&amp#27;[38;5;48m[ADB]&amp#27;[0m Trying to find connected Android devices
&amp#27;[38;5;48m[ADB]&amp#27;[0m Getting connected devices
&amp#27;[38;5;48m[ADB]&amp#27;[0m Connected devices: [{"udid":"emulator-5554","state":"device"}]
&amp#27;[38;5;32m[AndroidUiautomator2Driver@6453 (8b9c12c4)]&amp#27;[0m Using device: emulator-5554
&amp#27;[38;5;48m[ADB]&amp#27;[0m Using 'adb.exe' from 'C:\Users\wwwsa\AppData\Local\Android\Sdk\platform-tools\adb.exe'
&amp#27;[38;5;48m[ADB]&amp#27;[0m Running 'C:\Users\wwwsa\AppData\Local\Android\Sdk\platform-tools\adb.exe -P 5037 start-server'
&amp#27;[38;5;48m[ADB]&amp#27;[0m Setting device id to emulator-5554
&amp#27;[38;5;32m[AndroidUiautomator2Driver@6453 (8b9c12c4)]&amp#27;[0m We're going to run a Chrome-based session
&amp#27;[38;5;48m[ADB]&amp#27;[0m Running 'C:\Users\wwwsa\AppData\Local\Android\Sdk\platform-tools\adb.exe -P 5037 -s emulator-5554 shell getprop ro.build.version.sdk'
&amp#27;[38;5;48m[ADB]&amp#27;[0m Current device property 'ro.build.version.sdk': 30
&amp#27;[38;5;48m[ADB]&amp#27;[0m Getting device platform version
&amp#27;[38;5;48m[ADB]&amp#27;[0m Running 'C:\Users\wwwsa\AppData\Local\Android\Sdk\platform-tools\adb.exe -P 5037 -s emulator-5554 shell getprop ro.build.version.release'
&amp#27;[38;5;48m[ADB]&amp#27;[0m Current device property 'ro.build.version.release': 11
&amp#27;[38;5;48m[ADB]&amp#27;[0m Device API level: 30
&amp#27;[38;5;48m[ADB]&amp#27;[0m Running 'C:\Users\wwwsa\AppData\Local\Android\Sdk\platform-tools\adb.exe -P 5037 -s emulator-5554 shell cmd package resolve-activity --brief com.android.chrome'
&amp#27;[38;5;32m[AndroidUiautomator2Driver@6453 (8b9c12c4)]&amp#27;[0m Chrome-type package and activity are com.android.chrome and com.android.chrome/com.google.android.apps.chrome.Main
&amp#27;[38;5;32m[AndroidUiautomator2Driver@6453 (8b9c12c4)]&amp#27;[0m Starting 'com.android.chrome' directly on the device
&amp#27;[38;5;32m[AndroidUiautomator2Driver@6453 (8b9c12c4)]&amp#27;[0m Relaxing hidden api policy
&amp#27;[38;5;48m[ADB]&amp#27;[0m Running 'C:\Users\wwwsa\AppData\Local\Android\Sdk\platform-tools\adb.exe -P 5037 -s emulator-5554 shell 'settings put global hidden_api_policy_pre_p_apps 1;settings put global hidden_api_policy_p_apps 1;settings put global hidden_api_policy 1''
&amp#27;[38;5;32m[AndroidUiautomator2Driver@6453 (8b9c12c4)]&amp#27;[0m No app sent in, not parsing package/activity
&amp#27;[38;5;48m[ADB]&amp#27;[0m Running 'C:\Users\wwwsa\AppData\Local\Android\Sdk\platform-tools\adb.exe -P 5037 -s emulator-5554 wait-for-device'
&amp#27;[38;5;48m[ADB]&amp#27;[0m Running 'C:\Users\wwwsa\AppData\Local\Android\Sdk\platform-tools\adb.exe -P 5037 -s emulator-5554 shell echo ping'
&amp#27;[38;5;32m[AndroidUiautomator2Driver@6453 (8b9c12c4)]&amp#27;[0m Pushing settings apk to the device...
&amp#27;[38;5;48m[ADB]&amp#27;[0m Getting package info for 'io.appium.settings'
&amp#27;[38;5;48m[ADB]&amp#27;[0m Running 'C:\Users\wwwsa\AppData\Local\Android\Sdk\platform-tools\adb.exe -P 5037 -s emulator-5554 shell dumpsys package io.appium.settings'
&amp#27;[38;5;48m[ADB]&amp#27;[0m The version name of the installed 'io.appium.settings' is greater or equal to the application version name ('5.7.9' >= '5.7.9')
&amp#27;[38;5;48m[ADB]&amp#27;[0m There is no need to install/upgrade 'C:\Users\wwwsa\.appium\node_modules\appium-uiautomator2-driver\node_modules\io.appium.settings\apks\settings_apk-debug.apk'
&amp#27;[38;5;48m[ADB]&amp#27;[0m Running 'C:\Users\wwwsa\AppData\Local\Android\Sdk\platform-tools\adb.exe -P 5037 -s emulator-5554 shell dumpsys activity services io.appium.settings'
&amp#27;[38;5;32m[AndroidUiautomator2Driver@6453 (8b9c12c4)]&amp#27;[0m io.appium.settings is already running. There is no need to reset its permissions.
&amp#27;[38;5;64m[Logcat]&amp#27;[0m Starting logs capture with command: C:\\Users\\wwwsa\\AppData\\Local\\Android\\Sdk\\platform-tools\\adb.exe -P 5037 -s emulator-5554 logcat -v threadtime
&amp#27;[38;5;32m[AndroidUiautomator2Driver@6453 (8b9c12c4)]&amp#27;[0m Forwarding UiAutomator2 Server port 6790 to local port 8200
&amp#27;[38;5;48m[ADB]&amp#27;[0m Forwarding system: 8200 to device: 6790
&amp#27;[38;5;48m[ADB]&amp#27;[0m Running 'C:\Users\wwwsa\AppData\Local\Android\Sdk\platform-tools\adb.exe -P 5037 -s emulator-5554 forward tcp:8200 tcp:6790'
&amp#27;[38;5;48m[ADB]&amp#27;[0m Getting package info for 'io.appium.uiautomator2.server'
&amp#27;[38;5;48m[ADB]&amp#27;[0m Running 'C:\Users\wwwsa\AppData\Local\Android\Sdk\platform-tools\adb.exe -P 5037 -s emulator-5554 shell dumpsys package io.appium.uiautomator2.server'
&amp#27;[38;5;48m[ADB]&amp#27;[0m Getting install status for io.appium.uiautomator2.server.test
&amp#27;[38;5;32m[AndroidUiautomator2Driver@6453 (8b9c12c4)]&amp#27;[0m No app capability. Assuming it is already on the device
&amp#27;[38;5;48m[ADB]&amp#27;[0m Getting install status for com.android.chrome
&amp#27;[38;5;48m[ADB]&amp#27;[0m Running 'C:\Users\wwwsa\AppData\Local\Android\Sdk\platform-tools\adb.exe -P 5037 -s emulator-5554 shell cmd package list packages'
&amp#27;[38;5;48m[ADB]&amp#27;[0m Running 'C:\Users\wwwsa\AppData\Local\Android\Sdk\platform-tools\adb.exe -P 5037 -s emulator-5554 shell cmd package list packages'
&amp#27;[38;5;48m[ADB]&amp#27;[0m 'io.appium.uiautomator2.server.test' is installed
&amp#27;[38;5;48m[ADB]&amp#27;[0m 'com.android.chrome' is installed
&amp#27;[38;5;48m[ADB]&amp#27;[0m Running 'C:\Users\wwwsa\AppData\Local\Android\Sdk\platform-tools\adb.exe -P 5037 -s emulator-5554 shell am force-stop com.android.chrome'
&amp#27;[38;5;48m[ADB]&amp#27;[0m Running 'C:\Users\wwwsa\AppData\Local\Android\Sdk\platform-tools\adb.exe -P 5037 -s emulator-5554 shell pm clear com.android.chrome'
&amp#27;[38;5;32m[AndroidUiautomator2Driver@6453 (8b9c12c4)]&amp#27;[0m Performed fast reset on the installed 'com.android.chrome' application (stop and clear)
&amp#27;[38;5;48m[ADB]&amp#27;[0m The version name of the installed 'io.appium.uiautomator2.server' is greater or equal to the application version name ('7.0.5' >= '7.0.5')
&amp#27;[38;5;32m[AndroidUiautomator2Driver@6453 (8b9c12c4)]&amp#27;[0m Server packages status: [{"installState":"sameVersionInstalled","appPath":"C:\\Users\\wwwsa\\.appium\\node_modules\\appium-uiautomator2-driver\\node_modules\\appium-uiautomator2-server\\apks\\appium-uiautomator2-server-v7.0.5.apk","appId":"io.appium.uiautomator2.server"},{"installState":"sameVersionInstalled","appPath":"C:\\Users\\wwwsa\\.appium\\node_modules\\appium-uiautomator2-driver\\node_modules\\appium-uiautomator2-server\\apks\\appium-uiautomator2-server-debug-androidTest.apk","appId":"io.appium.uiautomator2.server.test"}]
&amp#27;[38;5;32m[AndroidUiautomator2Driver@6453 (8b9c12c4)]&amp#27;[0m Server packages are not going to be (re)installed
&amp#27;[38;5;32m[AndroidUiautomator2Driver@6453 (8b9c12c4)]&amp#27;[0m Waiting up to 30000ms for services to be available
&amp#27;[38;5;48m[ADB]&amp#27;[0m Running 'C:\Users\wwwsa\AppData\Local\Android\Sdk\platform-tools\adb.exe -P 5037 -s emulator-5554 shell pm list instrumentation'
&amp#27;[38;5;32m[AndroidUiautomator2Driver@6453 (8b9c12c4)]&amp#27;[0m Instrumentation target 'io.appium.uiautomator2.server.test/androidx.test.runner.AndroidJUnitRunner' is available
&amp#27;[38;5;48m[ADB]&amp#27;[0m Adding packages ["io.appium.settings","io.appium.uiautomator2.server","io.appium.uiautomator2.server.test"] to Doze whitelist
&amp#27;[38;5;48m[ADB]&amp#27;[0m Got the following command chunks to execute: [["dumpsys","deviceidle","whitelist","+io.appium.settings",";","dumpsys","deviceidle","whitelist","+io.appium.uiautomator2.server",";","dumpsys","deviceidle","whitelist","+io.appium.uiautomator2.server.test",";"]]
&amp#27;[38;5;48m[ADB]&amp#27;[0m Running 'C:\Users\wwwsa\AppData\Local\Android\Sdk\platform-tools\adb.exe -P 5037 -s emulator-5554 shell dumpsys deviceidle whitelist +io.appium.settings ; dumpsys deviceidle whitelist +io.appium.uiautomator2.server ; dumpsys deviceidle whitelist +io.appium.uiautomator2.server.test ;'
&amp#27;[38;5;32m[AndroidUiautomator2Driver@6453 (8b9c12c4)]&amp#27;[0m Performing shallow cleanup of automation leftovers
&amp#27;[38;5;32m[AndroidUiautomator2Driver@6453 (8b9c12c4)]&amp#27;[0m No obsolete sessions have been detected (socket hang up)
&amp#27;[38;5;48m[ADB]&amp#27;[0m Running 'C:\Users\wwwsa\AppData\Local\Android\Sdk\platform-tools\adb.exe -P 5037 -s emulator-5554 shell am force-stop io.appium.uiautomator2.server.test'
&amp#27;[38;5;32m[AndroidUiautomator2Driver@6453 (8b9c12c4)]&amp#27;[0m Starting UIAutomator2 server 7.0.5
&amp#27;[38;5;32m[AndroidUiautomator2Driver@6453 (8b9c12c4)]&amp#27;[0m Using UIAutomator2 server from 'C:\Users\wwwsa\.appium\node_modules\appium-uiautomator2-driver\node_modules\appium-uiautomator2-server\apks\appium-uiautomator2-server-v7.0.5.apk' and test from 'C:\Users\wwwsa\.appium\node_modules\appium-uiautomator2-driver\node_modules\appium-uiautomator2-server\apks\appium-uiautomator2-server-debug-androidTest.apk'
&amp#27;[38;5;32m[AndroidUiautomator2Driver@6453 (8b9c12c4)]&amp#27;[0m Waiting up to 30000ms for UiAutomator2 to be online...
&amp#27;[38;5;48m[ADB]&amp#27;[0m Creating ADB subprocess with args: ["-P","5037","-s","emulator-5554","shell","am","instrument","-w","-e","disableAnalytics","true","io.appium.uiautomator2.server.test/androidx.test.runner.AndroidJUnitRunner"]
&amp#27;[38;5;32m[AndroidUiautomator2Driver@6453 (8b9c12c4)]&amp#27;[0m Matched '/status' to command name 'getStatus'
&amp#27;[38;5;32m[AndroidUiautomator2Driver@6453 (8b9c12c4)]&amp#27;[0m Proxying [GET /status] to [GET http://127.0.0.1:8200/status] with no body
&amp#27;[38;5;32m[AndroidUiautomator2Driver@6453 (8b9c12c4)]&amp#27;[0m socket hang up
&amp#27;[38;5;80m[Instrumentation]&amp#27;[0m io.appium.uiautomator2.server.test.AppiumUiAutomator2Server:
&amp#27;[38;5;32m[AndroidUiautomator2Driver@6453 (8b9c12c4)]&amp#27;[0m Matched '/status' to command name 'getStatus'
&amp#27;[38;5;32m[AndroidUiautomator2Driver@6453 (8b9c12c4)]&amp#27;[0m Proxying [GET /status] to [GET http://127.0.0.1:8200/status] with no body
&amp#27;[38;5;32m[AndroidUiautomator2Driver@6453 (8b9c12c4)]&amp#27;[0m socket hang up
&amp#27;[38;5;32m[AndroidUiautomator2Driver@6453 (8b9c12c4)]&amp#27;[0m Matched '/status' to command name 'getStatus'
&amp#27;[38;5;32m[AndroidUiautomator2Driver@6453 (8b9c12c4)]&amp#27;[0m Proxying [GET /status] to [GET http://127.0.0.1:8200/status] with no body
&amp#27;[38;5;32m[AndroidUiautomator2Driver@6453 (8b9c12c4)]&amp#27;[0m Got response with status 200: {"sessionId":"None","value":{"message":"UiAutomator2 Server is ready to accept commands","ready":true}}
&amp#27;[38;5;32m[AndroidUiautomator2Driver@6453 (8b9c12c4)]&amp#27;[0m The initialization of the instrumentation process took 2215ms
&amp#27;[38;5;32m[AndroidUiautomator2Driver@6453 (8b9c12c4)]&amp#27;[0m Matched '/session' to command name 'createSession'
&amp#27;[38;5;32m[AndroidUiautomator2Driver@6453 (8b9c12c4)]&amp#27;[0m Proxying [POST /session] to [POST http://127.0.0.1:8200/session] with body: {"capabilities":{"firstMatch":[{"browserName":"Chrome","platformName":"ANDROID","chromedriverExecutable":"C://Users//wwwsa//Downloads//chromedriver_83version//chromedriver.exe","automationName":"UIAutomator2","deviceName":"emulator-5554","platform":"LINUX","webStorageEnabled":false,"takesScreenshot":true,"javascriptEnabled":true,"databaseEnabled":false,"networkConnectionEnabled":true,"locationContextEnabled":false,"warnings":{},"desired":{"browserName":"Chrome","platformName":"ANDROID","chromedriverExecutable":"C://Users//wwwsa//Downloads//chromedriver_83version//chromedriver.exe","automationName":"UIAutomator2","deviceName":"Android11","appPackage":"com.android.chrome","appActivity":"com.android.chrome/com.google.android.apps.chrome.Main"},"deviceUDID":"emulator-5554"}],"alwaysMatch":{}}}
&amp#27;[38;5;32m[AndroidUiautomator2Driver@6453 (8b9c12c4)]&amp#27;[0m Got response with status 200: {"sessionId":"053e0d1d-41ba-4efd-8cf6-b306e930cb9b","value":{"capabilities":{"firstMatch":[{"browserName":"Chrome","platformName":"ANDROID","chromedriverExecutable":"C://Users//wwwsa//Downloads//chromedriver_83version//chromedriver.exe","automationName":"UIAutomator2","deviceName":"emulator-5554","platform":"LINUX","webStorageEnabled":false,"takesScreenshot":true,"javascriptEnabled":true,"databaseEnabled":false,"networkConnectionEnabled":true,"locationContextEnabled":false,"warnings":{},"desired":{"browserName":"Chrome","platformName":"ANDROID","chromedriverExecutable":"C://Users//wwwsa//Downloads//chromedriver_83version//chromedriver.exe","automationName":"UIAutomator2","deviceName":"Android11","appPackage":"com.android.chrome","appActivity":"com.android.chrome/com.google.android.apps.chrome.Main"},"deviceUDID":"emulator-5554"}],"alwaysMatch":{}},"sessionId":"053e0d1d-41ba-4efd-8cf6-b306e930cb9b"}}
&amp#27;[38;5;32m[AndroidUiautomator2Driver@6453 (8b9c12c4)]&amp#27;[0m Determined the downstream protocol as 'W3C'
&amp#27;[38;5;32m[AndroidUiautomator2Driver@6453 (8b9c12c4)]&amp#27;[0m Proxying [GET /appium/device/pixel_ratio] to [GET http://127.0.0.1:8200/session/053e0d1d-41ba-4efd-8cf6-b306e930cb9b/appium/device/pixel_ratio] with no body
&amp#27;[38;5;32m[AndroidUiautomator2Driver@6453 (8b9c12c4)]&amp#27;[0m Matched '/appium/device/system_bars' to command name 'getSystemBars'
&amp#27;[38;5;32m[AndroidUiautomator2Driver@6453 (8b9c12c4)]&amp#27;[0m Proxying [GET /appium/device/system_bars] to [GET http://127.0.0.1:8200/session/053e0d1d-41ba-4efd-8cf6-b306e930cb9b/appium/device/system_bars] with no body
&amp#27;[38;5;32m[AndroidUiautomator2Driver@6453 (8b9c12c4)]&amp#27;[0m Matched '/window/current/size' to command name 'getWindowSize'
&amp#27;[38;5;32m[AndroidUiautomator2Driver@6453 (8b9c12c4)]&amp#27;[0m Proxying [GET /window/current/size] to [GET http://127.0.0.1:8200/session/053e0d1d-41ba-4efd-8cf6-b306e930cb9b/window/current/size] with no body
&amp#27;[38;5;32m[AndroidUiautomator2Driver@6453 (8b9c12c4)]&amp#27;[0m Proxying [GET /appium/device/info] to [GET http://127.0.0.1:8200/session/053e0d1d-41ba-4efd-8cf6-b306e930cb9b/appium/device/info] with no body
&amp#27;[38;5;48m[ADB]&amp#27;[0m Running 'C:\Users\wwwsa\AppData\Local\Android\Sdk\platform-tools\adb.exe -P 5037 -s emulator-5554 shell dumpsys window'
&amp#27;[38;5;32m[AndroidUiautomator2Driver@6453 (8b9c12c4)]&amp#27;[0m Got response with status 200: {"sessionId":"053e0d1d-41ba-4efd-8cf6-b306e930cb9b","value":2.625}
&amp#27;[38;5;32m[AndroidUiautomator2Driver@6453 (8b9c12c4)]&amp#27;[0m Got response with status 200: {"sessionId":"053e0d1d-41ba-4efd-8cf6-b306e930cb9b","value":{"height":1840,"width":2208}}
&amp#27;[38;5;32m[AndroidUiautomator2Driver@6453 (8b9c12c4)]&amp#27;[0m Got response with status 200: {"sessionId":"053e0d1d-41ba-4efd-8cf6-b306e930cb9b","value":{"statusBar":63}}
&amp#27;[38;5;32m[AndroidUiautomator2Driver@6453 (8b9c12c4)]&amp#27;[0m Got response with status 200: {"sessionId":"053e0d1d-41ba-4efd-8cf6-b306e930cb9b","value":{"androidId":"6982aff66b7e963c","apiVersion":"30","bluetooth":{"state":"ON"},"brand":"google","carrierName":"Android","displayDensity":420,"locale":"en_US","manufacturer":"Google","model":"sdk_gphone_x86","networks":[{"capabilities":{"SSID":null,"linkDownBandwidthKbps":30000,"linkUpstreamBandwidthKbps":15000,"networkCapabilities":"NET_CAPABILITY_MMS,NET_CAPABILITY_SUPL,NET_CAPABILITY_DUN,NET_CAPABILITY_FOTA,NET_CAPABILITY_IMS,NET_CAPABILITY_CBS,NET_CAPABILITY_INTERNET,NET_CAPABILITY_NOT_RESTRICTED,NET_CAPABILITY_TRUSTED,NET_CAPABILITY_NOT_VPN,NET_CAPABILITY_VALIDATED,NET_CAPABILITY_NOT_ROAMING,NET_CAPABILITY_NOT_CONGESTED,NET_CAPABILITY_NOT_SUSPENDED","signalStrength":-2147483648,"transportTypes":"TRANSPORT_CELLULAR"},"detailedState":"CONNECTED","extraInfo":"epc.tmobile.com","isAvailable":true,"isConnected":true,"isFailover":false,"isRoaming":false,"state":"CONNECTED","subtype":13,"subtypeName":"LTE","type":0,"typeName":"MOBILE"},{"capabilities":{...
&amp#27;[38;5;32m[AndroidUiautomator2Driver@6453 (8b9c12c4)]&amp#27;[0m Screen already unlocked, doing nothing
&amp#27;[38;5;32m[AndroidUiautomator2Driver@6453 (8b9c12c4)]&amp#27;[0m Starting a chrome-based browser session
&amp#27;[38;5;32m[AndroidUiautomator2Driver@6453 (8b9c12c4)]&amp#27;[0m A port was not given, using random free port: 52851
&amp#27;[38;5;32m[AndroidUiautomator2Driver@6453 (8b9c12c4)]&amp#27;[0m Automated Chromedriver download is disabled. Use 'chromedriver_autodownload' server feature to enable it
&amp#27;[38;5;32m[AndroidUiautomator2Driver@6453 (8b9c12c4)]&amp#27;[0m Precalculated Chromedriver capabilities: {
&amp#27;[38;5;32m[AndroidUiautomator2Driver@6453 (8b9c12c4)]&amp#27;[0m   "androidPackage": "com.android.chrome",
&amp#27;[38;5;32m[AndroidUiautomator2Driver@6453 (8b9c12c4)]&amp#27;[0m   "androidDeviceSerial": "emulator-5554"
&amp#27;[38;5;32m[AndroidUiautomator2Driver@6453 (8b9c12c4)]&amp#27;[0m }
&amp#27;[38;5;32m[AndroidUiautomator2Driver@6453 (8b9c12c4)]&amp#27;[0m Before starting chromedriver, androidPackage is 'com.android.chrome'
&amp#27;[38;5;96m[Chromedriver@0756]&amp#27;[0m Changed state to 'starting'
&amp#27;[38;5;96m[Chromedriver@0756]&amp#27;[0m Set chromedriver binary as: C://Users//wwwsa//Downloads//chromedriver_83version//chromedriver.exe
&amp#27;[38;5;96m[Chromedriver@0756]&amp#27;[0m Killing any old chromedrivers, running: wmic process where "commandline like '%chromedriver.exe%--port=52851%'" delete
&amp#27;[38;5;96m[Chromedriver@0756]&amp#27;[0m Successfully cleaned up old chromedrivers
&amp#27;[38;5;96m[Chromedriver@0756]&amp#27;[0m Cleaning this device's adb forwarded port socket connections: emulator-5554
&amp#27;[38;5;48m[ADB]&amp#27;[0m List forwarding ports
&amp#27;[38;5;48m[ADB]&amp#27;[0m Running 'C:\Users\wwwsa\AppData\Local\Android\Sdk\platform-tools\adb.exe -P 5037 -s emulator-5554 forward --list'
&amp#27;[38;5;96m[Chromedriver@0756]&amp#27;[0m Spawning chromedriver with: C://Users//wwwsa//Downloads//chromedriver_83version//chromedriver.exe --port=52851 --adb-port=5037 --verbose
&amp#27;[38;5;96m[Chromedriver@0756]&amp#27;[0m ChromeDriver version: '83.0.4103.39'
&amp#27;[38;5;96m[Chromedriver@0756]&amp#27;[0m Matched '/status' to command name 'getStatus'
&amp#27;[38;5;96m[Chromedriver@0756]&amp#27;[0m Proxying [GET /status] to [GET http://127.0.0.1:52851/status] with no body
&amp#27;[38;5;96m[Chromedriver@0756]&amp#27;[0m connect ECONNREFUSED 127.0.0.1:52851
&amp#27;[38;5;96m[Chromedriver@0756]&amp#27;[0m Matched '/status' to command name 'getStatus'
&amp#27;[38;5;96m[Chromedriver@0756]&amp#27;[0m Proxying [GET /status] to [GET http://127.0.0.1:52851/status] with no body
&amp#27;[38;5;96m[Chromedriver@0756]&amp#27;[0m Got response with status 200: {"value":{"build":{"version":"83.0.4103.39 (ccbf011cb2d2b19b506d844400483861342c20cd-refs/branch-heads/4103@{#416})"},"message":"ChromeDriver ready for new sessions.","os":{"arch":"x86_64","name":"Windows NT","version":"10.0.22631"},"ready":true}}
&amp#27;[38;5;96m[Chromedriver@0756]&amp#27;[0m Starting W3C Chromedriver session with capabilities: {
&amp#27;[38;5;96m[Chromedriver@0756]&amp#27;[0m   "capabilities": {
&amp#27;[38;5;96m[Chromedriver@0756]&amp#27;[0m     "alwaysMatch": {
&amp#27;[38;5;96m[Chromedriver@0756]&amp#27;[0m       "goog:chromeOptions": {
&amp#27;[38;5;96m[Chromedriver@0756]&amp#27;[0m         "androidPackage": "com.android.chrome",
&amp#27;[38;5;96m[Chromedriver@0756]&amp#27;[0m         "androidDeviceSerial": "emulator-5554"
&amp#27;[38;5;96m[Chromedriver@0756]&amp#27;[0m       },
&amp#27;[38;5;96m[Chromedriver@0756]&amp#27;[0m       "goog:loggingPrefs": {
&amp#27;[38;5;96m[Chromedriver@0756]&amp#27;[0m         "browser": "ALL"
&amp#27;[38;5;96m[Chromedriver@0756]&amp#27;[0m       }
&amp#27;[38;5;96m[Chromedriver@0756]&amp#27;[0m     }
&amp#27;[38;5;96m[Chromedriver@0756]&amp#27;[0m   }
&amp#27;[38;5;96m[Chromedriver@0756]&amp#27;[0m }
&amp#27;[38;5;96m[Chromedriver@0756]&amp#27;[0m Matched '/session' to command name 'createSession'
&amp#27;[38;5;96m[Chromedriver@0756]&amp#27;[0m Proxying [POST /session] to [POST http://127.0.0.1:52851/session] with body: {"capabilities":{"alwaysMatch":{"goog:chromeOptions":{"androidPackage":"com.android.chrome","androidDeviceSerial":"emulator-5554"},"goog:loggingPrefs":{"browser":"ALL"}}}}
&amp#27;[38;5;96m[Chromedriver@0756]&amp#27;[0m Webview version: 'Chrome/83.0.4103.106'
&amp#27;[38;5;96m[Chromedriver@0756]&amp#27;[0m Got response with status 200: {"value":{"capabilities":{"acceptInsecureCerts":false,"browserName":"chrome","browserVersion":"83.0.4103.106","chrome":{"chromedriverVersion":"83.0.4103.39 (ccbf011cb2d2b19b506d844400483861342c20cd-refs/branch-heads/4103@{#416})"},"goog:chromeOptions":{"debuggerAddress":"localhost:52864"},"pageLoadStrategy":"normal","platformName":"android","proxy":{},"setWindowRect":false,"strictFileInteractability":false,"timeouts":{"implicit":0,"pageLoad":300000,"script":30000},"unhandledPromptBehavior":"dismiss and notify","webauthn:virtualAuthenticators":false},"sessionId":"d105eff11b76bfce77f640f2b066a387"}}
&amp#27;[38;5;96m[Chromedriver@0756]&amp#27;[0m Determined the downstream protocol as 'W3C'
&amp#27;[38;5;96m[Chromedriver@0756 (d105eff1)]&amp#27;[0m Changed state to 'online'
&amp#27;[38;5;16m[AppiumDriver@033f]&amp#27;[0m New AndroidUiautomator2Driver session created successfully, session 8b9c12c4-9c1c-4db2-8d1e-b301ec11f45a added to master session list
&amp#27;[38;5;16m[AppiumDriver@033f]&amp#27;[0m Event 'newSessionStarted' logged at 1716374554478 (16:12:34 GMT+0530 (India Standard Time))
&amp#27;[38;5;32m[AndroidUiautomator2Driver@6453 (8b9c12c4)]&amp#27;[0m Cached the protocol value 'W3C' for the new session 8b9c12c4-9c1c-4db2-8d1e-b301ec11f45a
&amp#27;[38;5;32m[AndroidUiautomator2Driver@6453 (8b9c12c4)]&amp#27;[0m Responding to client with driver.createSession() result: {"capabilities":{"browserName":"Chrome","platformName":"ANDROID","chromedriverExecutable":"C://Users//wwwsa//Downloads//chromedriver_83version//chromedriver.exe","automationName":"UIAutomator2","deviceName":"emulator-5554","platform":"LINUX","webStorageEnabled":false,"takesScreenshot":true,"javascriptEnabled":true,"databaseEnabled":false,"networkConnectionEnabled":true,"locationContextEnabled":false,"warnings":{},"desired":{"browserName":"Chrome","platformName":"ANDROID","chromedriverExecutable":"C://Users//wwwsa//Downloads//chromedriver_83version//chromedriver.exe","automationName":"UIAutomator2","deviceName":"Android11","appPackage":"com.android.chrome","appActivity":"com.android.chrome/com.google.android.apps.chrome.Main"},"deviceUDID":"emulator-5554","pixelRatio":"2.625","statBarHeight":63,"viewportRect":{"left":0,"top":63,"width":2208,"height":1777},"deviceApiLevel":30,"platformVersion":"11","deviceManufacturer":"Google","deviceModel":"sdk_gphone_x86","deviceScreenSize":"2208x1840","deviceScreenDensit...
&amp#27;[38;5;0m[HTTP]&amp#27;[0m &amp#27;[37m<-- POST /session &amp#27;[39m&amp#27;[32m200&amp#27;[39m &amp#27;[90m9090 ms - 1090&amp#27;[39m
&amp#27;[38;5;0m[HTTP]&amp#27;[0m &amp#27;[90m&amp#27;[39m
&amp#27;[38;5;0m[HTTP]&amp#27;[0m &amp#27;[37m-->&amp#27;[39m &amp#27;[37mPOST&amp#27;[39m &amp#27;[37m/session/8b9c12c4-9c1c-4db2-8d1e-b301ec11f45a/timeouts&amp#27;[39m
&amp#27;[38;5;0m[HTTP]&amp#27;[0m &amp#27;[90m{"implicit":10000}&amp#27;[39m
&amp#27;[38;5;32m[AndroidUiautomator2Driver@6453 (8b9c12c4)]&amp#27;[0m Driver proxy active, passing request on via HTTP proxy
&amp#27;[38;5;96m[Chromedriver@0756 (d105eff1)]&amp#27;[0m Matched '/session/8b9c12c4-9c1c-4db2-8d1e-b301ec11f45a/timeouts' to command name 'timeouts'
&amp#27;[38;5;96m[Chromedriver@0756 (d105eff1)]&amp#27;[0m Will send the following request bodies to /timeouts: [{"implicit":10000}]
&amp#27;[38;5;96m[Chromedriver@0756 (d105eff1)]&amp#27;[0m Proxying [POST /session/8b9c12c4-9c1c-4db2-8d1e-b301ec11f45a/timeouts] to [POST http://127.0.0.1:52851/session/d105eff11b76bfce77f640f2b066a387/timeouts] with body: {"implicit":10000}
&amp#27;[38;5;96m[Chromedriver@0756 (d105eff1)]&amp#27;[0m Got response with status 200: {"value":null}
&amp#27;[38;5;0m[HTTP]&amp#27;[0m &amp#27;[37m<-- POST /session/8b9c12c4-9c1c-4db2-8d1e-b301ec11f45a/timeouts &amp#27;[39m&amp#27;[32m200&amp#27;[39m &amp#27;[90m7 ms - 14&amp#27;[39m
&amp#27;[38;5;0m[HTTP]&amp#27;[0m &amp#27;[90m&amp#27;[39m
&amp#27;[38;5;0m[HTTP]&amp#27;[0m &amp#27;[37m-->&amp#27;[39m &amp#27;[37mPOST&amp#27;[39m &amp#27;[37m/session/8b9c12c4-9c1c-4db2-8d1e-b301ec11f45a/url&amp#27;[39m
&amp#27;[38;5;0m[HTTP]&amp#27;[0m &amp#27;[90m{"url":"https://sacmms.ripplesiot.net"}&amp#27;[39m
&amp#27;[38;5;32m[AndroidUiautomator2Driver@6453 (8b9c12c4)]&amp#27;[0m Driver proxy active, passing request on via HTTP proxy
&amp#27;[38;5;96m[Chromedriver@0756 (d105eff1)]&amp#27;[0m Matched '/session/8b9c12c4-9c1c-4db2-8d1e-b301ec11f45a/url' to command name 'setUrl'
&amp#27;[38;5;96m[Chromedriver@0756 (d105eff1)]&amp#27;[0m Proxying [POST /session/8b9c12c4-9c1c-4db2-8d1e-b301ec11f45a/url] to [POST http://127.0.0.1:52851/session/d105eff11b76bfce77f640f2b066a387/url] with body: {"url":"https://sacmms.ripplesiot.net"}
&amp#27;[38;5;96m[Chromedriver@0756 (d105eff1)]&amp#27;[0m Got response with status 200: {"value":null}
&amp#27;[38;5;0m[HTTP]&amp#27;[0m &amp#27;[37m<-- POST /session/8b9c12c4-9c1c-4db2-8d1e-b301ec11f45a/url &amp#27;[39m&amp#27;[32m200&amp#27;[39m &amp#27;[90m4389 ms - 14&amp#27;[39m
&amp#27;[38;5;0m[HTTP]&amp#27;[0m &amp#27;[90m&amp#27;[39m
&amp#27;[38;5;0m[HTTP]&amp#27;[0m &amp#27;[37m-->&amp#27;[39m &amp#27;[37mPOST&amp#27;[39m &amp#27;[37m/session/8b9c12c4-9c1c-4db2-8d1e-b301ec11f45a/element&amp#27;[39m
&amp#27;[38;5;0m[HTTP]&amp#27;[0m &amp#27;[90m{"value":"signin-username","using":"id"}&amp#27;[39m
&amp#27;[38;5;32m[AndroidUiautomator2Driver@6453 (8b9c12c4)]&amp#27;[0m Driver proxy active, passing request on via HTTP proxy
&amp#27;[38;5;96m[Chromedriver@0756 (d105eff1)]&amp#27;[0m Matched '/session/8b9c12c4-9c1c-4db2-8d1e-b301ec11f45a/element' to command name 'findElement'
&amp#27;[38;5;96m[Chromedriver@0756 (d105eff1)]&amp#27;[0m Proxying [POST /session/8b9c12c4-9c1c-4db2-8d1e-b301ec11f45a/element] to [POST http://127.0.0.1:52851/session/d105eff11b76bfce77f640f2b066a387/element] with body: {"value":"signin-username","using":"id"}
&amp#27;[38;5;96m[Chromedriver@0756 (d105eff1)]&amp#27;[0m Got response with status 400: {"value":{"error":"invalid argument","message":"invalid argument: invalid locator\n  (Session info: chrome=83.0.4103.106)","stacktrace":"Backtrace:\n\tOrdinal0 [0x006F9563+2725219]\n\tOrdinal0 [0x005F8551+1672529]\n\tOrdinal0 [0x004E0359+525145]\n\tOrdinal0 [0x00479312+103186]\n\tOrdinal0 [0x004953C0+218048]\n\tOrdinal0 [0x0048AAD0+174800]\n\tOrdinal0 [0x00493D7C+212348]\n\tOrdinal0 [0x0048A94B+174411]\n\tOrdinal0 [0x00472528+75048]\n\tOrdinal0 [0x004735A0+79264]\n\tOrdinal0 [0x00473539+79161]\n\tOrdinal0 [0x0060D607+1758727]\n\tGetHandleVerifier [0x00816546+1050150]\n\tGetHandleVerifier [0x00816291+1049457]\n\tGetHandleVerifier [0x008210D7+1094071]\n\tGetHandleVerifier [0x00816B46+1051686]\n\tOrdinal0 [0x00605B06+1727238]\n\tOrdinal0 [0x0060EB7B+1764219]\n\tOrdinal0 [0x0060ECE3+1764579]\n\tOrdinal0 [0x00624C05+1854469]\n\tBaseThreadInitThunk [0x766F7BA9+25]\n\tRtlInitializeExceptionChain [0x77DDBE3B+107]\n\tRtlClearBits [0x77DDBDBF+191]\n"}}
&amp#27;[38;5;112m[W3C]&amp#27;[0m Matched W3C error code 'invalid argument' to InvalidArgumentError
&amp#27;[38;5;0m[HTTP]&amp#27;[0m &amp#27;[37m<-- POST /session/8b9c12c4-9c1c-4db2-8d1e-b301ec11f45a/element &amp#27;[39m&amp#27;[33m400&amp#27;[39m &amp#27;[90m58 ms - 956&amp#27;[39m
&amp#27;[38;5;0m[HTTP]&amp#27;[0m &amp#27;[90m&amp#27;[39m
&amp#27;[38;5;0m[HTTP]&amp#27;[0m &amp#27;[37m-->&amp#27;[39m &amp#27;[37mPOST&amp#27;[39m &amp#27;[37m/session/8b9c12c4-9c1c-4db2-8d1e-b301ec11f45a/element&amp#27;[39m
&amp#27;[38;5;0m[HTTP]&amp#27;[0m &amp#27;[90m{"value":"#signin\\-username","using":"css selector"}&amp#27;[39m
&amp#27;[38;5;32m[AndroidUiautomator2Driver@6453 (8b9c12c4)]&amp#27;[0m Driver proxy active, passing request on via HTTP proxy
&amp#27;[38;5;96m[Chromedriver@0756 (d105eff1)]&amp#27;[0m Matched '/session/8b9c12c4-9c1c-4db2-8d1e-b301ec11f45a/element' to command name 'findElement'
&amp#27;[38;5;96m[Chromedriver@0756 (d105eff1)]&amp#27;[0m Proxying [POST /session/8b9c12c4-9c1c-4db2-8d1e-b301ec11f45a/element] to [POST http://127.0.0.1:52851/session/d105eff11b76bfce77f640f2b066a387/element] with body: {"value":"#signin\\-username","using":"css selector"}
&amp#27;[38;5;96m[Chromedriver@0756 (d105eff1)]&amp#27;[0m Got response with status 200: {"value":{"element-6066-11e4-a52e-4f735466cecf":"913dda9d-8349-4d35-9ef7-a8d49cb5d8a6"}}
&amp#27;[38;5;0m[HTTP]&amp#27;[0m &amp#27;[37m<-- POST /session/8b9c12c4-9c1c-4db2-8d1e-b301ec11f45a/element &amp#27;[39m&amp#27;[32m200&amp#27;[39m &amp#27;[90m52 ms - 137&amp#27;[39m
&amp#27;[38;5;0m[HTTP]&amp#27;[0m &amp#27;[90m&amp#27;[39m
&amp#27;[38;5;0m[HTTP]&amp#27;[0m &amp#27;[37m-->&amp#27;[39m &amp#27;[37mPOST&amp#27;[39m &amp#27;[37m/session/8b9c12c4-9c1c-4db2-8d1e-b301ec11f45a/element/913dda9d-8349-4d35-9ef7-a8d49cb5d8a6/value&amp#27;[39m
&amp#27;[38;5;0m[HTTP]&amp#27;[0m &amp#27;[90m{"value":["S","A","N","J","A","Y"],"id":"913dda9d-8349-4d35-9ef7-a8d49cb5d8a6","text":"SANJAY"}&amp#27;[39m
&amp#27;[38;5;32m[AndroidUiautomator2Driver@6453 (8b9c12c4)]&amp#27;[0m Driver proxy active, passing request on via HTTP proxy
&amp#27;[38;5;96m[Chromedriver@0756 (d105eff1)]&amp#27;[0m Matched '/session/8b9c12c4-9c1c-4db2-8d1e-b301ec11f45a/element/913dda9d-8349-4d35-9ef7-a8d49cb5d8a6/value' to command name 'setValue'
&amp#27;[38;5;96m[Chromedriver@0756 (d105eff1)]&amp#27;[0m Proxying [POST /session/8b9c12c4-9c1c-4db2-8d1e-b301ec11f45a/element/913dda9d-8349-4d35-9ef7-a8d49cb5d8a6/value] to [POST http://127.0.0.1:52851/session/d105eff11b76bfce77f640f2b066a387/element/913dda9d-8349-4d35-9ef7-a8d49cb5d8a6/value] with body: {"value":["S","A","N","J","A","Y"],"id":"913dda9d-8349-4d35-9ef7-a8d49cb5d8a6","text":"SANJAY"}
&amp#27;[38;5;96m[Chromedriver@0756 (d105eff1)]&amp#27;[0m Got response with status 200: {"value":null}
&amp#27;[38;5;0m[HTTP]&amp#27;[0m &amp#27;[37m<-- POST /session/8b9c12c4-9c1c-4db2-8d1e-b301ec11f45a/element/913dda9d-8349-4d35-9ef7-a8d49cb5d8a6/value &amp#27;[39m&amp#27;[32m200&amp#27;[39m &amp#27;[90m637 ms - 14&amp#27;[39m
&amp#27;[38;5;0m[HTTP]&amp#27;[0m &amp#27;[90m&amp#27;[39m
&amp#27;[38;5;0m[HTTP]&amp#27;[0m &amp#27;[37m-->&amp#27;[39m &amp#27;[37mPOST&amp#27;[39m &amp#27;[37m/session/8b9c12c4-9c1c-4db2-8d1e-b301ec11f45a/element&amp#27;[39m
&amp#27;[38;5;0m[HTTP]&amp#27;[0m &amp#27;[90m{"value":"#signin\\-password","using":"css selector"}&amp#27;[39m
&amp#27;[38;5;32m[AndroidUiautomator2Driver@6453 (8b9c12c4)]&amp#27;[0m Driver proxy active, passing request on via HTTP proxy
&amp#27;[38;5;96m[Chromedriver@0756 (d105eff1)]&amp#27;[0m Matched '/session/8b9c12c4-9c1c-4db2-8d1e-b301ec11f45a/element' to command name 'findElement'
&amp#27;[38;5;96m[Chromedriver@0756 (d105eff1)]&amp#27;[0m Proxying [POST /session/8b9c12c4-9c1c-4db2-8d1e-b301ec11f45a/element] to [POST http://127.0.0.1:52851/session/d105eff11b76bfce77f640f2b066a387/element] with body: {"value":"#signin\\-password","using":"css selector"}
&amp#27;[38;5;96m[Chromedriver@0756 (d105eff1)]&amp#27;[0m Got response with status 200: {"value":{"element-6066-11e4-a52e-4f735466cecf":"b169e4e6-9d65-4a00-8a0c-886a267a6e9f"}}
&amp#27;[38;5;0m[HTTP]&amp#27;[0m &amp#27;[37m<-- POST /session/8b9c12c4-9c1c-4db2-8d1e-b301ec11f45a/element &amp#27;[39m&amp#27;[32m200&amp#27;[39m &amp#27;[90m51 ms - 137&amp#27;[39m
&amp#27;[38;5;0m[HTTP]&amp#27;[0m &amp#27;[90m&amp#27;[39m
&amp#27;[38;5;0m[HTTP]&amp#27;[0m &amp#27;[37m-->&amp#27;[39m &amp#27;[37mPOST&amp#27;[39m &amp#27;[37m/session/8b9c12c4-9c1c-4db2-8d1e-b301ec11f45a/element/b169e4e6-9d65-4a00-8a0c-886a267a6e9f/value&amp#27;[39m
&amp#27;[38;5;0m[HTTP]&amp#27;[0m &amp#27;[90m{"value":["q","w","e","r","t","y","@","1","2","3"],"id":"b169e4e6-9d65-4a00-8a0c-886a267a6e9f","text":"qwerty@123"}&amp#27;[39m
&amp#27;[38;5;32m[AndroidUiautomator2Driver@6453 (8b9c12c4)]&amp#27;[0m Driver proxy active, passing request on via HTTP proxy
&amp#27;[38;5;96m[Chromedriver@0756 (d105eff1)]&amp#27;[0m Matched '/session/8b9c12c4-9c1c-4db2-8d1e-b301ec11f45a/element/b169e4e6-9d65-4a00-8a0c-886a267a6e9f/value' to command name 'setValue'
&amp#27;[38;5;96m[Chromedriver@0756 (d105eff1)]&amp#27;[0m Proxying [POST /session/8b9c12c4-9c1c-4db2-8d1e-b301ec11f45a/element/b169e4e6-9d65-4a00-8a0c-886a267a6e9f/value] to [POST http://127.0.0.1:52851/session/d105eff11b76bfce77f640f2b066a387/element/b169e4e6-9d65-4a00-8a0c-886a267a6e9f/value] with body: {"value":["q","w","e","r","t","y","@","1","2","3"],"id":"b169e4e6-9d65-4a00-8a0c-886a267a6e9f","text":"qwerty@123"}
&amp#27;[38;5;96m[Chromedriver@0756 (d105eff1)]&amp#27;[0m Got response with status 200: {"value":null}
&amp#27;[38;5;0m[HTTP]&amp#27;[0m &amp#27;[37m<-- POST /session/8b9c12c4-9c1c-4db2-8d1e-b301ec11f45a/element/b169e4e6-9d65-4a00-8a0c-886a267a6e9f/value &amp#27;[39m&amp#27;[32m200&amp#27;[39m &amp#27;[90m1034 ms - 14&amp#27;[39m
&amp#27;[38;5;0m[HTTP]&amp#27;[0m &amp#27;[90m&amp#27;[39m
&amp#27;[38;5;0m[HTTP]&amp#27;[0m &amp#27;[37m-->&amp#27;[39m &amp#27;[37mPOST&amp#27;[39m &amp#27;[37m/session/8b9c12c4-9c1c-4db2-8d1e-b301ec11f45a/element&amp#27;[39m
&amp#27;[38;5;0m[HTTP]&amp#27;[0m &amp#27;[90m{"value":"/html/body/div/div/div/div/div[1]/div/div/div/form/div[3]/a","using":"xpath"}&amp#27;[39m
&amp#27;[38;5;32m[AndroidUiautomator2Driver@6453 (8b9c12c4)]&amp#27;[0m Driver proxy active, passing request on via HTTP proxy
&amp#27;[38;5;96m[Chromedriver@0756 (d105eff1)]&amp#27;[0m Matched '/session/8b9c12c4-9c1c-4db2-8d1e-b301ec11f45a/element' to command name 'findElement'
&amp#27;[38;5;96m[Chromedriver@0756 (d105eff1)]&amp#27;[0m Proxying [POST /session/8b9c12c4-9c1c-4db2-8d1e-b301ec11f45a/element] to [POST http://127.0.0.1:52851/session/d105eff11b76bfce77f640f2b066a387/element] with body: {"value":"/html/body/div/div/div/div/div[1]/div/div/div/form/div[3]/a","using":"xpath"}
&amp#27;[38;5;96m[Chromedriver@0756 (d105eff1)]&amp#27;[0m Got response with status 200: {"value":{"element-6066-11e4-a52e-4f735466cecf":"19680db0-b662-4788-a397-05fbb27c0d19"}}
&amp#27;[38;5;0m[HTTP]&amp#27;[0m &amp#27;[37m<-- POST /session/8b9c12c4-9c1c-4db2-8d1e-b301ec11f45a/element &amp#27;[39m&amp#27;[32m200&amp#27;[39m &amp#27;[90m48 ms - 137&amp#27;[39m
&amp#27;[38;5;0m[HTTP]&amp#27;[0m &amp#27;[90m&amp#27;[39m
&amp#27;[38;5;0m[HTTP]&amp#27;[0m &amp#27;[37m-->&amp#27;[39m &amp#27;[37mPOST&amp#27;[39m &amp#27;[37m/session/8b9c12c4-9c1c-4db2-8d1e-b301ec11f45a/element/19680db0-b662-4788-a397-05fbb27c0d19/click&amp#27;[39m
&amp#27;[38;5;0m[HTTP]&amp#27;[0m &amp#27;[90m{"id":"19680db0-b662-4788-a397-05fbb27c0d19"}&amp#27;[39m
&amp#27;[38;5;32m[AndroidUiautomator2Driver@6453 (8b9c12c4)]&amp#27;[0m Driver proxy active, passing request on via HTTP proxy
&amp#27;[38;5;96m[Chromedriver@0756 (d105eff1)]&amp#27;[0m Matched '/session/8b9c12c4-9c1c-4db2-8d1e-b301ec11f45a/element/19680db0-b662-4788-a397-05fbb27c0d19/click' to command name 'click'
&amp#27;[38;5;96m[Chromedriver@0756 (d105eff1)]&amp#27;[0m Proxying [POST /session/8b9c12c4-9c1c-4db2-8d1e-b301ec11f45a/element/19680db0-b662-4788-a397-05fbb27c0d19/click] to [POST http://127.0.0.1:52851/session/d105eff11b76bfce77f640f2b066a387/element/19680db0-b662-4788-a397-05fbb27c0d19/click] with body: {"id":"19680db0-b662-4788-a397-05fbb27c0d19"}
&amp#27;[38;5;96m[Chromedriver@0756 (d105eff1)]&amp#27;[0m Got response with status 200: {"value":null}
&amp#27;[38;5;0m[HTTP]&amp#27;[0m &amp#27;[37m<-- POST /session/8b9c12c4-9c1c-4db2-8d1e-b301ec11f45a/element/19680db0-b662-4788-a397-05fbb27c0d19/click &amp#27;[39m&amp#27;[32m200&amp#27;[39m &amp#27;[90m330 ms - 14&amp#27;[39m
&amp#27;[38;5;0m[HTTP]&amp#27;[0m &amp#27;[90m&amp#27;[39m
Logged-In Successfully
&amp#27;[38;5;0m[HTTP]&amp#27;[0m &amp#27;[37m-->&amp#27;[39m &amp#27;[37mPOST&amp#27;[39m &amp#27;[37m/session/8b9c12c4-9c1c-4db2-8d1e-b301ec11f45a/element&amp#27;[39m
&amp#27;[38;5;0m[HTTP]&amp#27;[0m &amp#27;[90m{"value":"//*[@id=\"sidebar\"]/ul/li[1]/a","using":"xpath"}&amp#27;[39m
&amp#27;[38;5;32m[AndroidUiautomator2Driver@6453 (8b9c12c4)]&amp#27;[0m Driver proxy active, passing request on via HTTP proxy
&amp#27;[38;5;96m[Chromedriver@0756 (d105eff1)]&amp#27;[0m Matched '/session/8b9c12c4-9c1c-4db2-8d1e-b301ec11f45a/element' to command name 'findElement'
&amp#27;[38;5;96m[Chromedriver@0756 (d105eff1)]&amp#27;[0m Proxying [POST /session/8b9c12c4-9c1c-4db2-8d1e-b301ec11f45a/element] to [POST http://127.0.0.1:52851/session/d105eff11b76bfce77f640f2b066a387/element] with body: {"value":"//*[@id=\"sidebar\"]/ul/li[1]/a","using":"xpath"}
&amp#27;[38;5;96m[Chromedriver@0756 (d105eff1)]&amp#27;[0m Got response with status 200: {"value":{"element-6066-11e4-a52e-4f735466cecf":"23a86445-7158-4f4c-96ae-b22fc65a4dae"}}
&amp#27;[38;5;0m[HTTP]&amp#27;[0m &amp#27;[37m<-- POST /session/8b9c12c4-9c1c-4db2-8d1e-b301ec11f45a/element &amp#27;[39m&amp#27;[32m200&amp#27;[39m &amp#27;[90m1940 ms - 137&amp#27;[39m
&amp#27;[38;5;0m[HTTP]&amp#27;[0m &amp#27;[90m&amp#27;[39m
&amp#27;[38;5;0m[HTTP]&amp#27;[0m &amp#27;[37m-->&amp#27;[39m &amp#27;[37mPOST&amp#27;[39m &amp#27;[37m/session/8b9c12c4-9c1c-4db2-8d1e-b301ec11f45a/element/23a86445-7158-4f4c-96ae-b22fc65a4dae/click&amp#27;[39m
&amp#27;[38;5;0m[HTTP]&amp#27;[0m &amp#27;[90m{"id":"23a86445-7158-4f4c-96ae-b22fc65a4dae"}&amp#27;[39m
&amp#27;[38;5;32m[AndroidUiautomator2Driver@6453 (8b9c12c4)]&amp#27;[0m Driver proxy active, passing request on via HTTP proxy
&amp#27;[38;5;96m[Chromedriver@0756 (d105eff1)]&amp#27;[0m Matched '/session/8b9c12c4-9c1c-4db2-8d1e-b301ec11f45a/element/23a86445-7158-4f4c-96ae-b22fc65a4dae/click' to command name 'click'
&amp#27;[38;5;96m[Chromedriver@0756 (d105eff1)]&amp#27;[0m Proxying [POST /session/8b9c12c4-9c1c-4db2-8d1e-b301ec11f45a/element/23a86445-7158-4f4c-96ae-b22fc65a4dae/click] to [POST http://127.0.0.1:52851/session/d105eff11b76bfce77f640f2b066a387/element/23a86445-7158-4f4c-96ae-b22fc65a4dae/click] with body: {"id":"23a86445-7158-4f4c-96ae-b22fc65a4dae"}
&amp#27;[38;5;96m[Chromedriver@0756 (d105eff1)]&amp#27;[0m Got response with status 200: {"value":null}
&amp#27;[38;5;0m[HTTP]&amp#27;[0m &amp#27;[37m<-- POST /session/8b9c12c4-9c1c-4db2-8d1e-b301ec11f45a/element/23a86445-7158-4f4c-96ae-b22fc65a4dae/click &amp#27;[39m&amp#27;[32m200&amp#27;[39m &amp#27;[90m1648 ms - 14&amp#27;[39m
&amp#27;[38;5;0m[HTTP]&amp#27;[0m &amp#27;[90m&amp#27;[39m
&amp#27;[38;5;0m[HTTP]&amp#27;[0m &amp#27;[37m-->&amp#27;[39m &amp#27;[37mPOST&amp#27;[39m &amp#27;[37m/session/8b9c12c4-9c1c-4db2-8d1e-b301ec11f45a/element&amp#27;[39m
&amp#27;[38;5;0m[HTTP]&amp#27;[0m &amp#27;[90m{"value":"//*[@id=\"sidebar\"]/ul/li[5]/a","using":"xpath"}&amp#27;[39m
&amp#27;[38;5;32m[AndroidUiautomator2Driver@6453 (8b9c12c4)]&amp#27;[0m Driver proxy active, passing request on via HTTP proxy
&amp#27;[38;5;96m[Chromedriver@0756 (d105eff1)]&amp#27;[0m Matched '/session/8b9c12c4-9c1c-4db2-8d1e-b301ec11f45a/element' to command name 'findElement'
&amp#27;[38;5;96m[Chromedriver@0756 (d105eff1)]&amp#27;[0m Proxying [POST /session/8b9c12c4-9c1c-4db2-8d1e-b301ec11f45a/element] to [POST http://127.0.0.1:52851/session/d105eff11b76bfce77f640f2b066a387/element] with body: {"value":"//*[@id=\"sidebar\"]/ul/li[5]/a","using":"xpath"}
&amp#27;[38;5;96m[Chromedriver@0756 (d105eff1)]&amp#27;[0m Got response with status 200: {"value":{"element-6066-11e4-a52e-4f735466cecf":"77148bc0-d72b-4a6c-93f1-a939a36c7da5"}}
&amp#27;[38;5;0m[HTTP]&amp#27;[0m &amp#27;[37m<-- POST /session/8b9c12c4-9c1c-4db2-8d1e-b301ec11f45a/element &amp#27;[39m&amp#27;[32m200&amp#27;[39m &amp#27;[90m629 ms - 137&amp#27;[39m
&amp#27;[38;5;0m[HTTP]&amp#27;[0m &amp#27;[90m&amp#27;[39m
&amp#27;[38;5;0m[HTTP]&amp#27;[0m &amp#27;[37m-->&amp#27;[39m &amp#27;[37mPOST&amp#27;[39m &amp#27;[37m/session/8b9c12c4-9c1c-4db2-8d1e-b301ec11f45a/element/77148bc0-d72b-4a6c-93f1-a939a36c7da5/click&amp#27;[39m
&amp#27;[38;5;0m[HTTP]&amp#27;[0m &amp#27;[90m{"id":"77148bc0-d72b-4a6c-93f1-a939a36c7da5"}&amp#27;[39m
&amp#27;[38;5;32m[AndroidUiautomator2Driver@6453 (8b9c12c4)]&amp#27;[0m Driver proxy active, passing request on via HTTP proxy
&amp#27;[38;5;96m[Chromedriver@0756 (d105eff1)]&amp#27;[0m Matched '/session/8b9c12c4-9c1c-4db2-8d1e-b301ec11f45a/element/77148bc0-d72b-4a6c-93f1-a939a36c7da5/click' to command name 'click'
&amp#27;[38;5;96m[Chromedriver@0756 (d105eff1)]&amp#27;[0m Proxying [POST /session/8b9c12c4-9c1c-4db2-8d1e-b301ec11f45a/element/77148bc0-d72b-4a6c-93f1-a939a36c7da5/click] to [POST http://127.0.0.1:52851/session/d105eff11b76bfce77f640f2b066a387/element/77148bc0-d72b-4a6c-93f1-a939a36c7da5/click] with body: {"id":"77148bc0-d72b-4a6c-93f1-a939a36c7da5"}
&amp#27;[38;5;96m[Chromedriver@0756 (d105eff1)]&amp#27;[0m Got response with status 200: {"value":null}
&amp#27;[38;5;0m[HTTP]&amp#27;[0m &amp#27;[37m<-- POST /session/8b9c12c4-9c1c-4db2-8d1e-b301ec11f45a/element/77148bc0-d72b-4a6c-93f1-a939a36c7da5/click &amp#27;[39m&amp#27;[32m200&amp#27;[39m &amp#27;[90m379 ms - 14&amp#27;[39m
&amp#27;[38;5;0m[HTTP]&amp#27;[0m &amp#27;[90m&amp#27;[39m
Clicked on Masters
&amp#27;[38;5;0m[HTTP]&amp#27;[0m &amp#27;[37m-->&amp#27;[39m &amp#27;[37mPOST&amp#27;[39m &amp#27;[37m/session/8b9c12c4-9c1c-4db2-8d1e-b301ec11f45a/element&amp#27;[39m
&amp#27;[38;5;0m[HTTP]&amp#27;[0m &amp#27;[90m{"value":"Vendor","using":"link text"}&amp#27;[39m
&amp#27;[38;5;32m[AndroidUiautomator2Driver@6453 (8b9c12c4)]&amp#27;[0m Driver proxy active, passing request on via HTTP proxy
&amp#27;[38;5;96m[Chromedriver@0756 (d105eff1)]&amp#27;[0m Matched '/session/8b9c12c4-9c1c-4db2-8d1e-b301ec11f45a/element' to command name 'findElement'
&amp#27;[38;5;96m[Chromedriver@0756 (d105eff1)]&amp#27;[0m Proxying [POST /session/8b9c12c4-9c1c-4db2-8d1e-b301ec11f45a/element] to [POST http://127.0.0.1:52851/session/d105eff11b76bfce77f640f2b066a387/element] with body: {"value":"Vendor","using":"link text"}
&amp#27;[38;5;96m[Chromedriver@0756 (d105eff1)]&amp#27;[0m Got response with status 200: {"value":{"element-6066-11e4-a52e-4f735466cecf":"7de26cb4-e6d7-4797-82ef-64b7560bf997"}}
&amp#27;[38;5;0m[HTTP]&amp#27;[0m &amp#27;[37m<-- POST /session/8b9c12c4-9c1c-4db2-8d1e-b301ec11f45a/element &amp#27;[39m&amp#27;[32m200&amp#27;[39m &amp#27;[90m160 ms - 137&amp#27;[39m
&amp#27;[38;5;0m[HTTP]&amp#27;[0m &amp#27;[90m&amp#27;[39m
&amp#27;[38;5;0m[HTTP]&amp#27;[0m &amp#27;[37m-->&amp#27;[39m &amp#27;[37mPOST&amp#27;[39m &amp#27;[37m/session/8b9c12c4-9c1c-4db2-8d1e-b301ec11f45a/element/7de26cb4-e6d7-4797-82ef-64b7560bf997/click&amp#27;[39m
&amp#27;[38;5;0m[HTTP]&amp#27;[0m &amp#27;[90m{"id":"7de26cb4-e6d7-4797-82ef-64b7560bf997"}&amp#27;[39m
&amp#27;[38;5;32m[AndroidUiautomator2Driver@6453 (8b9c12c4)]&amp#27;[0m Driver proxy active, passing request on via HTTP proxy
&amp#27;[38;5;96m[Chromedriver@0756 (d105eff1)]&amp#27;[0m Matched '/session/8b9c12c4-9c1c-4db2-8d1e-b301ec11f45a/element/7de26cb4-e6d7-4797-82ef-64b7560bf997/click' to command name 'click'
&amp#27;[38;5;96m[Chromedriver@0756 (d105eff1)]&amp#27;[0m Proxying [POST /session/8b9c12c4-9c1c-4db2-8d1e-b301ec11f45a/element/7de26cb4-e6d7-4797-82ef-64b7560bf997/click] to [POST http://127.0.0.1:52851/session/d105eff11b76bfce77f640f2b066a387/element/7de26cb4-e6d7-4797-82ef-64b7560bf997/click] with body: {"id":"7de26cb4-e6d7-4797-82ef-64b7560bf997"}
&amp#27;[38;5;96m[Chromedriver@0756 (d105eff1)]&amp#27;[0m Got response with status 200: {"value":null}
&amp#27;[38;5;0m[HTTP]&amp#27;[0m &amp#27;[37m<-- POST /session/8b9c12c4-9c1c-4db2-8d1e-b301ec11f45a/element/7de26cb4-e6d7-4797-82ef-64b7560bf997/click &amp#27;[39m&amp#27;[32m200&amp#27;[39m &amp#27;[90m676 ms - 14&amp#27;[39m
&amp#27;[38;5;0m[HTTP]&amp#27;[0m &amp#27;[90m&amp#27;[39m
&amp#27;[38;5;0m[HTTP]&amp#27;[0m &amp#27;[37m-->&amp#27;[39m &amp#27;[37mPOST&amp#27;[39m &amp#27;[37m/session/8b9c12c4-9c1c-4db2-8d1e-b301ec11f45a/element&amp#27;[39m
&amp#27;[38;5;0m[HTTP]&amp#27;[0m &amp#27;[90m{"value":"body > div.wrapper.d-flex.flex-column.min-vh-100.bg-light.dark\\:bg-transparent > header > div:nth-child(1) > button:nth-child(1) > svg","using":"css selector"}&amp#27;[39m
&amp#27;[38;5;32m[AndroidUiautomator2Driver@6453 (8b9c12c4)]&amp#27;[0m Driver proxy active, passing request on via HTTP proxy
&amp#27;[38;5;96m[Chromedriver@0756 (d105eff1)]&amp#27;[0m Matched '/session/8b9c12c4-9c1c-4db2-8d1e-b301ec11f45a/element' to command name 'findElement'
&amp#27;[38;5;96m[Chromedriver@0756 (d105eff1)]&amp#27;[0m Proxying [POST /session/8b9c12c4-9c1c-4db2-8d1e-b301ec11f45a/element] to [POST http://127.0.0.1:52851/session/d105eff11b76bfce77f640f2b066a387/element] with body: {"value":"body > div.wrapper.d-flex.flex-column.min-vh-100.bg-light.dark\\:bg-transparent > header > div:nth-child(1) > button:nth-child(1) > svg","using":"css selector"}
&amp#27;[38;5;96m[Chromedriver@0756 (d105eff1)]&amp#27;[0m Got response with status 200: {"value":{"element-6066-11e4-a52e-4f735466cecf":"9d5d828e-0c5f-4ebc-9d96-fcbe2e978fa2"}}
&amp#27;[38;5;0m[HTTP]&amp#27;[0m &amp#27;[37m<-- POST /session/8b9c12c4-9c1c-4db2-8d1e-b301ec11f45a/element &amp#27;[39m&amp#27;[32m200&amp#27;[39m &amp#27;[90m388 ms - 137&amp#27;[39m
&amp#27;[38;5;0m[HTTP]&amp#27;[0m &amp#27;[90m&amp#27;[39m
&amp#27;[38;5;0m[HTTP]&amp#27;[0m &amp#27;[37m-->&amp#27;[39m &amp#27;[37mPOST&amp#27;[39m &amp#27;[37m/session/8b9c12c4-9c1c-4db2-8d1e-b301ec11f45a/element/9d5d828e-0c5f-4ebc-9d96-fcbe2e978fa2/click&amp#27;[39m
&amp#27;[38;5;0m[HTTP]&amp#27;[0m &amp#27;[90m{"id":"9d5d828e-0c5f-4ebc-9d96-fcbe2e978fa2"}&amp#27;[39m
&amp#27;[38;5;32m[AndroidUiautomator2Driver@6453 (8b9c12c4)]&amp#27;[0m Driver proxy active, passing request on via HTTP proxy
&amp#27;[38;5;96m[Chromedriver@0756 (d105eff1)]&amp#27;[0m Matched '/session/8b9c12c4-9c1c-4db2-8d1e-b301ec11f45a/element/9d5d828e-0c5f-4ebc-9d96-fcbe2e978fa2/click' to command name 'click'
&amp#27;[38;5;96m[Chromedriver@0756 (d105eff1)]&amp#27;[0m Proxying [POST /session/8b9c12c4-9c1c-4db2-8d1e-b301ec11f45a/element/9d5d828e-0c5f-4ebc-9d96-fcbe2e978fa2/click] to [POST http://127.0.0.1:52851/session/d105eff11b76bfce77f640f2b066a387/element/9d5d828e-0c5f-4ebc-9d96-fcbe2e978fa2/click] with body: {"id":"9d5d828e-0c5f-4ebc-9d96-fcbe2e978fa2"}
&amp#27;[38;5;96m[Chromedriver@0756 (d105eff1)]&amp#27;[0m Got response with status 200: {"value":null}
&amp#27;[38;5;0m[HTTP]&amp#27;[0m &amp#27;[37m<-- POST /session/8b9c12c4-9c1c-4db2-8d1e-b301ec11f45a/element/9d5d828e-0c5f-4ebc-9d96-fcbe2e978fa2/click &amp#27;[39m&amp#27;[32m200&amp#27;[39m &amp#27;[90m671 ms - 14&amp#27;[39m
&amp#27;[38;5;0m[HTTP]&amp#27;[0m &amp#27;[90m&amp#27;[39m
DashBoard Closed
&amp#27;[38;5;0m[HTTP]&amp#27;[0m &amp#27;[37m-->&amp#27;[39m &amp#27;[37mPOST&amp#27;[39m &amp#27;[37m/session/8b9c12c4-9c1c-4db2-8d1e-b301ec11f45a/element&amp#27;[39m
&amp#27;[38;5;0m[HTTP]&amp#27;[0m &amp#27;[90m{"value":"#id_new_span","using":"css selector"}&amp#27;[39m
&amp#27;[38;5;32m[AndroidUiautomator2Driver@6453 (8b9c12c4)]&amp#27;[0m Driver proxy active, passing request on via HTTP proxy
&amp#27;[38;5;96m[Chromedriver@0756 (d105eff1)]&amp#27;[0m Matched '/session/8b9c12c4-9c1c-4db2-8d1e-b301ec11f45a/element' to command name 'findElement'
&amp#27;[38;5;96m[Chromedriver@0756 (d105eff1)]&amp#27;[0m Proxying [POST /session/8b9c12c4-9c1c-4db2-8d1e-b301ec11f45a/element] to [POST http://127.0.0.1:52851/session/d105eff11b76bfce77f640f2b066a387/element] with body: {"value":"#id_new_span","using":"css selector"}
&amp#27;[38;5;96m[Chromedriver@0756 (d105eff1)]&amp#27;[0m Got response with status 200: {"value":{"element-6066-11e4-a52e-4f735466cecf":"b6cda2fd-e665-4535-a528-ea36d7502e70"}}
&amp#27;[38;5;0m[HTTP]&amp#27;[0m &amp#27;[37m<-- POST /session/8b9c12c4-9c1c-4db2-8d1e-b301ec11f45a/element &amp#27;[39m&amp#27;[32m200&amp#27;[39m &amp#27;[90m167 ms - 137&amp#27;[39m
&amp#27;[38;5;0m[HTTP]&amp#27;[0m &amp#27;[90m&amp#27;[39m
&amp#27;[38;5;0m[HTTP]&amp#27;[0m &amp#27;[37m-->&amp#27;[39m &amp#27;[37mPOST&amp#27;[39m &amp#27;[37m/session/8b9c12c4-9c1c-4db2-8d1e-b301ec11f45a/element/b6cda2fd-e665-4535-a528-ea36d7502e70/click&amp#27;[39m
&amp#27;[38;5;0m[HTTP]&amp#27;[0m &amp#27;[90m{"id":"b6cda2fd-e665-4535-a528-ea36d7502e70"}&amp#27;[39m
&amp#27;[38;5;32m[AndroidUiautomator2Driver@6453 (8b9c12c4)]&amp#27;[0m Driver proxy active, passing request on via HTTP proxy
&amp#27;[38;5;96m[Chromedriver@0756 (d105eff1)]&amp#27;[0m Matched '/session/8b9c12c4-9c1c-4db2-8d1e-b301ec11f45a/element/b6cda2fd-e665-4535-a528-ea36d7502e70/click' to command name 'click'
&amp#27;[38;5;96m[Chromedriver@0756 (d105eff1)]&amp#27;[0m Proxying [POST /session/8b9c12c4-9c1c-4db2-8d1e-b301ec11f45a/element/b6cda2fd-e665-4535-a528-ea36d7502e70/click] to [POST http://127.0.0.1:52851/session/d105eff11b76bfce77f640f2b066a387/element/b6cda2fd-e665-4535-a528-ea36d7502e70/click] with body: {"id":"b6cda2fd-e665-4535-a528-ea36d7502e70"}
&amp#27;[38;5;96m[Chromedriver@0756 (d105eff1)]&amp#27;[0m Got response with status 200: {"value":null}
&amp#27;[38;5;0m[HTTP]&amp#27;[0m &amp#27;[37m<-- POST /session/8b9c12c4-9c1c-4db2-8d1e-b301ec11f45a/element/b6cda2fd-e665-4535-a528-ea36d7502e70/click &amp#27;[39m&amp#27;[32m200&amp#27;[39m &amp#27;[90m374 ms - 14&amp#27;[39m
&amp#27;[38;5;0m[HTTP]&amp#27;[0m &amp#27;[90m&amp#27;[39m
&amp#27;[38;5;0m[HTTP]&amp#27;[0m &amp#27;[37m-->&amp#27;[39m &amp#27;[37mPOST&amp#27;[39m &amp#27;[37m/session/8b9c12c4-9c1c-4db2-8d1e-b301ec11f45a/element&amp#27;[39m
&amp#27;[38;5;0m[HTTP]&amp#27;[0m &amp#27;[90m{"value":"#id_description","using":"css selector"}&amp#27;[39m
&amp#27;[38;5;32m[AndroidUiautomator2Driver@6453 (8b9c12c4)]&amp#27;[0m Driver proxy active, passing request on via HTTP proxy
&amp#27;[38;5;96m[Chromedriver@0756 (d105eff1)]&amp#27;[0m Matched '/session/8b9c12c4-9c1c-4db2-8d1e-b301ec11f45a/element' to command name 'findElement'
&amp#27;[38;5;96m[Chromedriver@0756 (d105eff1)]&amp#27;[0m Proxying [POST /session/8b9c12c4-9c1c-4db2-8d1e-b301ec11f45a/element] to [POST http://127.0.0.1:52851/session/d105eff11b76bfce77f640f2b066a387/element] with body: {"value":"#id_description","using":"css selector"}
&amp#27;[38;5;96m[Chromedriver@0756 (d105eff1)]&amp#27;[0m Got response with status 200: {"value":{"element-6066-11e4-a52e-4f735466cecf":"41d4ba67-9bf9-4445-b009-c460397f5792"}}
&amp#27;[38;5;0m[HTTP]&amp#27;[0m &amp#27;[37m<-- POST /session/8b9c12c4-9c1c-4db2-8d1e-b301ec11f45a/element &amp#27;[39m&amp#27;[32m200&amp#27;[39m &amp#27;[90m176 ms - 137&amp#27;[39m
&amp#27;[38;5;0m[HTTP]&amp#27;[0m &amp#27;[90m&amp#27;[39m
&amp#27;[38;5;0m[HTTP]&amp#27;[0m &amp#27;[37m-->&amp#27;[39m &amp#27;[37mPOST&amp#27;[39m &amp#27;[37m/session/8b9c12c4-9c1c-4db2-8d1e-b301ec11f45a/element/41d4ba67-9bf9-4445-b009-c460397f5792/value&amp#27;[39m
&amp#27;[38;5;0m[HTTP]&amp#27;[0m &amp#27;[90m{"value":["C","o","f","f","e","e"," ","H","o","u","s","e"],"id":"41d4ba67-9bf9-4445-b009-c460397f5792","text":"Coffee House"}&amp#27;[39m
&amp#27;[38;5;32m[AndroidUiautomator2Driver@6453 (8b9c12c4)]&amp#27;[0m Driver proxy active, passing request on via HTTP proxy
&amp#27;[38;5;96m[Chromedriver@0756 (d105eff1)]&amp#27;[0m Matched '/session/8b9c12c4-9c1c-4db2-8d1e-b301ec11f45a/element/41d4ba67-9bf9-4445-b009-c460397f5792/value' to command name 'setValue'
&amp#27;[38;5;96m[Chromedriver@0756 (d105eff1)]&amp#27;[0m Proxying [POST /session/8b9c12c4-9c1c-4db2-8d1e-b301ec11f45a/element/41d4ba67-9bf9-4445-b009-c460397f5792/value] to [POST http://127.0.0.1:52851/session/d105eff11b76bfce77f640f2b066a387/element/41d4ba67-9bf9-4445-b009-c460397f5792/value] with body: {"value":["C","o","f","f","e","e"," ","H","o","u","s","e"],"id":"41d4ba67-9bf9-4445-b009-c460397f5792","text":"Coffee House"}
&amp#27;[38;5;96m[Chromedriver@0756 (d105eff1)]&amp#27;[0m Got response with status 200: {"value":null}
&amp#27;[38;5;0m[HTTP]&amp#27;[0m &amp#27;[37m<-- POST /session/8b9c12c4-9c1c-4db2-8d1e-b301ec11f45a/element/41d4ba67-9bf9-4445-b009-c460397f5792/value &amp#27;[39m&amp#27;[32m200&amp#27;[39m &amp#27;[90m1173 ms - 14&amp#27;[39m
&amp#27;[38;5;0m[HTTP]&amp#27;[0m &amp#27;[90m&amp#27;[39m
&amp#27;[38;5;0m[HTTP]&amp#27;[0m &amp#27;[37m-->&amp#27;[39m &amp#27;[37mPOST&amp#27;[39m &amp#27;[37m/session/8b9c12c4-9c1c-4db2-8d1e-b301ec11f45a/element&amp#27;[39m
&amp#27;[38;5;0m[HTTP]&amp#27;[0m &amp#27;[90m{"value":"#id_address","using":"css selector"}&amp#27;[39m
&amp#27;[38;5;32m[AndroidUiautomator2Driver@6453 (8b9c12c4)]&amp#27;[0m Driver proxy active, passing request on via HTTP proxy
&amp#27;[38;5;96m[Chromedriver@0756 (d105eff1)]&amp#27;[0m Matched '/session/8b9c12c4-9c1c-4db2-8d1e-b301ec11f45a/element' to command name 'findElement'
&amp#27;[38;5;96m[Chromedriver@0756 (d105eff1)]&amp#27;[0m Proxying [POST /session/8b9c12c4-9c1c-4db2-8d1e-b301ec11f45a/element] to [POST http://127.0.0.1:52851/session/d105eff11b76bfce77f640f2b066a387/element] with body: {"value":"#id_address","using":"css selector"}
&amp#27;[38;5;96m[Chromedriver@0756 (d105eff1)]&amp#27;[0m Got response with status 200: {"value":{"element-6066-11e4-a52e-4f735466cecf":"fab75e66-93f6-4730-987a-7eea8036ffdc"}}
&amp#27;[38;5;0m[HTTP]&amp#27;[0m &amp#27;[37m<-- POST /session/8b9c12c4-9c1c-4db2-8d1e-b301ec11f45a/element &amp#27;[39m&amp#27;[32m200&amp#27;[39m &amp#27;[90m42 ms - 137&amp#27;[39m
&amp#27;[38;5;0m[HTTP]&amp#27;[0m &amp#27;[90m&amp#27;[39m
&amp#27;[38;5;0m[HTTP]&amp#27;[0m &amp#27;[37m-->&amp#27;[39m &amp#27;[37mPOST&amp#27;[39m &amp#27;[37m/session/8b9c12c4-9c1c-4db2-8d1e-b301ec11f45a/element/fab75e66-93f6-4730-987a-7eea8036ffdc/value&amp#27;[39m
&amp#27;[38;5;0m[HTTP]&amp#27;[0m &amp#27;[90m{"value":["U","n","k","n","o","w","n"],"id":"fab75e66-93f6-4730-987a-7eea8036ffdc","text":"Unknown"}&amp#27;[39m
&amp#27;[38;5;32m[AndroidUiautomator2Driver@6453 (8b9c12c4)]&amp#27;[0m Driver proxy active, passing request on via HTTP proxy
&amp#27;[38;5;96m[Chromedriver@0756 (d105eff1)]&amp#27;[0m Matched '/session/8b9c12c4-9c1c-4db2-8d1e-b301ec11f45a/element/fab75e66-93f6-4730-987a-7eea8036ffdc/value' to command name 'setValue'
&amp#27;[38;5;96m[Chromedriver@0756 (d105eff1)]&amp#27;[0m Proxying [POST /session/8b9c12c4-9c1c-4db2-8d1e-b301ec11f45a/element/fab75e66-93f6-4730-987a-7eea8036ffdc/value] to [POST http://127.0.0.1:52851/session/d105eff11b76bfce77f640f2b066a387/element/fab75e66-93f6-4730-987a-7eea8036ffdc/value] with body: {"value":["U","n","k","n","o","w","n"],"id":"fab75e66-93f6-4730-987a-7eea8036ffdc","text":"Unknown"}
&amp#27;[38;5;96m[Chromedriver@0756 (d105eff1)]&amp#27;[0m Got response with status 200: {"value":null}
&amp#27;[38;5;0m[HTTP]&amp#27;[0m &amp#27;[37m<-- POST /session/8b9c12c4-9c1c-4db2-8d1e-b301ec11f45a/element/fab75e66-93f6-4730-987a-7eea8036ffdc/value &amp#27;[39m&amp#27;[32m200&amp#27;[39m &amp#27;[90m553 ms - 14&amp#27;[39m
&amp#27;[38;5;0m[HTTP]&amp#27;[0m &amp#27;[90m&amp#27;[39m
&amp#27;[38;5;0m[HTTP]&amp#27;[0m &amp#27;[37m-->&amp#27;[39m &amp#27;[37mPOST&amp#27;[39m &amp#27;[37m/session/8b9c12c4-9c1c-4db2-8d1e-b301ec11f45a/element&amp#27;[39m
&amp#27;[38;5;0m[HTTP]&amp#27;[0m &amp#27;[90m{"value":"#id_email","using":"css selector"}&amp#27;[39m
&amp#27;[38;5;32m[AndroidUiautomator2Driver@6453 (8b9c12c4)]&amp#27;[0m Driver proxy active, passing request on via HTTP proxy
&amp#27;[38;5;96m[Chromedriver@0756 (d105eff1)]&amp#27;[0m Matched '/session/8b9c12c4-9c1c-4db2-8d1e-b301ec11f45a/element' to command name 'findElement'
&amp#27;[38;5;96m[Chromedriver@0756 (d105eff1)]&amp#27;[0m Proxying [POST /session/8b9c12c4-9c1c-4db2-8d1e-b301ec11f45a/element] to [POST http://127.0.0.1:52851/session/d105eff11b76bfce77f640f2b066a387/element] with body: {"value":"#id_email","using":"css selector"}
&amp#27;[38;5;96m[Chromedriver@0756 (d105eff1)]&amp#27;[0m Got response with status 200: {"value":{"element-6066-11e4-a52e-4f735466cecf":"ec9aee68-ee81-4512-8a48-05979c8ca75a"}}
&amp#27;[38;5;0m[HTTP]&amp#27;[0m &amp#27;[37m<-- POST /session/8b9c12c4-9c1c-4db2-8d1e-b301ec11f45a/element &amp#27;[39m&amp#27;[32m200&amp#27;[39m &amp#27;[90m36 ms - 137&amp#27;[39m
&amp#27;[38;5;0m[HTTP]&amp#27;[0m &amp#27;[90m&amp#27;[39m
&amp#27;[38;5;0m[HTTP]&amp#27;[0m &amp#27;[37m-->&amp#27;[39m &amp#27;[37mPOST&amp#27;[39m &amp#27;[37m/session/8b9c12c4-9c1c-4db2-8d1e-b301ec11f45a/element/ec9aee68-ee81-4512-8a48-05979c8ca75a/value&amp#27;[39m
&amp#27;[38;5;0m[HTTP]&amp#27;[0m &amp#27;[90m{"value":["c","o","f","f","e","e","h","o","u","s","e","@","g","m","a","i","l",".","c","o","m"],"id":"ec9aee68-ee81-4512-8a48-05979c8ca75a","text":"coffeehouse@gmail.com"}&amp#27;[39m
&amp#27;[38;5;32m[AndroidUiautomator2Driver@6453 (8b9c12c4)]&amp#27;[0m Driver proxy active, passing request on via HTTP proxy
&amp#27;[38;5;96m[Chromedriver@0756 (d105eff1)]&amp#27;[0m Matched '/session/8b9c12c4-9c1c-4db2-8d1e-b301ec11f45a/element/ec9aee68-ee81-4512-8a48-05979c8ca75a/value' to command name 'setValue'
&amp#27;[38;5;96m[Chromedriver@0756 (d105eff1)]&amp#27;[0m Proxying [POST /session/8b9c12c4-9c1c-4db2-8d1e-b301ec11f45a/element/ec9aee68-ee81-4512-8a48-05979c8ca75a/value] to [POST http://127.0.0.1:52851/session/d105eff11b76bfce77f640f2b066a387/element/ec9aee68-ee81-4512-8a48-05979c8ca75a/value] with body: {"value":["c","o","f","f","e","e","h","o","u","s","e","@","g","m","a","i","l",".","c","o","m"],"id":"ec9aee68-ee81-4512-8a48-05979c8ca75a","text":"coffeehouse@gmail.com"}
&amp#27;[38;5;96m[Chromedriver@0756 (d105eff1)]&amp#27;[0m Got response with status 200: {"value":null}
&amp#27;[38;5;0m[HTTP]&amp#27;[0m &amp#27;[37m<-- POST /session/8b9c12c4-9c1c-4db2-8d1e-b301ec11f45a/element/ec9aee68-ee81-4512-8a48-05979c8ca75a/value &amp#27;[39m&amp#27;[32m200&amp#27;[39m &amp#27;[90m1076 ms - 14&amp#27;[39m
&amp#27;[38;5;0m[HTTP]&amp#27;[0m &amp#27;[90m&amp#27;[39m
&amp#27;[38;5;0m[HTTP]&amp#27;[0m &amp#27;[37m-->&amp#27;[39m &amp#27;[37mPOST&amp#27;[39m &amp#27;[37m/session/8b9c12c4-9c1c-4db2-8d1e-b301ec11f45a/element&amp#27;[39m
&amp#27;[38;5;0m[HTTP]&amp#27;[0m &amp#27;[90m{"value":"#id_company_category1","using":"css selector"}&amp#27;[39m
&amp#27;[38;5;32m[AndroidUiautomator2Driver@6453 (8b9c12c4)]&amp#27;[0m Driver proxy active, passing request on via HTTP proxy
&amp#27;[38;5;96m[Chromedriver@0756 (d105eff1)]&amp#27;[0m Matched '/session/8b9c12c4-9c1c-4db2-8d1e-b301ec11f45a/element' to command name 'findElement'
&amp#27;[38;5;96m[Chromedriver@0756 (d105eff1)]&amp#27;[0m Proxying [POST /session/8b9c12c4-9c1c-4db2-8d1e-b301ec11f45a/element] to [POST http://127.0.0.1:52851/session/d105eff11b76bfce77f640f2b066a387/element] with body: {"value":"#id_company_category1","using":"css selector"}
&amp#27;[38;5;96m[Chromedriver@0756 (d105eff1)]&amp#27;[0m Got response with status 200: {"value":{"element-6066-11e4-a52e-4f735466cecf":"81589850-53fc-4928-b35e-029a1f071a5c"}}
&amp#27;[38;5;0m[HTTP]&amp#27;[0m &amp#27;[37m<-- POST /session/8b9c12c4-9c1c-4db2-8d1e-b301ec11f45a/element &amp#27;[39m&amp#27;[32m200&amp#27;[39m &amp#27;[90m84 ms - 137&amp#27;[39m
&amp#27;[38;5;0m[HTTP]&amp#27;[0m &amp#27;[90m&amp#27;[39m
&amp#27;[38;5;0m[HTTP]&amp#27;[0m &amp#27;[37m-->&amp#27;[39m &amp#27;[37mPOST&amp#27;[39m &amp#27;[37m/session/8b9c12c4-9c1c-4db2-8d1e-b301ec11f45a/element/81589850-53fc-4928-b35e-029a1f071a5c/click&amp#27;[39m
&amp#27;[38;5;0m[HTTP]&amp#27;[0m &amp#27;[90m{"id":"81589850-53fc-4928-b35e-029a1f071a5c"}&amp#27;[39m
&amp#27;[38;5;32m[AndroidUiautomator2Driver@6453 (8b9c12c4)]&amp#27;[0m Driver proxy active, passing request on via HTTP proxy
&amp#27;[38;5;96m[Chromedriver@0756 (d105eff1)]&amp#27;[0m Matched '/session/8b9c12c4-9c1c-4db2-8d1e-b301ec11f45a/element/81589850-53fc-4928-b35e-029a1f071a5c/click' to command name 'click'
&amp#27;[38;5;96m[Chromedriver@0756 (d105eff1)]&amp#27;[0m Proxying [POST /session/8b9c12c4-9c1c-4db2-8d1e-b301ec11f45a/element/81589850-53fc-4928-b35e-029a1f071a5c/click] to [POST http://127.0.0.1:52851/session/d105eff11b76bfce77f640f2b066a387/element/81589850-53fc-4928-b35e-029a1f071a5c/click] with body: {"id":"81589850-53fc-4928-b35e-029a1f071a5c"}
&amp#27;[38;5;96m[Chromedriver@0756 (d105eff1)]&amp#27;[0m Got response with status 200: {"value":null}
&amp#27;[38;5;0m[HTTP]&amp#27;[0m &amp#27;[37m<-- POST /session/8b9c12c4-9c1c-4db2-8d1e-b301ec11f45a/element/81589850-53fc-4928-b35e-029a1f071a5c/click &amp#27;[39m&amp#27;[32m200&amp#27;[39m &amp#27;[90m328 ms - 14&amp#27;[39m
&amp#27;[38;5;0m[HTTP]&amp#27;[0m &amp#27;[90m&amp#27;[39m
&amp#27;[38;5;0m[HTTP]&amp#27;[0m &amp#27;[37m-->&amp#27;[39m &amp#27;[37mPOST&amp#27;[39m &amp#27;[37m/session/8b9c12c4-9c1c-4db2-8d1e-b301ec11f45a/element&amp#27;[39m
&amp#27;[38;5;0m[HTTP]&amp#27;[0m &amp#27;[90m{"value":"#btn_save_master","using":"css selector"}&amp#27;[39m
&amp#27;[38;5;32m[AndroidUiautomator2Driver@6453 (8b9c12c4)]&amp#27;[0m Driver proxy active, passing request on via HTTP proxy
&amp#27;[38;5;96m[Chromedriver@0756 (d105eff1)]&amp#27;[0m Matched '/session/8b9c12c4-9c1c-4db2-8d1e-b301ec11f45a/element' to command name 'findElement'
&amp#27;[38;5;96m[Chromedriver@0756 (d105eff1)]&amp#27;[0m Proxying [POST /session/8b9c12c4-9c1c-4db2-8d1e-b301ec11f45a/element] to [POST http://127.0.0.1:52851/session/d105eff11b76bfce77f640f2b066a387/element] with body: {"value":"#btn_save_master","using":"css selector"}
&amp#27;[38;5;96m[Chromedriver@0756 (d105eff1)]&amp#27;[0m Got response with status 200: {"value":{"element-6066-11e4-a52e-4f735466cecf":"b8bdb9d4-af71-4b75-8399-4ca99435f695"}}
&amp#27;[38;5;0m[HTTP]&amp#27;[0m &amp#27;[37m<-- POST /session/8b9c12c4-9c1c-4db2-8d1e-b301ec11f45a/element &amp#27;[39m&amp#27;[32m200&amp#27;[39m &amp#27;[90m67 ms - 137&amp#27;[39m
&amp#27;[38;5;0m[HTTP]&amp#27;[0m &amp#27;[90m&amp#27;[39m
&amp#27;[38;5;0m[HTTP]&amp#27;[0m &amp#27;[37m-->&amp#27;[39m &amp#27;[37mPOST&amp#27;[39m &amp#27;[37m/session/8b9c12c4-9c1c-4db2-8d1e-b301ec11f45a/execute/sync&amp#27;[39m
&amp#27;[38;5;0m[HTTP]&amp#27;[0m &amp#27;[90m{"args":[{"element-6066-11e4-a52e-4f735466cecf":"b8bdb9d4-af71-4b75-8399-4ca99435f695"}],"script":"arguments[0].scrollIntoView(true)"}&amp#27;[39m
&amp#27;[38;5;32m[AndroidUiautomator2Driver@6453 (8b9c12c4)]&amp#27;[0m Calling AppiumDriver.execute() with args: ["arguments[0].scrollIntoView(true)",[{"element-6066-11e4-a52e-4f735466cecf":"b8bdb9d4-af71-4b75-8399-4ca99435f695"}],"8b9c12c4-9c1c-4db2-8d1e-b301ec11f45a"]
&amp#27;[38;5;96m[Chromedriver@0756 (d105eff1)]&amp#27;[0m Matched '/execute/sync' to command name 'execute'
&amp#27;[38;5;96m[Chromedriver@0756 (d105eff1)]&amp#27;[0m Did not know how to rewrite the original URL '/execute/sync' for W3C protocol
&amp#27;[38;5;96m[Chromedriver@0756 (d105eff1)]&amp#27;[0m Proxying [POST /execute/sync] to [POST http://127.0.0.1:52851/session/d105eff11b76bfce77f640f2b066a387/execute/sync] with body: {"script":"arguments[0].scrollIntoView(true)","args":[{"element-6066-11e4-a52e-4f735466cecf":"b8bdb9d4-af71-4b75-8399-4ca99435f695"}]}
&amp#27;[38;5;96m[Chromedriver@0756 (d105eff1)]&amp#27;[0m Got response with status 200: {"value":null}
&amp#27;[38;5;32m[AndroidUiautomator2Driver@6453 (8b9c12c4)]&amp#27;[0m Responding to client with driver.execute() result: null
&amp#27;[38;5;0m[HTTP]&amp#27;[0m &amp#27;[37m<-- POST /session/8b9c12c4-9c1c-4db2-8d1e-b301ec11f45a/execute/sync &amp#27;[39m&amp#27;[32m200&amp#27;[39m &amp#27;[90m50 ms - 14&amp#27;[39m
&amp#27;[38;5;0m[HTTP]&amp#27;[0m &amp#27;[90m&amp#27;[39m
&amp#27;[38;5;0m[HTTP]&amp#27;[0m &amp#27;[37m-->&amp#27;[39m &amp#27;[37mPOST&amp#27;[39m &amp#27;[37m/session/8b9c12c4-9c1c-4db2-8d1e-b301ec11f45a/element&amp#27;[39m
&amp#27;[38;5;0m[HTTP]&amp#27;[0m &amp#27;[90m{"value":"#btn_save_master","using":"css selector"}&amp#27;[39m
&amp#27;[38;5;32m[AndroidUiautomator2Driver@6453 (8b9c12c4)]&amp#27;[0m Driver proxy active, passing request on via HTTP proxy
&amp#27;[38;5;96m[Chromedriver@0756 (d105eff1)]&amp#27;[0m Matched '/session/8b9c12c4-9c1c-4db2-8d1e-b301ec11f45a/element' to command name 'findElement'
&amp#27;[38;5;96m[Chromedriver@0756 (d105eff1)]&amp#27;[0m Proxying [POST /session/8b9c12c4-9c1c-4db2-8d1e-b301ec11f45a/element] to [POST http://127.0.0.1:52851/session/d105eff11b76bfce77f640f2b066a387/element] with body: {"value":"#btn_save_master","using":"css selector"}
&amp#27;[38;5;96m[Chromedriver@0756 (d105eff1)]&amp#27;[0m Got response with status 200: {"value":{"element-6066-11e4-a52e-4f735466cecf":"b8bdb9d4-af71-4b75-8399-4ca99435f695"}}
&amp#27;[38;5;0m[HTTP]&amp#27;[0m &amp#27;[37m<-- POST /session/8b9c12c4-9c1c-4db2-8d1e-b301ec11f45a/element &amp#27;[39m&amp#27;[32m200&amp#27;[39m &amp#27;[90m31 ms - 137&amp#27;[39m
&amp#27;[38;5;0m[HTTP]&amp#27;[0m &amp#27;[90m&amp#27;[39m
&amp#27;[38;5;0m[HTTP]&amp#27;[0m &amp#27;[37m-->&amp#27;[39m &amp#27;[37mPOST&amp#27;[39m &amp#27;[37m/session/8b9c12c4-9c1c-4db2-8d1e-b301ec11f45a/element/b8bdb9d4-af71-4b75-8399-4ca99435f695/click&amp#27;[39m
&amp#27;[38;5;0m[HTTP]&amp#27;[0m &amp#27;[90m{"id":"b8bdb9d4-af71-4b75-8399-4ca99435f695"}&amp#27;[39m
&amp#27;[38;5;32m[AndroidUiautomator2Driver@6453 (8b9c12c4)]&amp#27;[0m Driver proxy active, passing request on via HTTP proxy
&amp#27;[38;5;96m[Chromedriver@0756 (d105eff1)]&amp#27;[0m Matched '/session/8b9c12c4-9c1c-4db2-8d1e-b301ec11f45a/element/b8bdb9d4-af71-4b75-8399-4ca99435f695/click' to command name 'click'
&amp#27;[38;5;96m[Chromedriver@0756 (d105eff1)]&amp#27;[0m Proxying [POST /session/8b9c12c4-9c1c-4db2-8d1e-b301ec11f45a/element/b8bdb9d4-af71-4b75-8399-4ca99435f695/click] to [POST http://127.0.0.1:52851/session/d105eff11b76bfce77f640f2b066a387/element/b8bdb9d4-af71-4b75-8399-4ca99435f695/click] with body: {"id":"b8bdb9d4-af71-4b75-8399-4ca99435f695"}
&amp#27;[38;5;96m[Chromedriver@0756 (d105eff1)]&amp#27;[0m Got response with status 200: {"value":null}
&amp#27;[38;5;0m[HTTP]&amp#27;[0m &amp#27;[37m<-- POST /session/8b9c12c4-9c1c-4db2-8d1e-b301ec11f45a/element/b8bdb9d4-af71-4b75-8399-4ca99435f695/click &amp#27;[39m&amp#27;[32m200&amp#27;[39m &amp#27;[90m309 ms - 14&amp#27;[39m
&amp#27;[38;5;0m[HTTP]&amp#27;[0m &amp#27;[90m&amp#27;[39m
&amp#27;[38;5;0m[HTTP]&amp#27;[0m &amp#27;[37m-->&amp#27;[39m &amp#27;[37mPOST&amp#27;[39m &amp#27;[37m/session/8b9c12c4-9c1c-4db2-8d1e-b301ec11f45a/element&amp#27;[39m
&amp#27;[38;5;0m[HTTP]&amp#27;[0m &amp#27;[90m{"value":"body > div.wrapper.d-flex.flex-column.min-vh-100.bg-light.dark\\:bg-transparent > header > div:nth-child(1) > button:nth-child(1) > svg","using":"css selector"}&amp#27;[39m
&amp#27;[38;5;32m[AndroidUiautomator2Driver@6453 (8b9c12c4)]&amp#27;[0m Driver proxy active, passing request on via HTTP proxy
&amp#27;[38;5;96m[Chromedriver@0756 (d105eff1)]&amp#27;[0m Matched '/session/8b9c12c4-9c1c-4db2-8d1e-b301ec11f45a/element' to command name 'findElement'
&amp#27;[38;5;96m[Chromedriver@0756 (d105eff1)]&amp#27;[0m Proxying [POST /session/8b9c12c4-9c1c-4db2-8d1e-b301ec11f45a/element] to [POST http://127.0.0.1:52851/session/d105eff11b76bfce77f640f2b066a387/element] with body: {"value":"body > div.wrapper.d-flex.flex-column.min-vh-100.bg-light.dark\\:bg-transparent > header > div:nth-child(1) > button:nth-child(1) > svg","using":"css selector"}
&amp#27;[38;5;96m[Chromedriver@0756 (d105eff1)]&amp#27;[0m Got response with status 200: {"value":{"element-6066-11e4-a52e-4f735466cecf":"9d5d828e-0c5f-4ebc-9d96-fcbe2e978fa2"}}
&amp#27;[38;5;0m[HTTP]&amp#27;[0m &amp#27;[37m<-- POST /session/8b9c12c4-9c1c-4db2-8d1e-b301ec11f45a/element &amp#27;[39m&amp#27;[32m200&amp#27;[39m &amp#27;[90m77 ms - 137&amp#27;[39m
&amp#27;[38;5;0m[HTTP]&amp#27;[0m &amp#27;[90m&amp#27;[39m
&amp#27;[38;5;0m[HTTP]&amp#27;[0m &amp#27;[37m-->&amp#27;[39m &amp#27;[37mPOST&amp#27;[39m &amp#27;[37m/session/8b9c12c4-9c1c-4db2-8d1e-b301ec11f45a/element/9d5d828e-0c5f-4ebc-9d96-fcbe2e978fa2/click&amp#27;[39m
&amp#27;[38;5;0m[HTTP]&amp#27;[0m &amp#27;[90m{"id":"9d5d828e-0c5f-4ebc-9d96-fcbe2e978fa2"}&amp#27;[39m
&amp#27;[38;5;32m[AndroidUiautomator2Driver@6453 (8b9c12c4)]&amp#27;[0m Driver proxy active, passing request on via HTTP proxy
&amp#27;[38;5;96m[Chromedriver@0756 (d105eff1)]&amp#27;[0m Matched '/session/8b9c12c4-9c1c-4db2-8d1e-b301ec11f45a/element/9d5d828e-0c5f-4ebc-9d96-fcbe2e978fa2/click' to command name 'click'
&amp#27;[38;5;96m[Chromedriver@0756 (d105eff1)]&amp#27;[0m Proxying [POST /session/8b9c12c4-9c1c-4db2-8d1e-b301ec11f45a/element/9d5d828e-0c5f-4ebc-9d96-fcbe2e978fa2/click] to [POST http://127.0.0.1:52851/session/d105eff11b76bfce77f640f2b066a387/element/9d5d828e-0c5f-4ebc-9d96-fcbe2e978fa2/click] with body: {"id":"9d5d828e-0c5f-4ebc-9d96-fcbe2e978fa2"}
&amp#27;[38;5;96m[Chromedriver@0756 (d105eff1)]&amp#27;[0m Got response with status 200: {"value":null}
&amp#27;[38;5;0m[HTTP]&amp#27;[0m &amp#27;[37m<-- POST /session/8b9c12c4-9c1c-4db2-8d1e-b301ec11f45a/element/9d5d828e-0c5f-4ebc-9d96-fcbe2e978fa2/click &amp#27;[39m&amp#27;[32m200&amp#27;[39m &amp#27;[90m539 ms - 14&amp#27;[39m
&amp#27;[38;5;0m[HTTP]&amp#27;[0m &amp#27;[90m&amp#27;[39m
DashBoard Opened
&amp#27;[38;5;0m[HTTP]&amp#27;[0m &amp#27;[37m-->&amp#27;[39m &amp#27;[37mPOST&amp#27;[39m &amp#27;[37m/session/8b9c12c4-9c1c-4db2-8d1e-b301ec11f45a/element&amp#27;[39m
&amp#27;[38;5;0m[HTTP]&amp#27;[0m &amp#27;[90m{"value":"Asset Identity","using":"link text"}&amp#27;[39m
&amp#27;[38;5;32m[AndroidUiautomator2Driver@6453 (8b9c12c4)]&amp#27;[0m Driver proxy active, passing request on via HTTP proxy
&amp#27;[38;5;96m[Chromedriver@0756 (d105eff1)]&amp#27;[0m Matched '/session/8b9c12c4-9c1c-4db2-8d1e-b301ec11f45a/element' to command name 'findElement'
&amp#27;[38;5;96m[Chromedriver@0756 (d105eff1)]&amp#27;[0m Proxying [POST /session/8b9c12c4-9c1c-4db2-8d1e-b301ec11f45a/element] to [POST http://127.0.0.1:52851/session/d105eff11b76bfce77f640f2b066a387/element] with body: {"value":"Asset Identity","using":"link text"}
&amp#27;[38;5;96m[Chromedriver@0756 (d105eff1)]&amp#27;[0m Got response with status 200: {"value":{"element-6066-11e4-a52e-4f735466cecf":"672eca4e-e16e-4d09-b23d-22e10dbbf551"}}
&amp#27;[38;5;0m[HTTP]&amp#27;[0m &amp#27;[37m<-- POST /session/8b9c12c4-9c1c-4db2-8d1e-b301ec11f45a/element &amp#27;[39m&amp#27;[32m200&amp#27;[39m &amp#27;[90m396 ms - 137&amp#27;[39m
&amp#27;[38;5;0m[HTTP]&amp#27;[0m &amp#27;[90m&amp#27;[39m
&amp#27;[38;5;0m[HTTP]&amp#27;[0m &amp#27;[37m-->&amp#27;[39m &amp#27;[37mPOST&amp#27;[39m &amp#27;[37m/session/8b9c12c4-9c1c-4db2-8d1e-b301ec11f45a/execute/sync&amp#27;[39m
&amp#27;[38;5;0m[HTTP]&amp#27;[0m &amp#27;[90m{"args":[{"element-6066-11e4-a52e-4f735466cecf":"672eca4e-e16e-4d09-b23d-22e10dbbf551"}],"script":"arguments[0].scrollIntoView(true)"}&amp#27;[39m
&amp#27;[38;5;32m[AndroidUiautomator2Driver@6453 (8b9c12c4)]&amp#27;[0m Calling AppiumDriver.execute() with args: ["arguments[0].scrollIntoView(true)",[{"element-6066-11e4-a52e-4f735466cecf":"672eca4e-e16e-4d09-b23d-22e10dbbf551"}],"8b9c12c4-9c1c-4db2-8d1e-b301ec11f45a"]
&amp#27;[38;5;96m[Chromedriver@0756 (d105eff1)]&amp#27;[0m Matched '/execute/sync' to command name 'execute'
&amp#27;[38;5;96m[Chromedriver@0756 (d105eff1)]&amp#27;[0m Did not know how to rewrite the original URL '/execute/sync' for W3C protocol
&amp#27;[38;5;96m[Chromedriver@0756 (d105eff1)]&amp#27;[0m Proxying [POST /execute/sync] to [POST http://127.0.0.1:52851/session/d105eff11b76bfce77f640f2b066a387/execute/sync] with body: {"script":"arguments[0].scrollIntoView(true)","args":[{"element-6066-11e4-a52e-4f735466cecf":"672eca4e-e16e-4d09-b23d-22e10dbbf551"}]}
&amp#27;[38;5;96m[Chromedriver@0756 (d105eff1)]&amp#27;[0m Got response with status 200: {"value":null}
&amp#27;[38;5;32m[AndroidUiautomator2Driver@6453 (8b9c12c4)]&amp#27;[0m Responding to client with driver.execute() result: null
&amp#27;[38;5;0m[HTTP]&amp#27;[0m &amp#27;[37m<-- POST /session/8b9c12c4-9c1c-4db2-8d1e-b301ec11f45a/execute/sync &amp#27;[39m&amp#27;[32m200&amp#27;[39m &amp#27;[90m45 ms - 14&amp#27;[39m
&amp#27;[38;5;0m[HTTP]&amp#27;[0m &amp#27;[90m&amp#27;[39m
&amp#27;[38;5;0m[HTTP]&amp#27;[0m &amp#27;[37m-->&amp#27;[39m &amp#27;[37mPOST&amp#27;[39m &amp#27;[37m/session/8b9c12c4-9c1c-4db2-8d1e-b301ec11f45a/element&amp#27;[39m
&amp#27;[38;5;0m[HTTP]&amp#27;[0m &amp#27;[90m{"value":"Asset Identity","using":"link text"}&amp#27;[39m
&amp#27;[38;5;32m[AndroidUiautomator2Driver@6453 (8b9c12c4)]&amp#27;[0m Driver proxy active, passing request on via HTTP proxy
&amp#27;[38;5;96m[Chromedriver@0756 (d105eff1)]&amp#27;[0m Matched '/session/8b9c12c4-9c1c-4db2-8d1e-b301ec11f45a/element' to command name 'findElement'
&amp#27;[38;5;96m[Chromedriver@0756 (d105eff1)]&amp#27;[0m Proxying [POST /session/8b9c12c4-9c1c-4db2-8d1e-b301ec11f45a/element] to [POST http://127.0.0.1:52851/session/d105eff11b76bfce77f640f2b066a387/element] with body: {"value":"Asset Identity","using":"link text"}
&amp#27;[38;5;96m[Chromedriver@0756 (d105eff1)]&amp#27;[0m Got response with status 200: {"value":{"element-6066-11e4-a52e-4f735466cecf":"672eca4e-e16e-4d09-b23d-22e10dbbf551"}}
&amp#27;[38;5;0m[HTTP]&amp#27;[0m &amp#27;[37m<-- POST /session/8b9c12c4-9c1c-4db2-8d1e-b301ec11f45a/element &amp#27;[39m&amp#27;[32m200&amp#27;[39m &amp#27;[90m103 ms - 137&amp#27;[39m
&amp#27;[38;5;0m[HTTP]&amp#27;[0m &amp#27;[90m&amp#27;[39m
&amp#27;[38;5;0m[HTTP]&amp#27;[0m &amp#27;[37m-->&amp#27;[39m &amp#27;[37mPOST&amp#27;[39m &amp#27;[37m/session/8b9c12c4-9c1c-4db2-8d1e-b301ec11f45a/element/672eca4e-e16e-4d09-b23d-22e10dbbf551/click&amp#27;[39m
&amp#27;[38;5;0m[HTTP]&amp#27;[0m &amp#27;[90m{"id":"672eca4e-e16e-4d09-b23d-22e10dbbf551"}&amp#27;[39m
&amp#27;[38;5;32m[AndroidUiautomator2Driver@6453 (8b9c12c4)]&amp#27;[0m Driver proxy active, passing request on via HTTP proxy
&amp#27;[38;5;96m[Chromedriver@0756 (d105eff1)]&amp#27;[0m Matched '/session/8b9c12c4-9c1c-4db2-8d1e-b301ec11f45a/element/672eca4e-e16e-4d09-b23d-22e10dbbf551/click' to command name 'click'
&amp#27;[38;5;96m[Chromedriver@0756 (d105eff1)]&amp#27;[0m Proxying [POST /session/8b9c12c4-9c1c-4db2-8d1e-b301ec11f45a/element/672eca4e-e16e-4d09-b23d-22e10dbbf551/click] to [POST http://127.0.0.1:52851/session/d105eff11b76bfce77f640f2b066a387/element/672eca4e-e16e-4d09-b23d-22e10dbbf551/click] with body: {"id":"672eca4e-e16e-4d09-b23d-22e10dbbf551"}
&amp#27;[38;5;96m[Chromedriver@0756 (d105eff1)]&amp#27;[0m Got response with status 200: {"value":null}
&amp#27;[38;5;0m[HTTP]&amp#27;[0m &amp#27;[37m<-- POST /session/8b9c12c4-9c1c-4db2-8d1e-b301ec11f45a/element/672eca4e-e16e-4d09-b23d-22e10dbbf551/click &amp#27;[39m&amp#27;[32m200&amp#27;[39m &amp#27;[90m510 ms - 14&amp#27;[39m
&amp#27;[38;5;0m[HTTP]&amp#27;[0m &amp#27;[90m&amp#27;[39m
&amp#27;[38;5;0m[HTTP]&amp#27;[0m &amp#27;[37m-->&amp#27;[39m &amp#27;[37mPOST&amp#27;[39m &amp#27;[37m/session/8b9c12c4-9c1c-4db2-8d1e-b301ec11f45a/element&amp#27;[39m
&amp#27;[38;5;0m[HTTP]&amp#27;[0m &amp#27;[90m{"value":"body > div.wrapper.d-flex.flex-column.min-vh-100.bg-light.dark\\:bg-transparent > header > div:nth-child(1) > button:nth-child(1) > svg","using":"css selector"}&amp#27;[39m
&amp#27;[38;5;32m[AndroidUiautomator2Driver@6453 (8b9c12c4)]&amp#27;[0m Driver proxy active, passing request on via HTTP proxy
&amp#27;[38;5;96m[Chromedriver@0756 (d105eff1)]&amp#27;[0m Matched '/session/8b9c12c4-9c1c-4db2-8d1e-b301ec11f45a/element' to command name 'findElement'
&amp#27;[38;5;96m[Chromedriver@0756 (d105eff1)]&amp#27;[0m Proxying [POST /session/8b9c12c4-9c1c-4db2-8d1e-b301ec11f45a/element] to [POST http://127.0.0.1:52851/session/d105eff11b76bfce77f640f2b066a387/element] with body: {"value":"body > div.wrapper.d-flex.flex-column.min-vh-100.bg-light.dark\\:bg-transparent > header > div:nth-child(1) > button:nth-child(1) > svg","using":"css selector"}
&amp#27;[38;5;96m[Chromedriver@0756 (d105eff1)]&amp#27;[0m Got response with status 200: {"value":{"element-6066-11e4-a52e-4f735466cecf":"6a3a9ccc-8374-4f5d-b5f5-e13eb5891d02"}}
&amp#27;[38;5;0m[HTTP]&amp#27;[0m &amp#27;[37m<-- POST /session/8b9c12c4-9c1c-4db2-8d1e-b301ec11f45a/element &amp#27;[39m&amp#27;[32m200&amp#27;[39m &amp#27;[90m213 ms - 137&amp#27;[39m
&amp#27;[38;5;0m[HTTP]&amp#27;[0m &amp#27;[90m&amp#27;[39m
&amp#27;[38;5;0m[HTTP]&amp#27;[0m &amp#27;[37m-->&amp#27;[39m &amp#27;[37mPOST&amp#27;[39m &amp#27;[37m/session/8b9c12c4-9c1c-4db2-8d1e-b301ec11f45a/element/6a3a9ccc-8374-4f5d-b5f5-e13eb5891d02/click&amp#27;[39m
&amp#27;[38;5;0m[HTTP]&amp#27;[0m &amp#27;[90m{"id":"6a3a9ccc-8374-4f5d-b5f5-e13eb5891d02"}&amp#27;[39m
&amp#27;[38;5;32m[AndroidUiautomator2Driver@6453 (8b9c12c4)]&amp#27;[0m Driver proxy active, passing request on via HTTP proxy
&amp#27;[38;5;96m[Chromedriver@0756 (d105eff1)]&amp#27;[0m Matched '/session/8b9c12c4-9c1c-4db2-8d1e-b301ec11f45a/element/6a3a9ccc-8374-4f5d-b5f5-e13eb5891d02/click' to command name 'click'
&amp#27;[38;5;96m[Chromedriver@0756 (d105eff1)]&amp#27;[0m Proxying [POST /session/8b9c12c4-9c1c-4db2-8d1e-b301ec11f45a/element/6a3a9ccc-8374-4f5d-b5f5-e13eb5891d02/click] to [POST http://127.0.0.1:52851/session/d105eff11b76bfce77f640f2b066a387/element/6a3a9ccc-8374-4f5d-b5f5-e13eb5891d02/click] with body: {"id":"6a3a9ccc-8374-4f5d-b5f5-e13eb5891d02"}
&amp#27;[38;5;96m[Chromedriver@0756 (d105eff1)]&amp#27;[0m Got response with status 200: {"value":null}
&amp#27;[38;5;0m[HTTP]&amp#27;[0m &amp#27;[37m<-- POST /session/8b9c12c4-9c1c-4db2-8d1e-b301ec11f45a/element/6a3a9ccc-8374-4f5d-b5f5-e13eb5891d02/click &amp#27;[39m&amp#27;[32m200&amp#27;[39m &amp#27;[90m794 ms - 14&amp#27;[39m
&amp#27;[38;5;0m[HTTP]&amp#27;[0m &amp#27;[90m&amp#27;[39m
DashBoard Closed
&amp#27;[38;5;0m[HTTP]&amp#27;[0m &amp#27;[37m-->&amp#27;[39m &amp#27;[37mPOST&amp#27;[39m &amp#27;[37m/session/8b9c12c4-9c1c-4db2-8d1e-b301ec11f45a/element&amp#27;[39m
&amp#27;[38;5;0m[HTTP]&amp#27;[0m &amp#27;[90m{"value":"#id_new_span","using":"css selector"}&amp#27;[39m
&amp#27;[38;5;32m[AndroidUiautomator2Driver@6453 (8b9c12c4)]&amp#27;[0m Driver proxy active, passing request on via HTTP proxy
&amp#27;[38;5;96m[Chromedriver@0756 (d105eff1)]&amp#27;[0m Matched '/session/8b9c12c4-9c1c-4db2-8d1e-b301ec11f45a/element' to command name 'findElement'
&amp#27;[38;5;96m[Chromedriver@0756 (d105eff1)]&amp#27;[0m Proxying [POST /session/8b9c12c4-9c1c-4db2-8d1e-b301ec11f45a/element] to [POST http://127.0.0.1:52851/session/d105eff11b76bfce77f640f2b066a387/element] with body: {"value":"#id_new_span","using":"css selector"}
&amp#27;[38;5;96m[Chromedriver@0756 (d105eff1)]&amp#27;[0m Got response with status 200: {"value":{"element-6066-11e4-a52e-4f735466cecf":"f2b6b100-2936-438a-8140-ec23889870c8"}}
&amp#27;[38;5;0m[HTTP]&amp#27;[0m &amp#27;[37m<-- POST /session/8b9c12c4-9c1c-4db2-8d1e-b301ec11f45a/element &amp#27;[39m&amp#27;[32m200&amp#27;[39m &amp#27;[90m281 ms - 137&amp#27;[39m
&amp#27;[38;5;0m[HTTP]&amp#27;[0m &amp#27;[90m&amp#27;[39m
&amp#27;[38;5;0m[HTTP]&amp#27;[0m &amp#27;[37m-->&amp#27;[39m &amp#27;[37mPOST&amp#27;[39m &amp#27;[37m/session/8b9c12c4-9c1c-4db2-8d1e-b301ec11f45a/element/f2b6b100-2936-438a-8140-ec23889870c8/click&amp#27;[39m
&amp#27;[38;5;0m[HTTP]&amp#27;[0m &amp#27;[90m{"id":"f2b6b100-2936-438a-8140-ec23889870c8"}&amp#27;[39m
&amp#27;[38;5;32m[AndroidUiautomator2Driver@6453 (8b9c12c4)]&amp#27;[0m Driver proxy active, passing request on via HTTP proxy
&amp#27;[38;5;96m[Chromedriver@0756 (d105eff1)]&amp#27;[0m Matched '/session/8b9c12c4-9c1c-4db2-8d1e-b301ec11f45a/element/f2b6b100-2936-438a-8140-ec23889870c8/click' to command name 'click'
&amp#27;[38;5;96m[Chromedriver@0756 (d105eff1)]&amp#27;[0m Proxying [POST /session/8b9c12c4-9c1c-4db2-8d1e-b301ec11f45a/element/f2b6b100-2936-438a-8140-ec23889870c8/click] to [POST http://127.0.0.1:52851/session/d105eff11b76bfce77f640f2b066a387/element/f2b6b100-2936-438a-8140-ec23889870c8/click] with body: {"id":"f2b6b100-2936-438a-8140-ec23889870c8"}
&amp#27;[38;5;96m[Chromedriver@0756 (d105eff1)]&amp#27;[0m Got response with status 200: {"value":null}
&amp#27;[38;5;0m[HTTP]&amp#27;[0m &amp#27;[37m<-- POST /session/8b9c12c4-9c1c-4db2-8d1e-b301ec11f45a/element/f2b6b100-2936-438a-8140-ec23889870c8/click &amp#27;[39m&amp#27;[32m200&amp#27;[39m &amp#27;[90m179 ms - 14&amp#27;[39m
&amp#27;[38;5;0m[HTTP]&amp#27;[0m &amp#27;[90m&amp#27;[39m
&amp#27;[38;5;0m[HTTP]&amp#27;[0m &amp#27;[37m-->&amp#27;[39m &amp#27;[37mPOST&amp#27;[39m &amp#27;[37m/session/8b9c12c4-9c1c-4db2-8d1e-b301ec11f45a/element&amp#27;[39m
&amp#27;[38;5;0m[HTTP]&amp#27;[0m &amp#27;[90m{"value":"#id_description","using":"css selector"}&amp#27;[39m
&amp#27;[38;5;32m[AndroidUiautomator2Driver@6453 (8b9c12c4)]&amp#27;[0m Driver proxy active, passing request on via HTTP proxy
&amp#27;[38;5;96m[Chromedriver@0756 (d105eff1)]&amp#27;[0m Matched '/session/8b9c12c4-9c1c-4db2-8d1e-b301ec11f45a/element' to command name 'findElement'
&amp#27;[38;5;96m[Chromedriver@0756 (d105eff1)]&amp#27;[0m Proxying [POST /session/8b9c12c4-9c1c-4db2-8d1e-b301ec11f45a/element] to [POST http://127.0.0.1:52851/session/d105eff11b76bfce77f640f2b066a387/element] with body: {"value":"#id_description","using":"css selector"}
&amp#27;[38;5;96m[Chromedriver@0756 (d105eff1)]&amp#27;[0m Got response with status 200: {"value":{"element-6066-11e4-a52e-4f735466cecf":"91cd894a-bedd-4f5d-aae0-6aefbb501958"}}
&amp#27;[38;5;0m[HTTP]&amp#27;[0m &amp#27;[37m<-- POST /session/8b9c12c4-9c1c-4db2-8d1e-b301ec11f45a/element &amp#27;[39m&amp#27;[32m200&amp#27;[39m &amp#27;[90m204 ms - 137&amp#27;[39m
&amp#27;[38;5;0m[HTTP]&amp#27;[0m &amp#27;[90m&amp#27;[39m
&amp#27;[38;5;0m[HTTP]&amp#27;[0m &amp#27;[37m-->&amp#27;[39m &amp#27;[37mPOST&amp#27;[39m &amp#27;[37m/session/8b9c12c4-9c1c-4db2-8d1e-b301ec11f45a/element/91cd894a-bedd-4f5d-aae0-6aefbb501958/value&amp#27;[39m
&amp#27;[38;5;0m[HTTP]&amp#27;[0m &amp#27;[90m{"value":["H","e","i","g","h","t"," ","&"," ","W","e","i","g","h","t"],"id":"91cd894a-bedd-4f5d-aae0-6aefbb501958","text":"Height & Weight"}&amp#27;[39m
&amp#27;[38;5;32m[AndroidUiautomator2Driver@6453 (8b9c12c4)]&amp#27;[0m Driver proxy active, passing request on via HTTP proxy
&amp#27;[38;5;96m[Chromedriver@0756 (d105eff1)]&amp#27;[0m Matched '/session/8b9c12c4-9c1c-4db2-8d1e-b301ec11f45a/element/91cd894a-bedd-4f5d-aae0-6aefbb501958/value' to command name 'setValue'
&amp#27;[38;5;96m[Chromedriver@0756 (d105eff1)]&amp#27;[0m Proxying [POST /session/8b9c12c4-9c1c-4db2-8d1e-b301ec11f45a/element/91cd894a-bedd-4f5d-aae0-6aefbb501958/value] to [POST http://127.0.0.1:52851/session/d105eff11b76bfce77f640f2b066a387/element/91cd894a-bedd-4f5d-aae0-6aefbb501958/value] with body: {"value":["H","e","i","g","h","t"," ","&"," ","W","e","i","g","h","t"],"id":"91cd894a-bedd-4f5d-aae0-6aefbb501958","text":"Height & Weight"}
&amp#27;[38;5;96m[Chromedriver@0756 (d105eff1)]&amp#27;[0m Got response with status 200: {"value":null}
&amp#27;[38;5;0m[HTTP]&amp#27;[0m &amp#27;[37m<-- POST /session/8b9c12c4-9c1c-4db2-8d1e-b301ec11f45a/element/91cd894a-bedd-4f5d-aae0-6aefbb501958/value &amp#27;[39m&amp#27;[32m200&amp#27;[39m &amp#27;[90m1132 ms - 14&amp#27;[39m
&amp#27;[38;5;0m[HTTP]&amp#27;[0m &amp#27;[90m&amp#27;[39m
&amp#27;[38;5;0m[HTTP]&amp#27;[0m &amp#27;[37m-->&amp#27;[39m &amp#27;[37mPOST&amp#27;[39m &amp#27;[37m/session/8b9c12c4-9c1c-4db2-8d1e-b301ec11f45a/element&amp#27;[39m
&amp#27;[38;5;0m[HTTP]&amp#27;[0m &amp#27;[90m{"value":"#btn_save_master","using":"css selector"}&amp#27;[39m
&amp#27;[38;5;32m[AndroidUiautomator2Driver@6453 (8b9c12c4)]&amp#27;[0m Driver proxy active, passing request on via HTTP proxy
&amp#27;[38;5;96m[Chromedriver@0756 (d105eff1)]&amp#27;[0m Matched '/session/8b9c12c4-9c1c-4db2-8d1e-b301ec11f45a/element' to command name 'findElement'
&amp#27;[38;5;96m[Chromedriver@0756 (d105eff1)]&amp#27;[0m Proxying [POST /session/8b9c12c4-9c1c-4db2-8d1e-b301ec11f45a/element] to [POST http://127.0.0.1:52851/session/d105eff11b76bfce77f640f2b066a387/element] with body: {"value":"#btn_save_master","using":"css selector"}
&amp#27;[38;5;96m[Chromedriver@0756 (d105eff1)]&amp#27;[0m Got response with status 200: {"value":{"element-6066-11e4-a52e-4f735466cecf":"ad5ceb5d-5a3e-455e-be0f-f442910e181f"}}
&amp#27;[38;5;0m[HTTP]&amp#27;[0m &amp#27;[37m<-- POST /session/8b9c12c4-9c1c-4db2-8d1e-b301ec11f45a/element &amp#27;[39m&amp#27;[32m200&amp#27;[39m &amp#27;[90m29 ms - 137&amp#27;[39m
&amp#27;[38;5;0m[HTTP]&amp#27;[0m &amp#27;[90m&amp#27;[39m
&amp#27;[38;5;0m[HTTP]&amp#27;[0m &amp#27;[37m-->&amp#27;[39m &amp#27;[37mPOST&amp#27;[39m &amp#27;[37m/session/8b9c12c4-9c1c-4db2-8d1e-b301ec11f45a/element/ad5ceb5d-5a3e-455e-be0f-f442910e181f/click&amp#27;[39m
&amp#27;[38;5;0m[HTTP]&amp#27;[0m &amp#27;[90m{"id":"ad5ceb5d-5a3e-455e-be0f-f442910e181f"}&amp#27;[39m
&amp#27;[38;5;32m[AndroidUiautomator2Driver@6453 (8b9c12c4)]&amp#27;[0m Driver proxy active, passing request on via HTTP proxy
&amp#27;[38;5;96m[Chromedriver@0756 (d105eff1)]&amp#27;[0m Matched '/session/8b9c12c4-9c1c-4db2-8d1e-b301ec11f45a/element/ad5ceb5d-5a3e-455e-be0f-f442910e181f/click' to command name 'click'
&amp#27;[38;5;96m[Chromedriver@0756 (d105eff1)]&amp#27;[0m Proxying [POST /session/8b9c12c4-9c1c-4db2-8d1e-b301ec11f45a/element/ad5ceb5d-5a3e-455e-be0f-f442910e181f/click] to [POST http://127.0.0.1:52851/session/d105eff11b76bfce77f640f2b066a387/element/ad5ceb5d-5a3e-455e-be0f-f442910e181f/click] with body: {"id":"ad5ceb5d-5a3e-455e-be0f-f442910e181f"}
&amp#27;[38;5;96m[Chromedriver@0756 (d105eff1)]&amp#27;[0m Got response with status 200: {"value":null}
&amp#27;[38;5;0m[HTTP]&amp#27;[0m &amp#27;[37m<-- POST /session/8b9c12c4-9c1c-4db2-8d1e-b301ec11f45a/element/ad5ceb5d-5a3e-455e-be0f-f442910e181f/click &amp#27;[39m&amp#27;[32m200&amp#27;[39m &amp#27;[90m230 ms - 14&amp#27;[39m
&amp#27;[38;5;0m[HTTP]&amp#27;[0m &amp#27;[90m&amp#27;[39m
Created AssetIdentity on Masters
&amp#27;[38;5;0m[HTTP]&amp#27;[0m &amp#27;[37m-->&amp#27;[39m &amp#27;[37mPOST&amp#27;[39m &amp#27;[37m/session/8b9c12c4-9c1c-4db2-8d1e-b301ec11f45a/element&amp#27;[39m
&amp#27;[38;5;0m[HTTP]&amp#27;[0m &amp#27;[90m{"value":"body > div.wrapper.d-flex.flex-column.min-vh-100.bg-light.dark\\:bg-transparent > header > div:nth-child(1) > button:nth-child(1) > svg","using":"css selector"}&amp#27;[39m
&amp#27;[38;5;32m[AndroidUiautomator2Driver@6453 (8b9c12c4)]&amp#27;[0m Driver proxy active, passing request on via HTTP proxy
&amp#27;[38;5;96m[Chromedriver@0756 (d105eff1)]&amp#27;[0m Matched '/session/8b9c12c4-9c1c-4db2-8d1e-b301ec11f45a/element' to command name 'findElement'
&amp#27;[38;5;96m[Chromedriver@0756 (d105eff1)]&amp#27;[0m Proxying [POST /session/8b9c12c4-9c1c-4db2-8d1e-b301ec11f45a/element] to [POST http://127.0.0.1:52851/session/d105eff11b76bfce77f640f2b066a387/element] with body: {"value":"body > div.wrapper.d-flex.flex-column.min-vh-100.bg-light.dark\\:bg-transparent > header > div:nth-child(1) > button:nth-child(1) > svg","using":"css selector"}
&amp#27;[38;5;96m[Chromedriver@0756 (d105eff1)]&amp#27;[0m Got response with status 200: {"value":{"element-6066-11e4-a52e-4f735466cecf":"6a3a9ccc-8374-4f5d-b5f5-e13eb5891d02"}}
&amp#27;[38;5;0m[HTTP]&amp#27;[0m &amp#27;[37m<-- POST /session/8b9c12c4-9c1c-4db2-8d1e-b301ec11f45a/element &amp#27;[39m&amp#27;[32m200&amp#27;[39m &amp#27;[90m98 ms - 137&amp#27;[39m
&amp#27;[38;5;0m[HTTP]&amp#27;[0m &amp#27;[90m&amp#27;[39m
&amp#27;[38;5;0m[HTTP]&amp#27;[0m &amp#27;[37m-->&amp#27;[39m &amp#27;[37mPOST&amp#27;[39m &amp#27;[37m/session/8b9c12c4-9c1c-4db2-8d1e-b301ec11f45a/element/6a3a9ccc-8374-4f5d-b5f5-e13eb5891d02/click&amp#27;[39m
&amp#27;[38;5;0m[HTTP]&amp#27;[0m &amp#27;[90m{"id":"6a3a9ccc-8374-4f5d-b5f5-e13eb5891d02"}&amp#27;[39m
&amp#27;[38;5;32m[AndroidUiautomator2Driver@6453 (8b9c12c4)]&amp#27;[0m Driver proxy active, passing request on via HTTP proxy
&amp#27;[38;5;96m[Chromedriver@0756 (d105eff1)]&amp#27;[0m Matched '/session/8b9c12c4-9c1c-4db2-8d1e-b301ec11f45a/element/6a3a9ccc-8374-4f5d-b5f5-e13eb5891d02/click' to command name 'click'
&amp#27;[38;5;96m[Chromedriver@0756 (d105eff1)]&amp#27;[0m Proxying [POST /session/8b9c12c4-9c1c-4db2-8d1e-b301ec11f45a/element/6a3a9ccc-8374-4f5d-b5f5-e13eb5891d02/click] to [POST http://127.0.0.1:52851/session/d105eff11b76bfce77f640f2b066a387/element/6a3a9ccc-8374-4f5d-b5f5-e13eb5891d02/click] with body: {"id":"6a3a9ccc-8374-4f5d-b5f5-e13eb5891d02"}
&amp#27;[38;5;96m[Chromedriver@0756 (d105eff1)]&amp#27;[0m Got response with status 200: {"value":null}
&amp#27;[38;5;0m[HTTP]&amp#27;[0m &amp#27;[37m<-- POST /session/8b9c12c4-9c1c-4db2-8d1e-b301ec11f45a/element/6a3a9ccc-8374-4f5d-b5f5-e13eb5891d02/click &amp#27;[39m&amp#27;[32m200&amp#27;[39m &amp#27;[90m379 ms - 14&amp#27;[39m
&amp#27;[38;5;0m[HTTP]&amp#27;[0m &amp#27;[90m&amp#27;[39m
&amp#27;[38;5;0m[HTTP]&amp#27;[0m &amp#27;[37m-->&amp#27;[39m &amp#27;[37mPOST&amp#27;[39m &amp#27;[37m/session/8b9c12c4-9c1c-4db2-8d1e-b301ec11f45a/element&amp#27;[39m
&amp#27;[38;5;0m[HTTP]&amp#27;[0m &amp#27;[90m{"value":"//*[@id=\"sidebar\"]/ul/li[2]/a","using":"xpath"}&amp#27;[39m
&amp#27;[38;5;32m[AndroidUiautomator2Driver@6453 (8b9c12c4)]&amp#27;[0m Driver proxy active, passing request on via HTTP proxy
&amp#27;[38;5;96m[Chromedriver@0756 (d105eff1)]&amp#27;[0m Matched '/session/8b9c12c4-9c1c-4db2-8d1e-b301ec11f45a/element' to command name 'findElement'
&amp#27;[38;5;96m[Chromedriver@0756 (d105eff1)]&amp#27;[0m Proxying [POST /session/8b9c12c4-9c1c-4db2-8d1e-b301ec11f45a/element] to [POST http://127.0.0.1:52851/session/d105eff11b76bfce77f640f2b066a387/element] with body: {"value":"//*[@id=\"sidebar\"]/ul/li[2]/a","using":"xpath"}
&amp#27;[38;5;96m[Chromedriver@0756 (d105eff1)]&amp#27;[0m Got response with status 200: {"value":{"element-6066-11e4-a52e-4f735466cecf":"213b9cf0-8044-486c-aca7-bad765e78576"}}
&amp#27;[38;5;0m[HTTP]&amp#27;[0m &amp#27;[37m<-- POST /session/8b9c12c4-9c1c-4db2-8d1e-b301ec11f45a/element &amp#27;[39m&amp#27;[32m200&amp#27;[39m &amp#27;[90m122 ms - 137&amp#27;[39m
&amp#27;[38;5;0m[HTTP]&amp#27;[0m &amp#27;[90m&amp#27;[39m
&amp#27;[38;5;0m[HTTP]&amp#27;[0m &amp#27;[37m-->&amp#27;[39m &amp#27;[37mPOST&amp#27;[39m &amp#27;[37m/session/8b9c12c4-9c1c-4db2-8d1e-b301ec11f45a/element/213b9cf0-8044-486c-aca7-bad765e78576/click&amp#27;[39m
&amp#27;[38;5;0m[HTTP]&amp#27;[0m &amp#27;[90m{"id":"213b9cf0-8044-486c-aca7-bad765e78576"}&amp#27;[39m
&amp#27;[38;5;32m[AndroidUiautomator2Driver@6453 (8b9c12c4)]&amp#27;[0m Driver proxy active, passing request on via HTTP proxy
&amp#27;[38;5;96m[Chromedriver@0756 (d105eff1)]&amp#27;[0m Matched '/session/8b9c12c4-9c1c-4db2-8d1e-b301ec11f45a/element/213b9cf0-8044-486c-aca7-bad765e78576/click' to command name 'click'
&amp#27;[38;5;96m[Chromedriver@0756 (d105eff1)]&amp#27;[0m Proxying [POST /session/8b9c12c4-9c1c-4db2-8d1e-b301ec11f45a/element/213b9cf0-8044-486c-aca7-bad765e78576/click] to [POST http://127.0.0.1:52851/session/d105eff11b76bfce77f640f2b066a387/element/213b9cf0-8044-486c-aca7-bad765e78576/click] with body: {"id":"213b9cf0-8044-486c-aca7-bad765e78576"}
&amp#27;[38;5;96m[Chromedriver@0756 (d105eff1)]&amp#27;[0m Got response with status 200: {"value":null}
&amp#27;[38;5;0m[HTTP]&amp#27;[0m &amp#27;[37m<-- POST /session/8b9c12c4-9c1c-4db2-8d1e-b301ec11f45a/element/213b9cf0-8044-486c-aca7-bad765e78576/click &amp#27;[39m&amp#27;[32m200&amp#27;[39m &amp#27;[90m171 ms - 14&amp#27;[39m
&amp#27;[38;5;0m[HTTP]&amp#27;[0m &amp#27;[90m&amp#27;[39m
Asset Management Clicked
&amp#27;[38;5;0m[HTTP]&amp#27;[0m &amp#27;[37m-->&amp#27;[39m &amp#27;[37mPOST&amp#27;[39m &amp#27;[37m/session/8b9c12c4-9c1c-4db2-8d1e-b301ec11f45a/element&amp#27;[39m
&amp#27;[38;5;0m[HTTP]&amp#27;[0m &amp#27;[90m{"value":"Assets","using":"link text"}&amp#27;[39m
&amp#27;[38;5;32m[AndroidUiautomator2Driver@6453 (8b9c12c4)]&amp#27;[0m Driver proxy active, passing request on via HTTP proxy
&amp#27;[38;5;96m[Chromedriver@0756 (d105eff1)]&amp#27;[0m Matched '/session/8b9c12c4-9c1c-4db2-8d1e-b301ec11f45a/element' to command name 'findElement'
&amp#27;[38;5;96m[Chromedriver@0756 (d105eff1)]&amp#27;[0m Proxying [POST /session/8b9c12c4-9c1c-4db2-8d1e-b301ec11f45a/element] to [POST http://127.0.0.1:52851/session/d105eff11b76bfce77f640f2b066a387/element] with body: {"value":"Assets","using":"link text"}
&amp#27;[38;5;96m[Chromedriver@0756 (d105eff1)]&amp#27;[0m Got response with status 200: {"value":{"element-6066-11e4-a52e-4f735466cecf":"a23e269f-8604-40d0-a178-3c025b11f842"}}
&amp#27;[38;5;0m[HTTP]&amp#27;[0m &amp#27;[37m<-- POST /session/8b9c12c4-9c1c-4db2-8d1e-b301ec11f45a/element &amp#27;[39m&amp#27;[32m200&amp#27;[39m &amp#27;[90m99 ms - 137&amp#27;[39m
&amp#27;[38;5;0m[HTTP]&amp#27;[0m &amp#27;[90m&amp#27;[39m
&amp#27;[38;5;0m[HTTP]&amp#27;[0m &amp#27;[37m-->&amp#27;[39m &amp#27;[37mPOST&amp#27;[39m &amp#27;[37m/session/8b9c12c4-9c1c-4db2-8d1e-b301ec11f45a/element/a23e269f-8604-40d0-a178-3c025b11f842/click&amp#27;[39m
&amp#27;[38;5;0m[HTTP]&amp#27;[0m &amp#27;[90m{"id":"a23e269f-8604-40d0-a178-3c025b11f842"}&amp#27;[39m
&amp#27;[38;5;32m[AndroidUiautomator2Driver@6453 (8b9c12c4)]&amp#27;[0m Driver proxy active, passing request on via HTTP proxy
&amp#27;[38;5;96m[Chromedriver@0756 (d105eff1)]&amp#27;[0m Matched '/session/8b9c12c4-9c1c-4db2-8d1e-b301ec11f45a/element/a23e269f-8604-40d0-a178-3c025b11f842/click' to command name 'click'
&amp#27;[38;5;96m[Chromedriver@0756 (d105eff1)]&amp#27;[0m Proxying [POST /session/8b9c12c4-9c1c-4db2-8d1e-b301ec11f45a/element/a23e269f-8604-40d0-a178-3c025b11f842/click] to [POST http://127.0.0.1:52851/session/d105eff11b76bfce77f640f2b066a387/element/a23e269f-8604-40d0-a178-3c025b11f842/click] with body: {"id":"a23e269f-8604-40d0-a178-3c025b11f842"}
&amp#27;[38;5;96m[Chromedriver@0756 (d105eff1)]&amp#27;[0m Got response with status 200: {"value":null}
&amp#27;[38;5;0m[HTTP]&amp#27;[0m &amp#27;[37m<-- POST /session/8b9c12c4-9c1c-4db2-8d1e-b301ec11f45a/element/a23e269f-8604-40d0-a178-3c025b11f842/click &amp#27;[39m&amp#27;[32m200&amp#27;[39m &amp#27;[90m638 ms - 14&amp#27;[39m
&amp#27;[38;5;0m[HTTP]&amp#27;[0m &amp#27;[90m&amp#27;[39m
Assets Clicked
&amp#27;[38;5;0m[HTTP]&amp#27;[0m &amp#27;[37m-->&amp#27;[39m &amp#27;[37mPOST&amp#27;[39m &amp#27;[37m/session/8b9c12c4-9c1c-4db2-8d1e-b301ec11f45a/element&amp#27;[39m
&amp#27;[38;5;0m[HTTP]&amp#27;[0m &amp#27;[90m{"value":"body > div.wrapper.d-flex.flex-column.min-vh-100.bg-light.dark\\:bg-transparent > header > div:nth-child(1) > button:nth-child(1) > svg","using":"css selector"}&amp#27;[39m
&amp#27;[38;5;32m[AndroidUiautomator2Driver@6453 (8b9c12c4)]&amp#27;[0m Driver proxy active, passing request on via HTTP proxy
&amp#27;[38;5;96m[Chromedriver@0756 (d105eff1)]&amp#27;[0m Matched '/session/8b9c12c4-9c1c-4db2-8d1e-b301ec11f45a/element' to command name 'findElement'
&amp#27;[38;5;96m[Chromedriver@0756 (d105eff1)]&amp#27;[0m Proxying [POST /session/8b9c12c4-9c1c-4db2-8d1e-b301ec11f45a/element] to [POST http://127.0.0.1:52851/session/d105eff11b76bfce77f640f2b066a387/element] with body: {"value":"body > div.wrapper.d-flex.flex-column.min-vh-100.bg-light.dark\\:bg-transparent > header > div:nth-child(1) > button:nth-child(1) > svg","using":"css selector"}
&amp#27;[38;5;96m[Chromedriver@0756 (d105eff1)]&amp#27;[0m Got response with status 200: {"value":{"element-6066-11e4-a52e-4f735466cecf":"62eb3a27-5ee2-4229-8ee7-c9b2bcaa5f5c"}}
&amp#27;[38;5;0m[HTTP]&amp#27;[0m &amp#27;[37m<-- POST /session/8b9c12c4-9c1c-4db2-8d1e-b301ec11f45a/element &amp#27;[39m&amp#27;[32m200&amp#27;[39m &amp#27;[90m160 ms - 137&amp#27;[39m
&amp#27;[38;5;0m[HTTP]&amp#27;[0m &amp#27;[90m&amp#27;[39m
&amp#27;[38;5;0m[HTTP]&amp#27;[0m &amp#27;[37m-->&amp#27;[39m &amp#27;[37mPOST&amp#27;[39m &amp#27;[37m/session/8b9c12c4-9c1c-4db2-8d1e-b301ec11f45a/element/62eb3a27-5ee2-4229-8ee7-c9b2bcaa5f5c/click&amp#27;[39m
&amp#27;[38;5;0m[HTTP]&amp#27;[0m &amp#27;[90m{"id":"62eb3a27-5ee2-4229-8ee7-c9b2bcaa5f5c"}&amp#27;[39m
&amp#27;[38;5;32m[AndroidUiautomator2Driver@6453 (8b9c12c4)]&amp#27;[0m Driver proxy active, passing request on via HTTP proxy
&amp#27;[38;5;96m[Chromedriver@0756 (d105eff1)]&amp#27;[0m Matched '/session/8b9c12c4-9c1c-4db2-8d1e-b301ec11f45a/element/62eb3a27-5ee2-4229-8ee7-c9b2bcaa5f5c/click' to command name 'click'
&amp#27;[38;5;96m[Chromedriver@0756 (d105eff1)]&amp#27;[0m Proxying [POST /session/8b9c12c4-9c1c-4db2-8d1e-b301ec11f45a/element/62eb3a27-5ee2-4229-8ee7-c9b2bcaa5f5c/click] to [POST http://127.0.0.1:52851/session/d105eff11b76bfce77f640f2b066a387/element/62eb3a27-5ee2-4229-8ee7-c9b2bcaa5f5c/click] with body: {"id":"62eb3a27-5ee2-4229-8ee7-c9b2bcaa5f5c"}
&amp#27;[38;5;96m[Chromedriver@0756 (d105eff1)]&amp#27;[0m Got response with status 200: {"value":null}
&amp#27;[38;5;0m[HTTP]&amp#27;[0m &amp#27;[37m<-- POST /session/8b9c12c4-9c1c-4db2-8d1e-b301ec11f45a/element/62eb3a27-5ee2-4229-8ee7-c9b2bcaa5f5c/click &amp#27;[39m&amp#27;[32m200&amp#27;[39m &amp#27;[90m975 ms - 14&amp#27;[39m
&amp#27;[38;5;0m[HTTP]&amp#27;[0m &amp#27;[90m&amp#27;[39m
&amp#27;[38;5;0m[HTTP]&amp#27;[0m &amp#27;[37m-->&amp#27;[39m &amp#27;[37mPOST&amp#27;[39m &amp#27;[37m/session/8b9c12c4-9c1c-4db2-8d1e-b301ec11f45a/element&amp#27;[39m
&amp#27;[38;5;0m[HTTP]&amp#27;[0m &amp#27;[90m{"value":"#id_asset_dashboard > div > div.col-md-3.col-xs-6.text-end.ms-auto > a","using":"css selector"}&amp#27;[39m
&amp#27;[38;5;32m[AndroidUiautomator2Driver@6453 (8b9c12c4)]&amp#27;[0m Driver proxy active, passing request on via HTTP proxy
&amp#27;[38;5;96m[Chromedriver@0756 (d105eff1)]&amp#27;[0m Matched '/session/8b9c12c4-9c1c-4db2-8d1e-b301ec11f45a/element' to command name 'findElement'
&amp#27;[38;5;96m[Chromedriver@0756 (d105eff1)]&amp#27;[0m Proxying [POST /session/8b9c12c4-9c1c-4db2-8d1e-b301ec11f45a/element] to [POST http://127.0.0.1:52851/session/d105eff11b76bfce77f640f2b066a387/element] with body: {"value":"#id_asset_dashboard > div > div.col-md-3.col-xs-6.text-end.ms-auto > a","using":"css selector"}
&amp#27;[38;5;96m[Chromedriver@0756 (d105eff1)]&amp#27;[0m Got response with status 200: {"value":{"element-6066-11e4-a52e-4f735466cecf":"3699722f-424e-4e21-90f8-879944d64666"}}
&amp#27;[38;5;0m[HTTP]&amp#27;[0m &amp#27;[37m<-- POST /session/8b9c12c4-9c1c-4db2-8d1e-b301ec11f45a/element &amp#27;[39m&amp#27;[32m200&amp#27;[39m &amp#27;[90m37 ms - 137&amp#27;[39m
&amp#27;[38;5;0m[HTTP]&amp#27;[0m &amp#27;[90m&amp#27;[39m
&amp#27;[38;5;0m[HTTP]&amp#27;[0m &amp#27;[37m-->&amp#27;[39m &amp#27;[37mPOST&amp#27;[39m &amp#27;[37m/session/8b9c12c4-9c1c-4db2-8d1e-b301ec11f45a/element/3699722f-424e-4e21-90f8-879944d64666/click&amp#27;[39m
&amp#27;[38;5;0m[HTTP]&amp#27;[0m &amp#27;[90m{"id":"3699722f-424e-4e21-90f8-879944d64666"}&amp#27;[39m
&amp#27;[38;5;32m[AndroidUiautomator2Driver@6453 (8b9c12c4)]&amp#27;[0m Driver proxy active, passing request on via HTTP proxy
&amp#27;[38;5;96m[Chromedriver@0756 (d105eff1)]&amp#27;[0m Matched '/session/8b9c12c4-9c1c-4db2-8d1e-b301ec11f45a/element/3699722f-424e-4e21-90f8-879944d64666/click' to command name 'click'
&amp#27;[38;5;96m[Chromedriver@0756 (d105eff1)]&amp#27;[0m Proxying [POST /session/8b9c12c4-9c1c-4db2-8d1e-b301ec11f45a/element/3699722f-424e-4e21-90f8-879944d64666/click] to [POST http://127.0.0.1:52851/session/d105eff11b76bfce77f640f2b066a387/element/3699722f-424e-4e21-90f8-879944d64666/click] with body: {"id":"3699722f-424e-4e21-90f8-879944d64666"}
&amp#27;[38;5;96m[Chromedriver@0756 (d105eff1)]&amp#27;[0m Got response with status 200: {"value":null}
&amp#27;[38;5;0m[HTTP]&amp#27;[0m &amp#27;[37m<-- POST /session/8b9c12c4-9c1c-4db2-8d1e-b301ec11f45a/element/3699722f-424e-4e21-90f8-879944d64666/click &amp#27;[39m&amp#27;[32m200&amp#27;[39m &amp#27;[90m1293 ms - 14&amp#27;[39m
&amp#27;[38;5;0m[HTTP]&amp#27;[0m &amp#27;[90m&amp#27;[39m
New Asset Clicked
&amp#27;[38;5;0m[HTTP]&amp#27;[0m &amp#27;[37m-->&amp#27;[39m &amp#27;[37mPOST&amp#27;[39m &amp#27;[37m/session/8b9c12c4-9c1c-4db2-8d1e-b301ec11f45a/timeouts&amp#27;[39m
&amp#27;[38;5;0m[HTTP]&amp#27;[0m &amp#27;[90m{"implicit":2000000}&amp#27;[39m
&amp#27;[38;5;32m[AndroidUiautomator2Driver@6453 (8b9c12c4)]&amp#27;[0m Driver proxy active, passing request on via HTTP proxy
&amp#27;[38;5;96m[Chromedriver@0756 (d105eff1)]&amp#27;[0m Matched '/session/8b9c12c4-9c1c-4db2-8d1e-b301ec11f45a/timeouts' to command name 'timeouts'
&amp#27;[38;5;96m[Chromedriver@0756 (d105eff1)]&amp#27;[0m Will send the following request bodies to /timeouts: [{"implicit":2000000}]
&amp#27;[38;5;96m[Chromedriver@0756 (d105eff1)]&amp#27;[0m Proxying [POST /session/8b9c12c4-9c1c-4db2-8d1e-b301ec11f45a/timeouts] to [POST http://127.0.0.1:52851/session/d105eff11b76bfce77f640f2b066a387/timeouts] with body: {"implicit":2000000}
&amp#27;[38;5;96m[Chromedriver@0756 (d105eff1)]&amp#27;[0m Got response with status 200: {"value":null}
&amp#27;[38;5;0m[HTTP]&amp#27;[0m &amp#27;[37m<-- POST /session/8b9c12c4-9c1c-4db2-8d1e-b301ec11f45a/timeouts &amp#27;[39m&amp#27;[32m200&amp#27;[39m &amp#27;[90m4 ms - 14&amp#27;[39m
&amp#27;[38;5;0m[HTTP]&amp#27;[0m &amp#27;[90m&amp#27;[39m
&amp#27;[38;5;0m[HTTP]&amp#27;[0m &amp#27;[37m-->&amp#27;[39m &amp#27;[37mPOST&amp#27;[39m &amp#27;[37m/session/8b9c12c4-9c1c-4db2-8d1e-b301ec11f45a/element&amp#27;[39m
&amp#27;[38;5;0m[HTTP]&amp#27;[0m &amp#27;[90m{"value":"#id_assetname","using":"css selector"}&amp#27;[39m
&amp#27;[38;5;32m[AndroidUiautomator2Driver@6453 (8b9c12c4)]&amp#27;[0m Driver proxy active, passing request on via HTTP proxy
&amp#27;[38;5;96m[Chromedriver@0756 (d105eff1)]&amp#27;[0m Matched '/session/8b9c12c4-9c1c-4db2-8d1e-b301ec11f45a/element' to command name 'findElement'
&amp#27;[38;5;96m[Chromedriver@0756 (d105eff1)]&amp#27;[0m Proxying [POST /session/8b9c12c4-9c1c-4db2-8d1e-b301ec11f45a/element] to [POST http://127.0.0.1:52851/session/d105eff11b76bfce77f640f2b066a387/element] with body: {"value":"#id_assetname","using":"css selector"}
&amp#27;[38;5;96m[Chromedriver@0756 (d105eff1)]&amp#27;[0m Got response with status 200: {"value":{"element-6066-11e4-a52e-4f735466cecf":"a2bcfeb9-017a-4f85-972e-16f5f4b36da0"}}
&amp#27;[38;5;0m[HTTP]&amp#27;[0m &amp#27;[37m<-- POST /session/8b9c12c4-9c1c-4db2-8d1e-b301ec11f45a/element &amp#27;[39m&amp#27;[32m200&amp#27;[39m &amp#27;[90m859 ms - 137&amp#27;[39m
&amp#27;[38;5;0m[HTTP]&amp#27;[0m &amp#27;[90m&amp#27;[39m
&amp#27;[38;5;0m[HTTP]&amp#27;[0m &amp#27;[37m-->&amp#27;[39m &amp#27;[37mPOST&amp#27;[39m &amp#27;[37m/session/8b9c12c4-9c1c-4db2-8d1e-b301ec11f45a/element/a2bcfeb9-017a-4f85-972e-16f5f4b36da0/value&amp#27;[39m
&amp#27;[38;5;0m[HTTP]&amp#27;[0m &amp#27;[90m{"value":["E","s","p","r","e","s","s","o"," ","M","a","c","h","i","n","e"],"id":"a2bcfeb9-017a-4f85-972e-16f5f4b36da0","text":"Espresso Machine"}&amp#27;[39m
&amp#27;[38;5;32m[AndroidUiautomator2Driver@6453 (8b9c12c4)]&amp#27;[0m Driver proxy active, passing request on via HTTP proxy
&amp#27;[38;5;96m[Chromedriver@0756 (d105eff1)]&amp#27;[0m Matched '/session/8b9c12c4-9c1c-4db2-8d1e-b301ec11f45a/element/a2bcfeb9-017a-4f85-972e-16f5f4b36da0/value' to command name 'setValue'
&amp#27;[38;5;96m[Chromedriver@0756 (d105eff1)]&amp#27;[0m Proxying [POST /session/8b9c12c4-9c1c-4db2-8d1e-b301ec11f45a/element/a2bcfeb9-017a-4f85-972e-16f5f4b36da0/value] to [POST http://127.0.0.1:52851/session/d105eff11b76bfce77f640f2b066a387/element/a2bcfeb9-017a-4f85-972e-16f5f4b36da0/value] with body: {"value":["E","s","p","r","e","s","s","o"," ","M","a","c","h","i","n","e"],"id":"a2bcfeb9-017a-4f85-972e-16f5f4b36da0","text":"Espresso Machine"}
&amp#27;[38;5;96m[Chromedriver@0756 (d105eff1)]&amp#27;[0m Got response with status 200: {"value":null}
&amp#27;[38;5;0m[HTTP]&amp#27;[0m &amp#27;[37m<-- POST /session/8b9c12c4-9c1c-4db2-8d1e-b301ec11f45a/element/a2bcfeb9-017a-4f85-972e-16f5f4b36da0/value &amp#27;[39m&amp#27;[32m200&amp#27;[39m &amp#27;[90m2447 ms - 14&amp#27;[39m
&amp#27;[38;5;0m[HTTP]&amp#27;[0m &amp#27;[90m&amp#27;[39m
&amp#27;[38;5;0m[HTTP]&amp#27;[0m &amp#27;[37m-->&amp#27;[39m &amp#27;[37mPOST&amp#27;[39m &amp#27;[37m/session/8b9c12c4-9c1c-4db2-8d1e-b301ec11f45a/element&amp#27;[39m
&amp#27;[38;5;0m[HTTP]&amp#27;[0m &amp#27;[90m{"value":"//*[@id=\"id_assetcategory\"]","using":"xpath"}&amp#27;[39m
&amp#27;[38;5;32m[AndroidUiautomator2Driver@6453 (8b9c12c4)]&amp#27;[0m Driver proxy active, passing request on via HTTP proxy
&amp#27;[38;5;96m[Chromedriver@0756 (d105eff1)]&amp#27;[0m Matched '/session/8b9c12c4-9c1c-4db2-8d1e-b301ec11f45a/element' to command name 'findElement'
&amp#27;[38;5;96m[Chromedriver@0756 (d105eff1)]&amp#27;[0m Proxying [POST /session/8b9c12c4-9c1c-4db2-8d1e-b301ec11f45a/element] to [POST http://127.0.0.1:52851/session/d105eff11b76bfce77f640f2b066a387/element] with body: {"value":"//*[@id=\"id_assetcategory\"]","using":"xpath"}
&amp#27;[38;5;96m[Chromedriver@0756 (d105eff1)]&amp#27;[0m Got response with status 200: {"value":{"element-6066-11e4-a52e-4f735466cecf":"2baf0ae4-0fc0-4739-ac47-856f0f6f7bb2"}}
&amp#27;[38;5;0m[HTTP]&amp#27;[0m &amp#27;[37m<-- POST /session/8b9c12c4-9c1c-4db2-8d1e-b301ec11f45a/element &amp#27;[39m&amp#27;[32m200&amp#27;[39m &amp#27;[90m59 ms - 137&amp#27;[39m
&amp#27;[38;5;0m[HTTP]&amp#27;[0m &amp#27;[90m&amp#27;[39m
&amp#27;[38;5;0m[HTTP]&amp#27;[0m &amp#27;[37m-->&amp#27;[39m &amp#27;[37mGET&amp#27;[39m &amp#27;[37m/session/8b9c12c4-9c1c-4db2-8d1e-b301ec11f45a/element/2baf0ae4-0fc0-4739-ac47-856f0f6f7bb2/name&amp#27;[39m
&amp#27;[38;5;0m[HTTP]&amp#27;[0m &amp#27;[90m{}&amp#27;[39m
&amp#27;[38;5;32m[AndroidUiautomator2Driver@6453 (8b9c12c4)]&amp#27;[0m Driver proxy active, passing request on via HTTP proxy
&amp#27;[38;5;96m[Chromedriver@0756 (d105eff1)]&amp#27;[0m Matched '/session/8b9c12c4-9c1c-4db2-8d1e-b301ec11f45a/element/2baf0ae4-0fc0-4739-ac47-856f0f6f7bb2/name' to command name 'getName'
&amp#27;[38;5;96m[Chromedriver@0756 (d105eff1)]&amp#27;[0m Proxying [GET /session/8b9c12c4-9c1c-4db2-8d1e-b301ec11f45a/element/2baf0ae4-0fc0-4739-ac47-856f0f6f7bb2/name] to [GET http://127.0.0.1:52851/session/d105eff11b76bfce77f640f2b066a387/element/2baf0ae4-0fc0-4739-ac47-856f0f6f7bb2/name] with no body
&amp#27;[38;5;96m[Chromedriver@0756 (d105eff1)]&amp#27;[0m Got response with status 200: {"value":"select"}
&amp#27;[38;5;0m[HTTP]&amp#27;[0m &amp#27;[37m<-- GET /session/8b9c12c4-9c1c-4db2-8d1e-b301ec11f45a/element/2baf0ae4-0fc0-4739-ac47-856f0f6f7bb2/name &amp#27;[39m&amp#27;[32m200&amp#27;[39m &amp#27;[90m33 ms - 18&amp#27;[39m
&amp#27;[38;5;0m[HTTP]&amp#27;[0m &amp#27;[90m&amp#27;[39m
&amp#27;[38;5;0m[HTTP]&amp#27;[0m &amp#27;[37m-->&amp#27;[39m &amp#27;[37mPOST&amp#27;[39m &amp#27;[37m/session/8b9c12c4-9c1c-4db2-8d1e-b301ec11f45a/element&amp#27;[39m
&amp#27;[38;5;0m[HTTP]&amp#27;[0m &amp#27;[90m{"value":"//*[@id=\"id_assetcategory\"]","using":"xpath"}&amp#27;[39m
&amp#27;[38;5;32m[AndroidUiautomator2Driver@6453 (8b9c12c4)]&amp#27;[0m Driver proxy active, passing request on via HTTP proxy
&amp#27;[38;5;96m[Chromedriver@0756 (d105eff1)]&amp#27;[0m Matched '/session/8b9c12c4-9c1c-4db2-8d1e-b301ec11f45a/element' to command name 'findElement'
&amp#27;[38;5;96m[Chromedriver@0756 (d105eff1)]&amp#27;[0m Proxying [POST /session/8b9c12c4-9c1c-4db2-8d1e-b301ec11f45a/element] to [POST http://127.0.0.1:52851/session/d105eff11b76bfce77f640f2b066a387/element] with body: {"value":"//*[@id=\"id_assetcategory\"]","using":"xpath"}
&amp#27;[38;5;96m[Chromedriver@0756 (d105eff1)]&amp#27;[0m Got response with status 200: {"value":{"element-6066-11e4-a52e-4f735466cecf":"2baf0ae4-0fc0-4739-ac47-856f0f6f7bb2"}}
&amp#27;[38;5;0m[HTTP]&amp#27;[0m &amp#27;[37m<-- POST /session/8b9c12c4-9c1c-4db2-8d1e-b301ec11f45a/element &amp#27;[39m&amp#27;[32m200&amp#27;[39m &amp#27;[90m32 ms - 137&amp#27;[39m
&amp#27;[38;5;0m[HTTP]&amp#27;[0m &amp#27;[90m&amp#27;[39m
&amp#27;[38;5;0m[HTTP]&amp#27;[0m &amp#27;[37m-->&amp#27;[39m &amp#27;[37mGET&amp#27;[39m &amp#27;[37m/session/8b9c12c4-9c1c-4db2-8d1e-b301ec11f45a/element/2baf0ae4-0fc0-4739-ac47-856f0f6f7bb2/attribute/multiple&amp#27;[39m
&amp#27;[38;5;0m[HTTP]&amp#27;[0m &amp#27;[90m{}&amp#27;[39m
&amp#27;[38;5;32m[AndroidUiautomator2Driver@6453 (8b9c12c4)]&amp#27;[0m Driver proxy active, passing request on via HTTP proxy
&amp#27;[38;5;96m[Chromedriver@0756 (d105eff1)]&amp#27;[0m Matched '/session/8b9c12c4-9c1c-4db2-8d1e-b301ec11f45a/element/2baf0ae4-0fc0-4739-ac47-856f0f6f7bb2/attribute/multiple' to command name 'getAttribute'
&amp#27;[38;5;96m[Chromedriver@0756 (d105eff1)]&amp#27;[0m Proxying [GET /session/8b9c12c4-9c1c-4db2-8d1e-b301ec11f45a/element/2baf0ae4-0fc0-4739-ac47-856f0f6f7bb2/attribute/multiple] to [GET http://127.0.0.1:52851/session/d105eff11b76bfce77f640f2b066a387/element/2baf0ae4-0fc0-4739-ac47-856f0f6f7bb2/attribute/multiple] with no body
&amp#27;[38;5;96m[Chromedriver@0756 (d105eff1)]&amp#27;[0m Got response with status 200: {"value":null}
&amp#27;[38;5;0m[HTTP]&amp#27;[0m &amp#27;[37m<-- GET /session/8b9c12c4-9c1c-4db2-8d1e-b301ec11f45a/element/2baf0ae4-0fc0-4739-ac47-856f0f6f7bb2/attribute/multiple &amp#27;[39m&amp#27;[32m200&amp#27;[39m &amp#27;[90m43 ms - 14&amp#27;[39m
&amp#27;[38;5;0m[HTTP]&amp#27;[0m &amp#27;[90m&amp#27;[39m
&amp#27;[38;5;0m[HTTP]&amp#27;[0m &amp#27;[37m-->&amp#27;[39m &amp#27;[37mPOST&amp#27;[39m &amp#27;[37m/session/8b9c12c4-9c1c-4db2-8d1e-b301ec11f45a/element&amp#27;[39m
&amp#27;[38;5;0m[HTTP]&amp#27;[0m &amp#27;[90m{"value":"//*[@id=\"id_assetcategory\"]","using":"xpath"}&amp#27;[39m
&amp#27;[38;5;32m[AndroidUiautomator2Driver@6453 (8b9c12c4)]&amp#27;[0m Driver proxy active, passing request on via HTTP proxy
&amp#27;[38;5;96m[Chromedriver@0756 (d105eff1)]&amp#27;[0m Matched '/session/8b9c12c4-9c1c-4db2-8d1e-b301ec11f45a/element' to command name 'findElement'
&amp#27;[38;5;96m[Chromedriver@0756 (d105eff1)]&amp#27;[0m Proxying [POST /session/8b9c12c4-9c1c-4db2-8d1e-b301ec11f45a/element] to [POST http://127.0.0.1:52851/session/d105eff11b76bfce77f640f2b066a387/element] with body: {"value":"//*[@id=\"id_assetcategory\"]","using":"xpath"}
&amp#27;[38;5;96m[Chromedriver@0756 (d105eff1)]&amp#27;[0m Got response with status 200: {"value":{"element-6066-11e4-a52e-4f735466cecf":"2baf0ae4-0fc0-4739-ac47-856f0f6f7bb2"}}
&amp#27;[38;5;0m[HTTP]&amp#27;[0m &amp#27;[37m<-- POST /session/8b9c12c4-9c1c-4db2-8d1e-b301ec11f45a/element &amp#27;[39m&amp#27;[32m200&amp#27;[39m &amp#27;[90m32 ms - 137&amp#27;[39m
&amp#27;[38;5;0m[HTTP]&amp#27;[0m &amp#27;[90m&amp#27;[39m
&amp#27;[38;5;0m[HTTP]&amp#27;[0m &amp#27;[37m-->&amp#27;[39m &amp#27;[37mGET&amp#27;[39m &amp#27;[37m/session/8b9c12c4-9c1c-4db2-8d1e-b301ec11f45a/element/2baf0ae4-0fc0-4739-ac47-856f0f6f7bb2/enabled&amp#27;[39m
&amp#27;[38;5;0m[HTTP]&amp#27;[0m &amp#27;[90m{}&amp#27;[39m
&amp#27;[38;5;32m[AndroidUiautomator2Driver@6453 (8b9c12c4)]&amp#27;[0m Driver proxy active, passing request on via HTTP proxy
&amp#27;[38;5;96m[Chromedriver@0756 (d105eff1)]&amp#27;[0m Matched '/session/8b9c12c4-9c1c-4db2-8d1e-b301ec11f45a/element/2baf0ae4-0fc0-4739-ac47-856f0f6f7bb2/enabled' to command name 'elementEnabled'
&amp#27;[38;5;96m[Chromedriver@0756 (d105eff1)]&amp#27;[0m Proxying [GET /session/8b9c12c4-9c1c-4db2-8d1e-b301ec11f45a/element/2baf0ae4-0fc0-4739-ac47-856f0f6f7bb2/enabled] to [GET http://127.0.0.1:52851/session/d105eff11b76bfce77f640f2b066a387/element/2baf0ae4-0fc0-4739-ac47-856f0f6f7bb2/enabled] with no body
&amp#27;[38;5;96m[Chromedriver@0756 (d105eff1)]&amp#27;[0m Got response with status 200: {"value":true}
&amp#27;[38;5;0m[HTTP]&amp#27;[0m &amp#27;[37m<-- GET /session/8b9c12c4-9c1c-4db2-8d1e-b301ec11f45a/element/2baf0ae4-0fc0-4739-ac47-856f0f6f7bb2/enabled &amp#27;[39m&amp#27;[32m200&amp#27;[39m &amp#27;[90m44 ms - 14&amp#27;[39m
&amp#27;[38;5;0m[HTTP]&amp#27;[0m &amp#27;[90m&amp#27;[39m
&amp#27;[38;5;0m[HTTP]&amp#27;[0m &amp#27;[37m-->&amp#27;[39m &amp#27;[37mPOST&amp#27;[39m &amp#27;[37m/session/8b9c12c4-9c1c-4db2-8d1e-b301ec11f45a/element&amp#27;[39m
&amp#27;[38;5;0m[HTTP]&amp#27;[0m &amp#27;[90m{"value":"//*[@id=\"id_assetcategory\"]","using":"xpath"}&amp#27;[39m
&amp#27;[38;5;32m[AndroidUiautomator2Driver@6453 (8b9c12c4)]&amp#27;[0m Driver proxy active, passing request on via HTTP proxy
&amp#27;[38;5;96m[Chromedriver@0756 (d105eff1)]&amp#27;[0m Matched '/session/8b9c12c4-9c1c-4db2-8d1e-b301ec11f45a/element' to command name 'findElement'
&amp#27;[38;5;96m[Chromedriver@0756 (d105eff1)]&amp#27;[0m Proxying [POST /session/8b9c12c4-9c1c-4db2-8d1e-b301ec11f45a/element] to [POST http://127.0.0.1:52851/session/d105eff11b76bfce77f640f2b066a387/element] with body: {"value":"//*[@id=\"id_assetcategory\"]","using":"xpath"}
&amp#27;[38;5;96m[Chromedriver@0756 (d105eff1)]&amp#27;[0m Got response with status 200: {"value":{"element-6066-11e4-a52e-4f735466cecf":"2baf0ae4-0fc0-4739-ac47-856f0f6f7bb2"}}
&amp#27;[38;5;0m[HTTP]&amp#27;[0m &amp#27;[37m<-- POST /session/8b9c12c4-9c1c-4db2-8d1e-b301ec11f45a/element &amp#27;[39m&amp#27;[32m200&amp#27;[39m &amp#27;[90m32 ms - 137&amp#27;[39m
&amp#27;[38;5;0m[HTTP]&amp#27;[0m &amp#27;[90m&amp#27;[39m
&amp#27;[38;5;0m[HTTP]&amp#27;[0m &amp#27;[37m-->&amp#27;[39m &amp#27;[37mPOST&amp#27;[39m &amp#27;[37m/session/8b9c12c4-9c1c-4db2-8d1e-b301ec11f45a/element/2baf0ae4-0fc0-4739-ac47-856f0f6f7bb2/elements&amp#27;[39m
&amp#27;[38;5;0m[HTTP]&amp#27;[0m &amp#27;[90m{"value":"option","id":"2baf0ae4-0fc0-4739-ac47-856f0f6f7bb2","using":"tag name"}&amp#27;[39m
&amp#27;[38;5;32m[AndroidUiautomator2Driver@6453 (8b9c12c4)]&amp#27;[0m Driver proxy active, passing request on via HTTP proxy
&amp#27;[38;5;96m[Chromedriver@0756 (d105eff1)]&amp#27;[0m Matched '/session/8b9c12c4-9c1c-4db2-8d1e-b301ec11f45a/element/2baf0ae4-0fc0-4739-ac47-856f0f6f7bb2/elements' to command name 'findElementsFromElement'
&amp#27;[38;5;96m[Chromedriver@0756 (d105eff1)]&amp#27;[0m Proxying [POST /session/8b9c12c4-9c1c-4db2-8d1e-b301ec11f45a/element/2baf0ae4-0fc0-4739-ac47-856f0f6f7bb2/elements] to [POST http://127.0.0.1:52851/session/d105eff11b76bfce77f640f2b066a387/element/2baf0ae4-0fc0-4739-ac47-856f0f6f7bb2/elements] with body: {"value":"option","id":"2baf0ae4-0fc0-4739-ac47-856f0f6f7bb2","using":"tag name"}
&amp#27;[38;5;96m[Chromedriver@0756 (d105eff1)]&amp#27;[0m Got response with status 200: {"value":[{"element-6066-11e4-a52e-4f735466cecf":"42d0ce4c-db6d-4160-836a-c3ca8d3cb50a"},{"element-6066-11e4-a52e-4f735466cecf":"37a24cf5-a1f5-4aa2-b0b1-88f8d1b6ccf2"},{"element-6066-11e4-a52e-4f735466cecf":"afbc5687-1761-44d7-ade9-077dce139b55"},{"element-6066-11e4-a52e-4f735466cecf":"da2f0257-1f95-4e3e-ab1f-146fa02cc029"},{"element-6066-11e4-a52e-4f735466cecf":"a280ce60-c782-420d-a53e-c8a34b98187a"},{"element-6066-11e4-a52e-4f735466cecf":"72fc595e-75dc-428d-9f9a-622788877919"},{"element-6066-11e4-a52e-4f735466cecf":"f7cbd4b5-b97c-4674-bf68-acb80cb2c9fe"},{"element-6066-11e4-a52e-4f735466cecf":"2ad645ff-0853-47fe-81fa-67cee70ae658"},{"element-6066-11e4-a52e-4f735466cecf":"b589d06a-4ab2-408c-9989-772dc07d8efa"},{"element-6066-11e4-a52e-4f735466cecf":"db2966a1-d085-48d0-8af2-a20fd06fe99c"}]}
&amp#27;[38;5;0m[HTTP]&amp#27;[0m &amp#27;[37m<-- POST /session/8b9c12c4-9c1c-4db2-8d1e-b301ec11f45a/element/2baf0ae4-0fc0-4739-ac47-856f0f6f7bb2/elements &amp#27;[39m&amp#27;[32m200&amp#27;[39m &amp#27;[90m47 ms - 1291&amp#27;[39m
&amp#27;[38;5;0m[HTTP]&amp#27;[0m &amp#27;[90m&amp#27;[39m
&amp#27;[38;5;0m[HTTP]&amp#27;[0m &amp#27;[37m-->&amp#27;[39m &amp#27;[37mGET&amp#27;[39m &amp#27;[37m/session/8b9c12c4-9c1c-4db2-8d1e-b301ec11f45a/element/42d0ce4c-db6d-4160-836a-c3ca8d3cb50a/attribute/index&amp#27;[39m
&amp#27;[38;5;0m[HTTP]&amp#27;[0m &amp#27;[90m{}&amp#27;[39m
&amp#27;[38;5;32m[AndroidUiautomator2Driver@6453 (8b9c12c4)]&amp#27;[0m Driver proxy active, passing request on via HTTP proxy
&amp#27;[38;5;96m[Chromedriver@0756 (d105eff1)]&amp#27;[0m Matched '/session/8b9c12c4-9c1c-4db2-8d1e-b301ec11f45a/element/42d0ce4c-db6d-4160-836a-c3ca8d3cb50a/attribute/index' to command name 'getAttribute'
&amp#27;[38;5;96m[Chromedriver@0756 (d105eff1)]&amp#27;[0m Proxying [GET /session/8b9c12c4-9c1c-4db2-8d1e-b301ec11f45a/element/42d0ce4c-db6d-4160-836a-c3ca8d3cb50a/attribute/index] to [GET http://127.0.0.1:52851/session/d105eff11b76bfce77f640f2b066a387/element/42d0ce4c-db6d-4160-836a-c3ca8d3cb50a/attribute/index] with no body
&amp#27;[38;5;96m[Chromedriver@0756 (d105eff1)]&amp#27;[0m Got response with status 200: {"value":"0"}
&amp#27;[38;5;0m[HTTP]&amp#27;[0m &amp#27;[37m<-- GET /session/8b9c12c4-9c1c-4db2-8d1e-b301ec11f45a/element/42d0ce4c-db6d-4160-836a-c3ca8d3cb50a/attribute/index &amp#27;[39m&amp#27;[32m200&amp#27;[39m &amp#27;[90m37 ms - 13&amp#27;[39m
&amp#27;[38;5;0m[HTTP]&amp#27;[0m &amp#27;[90m&amp#27;[39m
&amp#27;[38;5;0m[HTTP]&amp#27;[0m &amp#27;[37m-->&amp#27;[39m &amp#27;[37mGET&amp#27;[39m &amp#27;[37m/session/8b9c12c4-9c1c-4db2-8d1e-b301ec11f45a/element/37a24cf5-a1f5-4aa2-b0b1-88f8d1b6ccf2/attribute/index&amp#27;[39m
&amp#27;[38;5;0m[HTTP]&amp#27;[0m &amp#27;[90m{}&amp#27;[39m
&amp#27;[38;5;32m[AndroidUiautomator2Driver@6453 (8b9c12c4)]&amp#27;[0m Driver proxy active, passing request on via HTTP proxy
&amp#27;[38;5;96m[Chromedriver@0756 (d105eff1)]&amp#27;[0m Matched '/session/8b9c12c4-9c1c-4db2-8d1e-b301ec11f45a/element/37a24cf5-a1f5-4aa2-b0b1-88f8d1b6ccf2/attribute/index' to command name 'getAttribute'
&amp#27;[38;5;96m[Chromedriver@0756 (d105eff1)]&amp#27;[0m Proxying [GET /session/8b9c12c4-9c1c-4db2-8d1e-b301ec11f45a/element/37a24cf5-a1f5-4aa2-b0b1-88f8d1b6ccf2/attribute/index] to [GET http://127.0.0.1:52851/session/d105eff11b76bfce77f640f2b066a387/element/37a24cf5-a1f5-4aa2-b0b1-88f8d1b6ccf2/attribute/index] with no body
&amp#27;[38;5;96m[Chromedriver@0756 (d105eff1)]&amp#27;[0m Got response with status 200: {"value":"1"}
&amp#27;[38;5;0m[HTTP]&amp#27;[0m &amp#27;[37m<-- GET /session/8b9c12c4-9c1c-4db2-8d1e-b301ec11f45a/element/37a24cf5-a1f5-4aa2-b0b1-88f8d1b6ccf2/attribute/index &amp#27;[39m&amp#27;[32m200&amp#27;[39m &amp#27;[90m35 ms - 13&amp#27;[39m
&amp#27;[38;5;0m[HTTP]&amp#27;[0m &amp#27;[90m&amp#27;[39m
&amp#27;[38;5;0m[HTTP]&amp#27;[0m &amp#27;[37m-->&amp#27;[39m &amp#27;[37mGET&amp#27;[39m &amp#27;[37m/session/8b9c12c4-9c1c-4db2-8d1e-b301ec11f45a/element/afbc5687-1761-44d7-ade9-077dce139b55/attribute/index&amp#27;[39m
&amp#27;[38;5;0m[HTTP]&amp#27;[0m &amp#27;[90m{}&amp#27;[39m
&amp#27;[38;5;32m[AndroidUiautomator2Driver@6453 (8b9c12c4)]&amp#27;[0m Driver proxy active, passing request on via HTTP proxy
&amp#27;[38;5;96m[Chromedriver@0756 (d105eff1)]&amp#27;[0m Matched '/session/8b9c12c4-9c1c-4db2-8d1e-b301ec11f45a/element/afbc5687-1761-44d7-ade9-077dce139b55/attribute/index' to command name 'getAttribute'
&amp#27;[38;5;96m[Chromedriver@0756 (d105eff1)]&amp#27;[0m Proxying [GET /session/8b9c12c4-9c1c-4db2-8d1e-b301ec11f45a/element/afbc5687-1761-44d7-ade9-077dce139b55/attribute/index] to [GET http://127.0.0.1:52851/session/d105eff11b76bfce77f640f2b066a387/element/afbc5687-1761-44d7-ade9-077dce139b55/attribute/index] with no body
&amp#27;[38;5;96m[Chromedriver@0756 (d105eff1)]&amp#27;[0m Got response with status 200: {"value":"2"}
&amp#27;[38;5;0m[HTTP]&amp#27;[0m &amp#27;[37m<-- GET /session/8b9c12c4-9c1c-4db2-8d1e-b301ec11f45a/element/afbc5687-1761-44d7-ade9-077dce139b55/attribute/index &amp#27;[39m&amp#27;[32m200&amp#27;[39m &amp#27;[90m35 ms - 13&amp#27;[39m
&amp#27;[38;5;0m[HTTP]&amp#27;[0m &amp#27;[90m&amp#27;[39m
&amp#27;[38;5;0m[HTTP]&amp#27;[0m &amp#27;[37m-->&amp#27;[39m &amp#27;[37mGET&amp#27;[39m &amp#27;[37m/session/8b9c12c4-9c1c-4db2-8d1e-b301ec11f45a/element/afbc5687-1761-44d7-ade9-077dce139b55/enabled&amp#27;[39m
&amp#27;[38;5;0m[HTTP]&amp#27;[0m &amp#27;[90m{}&amp#27;[39m
&amp#27;[38;5;32m[AndroidUiautomator2Driver@6453 (8b9c12c4)]&amp#27;[0m Driver proxy active, passing request on via HTTP proxy
&amp#27;[38;5;96m[Chromedriver@0756 (d105eff1)]&amp#27;[0m Matched '/session/8b9c12c4-9c1c-4db2-8d1e-b301ec11f45a/element/afbc5687-1761-44d7-ade9-077dce139b55/enabled' to command name 'elementEnabled'
&amp#27;[38;5;96m[Chromedriver@0756 (d105eff1)]&amp#27;[0m Proxying [GET /session/8b9c12c4-9c1c-4db2-8d1e-b301ec11f45a/element/afbc5687-1761-44d7-ade9-077dce139b55/enabled] to [GET http://127.0.0.1:52851/session/d105eff11b76bfce77f640f2b066a387/element/afbc5687-1761-44d7-ade9-077dce139b55/enabled] with no body
&amp#27;[38;5;96m[Chromedriver@0756 (d105eff1)]&amp#27;[0m Got response with status 200: {"value":true}
&amp#27;[38;5;0m[HTTP]&amp#27;[0m &amp#27;[37m<-- GET /session/8b9c12c4-9c1c-4db2-8d1e-b301ec11f45a/element/afbc5687-1761-44d7-ade9-077dce139b55/enabled &amp#27;[39m&amp#27;[32m200&amp#27;[39m &amp#27;[90m46 ms - 14&amp#27;[39m
&amp#27;[38;5;0m[HTTP]&amp#27;[0m &amp#27;[90m&amp#27;[39m
&amp#27;[38;5;0m[HTTP]&amp#27;[0m &amp#27;[37m-->&amp#27;[39m &amp#27;[37mGET&amp#27;[39m &amp#27;[37m/session/8b9c12c4-9c1c-4db2-8d1e-b301ec11f45a/element/afbc5687-1761-44d7-ade9-077dce139b55/selected&amp#27;[39m
&amp#27;[38;5;0m[HTTP]&amp#27;[0m &amp#27;[90m{}&amp#27;[39m
&amp#27;[38;5;32m[AndroidUiautomator2Driver@6453 (8b9c12c4)]&amp#27;[0m Driver proxy active, passing request on via HTTP proxy
&amp#27;[38;5;96m[Chromedriver@0756 (d105eff1)]&amp#27;[0m Matched '/session/8b9c12c4-9c1c-4db2-8d1e-b301ec11f45a/element/afbc5687-1761-44d7-ade9-077dce139b55/selected' to command name 'elementSelected'
&amp#27;[38;5;96m[Chromedriver@0756 (d105eff1)]&amp#27;[0m Proxying [GET /session/8b9c12c4-9c1c-4db2-8d1e-b301ec11f45a/element/afbc5687-1761-44d7-ade9-077dce139b55/selected] to [GET http://127.0.0.1:52851/session/d105eff11b76bfce77f640f2b066a387/element/afbc5687-1761-44d7-ade9-077dce139b55/selected] with no body
&amp#27;[38;5;96m[Chromedriver@0756 (d105eff1)]&amp#27;[0m Got response with status 200: {"value":false}
&amp#27;[38;5;0m[HTTP]&amp#27;[0m &amp#27;[37m<-- GET /session/8b9c12c4-9c1c-4db2-8d1e-b301ec11f45a/element/afbc5687-1761-44d7-ade9-077dce139b55/selected &amp#27;[39m&amp#27;[32m200&amp#27;[39m &amp#27;[90m36 ms - 15&amp#27;[39m
&amp#27;[38;5;0m[HTTP]&amp#27;[0m &amp#27;[90m&amp#27;[39m
&amp#27;[38;5;0m[HTTP]&amp#27;[0m &amp#27;[37m-->&amp#27;[39m &amp#27;[37mPOST&amp#27;[39m &amp#27;[37m/session/8b9c12c4-9c1c-4db2-8d1e-b301ec11f45a/element/afbc5687-1761-44d7-ade9-077dce139b55/click&amp#27;[39m
&amp#27;[38;5;0m[HTTP]&amp#27;[0m &amp#27;[90m{"id":"afbc5687-1761-44d7-ade9-077dce139b55"}&amp#27;[39m
&amp#27;[38;5;32m[AndroidUiautomator2Driver@6453 (8b9c12c4)]&amp#27;[0m Driver proxy active, passing request on via HTTP proxy
&amp#27;[38;5;96m[Chromedriver@0756 (d105eff1)]&amp#27;[0m Matched '/session/8b9c12c4-9c1c-4db2-8d1e-b301ec11f45a/element/afbc5687-1761-44d7-ade9-077dce139b55/click' to command name 'click'
&amp#27;[38;5;96m[Chromedriver@0756 (d105eff1)]&amp#27;[0m Proxying [POST /session/8b9c12c4-9c1c-4db2-8d1e-b301ec11f45a/element/afbc5687-1761-44d7-ade9-077dce139b55/click] to [POST http://127.0.0.1:52851/session/d105eff11b76bfce77f640f2b066a387/element/afbc5687-1761-44d7-ade9-077dce139b55/click] with body: {"id":"afbc5687-1761-44d7-ade9-077dce139b55"}
&amp#27;[38;5;96m[Chromedriver@0756 (d105eff1)]&amp#27;[0m Got response with status 200: {"value":null}
&amp#27;[38;5;0m[HTTP]&amp#27;[0m &amp#27;[37m<-- POST /session/8b9c12c4-9c1c-4db2-8d1e-b301ec11f45a/element/afbc5687-1761-44d7-ade9-077dce139b55/click &amp#27;[39m&amp#27;[32m200&amp#27;[39m &amp#27;[90m127 ms - 14&amp#27;[39m
&amp#27;[38;5;0m[HTTP]&amp#27;[0m &amp#27;[90m&amp#27;[39m
Coffee Maker
&amp#27;[38;5;0m[HTTP]&amp#27;[0m &amp#27;[37m-->&amp#27;[39m &amp#27;[37mPOST&amp#27;[39m &amp#27;[37m/session/8b9c12c4-9c1c-4db2-8d1e-b301ec11f45a/element&amp#27;[39m
&amp#27;[38;5;0m[HTTP]&amp#27;[0m &amp#27;[90m{"value":"status","using":"name"}&amp#27;[39m
&amp#27;[38;5;32m[AndroidUiautomator2Driver@6453 (8b9c12c4)]&amp#27;[0m Driver proxy active, passing request on via HTTP proxy
&amp#27;[38;5;96m[Chromedriver@0756 (d105eff1)]&amp#27;[0m Matched '/session/8b9c12c4-9c1c-4db2-8d1e-b301ec11f45a/element' to command name 'findElement'
&amp#27;[38;5;96m[Chromedriver@0756 (d105eff1)]&amp#27;[0m Proxying [POST /session/8b9c12c4-9c1c-4db2-8d1e-b301ec11f45a/element] to [POST http://127.0.0.1:52851/session/d105eff11b76bfce77f640f2b066a387/element] with body: {"value":"status","using":"name"}
&amp#27;[38;5;96m[Chromedriver@0756 (d105eff1)]&amp#27;[0m Got response with status 400: {"value":{"error":"invalid argument","message":"invalid argument: invalid locator\n  (Session info: chrome=83.0.4103.106)","stacktrace":"Backtrace:\n\tOrdinal0 [0x006F9563+2725219]\n\tOrdinal0 [0x005F8551+1672529]\n\tOrdinal0 [0x004E0359+525145]\n\tOrdinal0 [0x00479312+103186]\n\tOrdinal0 [0x004953C0+218048]\n\tOrdinal0 [0x0048AAD0+174800]\n\tOrdinal0 [0x00493D7C+212348]\n\tOrdinal0 [0x0048A94B+174411]\n\tOrdinal0 [0x00472528+75048]\n\tOrdinal0 [0x004735A0+79264]\n\tOrdinal0 [0x00473539+79161]\n\tOrdinal0 [0x0060D607+1758727]\n\tGetHandleVerifier [0x00816546+1050150]\n\tGetHandleVerifier [0x00816291+1049457]\n\tGetHandleVerifier [0x008210D7+1094071]\n\tGetHandleVerifier [0x00816B46+1051686]\n\tOrdinal0 [0x00605B06+1727238]\n\tOrdinal0 [0x0060EB7B+1764219]\n\tOrdinal0 [0x0060ECE3+1764579]\n\tOrdinal0 [0x00624C05+1854469]\n\tBaseThreadInitThunk [0x766F7BA9+25]\n\tRtlInitializeExceptionChain [0x77DDBE3B+107]\n\tRtlClearBits [0x77DDBDBF+191]\n"}}
&amp#27;[38;5;112m[W3C]&amp#27;[0m Matched W3C error code 'invalid argument' to InvalidArgumentError
&amp#27;[38;5;0m[HTTP]&amp#27;[0m &amp#27;[37m<-- POST /session/8b9c12c4-9c1c-4db2-8d1e-b301ec11f45a/element &amp#27;[39m&amp#27;[33m400&amp#27;[39m &amp#27;[90m89 ms - 956&amp#27;[39m
&amp#27;[38;5;0m[HTTP]&amp#27;[0m &amp#27;[90m&amp#27;[39m
&amp#27;[38;5;0m[HTTP]&amp#27;[0m &amp#27;[37m-->&amp#27;[39m &amp#27;[37mPOST&amp#27;[39m &amp#27;[37m/session/8b9c12c4-9c1c-4db2-8d1e-b301ec11f45a/element&amp#27;[39m
&amp#27;[38;5;0m[HTTP]&amp#27;[0m &amp#27;[90m{"value":"*[name='status']","using":"css selector"}&amp#27;[39m
&amp#27;[38;5;32m[AndroidUiautomator2Driver@6453 (8b9c12c4)]&amp#27;[0m Driver proxy active, passing request on via HTTP proxy
&amp#27;[38;5;96m[Chromedriver@0756 (d105eff1)]&amp#27;[0m Matched '/session/8b9c12c4-9c1c-4db2-8d1e-b301ec11f45a/element' to command name 'findElement'
&amp#27;[38;5;96m[Chromedriver@0756 (d105eff1)]&amp#27;[0m Proxying [POST /session/8b9c12c4-9c1c-4db2-8d1e-b301ec11f45a/element] to [POST http://127.0.0.1:52851/session/d105eff11b76bfce77f640f2b066a387/element] with body: {"value":"*[name='status']","using":"css selector"}
&amp#27;[38;5;96m[Chromedriver@0756 (d105eff1)]&amp#27;[0m Got response with status 200: {"value":{"element-6066-11e4-a52e-4f735466cecf":"17a6532e-757f-4345-a748-909f406b3145"}}
&amp#27;[38;5;0m[HTTP]&amp#27;[0m &amp#27;[37m<-- POST /session/8b9c12c4-9c1c-4db2-8d1e-b301ec11f45a/element &amp#27;[39m&amp#27;[32m200&amp#27;[39m &amp#27;[90m79 ms - 137&amp#27;[39m
&amp#27;[38;5;0m[HTTP]&amp#27;[0m &amp#27;[90m&amp#27;[39m
&amp#27;[38;5;0m[HTTP]&amp#27;[0m &amp#27;[37m-->&amp#27;[39m &amp#27;[37mGET&amp#27;[39m &amp#27;[37m/session/8b9c12c4-9c1c-4db2-8d1e-b301ec11f45a/element/17a6532e-757f-4345-a748-909f406b3145/name&amp#27;[39m
&amp#27;[38;5;0m[HTTP]&amp#27;[0m &amp#27;[90m{}&amp#27;[39m
&amp#27;[38;5;32m[AndroidUiautomator2Driver@6453 (8b9c12c4)]&amp#27;[0m Driver proxy active, passing request on via HTTP proxy
&amp#27;[38;5;96m[Chromedriver@0756 (d105eff1)]&amp#27;[0m Matched '/session/8b9c12c4-9c1c-4db2-8d1e-b301ec11f45a/element/17a6532e-757f-4345-a748-909f406b3145/name' to command name 'getName'
&amp#27;[38;5;96m[Chromedriver@0756 (d105eff1)]&amp#27;[0m Proxying [GET /session/8b9c12c4-9c1c-4db2-8d1e-b301ec11f45a/element/17a6532e-757f-4345-a748-909f406b3145/name] to [GET http://127.0.0.1:52851/session/d105eff11b76bfce77f640f2b066a387/element/17a6532e-757f-4345-a748-909f406b3145/name] with no body
&amp#27;[38;5;96m[Chromedriver@0756 (d105eff1)]&amp#27;[0m Got response with status 200: {"value":"select"}
&amp#27;[38;5;0m[HTTP]&amp#27;[0m &amp#27;[37m<-- GET /session/8b9c12c4-9c1c-4db2-8d1e-b301ec11f45a/element/17a6532e-757f-4345-a748-909f406b3145/name &amp#27;[39m&amp#27;[32m200&amp#27;[39m &amp#27;[90m35 ms - 18&amp#27;[39m
&amp#27;[38;5;0m[HTTP]&amp#27;[0m &amp#27;[90m&amp#27;[39m
&amp#27;[38;5;0m[HTTP]&amp#27;[0m &amp#27;[37m-->&amp#27;[39m &amp#27;[37mPOST&amp#27;[39m &amp#27;[37m/session/8b9c12c4-9c1c-4db2-8d1e-b301ec11f45a/element&amp#27;[39m
&amp#27;[38;5;0m[HTTP]&amp#27;[0m &amp#27;[90m{"value":"*[name='status']","using":"css selector"}&amp#27;[39m
&amp#27;[38;5;32m[AndroidUiautomator2Driver@6453 (8b9c12c4)]&amp#27;[0m Driver proxy active, passing request on via HTTP proxy
&amp#27;[38;5;96m[Chromedriver@0756 (d105eff1)]&amp#27;[0m Matched '/session/8b9c12c4-9c1c-4db2-8d1e-b301ec11f45a/element' to command name 'findElement'
&amp#27;[38;5;96m[Chromedriver@0756 (d105eff1)]&amp#27;[0m Proxying [POST /session/8b9c12c4-9c1c-4db2-8d1e-b301ec11f45a/element] to [POST http://127.0.0.1:52851/session/d105eff11b76bfce77f640f2b066a387/element] with body: {"value":"*[name='status']","using":"css selector"}
&amp#27;[38;5;96m[Chromedriver@0756 (d105eff1)]&amp#27;[0m Got response with status 200: {"value":{"element-6066-11e4-a52e-4f735466cecf":"17a6532e-757f-4345-a748-909f406b3145"}}
&amp#27;[38;5;0m[HTTP]&amp#27;[0m &amp#27;[37m<-- POST /session/8b9c12c4-9c1c-4db2-8d1e-b301ec11f45a/element &amp#27;[39m&amp#27;[32m200&amp#27;[39m &amp#27;[90m41 ms - 137&amp#27;[39m
&amp#27;[38;5;0m[HTTP]&amp#27;[0m &amp#27;[90m&amp#27;[39m
&amp#27;[38;5;0m[HTTP]&amp#27;[0m &amp#27;[37m-->&amp#27;[39m &amp#27;[37mGET&amp#27;[39m &amp#27;[37m/session/8b9c12c4-9c1c-4db2-8d1e-b301ec11f45a/element/17a6532e-757f-4345-a748-909f406b3145/attribute/multiple&amp#27;[39m
&amp#27;[38;5;0m[HTTP]&amp#27;[0m &amp#27;[90m{}&amp#27;[39m
&amp#27;[38;5;32m[AndroidUiautomator2Driver@6453 (8b9c12c4)]&amp#27;[0m Driver proxy active, passing request on via HTTP proxy
&amp#27;[38;5;96m[Chromedriver@0756 (d105eff1)]&amp#27;[0m Matched '/session/8b9c12c4-9c1c-4db2-8d1e-b301ec11f45a/element/17a6532e-757f-4345-a748-909f406b3145/attribute/multiple' to command name 'getAttribute'
&amp#27;[38;5;96m[Chromedriver@0756 (d105eff1)]&amp#27;[0m Proxying [GET /session/8b9c12c4-9c1c-4db2-8d1e-b301ec11f45a/element/17a6532e-757f-4345-a748-909f406b3145/attribute/multiple] to [GET http://127.0.0.1:52851/session/d105eff11b76bfce77f640f2b066a387/element/17a6532e-757f-4345-a748-909f406b3145/attribute/multiple] with no body
&amp#27;[38;5;96m[Chromedriver@0756 (d105eff1)]&amp#27;[0m Got response with status 200: {"value":null}
&amp#27;[38;5;0m[HTTP]&amp#27;[0m &amp#27;[37m<-- GET /session/8b9c12c4-9c1c-4db2-8d1e-b301ec11f45a/element/17a6532e-757f-4345-a748-909f406b3145/attribute/multiple &amp#27;[39m&amp#27;[32m200&amp#27;[39m &amp#27;[90m62 ms - 14&amp#27;[39m
&amp#27;[38;5;0m[HTTP]&amp#27;[0m &amp#27;[90m&amp#27;[39m
&amp#27;[38;5;0m[HTTP]&amp#27;[0m &amp#27;[37m-->&amp#27;[39m &amp#27;[37mPOST&amp#27;[39m &amp#27;[37m/session/8b9c12c4-9c1c-4db2-8d1e-b301ec11f45a/element&amp#27;[39m
&amp#27;[38;5;0m[HTTP]&amp#27;[0m &amp#27;[90m{"value":"*[name='status']","using":"css selector"}&amp#27;[39m
&amp#27;[38;5;32m[AndroidUiautomator2Driver@6453 (8b9c12c4)]&amp#27;[0m Driver proxy active, passing request on via HTTP proxy
&amp#27;[38;5;96m[Chromedriver@0756 (d105eff1)]&amp#27;[0m Matched '/session/8b9c12c4-9c1c-4db2-8d1e-b301ec11f45a/element' to command name 'findElement'
&amp#27;[38;5;96m[Chromedriver@0756 (d105eff1)]&amp#27;[0m Proxying [POST /session/8b9c12c4-9c1c-4db2-8d1e-b301ec11f45a/element] to [POST http://127.0.0.1:52851/session/d105eff11b76bfce77f640f2b066a387/element] with body: {"value":"*[name='status']","using":"css selector"}
&amp#27;[38;5;96m[Chromedriver@0756 (d105eff1)]&amp#27;[0m Got response with status 200: {"value":{"element-6066-11e4-a52e-4f735466cecf":"17a6532e-757f-4345-a748-909f406b3145"}}
&amp#27;[38;5;0m[HTTP]&amp#27;[0m &amp#27;[37m<-- POST /session/8b9c12c4-9c1c-4db2-8d1e-b301ec11f45a/element &amp#27;[39m&amp#27;[32m200&amp#27;[39m &amp#27;[90m30 ms - 137&amp#27;[39m
&amp#27;[38;5;0m[HTTP]&amp#27;[0m &amp#27;[90m&amp#27;[39m
&amp#27;[38;5;0m[HTTP]&amp#27;[0m &amp#27;[37m-->&amp#27;[39m &amp#27;[37mGET&amp#27;[39m &amp#27;[37m/session/8b9c12c4-9c1c-4db2-8d1e-b301ec11f45a/element/17a6532e-757f-4345-a748-909f406b3145/enabled&amp#27;[39m
&amp#27;[38;5;0m[HTTP]&amp#27;[0m &amp#27;[90m{}&amp#27;[39m
&amp#27;[38;5;32m[AndroidUiautomator2Driver@6453 (8b9c12c4)]&amp#27;[0m Driver proxy active, passing request on via HTTP proxy
&amp#27;[38;5;96m[Chromedriver@0756 (d105eff1)]&amp#27;[0m Matched '/session/8b9c12c4-9c1c-4db2-8d1e-b301ec11f45a/element/17a6532e-757f-4345-a748-909f406b3145/enabled' to command name 'elementEnabled'
&amp#27;[38;5;96m[Chromedriver@0756 (d105eff1)]&amp#27;[0m Proxying [GET /session/8b9c12c4-9c1c-4db2-8d1e-b301ec11f45a/element/17a6532e-757f-4345-a748-909f406b3145/enabled] to [GET http://127.0.0.1:52851/session/d105eff11b76bfce77f640f2b066a387/element/17a6532e-757f-4345-a748-909f406b3145/enabled] with no body
&amp#27;[38;5;96m[Chromedriver@0756 (d105eff1)]&amp#27;[0m Got response with status 200: {"value":true}
&amp#27;[38;5;0m[HTTP]&amp#27;[0m &amp#27;[37m<-- GET /session/8b9c12c4-9c1c-4db2-8d1e-b301ec11f45a/element/17a6532e-757f-4345-a748-909f406b3145/enabled &amp#27;[39m&amp#27;[32m200&amp#27;[39m &amp#27;[90m46 ms - 14&amp#27;[39m
&amp#27;[38;5;0m[HTTP]&amp#27;[0m &amp#27;[90m&amp#27;[39m
&amp#27;[38;5;0m[HTTP]&amp#27;[0m &amp#27;[37m-->&amp#27;[39m &amp#27;[37mPOST&amp#27;[39m &amp#27;[37m/session/8b9c12c4-9c1c-4db2-8d1e-b301ec11f45a/element&amp#27;[39m
&amp#27;[38;5;0m[HTTP]&amp#27;[0m &amp#27;[90m{"value":"*[name='status']","using":"css selector"}&amp#27;[39m
&amp#27;[38;5;32m[AndroidUiautomator2Driver@6453 (8b9c12c4)]&amp#27;[0m Driver proxy active, passing request on via HTTP proxy
&amp#27;[38;5;96m[Chromedriver@0756 (d105eff1)]&amp#27;[0m Matched '/session/8b9c12c4-9c1c-4db2-8d1e-b301ec11f45a/element' to command name 'findElement'
&amp#27;[38;5;96m[Chromedriver@0756 (d105eff1)]&amp#27;[0m Proxying [POST /session/8b9c12c4-9c1c-4db2-8d1e-b301ec11f45a/element] to [POST http://127.0.0.1:52851/session/d105eff11b76bfce77f640f2b066a387/element] with body: {"value":"*[name='status']","using":"css selector"}
&amp#27;[38;5;96m[Chromedriver@0756 (d105eff1)]&amp#27;[0m Got response with status 200: {"value":{"element-6066-11e4-a52e-4f735466cecf":"17a6532e-757f-4345-a748-909f406b3145"}}
&amp#27;[38;5;0m[HTTP]&amp#27;[0m &amp#27;[37m<-- POST /session/8b9c12c4-9c1c-4db2-8d1e-b301ec11f45a/element &amp#27;[39m&amp#27;[32m200&amp#27;[39m &amp#27;[90m30 ms - 137&amp#27;[39m
&amp#27;[38;5;0m[HTTP]&amp#27;[0m &amp#27;[90m&amp#27;[39m
&amp#27;[38;5;0m[HTTP]&amp#27;[0m &amp#27;[37m-->&amp#27;[39m &amp#27;[37mPOST&amp#27;[39m &amp#27;[37m/session/8b9c12c4-9c1c-4db2-8d1e-b301ec11f45a/element/17a6532e-757f-4345-a748-909f406b3145/elements&amp#27;[39m
&amp#27;[38;5;0m[HTTP]&amp#27;[0m &amp#27;[90m{"value":".//option[normalize-space(.) = \"DAMAGE\"]","id":"17a6532e-757f-4345-a748-909f406b3145","using":"xpath"}&amp#27;[39m
&amp#27;[38;5;32m[AndroidUiautomator2Driver@6453 (8b9c12c4)]&amp#27;[0m Driver proxy active, passing request on via HTTP proxy
&amp#27;[38;5;96m[Chromedriver@0756 (d105eff1)]&amp#27;[0m Matched '/session/8b9c12c4-9c1c-4db2-8d1e-b301ec11f45a/element/17a6532e-757f-4345-a748-909f406b3145/elements' to command name 'findElementsFromElement'
&amp#27;[38;5;96m[Chromedriver@0756 (d105eff1)]&amp#27;[0m Proxying [POST /session/8b9c12c4-9c1c-4db2-8d1e-b301ec11f45a/element/17a6532e-757f-4345-a748-909f406b3145/elements] to [POST http://127.0.0.1:52851/session/d105eff11b76bfce77f640f2b066a387/element/17a6532e-757f-4345-a748-909f406b3145/elements] with body: {"value":".//option[normalize-space(.) = \"DAMAGE\"]","id":"17a6532e-757f-4345-a748-909f406b3145","using":"xpath"}
&amp#27;[38;5;96m[Chromedriver@0756 (d105eff1)]&amp#27;[0m Got response with status 200: {"value":[{"element-6066-11e4-a52e-4f735466cecf":"15bd60ca-ac9a-4a0f-9e53-42a7a67ce8fd"}]}
&amp#27;[38;5;0m[HTTP]&amp#27;[0m &amp#27;[37m<-- POST /session/8b9c12c4-9c1c-4db2-8d1e-b301ec11f45a/element/17a6532e-757f-4345-a748-909f406b3145/elements &amp#27;[39m&amp#27;[32m200&amp#27;[39m &amp#27;[90m41 ms - 139&amp#27;[39m
&amp#27;[38;5;0m[HTTP]&amp#27;[0m &amp#27;[90m&amp#27;[39m
&amp#27;[38;5;0m[HTTP]&amp#27;[0m &amp#27;[37m-->&amp#27;[39m &amp#27;[37mGET&amp#27;[39m &amp#27;[37m/session/8b9c12c4-9c1c-4db2-8d1e-b301ec11f45a/element/15bd60ca-ac9a-4a0f-9e53-42a7a67ce8fd/enabled&amp#27;[39m
&amp#27;[38;5;0m[HTTP]&amp#27;[0m &amp#27;[90m{}&amp#27;[39m
&amp#27;[38;5;32m[AndroidUiautomator2Driver@6453 (8b9c12c4)]&amp#27;[0m Driver proxy active, passing request on via HTTP proxy
&amp#27;[38;5;96m[Chromedriver@0756 (d105eff1)]&amp#27;[0m Matched '/session/8b9c12c4-9c1c-4db2-8d1e-b301ec11f45a/element/15bd60ca-ac9a-4a0f-9e53-42a7a67ce8fd/enabled' to command name 'elementEnabled'
&amp#27;[38;5;96m[Chromedriver@0756 (d105eff1)]&amp#27;[0m Proxying [GET /session/8b9c12c4-9c1c-4db2-8d1e-b301ec11f45a/element/15bd60ca-ac9a-4a0f-9e53-42a7a67ce8fd/enabled] to [GET http://127.0.0.1:52851/session/d105eff11b76bfce77f640f2b066a387/element/15bd60ca-ac9a-4a0f-9e53-42a7a67ce8fd/enabled] with no body
&amp#27;[38;5;96m[Chromedriver@0756 (d105eff1)]&amp#27;[0m Got response with status 200: {"value":true}
&amp#27;[38;5;0m[HTTP]&amp#27;[0m &amp#27;[37m<-- GET /session/8b9c12c4-9c1c-4db2-8d1e-b301ec11f45a/element/15bd60ca-ac9a-4a0f-9e53-42a7a67ce8fd/enabled &amp#27;[39m&amp#27;[32m200&amp#27;[39m &amp#27;[90m38 ms - 14&amp#27;[39m
&amp#27;[38;5;0m[HTTP]&amp#27;[0m &amp#27;[90m&amp#27;[39m
&amp#27;[38;5;0m[HTTP]&amp#27;[0m &amp#27;[37m-->&amp#27;[39m &amp#27;[37mGET&amp#27;[39m &amp#27;[37m/session/8b9c12c4-9c1c-4db2-8d1e-b301ec11f45a/element/15bd60ca-ac9a-4a0f-9e53-42a7a67ce8fd/selected&amp#27;[39m
&amp#27;[38;5;0m[HTTP]&amp#27;[0m &amp#27;[90m{}&amp#27;[39m
&amp#27;[38;5;32m[AndroidUiautomator2Driver@6453 (8b9c12c4)]&amp#27;[0m Driver proxy active, passing request on via HTTP proxy
&amp#27;[38;5;96m[Chromedriver@0756 (d105eff1)]&amp#27;[0m Matched '/session/8b9c12c4-9c1c-4db2-8d1e-b301ec11f45a/element/15bd60ca-ac9a-4a0f-9e53-42a7a67ce8fd/selected' to command name 'elementSelected'
&amp#27;[38;5;96m[Chromedriver@0756 (d105eff1)]&amp#27;[0m Proxying [GET /session/8b9c12c4-9c1c-4db2-8d1e-b301ec11f45a/element/15bd60ca-ac9a-4a0f-9e53-42a7a67ce8fd/selected] to [GET http://127.0.0.1:52851/session/d105eff11b76bfce77f640f2b066a387/element/15bd60ca-ac9a-4a0f-9e53-42a7a67ce8fd/selected] with no body
&amp#27;[38;5;96m[Chromedriver@0756 (d105eff1)]&amp#27;[0m Got response with status 200: {"value":false}
&amp#27;[38;5;0m[HTTP]&amp#27;[0m &amp#27;[37m<-- GET /session/8b9c12c4-9c1c-4db2-8d1e-b301ec11f45a/element/15bd60ca-ac9a-4a0f-9e53-42a7a67ce8fd/selected &amp#27;[39m&amp#27;[32m200&amp#27;[39m &amp#27;[90m35 ms - 15&amp#27;[39m
&amp#27;[38;5;0m[HTTP]&amp#27;[0m &amp#27;[90m&amp#27;[39m
&amp#27;[38;5;0m[HTTP]&amp#27;[0m &amp#27;[37m-->&amp#27;[39m &amp#27;[37mPOST&amp#27;[39m &amp#27;[37m/session/8b9c12c4-9c1c-4db2-8d1e-b301ec11f45a/element/15bd60ca-ac9a-4a0f-9e53-42a7a67ce8fd/click&amp#27;[39m
&amp#27;[38;5;0m[HTTP]&amp#27;[0m &amp#27;[90m{"id":"15bd60ca-ac9a-4a0f-9e53-42a7a67ce8fd"}&amp#27;[39m
&amp#27;[38;5;32m[AndroidUiautomator2Driver@6453 (8b9c12c4)]&amp#27;[0m Driver proxy active, passing request on via HTTP proxy
&amp#27;[38;5;96m[Chromedriver@0756 (d105eff1)]&amp#27;[0m Matched '/session/8b9c12c4-9c1c-4db2-8d1e-b301ec11f45a/element/15bd60ca-ac9a-4a0f-9e53-42a7a67ce8fd/click' to command name 'click'
&amp#27;[38;5;96m[Chromedriver@0756 (d105eff1)]&amp#27;[0m Proxying [POST /session/8b9c12c4-9c1c-4db2-8d1e-b301ec11f45a/element/15bd60ca-ac9a-4a0f-9e53-42a7a67ce8fd/click] to [POST http://127.0.0.1:52851/session/d105eff11b76bfce77f640f2b066a387/element/15bd60ca-ac9a-4a0f-9e53-42a7a67ce8fd/click] with body: {"id":"15bd60ca-ac9a-4a0f-9e53-42a7a67ce8fd"}
&amp#27;[38;5;96m[Chromedriver@0756 (d105eff1)]&amp#27;[0m Got response with status 200: {"value":null}
&amp#27;[38;5;0m[HTTP]&amp#27;[0m &amp#27;[37m<-- POST /session/8b9c12c4-9c1c-4db2-8d1e-b301ec11f45a/element/15bd60ca-ac9a-4a0f-9e53-42a7a67ce8fd/click &amp#27;[39m&amp#27;[32m200&amp#27;[39m &amp#27;[90m123 ms - 14&amp#27;[39m
&amp#27;[38;5;0m[HTTP]&amp#27;[0m &amp#27;[90m&amp#27;[39m
Selected status
&amp#27;[38;5;0m[HTTP]&amp#27;[0m &amp#27;[37m-->&amp#27;[39m &amp#27;[37mPOST&amp#27;[39m &amp#27;[37m/session/8b9c12c4-9c1c-4db2-8d1e-b301ec11f45a/element&amp#27;[39m
&amp#27;[38;5;0m[HTTP]&amp#27;[0m &amp#27;[90m{"value":"//*[@id=\"id_purchasedate\"]","using":"xpath"}&amp#27;[39m
&amp#27;[38;5;32m[AndroidUiautomator2Driver@6453 (8b9c12c4)]&amp#27;[0m Driver proxy active, passing request on via HTTP proxy
&amp#27;[38;5;96m[Chromedriver@0756 (d105eff1)]&amp#27;[0m Matched '/session/8b9c12c4-9c1c-4db2-8d1e-b301ec11f45a/element' to command name 'findElement'
&amp#27;[38;5;96m[Chromedriver@0756 (d105eff1)]&amp#27;[0m Proxying [POST /session/8b9c12c4-9c1c-4db2-8d1e-b301ec11f45a/element] to [POST http://127.0.0.1:52851/session/d105eff11b76bfce77f640f2b066a387/element] with body: {"value":"//*[@id=\"id_purchasedate\"]","using":"xpath"}
&amp#27;[38;5;96m[Chromedriver@0756 (d105eff1)]&amp#27;[0m Got response with status 200: {"value":{"element-6066-11e4-a52e-4f735466cecf":"3e2c6c8f-e0e3-4909-8629-4a2a99a334b0"}}
&amp#27;[38;5;0m[HTTP]&amp#27;[0m &amp#27;[37m<-- POST /session/8b9c12c4-9c1c-4db2-8d1e-b301ec11f45a/element &amp#27;[39m&amp#27;[32m200&amp#27;[39m &amp#27;[90m88 ms - 137&amp#27;[39m
&amp#27;[38;5;0m[HTTP]&amp#27;[0m &amp#27;[90m&amp#27;[39m
&amp#27;[38;5;0m[HTTP]&amp#27;[0m &amp#27;[37m-->&amp#27;[39m &amp#27;[37mPOST&amp#27;[39m &amp#27;[37m/session/8b9c12c4-9c1c-4db2-8d1e-b301ec11f45a/element/3e2c6c8f-e0e3-4909-8629-4a2a99a334b0/value&amp#27;[39m
&amp#27;[38;5;0m[HTTP]&amp#27;[0m &amp#27;[90m{"value":["0","1","-","0","4","-","2","0","2","4"],"id":"3e2c6c8f-e0e3-4909-8629-4a2a99a334b0","text":"01-04-2024"}&amp#27;[39m
&amp#27;[38;5;32m[AndroidUiautomator2Driver@6453 (8b9c12c4)]&amp#27;[0m Driver proxy active, passing request on via HTTP proxy
&amp#27;[38;5;96m[Chromedriver@0756 (d105eff1)]&amp#27;[0m Matched '/session/8b9c12c4-9c1c-4db2-8d1e-b301ec11f45a/element/3e2c6c8f-e0e3-4909-8629-4a2a99a334b0/value' to command name 'setValue'
&amp#27;[38;5;96m[Chromedriver@0756 (d105eff1)]&amp#27;[0m Proxying [POST /session/8b9c12c4-9c1c-4db2-8d1e-b301ec11f45a/element/3e2c6c8f-e0e3-4909-8629-4a2a99a334b0/value] to [POST http://127.0.0.1:52851/session/d105eff11b76bfce77f640f2b066a387/element/3e2c6c8f-e0e3-4909-8629-4a2a99a334b0/value] with body: {"value":["0","1","-","0","4","-","2","0","2","4"],"id":"3e2c6c8f-e0e3-4909-8629-4a2a99a334b0","text":"01-04-2024"}
&amp#27;[38;5;96m[Chromedriver@0756 (d105eff1)]&amp#27;[0m Got response with status 200: {"value":null}
&amp#27;[38;5;0m[HTTP]&amp#27;[0m &amp#27;[37m<-- POST /session/8b9c12c4-9c1c-4db2-8d1e-b301ec11f45a/element/3e2c6c8f-e0e3-4909-8629-4a2a99a334b0/value &amp#27;[39m&amp#27;[32m200&amp#27;[39m &amp#27;[90m708 ms - 14&amp#27;[39m
&amp#27;[38;5;0m[HTTP]&amp#27;[0m &amp#27;[90m&amp#27;[39m
Purcahsed Date Fixed
&amp#27;[38;5;0m[HTTP]&amp#27;[0m &amp#27;[37m-->&amp#27;[39m &amp#27;[37mPOST&amp#27;[39m &amp#27;[37m/session/8b9c12c4-9c1c-4db2-8d1e-b301ec11f45a/element&amp#27;[39m
&amp#27;[38;5;0m[HTTP]&amp#27;[0m &amp#27;[90m{"value":"#id_purchaseamount","using":"css selector"}&amp#27;[39m
&amp#27;[38;5;32m[AndroidUiautomator2Driver@6453 (8b9c12c4)]&amp#27;[0m Driver proxy active, passing request on via HTTP proxy
&amp#27;[38;5;96m[Chromedriver@0756 (d105eff1)]&amp#27;[0m Matched '/session/8b9c12c4-9c1c-4db2-8d1e-b301ec11f45a/element' to command name 'findElement'
&amp#27;[38;5;96m[Chromedriver@0756 (d105eff1)]&amp#27;[0m Proxying [POST /session/8b9c12c4-9c1c-4db2-8d1e-b301ec11f45a/element] to [POST http://127.0.0.1:52851/session/d105eff11b76bfce77f640f2b066a387/element] with body: {"value":"#id_purchaseamount","using":"css selector"}
&amp#27;[38;5;96m[Chromedriver@0756 (d105eff1)]&amp#27;[0m Got response with status 200: {"value":{"element-6066-11e4-a52e-4f735466cecf":"47dcc2bf-6f75-4d99-a867-45df4c93d2cf"}}
&amp#27;[38;5;0m[HTTP]&amp#27;[0m &amp#27;[37m<-- POST /session/8b9c12c4-9c1c-4db2-8d1e-b301ec11f45a/element &amp#27;[39m&amp#27;[32m200&amp#27;[39m &amp#27;[90m50 ms - 137&amp#27;[39m
&amp#27;[38;5;0m[HTTP]&amp#27;[0m &amp#27;[90m&amp#27;[39m
&amp#27;[38;5;0m[HTTP]&amp#27;[0m &amp#27;[37m-->&amp#27;[39m &amp#27;[37mPOST&amp#27;[39m &amp#27;[37m/session/8b9c12c4-9c1c-4db2-8d1e-b301ec11f45a/element/47dcc2bf-6f75-4d99-a867-45df4c93d2cf/value&amp#27;[39m
&amp#27;[38;5;0m[HTTP]&amp#27;[0m &amp#27;[90m{"value":["1","0",",","0","0","0"],"id":"47dcc2bf-6f75-4d99-a867-45df4c93d2cf","text":"10,000"}&amp#27;[39m
&amp#27;[38;5;32m[AndroidUiautomator2Driver@6453 (8b9c12c4)]&amp#27;[0m Driver proxy active, passing request on via HTTP proxy
&amp#27;[38;5;96m[Chromedriver@0756 (d105eff1)]&amp#27;[0m Matched '/session/8b9c12c4-9c1c-4db2-8d1e-b301ec11f45a/element/47dcc2bf-6f75-4d99-a867-45df4c93d2cf/value' to command name 'setValue'
&amp#27;[38;5;96m[Chromedriver@0756 (d105eff1)]&amp#27;[0m Proxying [POST /session/8b9c12c4-9c1c-4db2-8d1e-b301ec11f45a/element/47dcc2bf-6f75-4d99-a867-45df4c93d2cf/value] to [POST http://127.0.0.1:52851/session/d105eff11b76bfce77f640f2b066a387/element/47dcc2bf-6f75-4d99-a867-45df4c93d2cf/value] with body: {"value":["1","0",",","0","0","0"],"id":"47dcc2bf-6f75-4d99-a867-45df4c93d2cf","text":"10,000"}
&amp#27;[38;5;96m[Chromedriver@0756 (d105eff1)]&amp#27;[0m Got response with status 200: {"value":null}
&amp#27;[38;5;0m[HTTP]&amp#27;[0m &amp#27;[37m<-- POST /session/8b9c12c4-9c1c-4db2-8d1e-b301ec11f45a/element/47dcc2bf-6f75-4d99-a867-45df4c93d2cf/value &amp#27;[39m&amp#27;[32m200&amp#27;[39m &amp#27;[90m655 ms - 14&amp#27;[39m
&amp#27;[38;5;0m[HTTP]&amp#27;[0m &amp#27;[90m&amp#27;[39m
Purcahsed Amount Fixed
&amp#27;[38;5;0m[HTTP]&amp#27;[0m &amp#27;[37m-->&amp#27;[39m &amp#27;[37mPOST&amp#27;[39m &amp#27;[37m/session/8b9c12c4-9c1c-4db2-8d1e-b301ec11f45a/element&amp#27;[39m
&amp#27;[38;5;0m[HTTP]&amp#27;[0m &amp#27;[90m{"value":"#id_warrantytill","using":"css selector"}&amp#27;[39m
&amp#27;[38;5;32m[AndroidUiautomator2Driver@6453 (8b9c12c4)]&amp#27;[0m Driver proxy active, passing request on via HTTP proxy
&amp#27;[38;5;96m[Chromedriver@0756 (d105eff1)]&amp#27;[0m Matched '/session/8b9c12c4-9c1c-4db2-8d1e-b301ec11f45a/element' to command name 'findElement'
&amp#27;[38;5;96m[Chromedriver@0756 (d105eff1)]&amp#27;[0m Proxying [POST /session/8b9c12c4-9c1c-4db2-8d1e-b301ec11f45a/element] to [POST http://127.0.0.1:52851/session/d105eff11b76bfce77f640f2b066a387/element] with body: {"value":"#id_warrantytill","using":"css selector"}
&amp#27;[38;5;96m[Chromedriver@0756 (d105eff1)]&amp#27;[0m Got response with status 200: {"value":{"element-6066-11e4-a52e-4f735466cecf":"d9b076bd-4b9f-4b80-a368-582ff9b41ace"}}
&amp#27;[38;5;0m[HTTP]&amp#27;[0m &amp#27;[37m<-- POST /session/8b9c12c4-9c1c-4db2-8d1e-b301ec11f45a/element &amp#27;[39m&amp#27;[32m200&amp#27;[39m &amp#27;[90m39 ms - 137&amp#27;[39m
&amp#27;[38;5;0m[HTTP]&amp#27;[0m &amp#27;[90m&amp#27;[39m
&amp#27;[38;5;0m[HTTP]&amp#27;[0m &amp#27;[37m-->&amp#27;[39m &amp#27;[37mPOST&amp#27;[39m &amp#27;[37m/session/8b9c12c4-9c1c-4db2-8d1e-b301ec11f45a/element/d9b076bd-4b9f-4b80-a368-582ff9b41ace/value&amp#27;[39m
&amp#27;[38;5;0m[HTTP]&amp#27;[0m &amp#27;[90m{"value":["0","1","-","0","6","-","2","0","2","4"],"id":"d9b076bd-4b9f-4b80-a368-582ff9b41ace","text":"01-06-2024"}&amp#27;[39m
&amp#27;[38;5;32m[AndroidUiautomator2Driver@6453 (8b9c12c4)]&amp#27;[0m Driver proxy active, passing request on via HTTP proxy
&amp#27;[38;5;96m[Chromedriver@0756 (d105eff1)]&amp#27;[0m Matched '/session/8b9c12c4-9c1c-4db2-8d1e-b301ec11f45a/element/d9b076bd-4b9f-4b80-a368-582ff9b41ace/value' to command name 'setValue'
&amp#27;[38;5;96m[Chromedriver@0756 (d105eff1)]&amp#27;[0m Proxying [POST /session/8b9c12c4-9c1c-4db2-8d1e-b301ec11f45a/element/d9b076bd-4b9f-4b80-a368-582ff9b41ace/value] to [POST http://127.0.0.1:52851/session/d105eff11b76bfce77f640f2b066a387/element/d9b076bd-4b9f-4b80-a368-582ff9b41ace/value] with body: {"value":["0","1","-","0","6","-","2","0","2","4"],"id":"d9b076bd-4b9f-4b80-a368-582ff9b41ace","text":"01-06-2024"}
&amp#27;[38;5;96m[Chromedriver@0756 (d105eff1)]&amp#27;[0m Got response with status 200: {"value":null}
&amp#27;[38;5;0m[HTTP]&amp#27;[0m &amp#27;[37m<-- POST /session/8b9c12c4-9c1c-4db2-8d1e-b301ec11f45a/element/d9b076bd-4b9f-4b80-a368-582ff9b41ace/value &amp#27;[39m&amp#27;[32m200&amp#27;[39m &amp#27;[90m482 ms - 14&amp#27;[39m
&amp#27;[38;5;0m[HTTP]&amp#27;[0m &amp#27;[90m&amp#27;[39m
Warranty Date Fixed
&amp#27;[38;5;0m[HTTP]&amp#27;[0m &amp#27;[37m-->&amp#27;[39m &amp#27;[37mPOST&amp#27;[39m &amp#27;[37m/session/8b9c12c4-9c1c-4db2-8d1e-b301ec11f45a/element&amp#27;[39m
&amp#27;[38;5;0m[HTTP]&amp#27;[0m &amp#27;[90m{"value":"//*[@id=\"id_vendor\"]","using":"xpath"}&amp#27;[39m
&amp#27;[38;5;32m[AndroidUiautomator2Driver@6453 (8b9c12c4)]&amp#27;[0m Driver proxy active, passing request on via HTTP proxy
&amp#27;[38;5;96m[Chromedriver@0756 (d105eff1)]&amp#27;[0m Matched '/session/8b9c12c4-9c1c-4db2-8d1e-b301ec11f45a/element' to command name 'findElement'
&amp#27;[38;5;96m[Chromedriver@0756 (d105eff1)]&amp#27;[0m Proxying [POST /session/8b9c12c4-9c1c-4db2-8d1e-b301ec11f45a/element] to [POST http://127.0.0.1:52851/session/d105eff11b76bfce77f640f2b066a387/element] with body: {"value":"//*[@id=\"id_vendor\"]","using":"xpath"}
&amp#27;[38;5;96m[Chromedriver@0756 (d105eff1)]&amp#27;[0m Got response with status 200: {"value":{"element-6066-11e4-a52e-4f735466cecf":"70643d63-8b21-48d4-861b-68bc641b9354"}}
&amp#27;[38;5;0m[HTTP]&amp#27;[0m &amp#27;[37m<-- POST /session/8b9c12c4-9c1c-4db2-8d1e-b301ec11f45a/element &amp#27;[39m&amp#27;[32m200&amp#27;[39m &amp#27;[90m35 ms - 137&amp#27;[39m
&amp#27;[38;5;0m[HTTP]&amp#27;[0m &amp#27;[90m&amp#27;[39m
&amp#27;[38;5;0m[HTTP]&amp#27;[0m &amp#27;[37m-->&amp#27;[39m &amp#27;[37mGET&amp#27;[39m &amp#27;[37m/session/8b9c12c4-9c1c-4db2-8d1e-b301ec11f45a/element/70643d63-8b21-48d4-861b-68bc641b9354/name&amp#27;[39m
&amp#27;[38;5;0m[HTTP]&amp#27;[0m &amp#27;[90m{}&amp#27;[39m
&amp#27;[38;5;32m[AndroidUiautomator2Driver@6453 (8b9c12c4)]&amp#27;[0m Driver proxy active, passing request on via HTTP proxy
&amp#27;[38;5;96m[Chromedriver@0756 (d105eff1)]&amp#27;[0m Matched '/session/8b9c12c4-9c1c-4db2-8d1e-b301ec11f45a/element/70643d63-8b21-48d4-861b-68bc641b9354/name' to command name 'getName'
&amp#27;[38;5;96m[Chromedriver@0756 (d105eff1)]&amp#27;[0m Proxying [GET /session/8b9c12c4-9c1c-4db2-8d1e-b301ec11f45a/element/70643d63-8b21-48d4-861b-68bc641b9354/name] to [GET http://127.0.0.1:52851/session/d105eff11b76bfce77f640f2b066a387/element/70643d63-8b21-48d4-861b-68bc641b9354/name] with no body
&amp#27;[38;5;96m[Chromedriver@0756 (d105eff1)]&amp#27;[0m Got response with status 200: {"value":"select"}
&amp#27;[38;5;0m[HTTP]&amp#27;[0m &amp#27;[37m<-- GET /session/8b9c12c4-9c1c-4db2-8d1e-b301ec11f45a/element/70643d63-8b21-48d4-861b-68bc641b9354/name &amp#27;[39m&amp#27;[32m200&amp#27;[39m &amp#27;[90m22 ms - 18&amp#27;[39m
&amp#27;[38;5;0m[HTTP]&amp#27;[0m &amp#27;[90m&amp#27;[39m
&amp#27;[38;5;0m[HTTP]&amp#27;[0m &amp#27;[37m-->&amp#27;[39m &amp#27;[37mPOST&amp#27;[39m &amp#27;[37m/session/8b9c12c4-9c1c-4db2-8d1e-b301ec11f45a/element&amp#27;[39m
&amp#27;[38;5;0m[HTTP]&amp#27;[0m &amp#27;[90m{"value":"//*[@id=\"id_vendor\"]","using":"xpath"}&amp#27;[39m
&amp#27;[38;5;32m[AndroidUiautomator2Driver@6453 (8b9c12c4)]&amp#27;[0m Driver proxy active, passing request on via HTTP proxy
&amp#27;[38;5;96m[Chromedriver@0756 (d105eff1)]&amp#27;[0m Matched '/session/8b9c12c4-9c1c-4db2-8d1e-b301ec11f45a/element' to command name 'findElement'
&amp#27;[38;5;96m[Chromedriver@0756 (d105eff1)]&amp#27;[0m Proxying [POST /session/8b9c12c4-9c1c-4db2-8d1e-b301ec11f45a/element] to [POST http://127.0.0.1:52851/session/d105eff11b76bfce77f640f2b066a387/element] with body: {"value":"//*[@id=\"id_vendor\"]","using":"xpath"}
&amp#27;[38;5;96m[Chromedriver@0756 (d105eff1)]&amp#27;[0m Got response with status 200: {"value":{"element-6066-11e4-a52e-4f735466cecf":"70643d63-8b21-48d4-861b-68bc641b9354"}}
&amp#27;[38;5;0m[HTTP]&amp#27;[0m &amp#27;[37m<-- POST /session/8b9c12c4-9c1c-4db2-8d1e-b301ec11f45a/element &amp#27;[39m&amp#27;[32m200&amp#27;[39m &amp#27;[90m22 ms - 137&amp#27;[39m
&amp#27;[38;5;0m[HTTP]&amp#27;[0m &amp#27;[90m&amp#27;[39m
&amp#27;[38;5;0m[HTTP]&amp#27;[0m &amp#27;[37m-->&amp#27;[39m &amp#27;[37mGET&amp#27;[39m &amp#27;[37m/session/8b9c12c4-9c1c-4db2-8d1e-b301ec11f45a/element/70643d63-8b21-48d4-861b-68bc641b9354/attribute/multiple&amp#27;[39m
&amp#27;[38;5;0m[HTTP]&amp#27;[0m &amp#27;[90m{}&amp#27;[39m
&amp#27;[38;5;32m[AndroidUiautomator2Driver@6453 (8b9c12c4)]&amp#27;[0m Driver proxy active, passing request on via HTTP proxy
&amp#27;[38;5;96m[Chromedriver@0756 (d105eff1)]&amp#27;[0m Matched '/session/8b9c12c4-9c1c-4db2-8d1e-b301ec11f45a/element/70643d63-8b21-48d4-861b-68bc641b9354/attribute/multiple' to command name 'getAttribute'
&amp#27;[38;5;96m[Chromedriver@0756 (d105eff1)]&amp#27;[0m Proxying [GET /session/8b9c12c4-9c1c-4db2-8d1e-b301ec11f45a/element/70643d63-8b21-48d4-861b-68bc641b9354/attribute/multiple] to [GET http://127.0.0.1:52851/session/d105eff11b76bfce77f640f2b066a387/element/70643d63-8b21-48d4-861b-68bc641b9354/attribute/multiple] with no body
&amp#27;[38;5;96m[Chromedriver@0756 (d105eff1)]&amp#27;[0m Got response with status 200: {"value":null}
&amp#27;[38;5;0m[HTTP]&amp#27;[0m &amp#27;[37m<-- GET /session/8b9c12c4-9c1c-4db2-8d1e-b301ec11f45a/element/70643d63-8b21-48d4-861b-68bc641b9354/attribute/multiple &amp#27;[39m&amp#27;[32m200&amp#27;[39m &amp#27;[90m31 ms - 14&amp#27;[39m
&amp#27;[38;5;0m[HTTP]&amp#27;[0m &amp#27;[90m&amp#27;[39m
&amp#27;[38;5;0m[HTTP]&amp#27;[0m &amp#27;[37m-->&amp#27;[39m &amp#27;[37mPOST&amp#27;[39m &amp#27;[37m/session/8b9c12c4-9c1c-4db2-8d1e-b301ec11f45a/element&amp#27;[39m
&amp#27;[38;5;0m[HTTP]&amp#27;[0m &amp#27;[90m{"value":"//*[@id=\"id_vendor\"]","using":"xpath"}&amp#27;[39m
&amp#27;[38;5;32m[AndroidUiautomator2Driver@6453 (8b9c12c4)]&amp#27;[0m Driver proxy active, passing request on via HTTP proxy
&amp#27;[38;5;96m[Chromedriver@0756 (d105eff1)]&amp#27;[0m Matched '/session/8b9c12c4-9c1c-4db2-8d1e-b301ec11f45a/element' to command name 'findElement'
&amp#27;[38;5;96m[Chromedriver@0756 (d105eff1)]&amp#27;[0m Proxying [POST /session/8b9c12c4-9c1c-4db2-8d1e-b301ec11f45a/element] to [POST http://127.0.0.1:52851/session/d105eff11b76bfce77f640f2b066a387/element] with body: {"value":"//*[@id=\"id_vendor\"]","using":"xpath"}
&amp#27;[38;5;96m[Chromedriver@0756 (d105eff1)]&amp#27;[0m Got response with status 200: {"value":{"element-6066-11e4-a52e-4f735466cecf":"70643d63-8b21-48d4-861b-68bc641b9354"}}
&amp#27;[38;5;0m[HTTP]&amp#27;[0m &amp#27;[37m<-- POST /session/8b9c12c4-9c1c-4db2-8d1e-b301ec11f45a/element &amp#27;[39m&amp#27;[32m200&amp#27;[39m &amp#27;[90m24 ms - 137&amp#27;[39m
&amp#27;[38;5;0m[HTTP]&amp#27;[0m &amp#27;[90m&amp#27;[39m
&amp#27;[38;5;0m[HTTP]&amp#27;[0m &amp#27;[37m-->&amp#27;[39m &amp#27;[37mGET&amp#27;[39m &amp#27;[37m/session/8b9c12c4-9c1c-4db2-8d1e-b301ec11f45a/element/70643d63-8b21-48d4-861b-68bc641b9354/enabled&amp#27;[39m
&amp#27;[38;5;0m[HTTP]&amp#27;[0m &amp#27;[90m{}&amp#27;[39m
&amp#27;[38;5;32m[AndroidUiautomator2Driver@6453 (8b9c12c4)]&amp#27;[0m Driver proxy active, passing request on via HTTP proxy
&amp#27;[38;5;96m[Chromedriver@0756 (d105eff1)]&amp#27;[0m Matched '/session/8b9c12c4-9c1c-4db2-8d1e-b301ec11f45a/element/70643d63-8b21-48d4-861b-68bc641b9354/enabled' to command name 'elementEnabled'
&amp#27;[38;5;96m[Chromedriver@0756 (d105eff1)]&amp#27;[0m Proxying [GET /session/8b9c12c4-9c1c-4db2-8d1e-b301ec11f45a/element/70643d63-8b21-48d4-861b-68bc641b9354/enabled] to [GET http://127.0.0.1:52851/session/d105eff11b76bfce77f640f2b066a387/element/70643d63-8b21-48d4-861b-68bc641b9354/enabled] with no body
&amp#27;[38;5;96m[Chromedriver@0756 (d105eff1)]&amp#27;[0m Got response with status 200: {"value":true}
&amp#27;[38;5;0m[HTTP]&amp#27;[0m &amp#27;[37m<-- GET /session/8b9c12c4-9c1c-4db2-8d1e-b301ec11f45a/element/70643d63-8b21-48d4-861b-68bc641b9354/enabled &amp#27;[39m&amp#27;[32m200&amp#27;[39m &amp#27;[90m30 ms - 14&amp#27;[39m
&amp#27;[38;5;0m[HTTP]&amp#27;[0m &amp#27;[90m&amp#27;[39m
&amp#27;[38;5;0m[HTTP]&amp#27;[0m &amp#27;[37m-->&amp#27;[39m &amp#27;[37mPOST&amp#27;[39m &amp#27;[37m/session/8b9c12c4-9c1c-4db2-8d1e-b301ec11f45a/element&amp#27;[39m
&amp#27;[38;5;0m[HTTP]&amp#27;[0m &amp#27;[90m{"value":"//*[@id=\"id_vendor\"]","using":"xpath"}&amp#27;[39m
&amp#27;[38;5;32m[AndroidUiautomator2Driver@6453 (8b9c12c4)]&amp#27;[0m Driver proxy active, passing request on via HTTP proxy
&amp#27;[38;5;96m[Chromedriver@0756 (d105eff1)]&amp#27;[0m Matched '/session/8b9c12c4-9c1c-4db2-8d1e-b301ec11f45a/element' to command name 'findElement'
&amp#27;[38;5;96m[Chromedriver@0756 (d105eff1)]&amp#27;[0m Proxying [POST /session/8b9c12c4-9c1c-4db2-8d1e-b301ec11f45a/element] to [POST http://127.0.0.1:52851/session/d105eff11b76bfce77f640f2b066a387/element] with body: {"value":"//*[@id=\"id_vendor\"]","using":"xpath"}
&amp#27;[38;5;96m[Chromedriver@0756 (d105eff1)]&amp#27;[0m Got response with status 200: {"value":{"element-6066-11e4-a52e-4f735466cecf":"70643d63-8b21-48d4-861b-68bc641b9354"}}
&amp#27;[38;5;0m[HTTP]&amp#27;[0m &amp#27;[37m<-- POST /session/8b9c12c4-9c1c-4db2-8d1e-b301ec11f45a/element &amp#27;[39m&amp#27;[32m200&amp#27;[39m &amp#27;[90m25 ms - 137&amp#27;[39m
&amp#27;[38;5;0m[HTTP]&amp#27;[0m &amp#27;[90m&amp#27;[39m
&amp#27;[38;5;0m[HTTP]&amp#27;[0m &amp#27;[37m-->&amp#27;[39m &amp#27;[37mPOST&amp#27;[39m &amp#27;[37m/session/8b9c12c4-9c1c-4db2-8d1e-b301ec11f45a/element/70643d63-8b21-48d4-861b-68bc641b9354/elements&amp#27;[39m
&amp#27;[38;5;0m[HTTP]&amp#27;[0m &amp#27;[90m{"value":".//option[normalize-space(.) = \"Coffee House\"]","id":"70643d63-8b21-48d4-861b-68bc641b9354","using":"xpath"}&amp#27;[39m
&amp#27;[38;5;32m[AndroidUiautomator2Driver@6453 (8b9c12c4)]&amp#27;[0m Driver proxy active, passing request on via HTTP proxy
&amp#27;[38;5;96m[Chromedriver@0756 (d105eff1)]&amp#27;[0m Matched '/session/8b9c12c4-9c1c-4db2-8d1e-b301ec11f45a/element/70643d63-8b21-48d4-861b-68bc641b9354/elements' to command name 'findElementsFromElement'
&amp#27;[38;5;96m[Chromedriver@0756 (d105eff1)]&amp#27;[0m Proxying [POST /session/8b9c12c4-9c1c-4db2-8d1e-b301ec11f45a/element/70643d63-8b21-48d4-861b-68bc641b9354/elements] to [POST http://127.0.0.1:52851/session/d105eff11b76bfce77f640f2b066a387/element/70643d63-8b21-48d4-861b-68bc641b9354/elements] with body: {"value":".//option[normalize-space(.) = \"Coffee House\"]","id":"70643d63-8b21-48d4-861b-68bc641b9354","using":"xpath"}
&amp#27;[38;5;96m[Chromedriver@0756 (d105eff1)]&amp#27;[0m Got response with status 200: {"value":[{"element-6066-11e4-a52e-4f735466cecf":"14e9fa55-ad78-4f6d-a964-098034dfb3ca"},{"element-6066-11e4-a52e-4f735466cecf":"fdf9429d-00ca-4c13-8978-b49641156f13"},{"element-6066-11e4-a52e-4f735466cecf":"c6047880-0ff0-4a0e-9fd2-dd3260c0abc2"},{"element-6066-11e4-a52e-4f735466cecf":"0ad744f4-9b73-4734-bea9-eed04ead56e3"},{"element-6066-11e4-a52e-4f735466cecf":"52974302-2487-4830-8f31-6fc3a9036281"},{"element-6066-11e4-a52e-4f735466cecf":"5d43a266-9df4-416f-862c-8f6169a818ed"},{"element-6066-11e4-a52e-4f735466cecf":"c0bc9748-0367-424c-88c5-c7d55151854f"},{"element-6066-11e4-a52e-4f735466cecf":"8881bb2e-d56f-47e3-9f19-7a35021497e8"},{"element-6066-11e4-a52e-4f735466cecf":"056fc631-9ca7-4e2d-b6f6-d92e6a5dfec5"},{"element-6066-11e4-a52e-4f735466cecf":"e82f2cc6-f614-4910-9758-2f32d04c7621"},{"element-6066-11e4-a52e-4f735466cecf":"3b16dcd8-83d5-481b-b95a-ed4e36cf6c4c"},{"element-6066-11e4-a52e-4f735466cecf":"d63c7219-3d89-4277-9691-a457c8fc7a46"},{"element-6066-11e4-a52e-4f735466cecf":"84e91abd-cd11-418d-98c6...
&amp#27;[38;5;0m[HTTP]&amp#27;[0m &amp#27;[37m<-- POST /session/8b9c12c4-9c1c-4db2-8d1e-b301ec11f45a/element/70643d63-8b21-48d4-861b-68bc641b9354/elements &amp#27;[39m&amp#27;[32m200&amp#27;[39m &amp#27;[90m40 ms - 6667&amp#27;[39m
&amp#27;[38;5;0m[HTTP]&amp#27;[0m &amp#27;[90m&amp#27;[39m
&amp#27;[38;5;0m[HTTP]&amp#27;[0m &amp#27;[37m-->&amp#27;[39m &amp#27;[37mGET&amp#27;[39m &amp#27;[37m/session/8b9c12c4-9c1c-4db2-8d1e-b301ec11f45a/element/14e9fa55-ad78-4f6d-a964-098034dfb3ca/enabled&amp#27;[39m
&amp#27;[38;5;0m[HTTP]&amp#27;[0m &amp#27;[90m{}&amp#27;[39m
&amp#27;[38;5;32m[AndroidUiautomator2Driver@6453 (8b9c12c4)]&amp#27;[0m Driver proxy active, passing request on via HTTP proxy
&amp#27;[38;5;96m[Chromedriver@0756 (d105eff1)]&amp#27;[0m Matched '/session/8b9c12c4-9c1c-4db2-8d1e-b301ec11f45a/element/14e9fa55-ad78-4f6d-a964-098034dfb3ca/enabled' to command name 'elementEnabled'
&amp#27;[38;5;96m[Chromedriver@0756 (d105eff1)]&amp#27;[0m Proxying [GET /session/8b9c12c4-9c1c-4db2-8d1e-b301ec11f45a/element/14e9fa55-ad78-4f6d-a964-098034dfb3ca/enabled] to [GET http://127.0.0.1:52851/session/d105eff11b76bfce77f640f2b066a387/element/14e9fa55-ad78-4f6d-a964-098034dfb3ca/enabled] with no body
&amp#27;[38;5;96m[Chromedriver@0756 (d105eff1)]&amp#27;[0m Got response with status 200: {"value":true}
&amp#27;[38;5;0m[HTTP]&amp#27;[0m &amp#27;[37m<-- GET /session/8b9c12c4-9c1c-4db2-8d1e-b301ec11f45a/element/14e9fa55-ad78-4f6d-a964-098034dfb3ca/enabled &amp#27;[39m&amp#27;[32m200&amp#27;[39m &amp#27;[90m31 ms - 14&amp#27;[39m
&amp#27;[38;5;0m[HTTP]&amp#27;[0m &amp#27;[90m&amp#27;[39m
&amp#27;[38;5;0m[HTTP]&amp#27;[0m &amp#27;[37m-->&amp#27;[39m &amp#27;[37mGET&amp#27;[39m &amp#27;[37m/session/8b9c12c4-9c1c-4db2-8d1e-b301ec11f45a/element/14e9fa55-ad78-4f6d-a964-098034dfb3ca/selected&amp#27;[39m
&amp#27;[38;5;0m[HTTP]&amp#27;[0m &amp#27;[90m{}&amp#27;[39m
&amp#27;[38;5;32m[AndroidUiautomator2Driver@6453 (8b9c12c4)]&amp#27;[0m Driver proxy active, passing request on via HTTP proxy
&amp#27;[38;5;96m[Chromedriver@0756 (d105eff1)]&amp#27;[0m Matched '/session/8b9c12c4-9c1c-4db2-8d1e-b301ec11f45a/element/14e9fa55-ad78-4f6d-a964-098034dfb3ca/selected' to command name 'elementSelected'
&amp#27;[38;5;96m[Chromedriver@0756 (d105eff1)]&amp#27;[0m Proxying [GET /session/8b9c12c4-9c1c-4db2-8d1e-b301ec11f45a/element/14e9fa55-ad78-4f6d-a964-098034dfb3ca/selected] to [GET http://127.0.0.1:52851/session/d105eff11b76bfce77f640f2b066a387/element/14e9fa55-ad78-4f6d-a964-098034dfb3ca/selected] with no body
&amp#27;[38;5;96m[Chromedriver@0756 (d105eff1)]&amp#27;[0m Got response with status 200: {"value":false}
&amp#27;[38;5;0m[HTTP]&amp#27;[0m &amp#27;[37m<-- GET /session/8b9c12c4-9c1c-4db2-8d1e-b301ec11f45a/element/14e9fa55-ad78-4f6d-a964-098034dfb3ca/selected &amp#27;[39m&amp#27;[32m200&amp#27;[39m &amp#27;[90m29 ms - 15&amp#27;[39m
&amp#27;[38;5;0m[HTTP]&amp#27;[0m &amp#27;[90m&amp#27;[39m
&amp#27;[38;5;0m[HTTP]&amp#27;[0m &amp#27;[37m-->&amp#27;[39m &amp#27;[37mPOST&amp#27;[39m &amp#27;[37m/session/8b9c12c4-9c1c-4db2-8d1e-b301ec11f45a/element/14e9fa55-ad78-4f6d-a964-098034dfb3ca/click&amp#27;[39m
&amp#27;[38;5;0m[HTTP]&amp#27;[0m &amp#27;[90m{"id":"14e9fa55-ad78-4f6d-a964-098034dfb3ca"}&amp#27;[39m
&amp#27;[38;5;32m[AndroidUiautomator2Driver@6453 (8b9c12c4)]&amp#27;[0m Driver proxy active, passing request on via HTTP proxy
&amp#27;[38;5;96m[Chromedriver@0756 (d105eff1)]&amp#27;[0m Matched '/session/8b9c12c4-9c1c-4db2-8d1e-b301ec11f45a/element/14e9fa55-ad78-4f6d-a964-098034dfb3ca/click' to command name 'click'
&amp#27;[38;5;96m[Chromedriver@0756 (d105eff1)]&amp#27;[0m Proxying [POST /session/8b9c12c4-9c1c-4db2-8d1e-b301ec11f45a/element/14e9fa55-ad78-4f6d-a964-098034dfb3ca/click] to [POST http://127.0.0.1:52851/session/d105eff11b76bfce77f640f2b066a387/element/14e9fa55-ad78-4f6d-a964-098034dfb3ca/click] with body: {"id":"14e9fa55-ad78-4f6d-a964-098034dfb3ca"}
&amp#27;[38;5;96m[Chromedriver@0756 (d105eff1)]&amp#27;[0m Got response with status 200: {"value":null}
&amp#27;[38;5;0m[HTTP]&amp#27;[0m &amp#27;[37m<-- POST /session/8b9c12c4-9c1c-4db2-8d1e-b301ec11f45a/element/14e9fa55-ad78-4f6d-a964-098034dfb3ca/click &amp#27;[39m&amp#27;[32m200&amp#27;[39m &amp#27;[90m84 ms - 14&amp#27;[39m
&amp#27;[38;5;0m[HTTP]&amp#27;[0m &amp#27;[90m&amp#27;[39m
Vendor or Supplier Fixed
&amp#27;[38;5;0m[HTTP]&amp#27;[0m &amp#27;[37m-->&amp#27;[39m &amp#27;[37mPOST&amp#27;[39m &amp#27;[37m/session/8b9c12c4-9c1c-4db2-8d1e-b301ec11f45a/element&amp#27;[39m
&amp#27;[38;5;0m[HTTP]&amp#27;[0m &amp#27;[90m{"value":"#id_btn_assetdetails","using":"css selector"}&amp#27;[39m
&amp#27;[38;5;32m[AndroidUiautomator2Driver@6453 (8b9c12c4)]&amp#27;[0m Driver proxy active, passing request on via HTTP proxy
&amp#27;[38;5;96m[Chromedriver@0756 (d105eff1)]&amp#27;[0m Matched '/session/8b9c12c4-9c1c-4db2-8d1e-b301ec11f45a/element' to command name 'findElement'
&amp#27;[38;5;96m[Chromedriver@0756 (d105eff1)]&amp#27;[0m Proxying [POST /session/8b9c12c4-9c1c-4db2-8d1e-b301ec11f45a/element] to [POST http://127.0.0.1:52851/session/d105eff11b76bfce77f640f2b066a387/element] with body: {"value":"#id_btn_assetdetails","using":"css selector"}
&amp#27;[38;5;96m[Chromedriver@0756 (d105eff1)]&amp#27;[0m Got response with status 200: {"value":{"element-6066-11e4-a52e-4f735466cecf":"1cf5bc46-d211-434f-935c-7448b97db8ea"}}
&amp#27;[38;5;0m[HTTP]&amp#27;[0m &amp#27;[37m<-- POST /session/8b9c12c4-9c1c-4db2-8d1e-b301ec11f45a/element &amp#27;[39m&amp#27;[32m200&amp#27;[39m &amp#27;[90m63 ms - 137&amp#27;[39m
&amp#27;[38;5;0m[HTTP]&amp#27;[0m &amp#27;[90m&amp#27;[39m
&amp#27;[38;5;0m[HTTP]&amp#27;[0m &amp#27;[37m-->&amp#27;[39m &amp#27;[37mPOST&amp#27;[39m &amp#27;[37m/session/8b9c12c4-9c1c-4db2-8d1e-b301ec11f45a/execute/sync&amp#27;[39m
&amp#27;[38;5;0m[HTTP]&amp#27;[0m &amp#27;[90m{"args":[{"element-6066-11e4-a52e-4f735466cecf":"1cf5bc46-d211-434f-935c-7448b97db8ea"}],"script":"arguments[0].scrollIntoView(true);"}&amp#27;[39m
&amp#27;[38;5;32m[AndroidUiautomator2Driver@6453 (8b9c12c4)]&amp#27;[0m Calling AppiumDriver.execute() with args: ["arguments[0].scrollIntoView(true);",[{"element-6066-11e4-a52e-4f735466cecf":"1cf5bc46-d211-434f-935c-7448b97db8ea"}],"8b9c12c4-9c1c-4db2-8d1e-b301ec11f45a"]
&amp#27;[38;5;96m[Chromedriver@0756 (d105eff1)]&amp#27;[0m Matched '/execute/sync' to command name 'execute'
&amp#27;[38;5;96m[Chromedriver@0756 (d105eff1)]&amp#27;[0m Did not know how to rewrite the original URL '/execute/sync' for W3C protocol
&amp#27;[38;5;96m[Chromedriver@0756 (d105eff1)]&amp#27;[0m Proxying [POST /execute/sync] to [POST http://127.0.0.1:52851/session/d105eff11b76bfce77f640f2b066a387/execute/sync] with body: {"script":"arguments[0].scrollIntoView(true);","args":[{"element-6066-11e4-a52e-4f735466cecf":"1cf5bc46-d211-434f-935c-7448b97db8ea"}]}
&amp#27;[38;5;96m[Chromedriver@0756 (d105eff1)]&amp#27;[0m Got response with status 200: {"value":null}
&amp#27;[38;5;32m[AndroidUiautomator2Driver@6453 (8b9c12c4)]&amp#27;[0m Responding to client with driver.execute() result: null
&amp#27;[38;5;0m[HTTP]&amp#27;[0m &amp#27;[37m<-- POST /session/8b9c12c4-9c1c-4db2-8d1e-b301ec11f45a/execute/sync &amp#27;[39m&amp#27;[32m200&amp#27;[39m &amp#27;[90m75 ms - 14&amp#27;[39m
&amp#27;[38;5;0m[HTTP]&amp#27;[0m &amp#27;[90m&amp#27;[39m
&amp#27;[38;5;0m[HTTP]&amp#27;[0m &amp#27;[37m-->&amp#27;[39m &amp#27;[37mPOST&amp#27;[39m &amp#27;[37m/session/8b9c12c4-9c1c-4db2-8d1e-b301ec11f45a/element&amp#27;[39m
&amp#27;[38;5;0m[HTTP]&amp#27;[0m &amp#27;[90m{"value":"#id_btn_assetdetails","using":"css selector"}&amp#27;[39m
&amp#27;[38;5;32m[AndroidUiautomator2Driver@6453 (8b9c12c4)]&amp#27;[0m Driver proxy active, passing request on via HTTP proxy
&amp#27;[38;5;96m[Chromedriver@0756 (d105eff1)]&amp#27;[0m Matched '/session/8b9c12c4-9c1c-4db2-8d1e-b301ec11f45a/element' to command name 'findElement'
&amp#27;[38;5;96m[Chromedriver@0756 (d105eff1)]&amp#27;[0m Proxying [POST /session/8b9c12c4-9c1c-4db2-8d1e-b301ec11f45a/element] to [POST http://127.0.0.1:52851/session/d105eff11b76bfce77f640f2b066a387/element] with body: {"value":"#id_btn_assetdetails","using":"css selector"}
&amp#27;[38;5;96m[Chromedriver@0756 (d105eff1)]&amp#27;[0m Got response with status 200: {"value":{"element-6066-11e4-a52e-4f735466cecf":"1cf5bc46-d211-434f-935c-7448b97db8ea"}}
&amp#27;[38;5;0m[HTTP]&amp#27;[0m &amp#27;[37m<-- POST /session/8b9c12c4-9c1c-4db2-8d1e-b301ec11f45a/element &amp#27;[39m&amp#27;[32m200&amp#27;[39m &amp#27;[90m30 ms - 137&amp#27;[39m
&amp#27;[38;5;0m[HTTP]&amp#27;[0m &amp#27;[90m&amp#27;[39m
&amp#27;[38;5;0m[HTTP]&amp#27;[0m &amp#27;[37m-->&amp#27;[39m &amp#27;[37mPOST&amp#27;[39m &amp#27;[37m/session/8b9c12c4-9c1c-4db2-8d1e-b301ec11f45a/execute/sync&amp#27;[39m
&amp#27;[38;5;0m[HTTP]&amp#27;[0m &amp#27;[90m{"args":[{"element-6066-11e4-a52e-4f735466cecf":"1cf5bc46-d211-434f-935c-7448b97db8ea"}],"script":"arguments[0].click();"}&amp#27;[39m
&amp#27;[38;5;32m[AndroidUiautomator2Driver@6453 (8b9c12c4)]&amp#27;[0m Calling AppiumDriver.execute() with args: ["arguments[0].click();",[{"element-6066-11e4-a52e-4f735466cecf":"1cf5bc46-d211-434f-935c-7448b97db8ea"}],"8b9c12c4-9c1c-4db2-8d1e-b301ec11f45a"]
&amp#27;[38;5;96m[Chromedriver@0756 (d105eff1)]&amp#27;[0m Matched '/execute/sync' to command name 'execute'
&amp#27;[38;5;96m[Chromedriver@0756 (d105eff1)]&amp#27;[0m Did not know how to rewrite the original URL '/execute/sync' for W3C protocol
&amp#27;[38;5;96m[Chromedriver@0756 (d105eff1)]&amp#27;[0m Proxying [POST /execute/sync] to [POST http://127.0.0.1:52851/session/d105eff11b76bfce77f640f2b066a387/execute/sync] with body: {"script":"arguments[0].click();","args":[{"element-6066-11e4-a52e-4f735466cecf":"1cf5bc46-d211-434f-935c-7448b97db8ea"}]}
&amp#27;[38;5;96m[Chromedriver@0756 (d105eff1)]&amp#27;[0m Got response with status 200: {"value":null}
&amp#27;[38;5;32m[AndroidUiautomator2Driver@6453 (8b9c12c4)]&amp#27;[0m Responding to client with driver.execute() result: null
&amp#27;[38;5;0m[HTTP]&amp#27;[0m &amp#27;[37m<-- POST /session/8b9c12c4-9c1c-4db2-8d1e-b301ec11f45a/execute/sync &amp#27;[39m&amp#27;[32m200&amp#27;[39m &amp#27;[90m83 ms - 14&amp#27;[39m
&amp#27;[38;5;0m[HTTP]&amp#27;[0m &amp#27;[90m&amp#27;[39m
Submitted
&amp#27;[38;5;0m[HTTP]&amp#27;[0m &amp#27;[37m-->&amp#27;[39m &amp#27;[37mPOST&amp#27;[39m &amp#27;[37m/session/8b9c12c4-9c1c-4db2-8d1e-b301ec11f45a/element&amp#27;[39m
&amp#27;[38;5;0m[HTTP]&amp#27;[0m &amp#27;[90m{"value":"*[name='assetid']","using":"css selector"}&amp#27;[39m
&amp#27;[38;5;32m[AndroidUiautomator2Driver@6453 (8b9c12c4)]&amp#27;[0m Driver proxy active, passing request on via HTTP proxy
&amp#27;[38;5;96m[Chromedriver@0756 (d105eff1)]&amp#27;[0m Matched '/session/8b9c12c4-9c1c-4db2-8d1e-b301ec11f45a/element' to command name 'findElement'
&amp#27;[38;5;96m[Chromedriver@0756 (d105eff1)]&amp#27;[0m Proxying [POST /session/8b9c12c4-9c1c-4db2-8d1e-b301ec11f45a/element] to [POST http://127.0.0.1:52851/session/d105eff11b76bfce77f640f2b066a387/element] with body: {"value":"*[name='assetid']","using":"css selector"}
&amp#27;[38;5;96m[Chromedriver@0756 (d105eff1)]&amp#27;[0m Got response with status 200: {"value":{"element-6066-11e4-a52e-4f735466cecf":"938b81b9-3ea7-4f3a-912a-ec46d657885b"}}
&amp#27;[38;5;0m[HTTP]&amp#27;[0m &amp#27;[37m<-- POST /session/8b9c12c4-9c1c-4db2-8d1e-b301ec11f45a/element &amp#27;[39m&amp#27;[32m200&amp#27;[39m &amp#27;[90m127 ms - 137&amp#27;[39m
&amp#27;[38;5;0m[HTTP]&amp#27;[0m &amp#27;[90m&amp#27;[39m
&amp#27;[38;5;0m[HTTP]&amp#27;[0m &amp#27;[37m-->&amp#27;[39m &amp#27;[37mPOST&amp#27;[39m &amp#27;[37m/session/8b9c12c4-9c1c-4db2-8d1e-b301ec11f45a/execute/sync&amp#27;[39m
&amp#27;[38;5;0m[HTTP]&amp#27;[0m &amp#27;[90m{"args":[{"element-6066-11e4-a52e-4f735466cecf":"938b81b9-3ea7-4f3a-912a-ec46d657885b"}],"script":"arguments[0].scrollIntoView(true)"}&amp#27;[39m
&amp#27;[38;5;32m[AndroidUiautomator2Driver@6453 (8b9c12c4)]&amp#27;[0m Calling AppiumDriver.execute() with args: ["arguments[0].scrollIntoView(true)",[{"element-6066-11e4-a52e-4f735466cecf":"938b81b9-3ea7-4f3a-912a-ec46d657885b"}],"8b9c12c4-9c1c-4db2-8d1e-b301ec11f45a"]
&amp#27;[38;5;96m[Chromedriver@0756 (d105eff1)]&amp#27;[0m Matched '/execute/sync' to command name 'execute'
&amp#27;[38;5;96m[Chromedriver@0756 (d105eff1)]&amp#27;[0m Did not know how to rewrite the original URL '/execute/sync' for W3C protocol
&amp#27;[38;5;96m[Chromedriver@0756 (d105eff1)]&amp#27;[0m Proxying [POST /execute/sync] to [POST http://127.0.0.1:52851/session/d105eff11b76bfce77f640f2b066a387/execute/sync] with body: {"script":"arguments[0].scrollIntoView(true)","args":[{"element-6066-11e4-a52e-4f735466cecf":"938b81b9-3ea7-4f3a-912a-ec46d657885b"}]}
&amp#27;[38;5;96m[Chromedriver@0756 (d105eff1)]&amp#27;[0m Got response with status 200: {"value":null}
&amp#27;[38;5;32m[AndroidUiautomator2Driver@6453 (8b9c12c4)]&amp#27;[0m Responding to client with driver.execute() result: null
&amp#27;[38;5;0m[HTTP]&amp#27;[0m &amp#27;[37m<-- POST /session/8b9c12c4-9c1c-4db2-8d1e-b301ec11f45a/execute/sync &amp#27;[39m&amp#27;[32m200&amp#27;[39m &amp#27;[90m124 ms - 14&amp#27;[39m
&amp#27;[38;5;0m[HTTP]&amp#27;[0m &amp#27;[90m&amp#27;[39m
&amp#27;[38;5;0m[HTTP]&amp#27;[0m &amp#27;[37m-->&amp#27;[39m &amp#27;[37mPOST&amp#27;[39m &amp#27;[37m/session/8b9c12c4-9c1c-4db2-8d1e-b301ec11f45a/element&amp#27;[39m
&amp#27;[38;5;0m[HTTP]&amp#27;[0m &amp#27;[90m{"value":"*[name='assetid']","using":"css selector"}&amp#27;[39m
&amp#27;[38;5;32m[AndroidUiautomator2Driver@6453 (8b9c12c4)]&amp#27;[0m Driver proxy active, passing request on via HTTP proxy
&amp#27;[38;5;96m[Chromedriver@0756 (d105eff1)]&amp#27;[0m Matched '/session/8b9c12c4-9c1c-4db2-8d1e-b301ec11f45a/element' to command name 'findElement'
&amp#27;[38;5;96m[Chromedriver@0756 (d105eff1)]&amp#27;[0m Proxying [POST /session/8b9c12c4-9c1c-4db2-8d1e-b301ec11f45a/element] to [POST http://127.0.0.1:52851/session/d105eff11b76bfce77f640f2b066a387/element] with body: {"value":"*[name='assetid']","using":"css selector"}
&amp#27;[38;5;96m[Chromedriver@0756 (d105eff1)]&amp#27;[0m Got response with status 200: {"value":{"element-6066-11e4-a52e-4f735466cecf":"938b81b9-3ea7-4f3a-912a-ec46d657885b"}}
&amp#27;[38;5;0m[HTTP]&amp#27;[0m &amp#27;[37m<-- POST /session/8b9c12c4-9c1c-4db2-8d1e-b301ec11f45a/element &amp#27;[39m&amp#27;[32m200&amp#27;[39m &amp#27;[90m77 ms - 137&amp#27;[39m
&amp#27;[38;5;0m[HTTP]&amp#27;[0m &amp#27;[90m&amp#27;[39m
&amp#27;[38;5;0m[HTTP]&amp#27;[0m &amp#27;[37m-->&amp#27;[39m &amp#27;[37mGET&amp#27;[39m &amp#27;[37m/session/8b9c12c4-9c1c-4db2-8d1e-b301ec11f45a/element/938b81b9-3ea7-4f3a-912a-ec46d657885b/attribute/value&amp#27;[39m
&amp#27;[38;5;0m[HTTP]&amp#27;[0m &amp#27;[90m{}&amp#27;[39m
&amp#27;[38;5;32m[AndroidUiautomator2Driver@6453 (8b9c12c4)]&amp#27;[0m Driver proxy active, passing request on via HTTP proxy
&amp#27;[38;5;96m[Chromedriver@0756 (d105eff1)]&amp#27;[0m Matched '/session/8b9c12c4-9c1c-4db2-8d1e-b301ec11f45a/element/938b81b9-3ea7-4f3a-912a-ec46d657885b/attribute/value' to command name 'getAttribute'
&amp#27;[38;5;96m[Chromedriver@0756 (d105eff1)]&amp#27;[0m Proxying [GET /session/8b9c12c4-9c1c-4db2-8d1e-b301ec11f45a/element/938b81b9-3ea7-4f3a-912a-ec46d657885b/attribute/value] to [GET http://127.0.0.1:52851/session/d105eff11b76bfce77f640f2b066a387/element/938b81b9-3ea7-4f3a-912a-ec46d657885b/attribute/value] with no body
&amp#27;[38;5;96m[Chromedriver@0756 (d105eff1)]&amp#27;[0m Got response with status 200: {"value":"A20240001444"}
&amp#27;[38;5;0m[HTTP]&amp#27;[0m &amp#27;[37m<-- GET /session/8b9c12c4-9c1c-4db2-8d1e-b301ec11f45a/element/938b81b9-3ea7-4f3a-912a-ec46d657885b/attribute/value &amp#27;[39m&amp#27;[32m200&amp#27;[39m &amp#27;[90m150 ms - 24&amp#27;[39m
&amp#27;[38;5;0m[HTTP]&amp#27;[0m &amp#27;[90m&amp#27;[39m
&amp#27;[38;5;0m[HTTP]&amp#27;[0m &amp#27;[37m-->&amp#27;[39m &amp#27;[37mPOST&amp#27;[39m &amp#27;[37m/session/8b9c12c4-9c1c-4db2-8d1e-b301ec11f45a/element&amp#27;[39m
&amp#27;[38;5;0m[HTTP]&amp#27;[0m &amp#27;[90m{"value":"*[name='assetid']","using":"css selector"}&amp#27;[39m
&amp#27;[38;5;32m[AndroidUiautomator2Driver@6453 (8b9c12c4)]&amp#27;[0m Driver proxy active, passing request on via HTTP proxy
&amp#27;[38;5;96m[Chromedriver@0756 (d105eff1)]&amp#27;[0m Matched '/session/8b9c12c4-9c1c-4db2-8d1e-b301ec11f45a/element' to command name 'findElement'
&amp#27;[38;5;96m[Chromedriver@0756 (d105eff1)]&amp#27;[0m Proxying [POST /session/8b9c12c4-9c1c-4db2-8d1e-b301ec11f45a/element] to [POST http://127.0.0.1:52851/session/d105eff11b76bfce77f640f2b066a387/element] with body: {"value":"*[name='assetid']","using":"css selector"}
&amp#27;[38;5;96m[Chromedriver@0756 (d105eff1)]&amp#27;[0m Got response with status 200: {"value":{"element-6066-11e4-a52e-4f735466cecf":"938b81b9-3ea7-4f3a-912a-ec46d657885b"}}
&amp#27;[38;5;0m[HTTP]&amp#27;[0m &amp#27;[37m<-- POST /session/8b9c12c4-9c1c-4db2-8d1e-b301ec11f45a/element &amp#27;[39m&amp#27;[32m200&amp#27;[39m &amp#27;[90m83 ms - 137&amp#27;[39m
&amp#27;[38;5;0m[HTTP]&amp#27;[0m &amp#27;[90m&amp#27;[39m
&amp#27;[38;5;0m[HTTP]&amp#27;[0m &amp#27;[37m-->&amp#27;[39m &amp#27;[37mGET&amp#27;[39m &amp#27;[37m/session/8b9c12c4-9c1c-4db2-8d1e-b301ec11f45a/element/938b81b9-3ea7-4f3a-912a-ec46d657885b/attribute/value&amp#27;[39m
&amp#27;[38;5;0m[HTTP]&amp#27;[0m &amp#27;[90m{}&amp#27;[39m
&amp#27;[38;5;32m[AndroidUiautomator2Driver@6453 (8b9c12c4)]&amp#27;[0m Driver proxy active, passing request on via HTTP proxy
&amp#27;[38;5;96m[Chromedriver@0756 (d105eff1)]&amp#27;[0m Matched '/session/8b9c12c4-9c1c-4db2-8d1e-b301ec11f45a/element/938b81b9-3ea7-4f3a-912a-ec46d657885b/attribute/value' to command name 'getAttribute'
&amp#27;[38;5;96m[Chromedriver@0756 (d105eff1)]&amp#27;[0m Proxying [GET /session/8b9c12c4-9c1c-4db2-8d1e-b301ec11f45a/element/938b81b9-3ea7-4f3a-912a-ec46d657885b/attribute/value] to [GET http://127.0.0.1:52851/session/d105eff11b76bfce77f640f2b066a387/element/938b81b9-3ea7-4f3a-912a-ec46d657885b/attribute/value] with no body
&amp#27;[38;5;96m[Chromedriver@0756 (d105eff1)]&amp#27;[0m Got response with status 200: {"value":"A20240001444"}
&amp#27;[38;5;0m[HTTP]&amp#27;[0m &amp#27;[37m<-- GET /session/8b9c12c4-9c1c-4db2-8d1e-b301ec11f45a/element/938b81b9-3ea7-4f3a-912a-ec46d657885b/attribute/value &amp#27;[39m&amp#27;[32m200&amp#27;[39m &amp#27;[90m25 ms - 24&amp#27;[39m
&amp#27;[38;5;0m[HTTP]&amp#27;[0m &amp#27;[90m&amp#27;[39m
New Asset id for the Asset created :A20240001444
&amp#27;[38;5;0m[HTTP]&amp#27;[0m &amp#27;[37m-->&amp#27;[39m &amp#27;[37mPOST&amp#27;[39m &amp#27;[37m/session/8b9c12c4-9c1c-4db2-8d1e-b301ec11f45a/element&amp#27;[39m
&amp#27;[38;5;0m[HTTP]&amp#27;[0m &amp#27;[90m{"value":"Asset Transfer","using":"link text"}&amp#27;[39m
&amp#27;[38;5;32m[AndroidUiautomator2Driver@6453 (8b9c12c4)]&amp#27;[0m Driver proxy active, passing request on via HTTP proxy
&amp#27;[38;5;96m[Chromedriver@0756 (d105eff1)]&amp#27;[0m Matched '/session/8b9c12c4-9c1c-4db2-8d1e-b301ec11f45a/element' to command name 'findElement'
&amp#27;[38;5;96m[Chromedriver@0756 (d105eff1)]&amp#27;[0m Proxying [POST /session/8b9c12c4-9c1c-4db2-8d1e-b301ec11f45a/element] to [POST http://127.0.0.1:52851/session/d105eff11b76bfce77f640f2b066a387/element] with body: {"value":"Asset Transfer","using":"link text"}
&amp#27;[38;5;96m[Chromedriver@0756 (d105eff1)]&amp#27;[0m Got response with status 200: {"value":{"element-6066-11e4-a52e-4f735466cecf":"d23117ff-8c89-4823-a493-ab8336b0666e"}}
&amp#27;[38;5;0m[HTTP]&amp#27;[0m &amp#27;[37m<-- POST /session/8b9c12c4-9c1c-4db2-8d1e-b301ec11f45a/element &amp#27;[39m&amp#27;[32m200&amp#27;[39m &amp#27;[90m44 ms - 137&amp#27;[39m
&amp#27;[38;5;0m[HTTP]&amp#27;[0m &amp#27;[90m&amp#27;[39m
&amp#27;[38;5;0m[HTTP]&amp#27;[0m &amp#27;[37m-->&amp#27;[39m &amp#27;[37mPOST&amp#27;[39m &amp#27;[37m/session/8b9c12c4-9c1c-4db2-8d1e-b301ec11f45a/element/d23117ff-8c89-4823-a493-ab8336b0666e/click&amp#27;[39m
&amp#27;[38;5;0m[HTTP]&amp#27;[0m &amp#27;[90m{"id":"d23117ff-8c89-4823-a493-ab8336b0666e"}&amp#27;[39m
&amp#27;[38;5;32m[AndroidUiautomator2Driver@6453 (8b9c12c4)]&amp#27;[0m Driver proxy active, passing request on via HTTP proxy
&amp#27;[38;5;96m[Chromedriver@0756 (d105eff1)]&amp#27;[0m Matched '/session/8b9c12c4-9c1c-4db2-8d1e-b301ec11f45a/element/d23117ff-8c89-4823-a493-ab8336b0666e/click' to command name 'click'
&amp#27;[38;5;96m[Chromedriver@0756 (d105eff1)]&amp#27;[0m Proxying [POST /session/8b9c12c4-9c1c-4db2-8d1e-b301ec11f45a/element/d23117ff-8c89-4823-a493-ab8336b0666e/click] to [POST http://127.0.0.1:52851/session/d105eff11b76bfce77f640f2b066a387/element/d23117ff-8c89-4823-a493-ab8336b0666e/click] with body: {"id":"d23117ff-8c89-4823-a493-ab8336b0666e"}
&amp#27;[38;5;96m[Chromedriver@0756 (d105eff1)]&amp#27;[0m Got response with status 200: {"value":null}
&amp#27;[38;5;0m[HTTP]&amp#27;[0m &amp#27;[37m<-- POST /session/8b9c12c4-9c1c-4db2-8d1e-b301ec11f45a/element/d23117ff-8c89-4823-a493-ab8336b0666e/click &amp#27;[39m&amp#27;[32m200&amp#27;[39m &amp#27;[90m504 ms - 14&amp#27;[39m
&amp#27;[38;5;0m[HTTP]&amp#27;[0m &amp#27;[90m&amp#27;[39m
Clicked on Asset Transfer
&amp#27;[38;5;0m[HTTP]&amp#27;[0m &amp#27;[37m-->&amp#27;[39m &amp#27;[37mPOST&amp#27;[39m &amp#27;[37m/session/8b9c12c4-9c1c-4db2-8d1e-b301ec11f45a/element&amp#27;[39m
&amp#27;[38;5;0m[HTTP]&amp#27;[0m &amp#27;[90m{"value":"#select2-id_employeelist-container","using":"css selector"}&amp#27;[39m
&amp#27;[38;5;32m[AndroidUiautomator2Driver@6453 (8b9c12c4)]&amp#27;[0m Driver proxy active, passing request on via HTTP proxy
&amp#27;[38;5;96m[Chromedriver@0756 (d105eff1)]&amp#27;[0m Matched '/session/8b9c12c4-9c1c-4db2-8d1e-b301ec11f45a/element' to command name 'findElement'
&amp#27;[38;5;96m[Chromedriver@0756 (d105eff1)]&amp#27;[0m Proxying [POST /session/8b9c12c4-9c1c-4db2-8d1e-b301ec11f45a/element] to [POST http://127.0.0.1:52851/session/d105eff11b76bfce77f640f2b066a387/element] with body: {"value":"#select2-id_employeelist-container","using":"css selector"}
&amp#27;[38;5;96m[Chromedriver@0756 (d105eff1)]&amp#27;[0m Got response with status 200: {"value":{"element-6066-11e4-a52e-4f735466cecf":"778aaf3a-0e81-4d04-96f6-f6e59abba294"}}
&amp#27;[38;5;0m[HTTP]&amp#27;[0m &amp#27;[37m<-- POST /session/8b9c12c4-9c1c-4db2-8d1e-b301ec11f45a/element &amp#27;[39m&amp#27;[32m200&amp#27;[39m &amp#27;[90m706 ms - 137&amp#27;[39m
&amp#27;[38;5;0m[HTTP]&amp#27;[0m &amp#27;[90m&amp#27;[39m
&amp#27;[38;5;0m[HTTP]&amp#27;[0m &amp#27;[37m-->&amp#27;[39m &amp#27;[37mPOST&amp#27;[39m &amp#27;[37m/session/8b9c12c4-9c1c-4db2-8d1e-b301ec11f45a/element/778aaf3a-0e81-4d04-96f6-f6e59abba294/click&amp#27;[39m
&amp#27;[38;5;0m[HTTP]&amp#27;[0m &amp#27;[90m{"id":"778aaf3a-0e81-4d04-96f6-f6e59abba294"}&amp#27;[39m
&amp#27;[38;5;32m[AndroidUiautomator2Driver@6453 (8b9c12c4)]&amp#27;[0m Driver proxy active, passing request on via HTTP proxy
&amp#27;[38;5;96m[Chromedriver@0756 (d105eff1)]&amp#27;[0m Matched '/session/8b9c12c4-9c1c-4db2-8d1e-b301ec11f45a/element/778aaf3a-0e81-4d04-96f6-f6e59abba294/click' to command name 'click'
&amp#27;[38;5;96m[Chromedriver@0756 (d105eff1)]&amp#27;[0m Proxying [POST /session/8b9c12c4-9c1c-4db2-8d1e-b301ec11f45a/element/778aaf3a-0e81-4d04-96f6-f6e59abba294/click] to [POST http://127.0.0.1:52851/session/d105eff11b76bfce77f640f2b066a387/element/778aaf3a-0e81-4d04-96f6-f6e59abba294/click] with body: {"id":"778aaf3a-0e81-4d04-96f6-f6e59abba294"}
&amp#27;[38;5;96m[Chromedriver@0756 (d105eff1)]&amp#27;[0m Got response with status 200: {"value":null}
&amp#27;[38;5;0m[HTTP]&amp#27;[0m &amp#27;[37m<-- POST /session/8b9c12c4-9c1c-4db2-8d1e-b301ec11f45a/element/778aaf3a-0e81-4d04-96f6-f6e59abba294/click &amp#27;[39m&amp#27;[32m200&amp#27;[39m &amp#27;[90m342 ms - 14&amp#27;[39m
&amp#27;[38;5;0m[HTTP]&amp#27;[0m &amp#27;[90m&amp#27;[39m
Clicked on dropdown
&amp#27;[38;5;0m[HTTP]&amp#27;[0m &amp#27;[37m-->&amp#27;[39m &amp#27;[37mPOST&amp#27;[39m &amp#27;[37m/session/8b9c12c4-9c1c-4db2-8d1e-b301ec11f45a/element&amp#27;[39m
&amp#27;[38;5;0m[HTTP]&amp#27;[0m &amp#27;[90m{"value":"/html/body/span/span/span[1]/input","using":"xpath"}&amp#27;[39m
&amp#27;[38;5;32m[AndroidUiautomator2Driver@6453 (8b9c12c4)]&amp#27;[0m Driver proxy active, passing request on via HTTP proxy
&amp#27;[38;5;96m[Chromedriver@0756 (d105eff1)]&amp#27;[0m Matched '/session/8b9c12c4-9c1c-4db2-8d1e-b301ec11f45a/element' to command name 'findElement'
&amp#27;[38;5;96m[Chromedriver@0756 (d105eff1)]&amp#27;[0m Proxying [POST /session/8b9c12c4-9c1c-4db2-8d1e-b301ec11f45a/element] to [POST http://127.0.0.1:52851/session/d105eff11b76bfce77f640f2b066a387/element] with body: {"value":"/html/body/span/span/span[1]/input","using":"xpath"}
&amp#27;[38;5;96m[Chromedriver@0756 (d105eff1)]&amp#27;[0m Got response with status 200: {"value":{"element-6066-11e4-a52e-4f735466cecf":"eb2dfcfd-bfc4-4d18-a6a6-4e04f56c9825"}}
&amp#27;[38;5;0m[HTTP]&amp#27;[0m &amp#27;[37m<-- POST /session/8b9c12c4-9c1c-4db2-8d1e-b301ec11f45a/element &amp#27;[39m&amp#27;[32m200&amp#27;[39m &amp#27;[90m66 ms - 137&amp#27;[39m
&amp#27;[38;5;0m[HTTP]&amp#27;[0m &amp#27;[90m&amp#27;[39m
&amp#27;[38;5;0m[HTTP]&amp#27;[0m &amp#27;[37m-->&amp#27;[39m &amp#27;[37mPOST&amp#27;[39m &amp#27;[37m/session/8b9c12c4-9c1c-4db2-8d1e-b301ec11f45a/element/eb2dfcfd-bfc4-4d18-a6a6-4e04f56c9825/value&amp#27;[39m
&amp#27;[38;5;0m[HTTP]&amp#27;[0m &amp#27;[90m{"value":["S","A","N","J","A","Y"],"id":"eb2dfcfd-bfc4-4d18-a6a6-4e04f56c9825","text":"SANJAY"}&amp#27;[39m
&amp#27;[38;5;32m[AndroidUiautomator2Driver@6453 (8b9c12c4)]&amp#27;[0m Driver proxy active, passing request on via HTTP proxy
&amp#27;[38;5;96m[Chromedriver@0756 (d105eff1)]&amp#27;[0m Matched '/session/8b9c12c4-9c1c-4db2-8d1e-b301ec11f45a/element/eb2dfcfd-bfc4-4d18-a6a6-4e04f56c9825/value' to command name 'setValue'
&amp#27;[38;5;96m[Chromedriver@0756 (d105eff1)]&amp#27;[0m Proxying [POST /session/8b9c12c4-9c1c-4db2-8d1e-b301ec11f45a/element/eb2dfcfd-bfc4-4d18-a6a6-4e04f56c9825/value] to [POST http://127.0.0.1:52851/session/d105eff11b76bfce77f640f2b066a387/element/eb2dfcfd-bfc4-4d18-a6a6-4e04f56c9825/value] with body: {"value":["S","A","N","J","A","Y"],"id":"eb2dfcfd-bfc4-4d18-a6a6-4e04f56c9825","text":"SANJAY"}
&amp#27;[38;5;96m[Chromedriver@0756 (d105eff1)]&amp#27;[0m Got response with status 200: {"value":null}
&amp#27;[38;5;0m[HTTP]&amp#27;[0m &amp#27;[37m<-- POST /session/8b9c12c4-9c1c-4db2-8d1e-b301ec11f45a/element/eb2dfcfd-bfc4-4d18-a6a6-4e04f56c9825/value &amp#27;[39m&amp#27;[32m200&amp#27;[39m &amp#27;[90m722 ms - 14&amp#27;[39m
&amp#27;[38;5;0m[HTTP]&amp#27;[0m &amp#27;[90m&amp#27;[39m
&amp#27;[38;5;0m[HTTP]&amp#27;[0m &amp#27;[37m-->&amp#27;[39m &amp#27;[37mPOST&amp#27;[39m &amp#27;[37m/session/8b9c12c4-9c1c-4db2-8d1e-b301ec11f45a/element&amp#27;[39m
&amp#27;[38;5;0m[HTTP]&amp#27;[0m &amp#27;[90m{"value":"/html/body/span/span/span[2]","using":"xpath"}&amp#27;[39m
&amp#27;[38;5;32m[AndroidUiautomator2Driver@6453 (8b9c12c4)]&amp#27;[0m Driver proxy active, passing request on via HTTP proxy
&amp#27;[38;5;96m[Chromedriver@0756 (d105eff1)]&amp#27;[0m Matched '/session/8b9c12c4-9c1c-4db2-8d1e-b301ec11f45a/element' to command name 'findElement'
&amp#27;[38;5;96m[Chromedriver@0756 (d105eff1)]&amp#27;[0m Proxying [POST /session/8b9c12c4-9c1c-4db2-8d1e-b301ec11f45a/element] to [POST http://127.0.0.1:52851/session/d105eff11b76bfce77f640f2b066a387/element] with body: {"value":"/html/body/span/span/span[2]","using":"xpath"}
&amp#27;[38;5;96m[Chromedriver@0756 (d105eff1)]&amp#27;[0m Got response with status 200: {"value":{"element-6066-11e4-a52e-4f735466cecf":"d17b155c-a1b3-4f98-b186-f190622bd239"}}
&amp#27;[38;5;0m[HTTP]&amp#27;[0m &amp#27;[37m<-- POST /session/8b9c12c4-9c1c-4db2-8d1e-b301ec11f45a/element &amp#27;[39m&amp#27;[32m200&amp#27;[39m &amp#27;[90m38 ms - 137&amp#27;[39m
&amp#27;[38;5;0m[HTTP]&amp#27;[0m &amp#27;[90m&amp#27;[39m
&amp#27;[38;5;0m[HTTP]&amp#27;[0m &amp#27;[37m-->&amp#27;[39m &amp#27;[37mPOST&amp#27;[39m &amp#27;[37m/session/8b9c12c4-9c1c-4db2-8d1e-b301ec11f45a/element/d17b155c-a1b3-4f98-b186-f190622bd239/elements&amp#27;[39m
&amp#27;[38;5;0m[HTTP]&amp#27;[0m &amp#27;[90m{"value":"li","id":"d17b155c-a1b3-4f98-b186-f190622bd239","using":"tag name"}&amp#27;[39m
&amp#27;[38;5;32m[AndroidUiautomator2Driver@6453 (8b9c12c4)]&amp#27;[0m Driver proxy active, passing request on via HTTP proxy
&amp#27;[38;5;96m[Chromedriver@0756 (d105eff1)]&amp#27;[0m Matched '/session/8b9c12c4-9c1c-4db2-8d1e-b301ec11f45a/element/d17b155c-a1b3-4f98-b186-f190622bd239/elements' to command name 'findElementsFromElement'
&amp#27;[38;5;96m[Chromedriver@0756 (d105eff1)]&amp#27;[0m Proxying [POST /session/8b9c12c4-9c1c-4db2-8d1e-b301ec11f45a/element/d17b155c-a1b3-4f98-b186-f190622bd239/elements] to [POST http://127.0.0.1:52851/session/d105eff11b76bfce77f640f2b066a387/element/d17b155c-a1b3-4f98-b186-f190622bd239/elements] with body: {"value":"li","id":"d17b155c-a1b3-4f98-b186-f190622bd239","using":"tag name"}
&amp#27;[38;5;96m[Chromedriver@0756 (d105eff1)]&amp#27;[0m Got response with status 200: {"value":[{"element-6066-11e4-a52e-4f735466cecf":"10a40242-4639-4168-86b1-865f38d7a134"}]}
&amp#27;[38;5;0m[HTTP]&amp#27;[0m &amp#27;[37m<-- POST /session/8b9c12c4-9c1c-4db2-8d1e-b301ec11f45a/element/d17b155c-a1b3-4f98-b186-f190622bd239/elements &amp#27;[39m&amp#27;[32m200&amp#27;[39m &amp#27;[90m30 ms - 139&amp#27;[39m
&amp#27;[38;5;0m[HTTP]&amp#27;[0m &amp#27;[90m&amp#27;[39m
&amp#27;[38;5;0m[HTTP]&amp#27;[0m &amp#27;[37m-->&amp#27;[39m &amp#27;[37mGET&amp#27;[39m &amp#27;[37m/session/8b9c12c4-9c1c-4db2-8d1e-b301ec11f45a/element/10a40242-4639-4168-86b1-865f38d7a134/text&amp#27;[39m
&amp#27;[38;5;0m[HTTP]&amp#27;[0m &amp#27;[90m{}&amp#27;[39m
&amp#27;[38;5;32m[AndroidUiautomator2Driver@6453 (8b9c12c4)]&amp#27;[0m Driver proxy active, passing request on via HTTP proxy
&amp#27;[38;5;96m[Chromedriver@0756 (d105eff1)]&amp#27;[0m Matched '/session/8b9c12c4-9c1c-4db2-8d1e-b301ec11f45a/element/10a40242-4639-4168-86b1-865f38d7a134/text' to command name 'getText'
&amp#27;[38;5;96m[Chromedriver@0756 (d105eff1)]&amp#27;[0m Proxying [GET /session/8b9c12c4-9c1c-4db2-8d1e-b301ec11f45a/element/10a40242-4639-4168-86b1-865f38d7a134/text] to [GET http://127.0.0.1:52851/session/d105eff11b76bfce77f640f2b066a387/element/10a40242-4639-4168-86b1-865f38d7a134/text] with no body
&amp#27;[38;5;96m[Chromedriver@0756 (d105eff1)]&amp#27;[0m Got response with status 200: {"value":"SANJAY THANGAVEL"}
&amp#27;[38;5;0m[HTTP]&amp#27;[0m &amp#27;[37m<-- GET /session/8b9c12c4-9c1c-4db2-8d1e-b301ec11f45a/element/10a40242-4639-4168-86b1-865f38d7a134/text &amp#27;[39m&amp#27;[32m200&amp#27;[39m &amp#27;[90m37 ms - 28&amp#27;[39m
&amp#27;[38;5;0m[HTTP]&amp#27;[0m &amp#27;[90m&amp#27;[39m
&amp#27;[38;5;0m[HTTP]&amp#27;[0m &amp#27;[37m-->&amp#27;[39m &amp#27;[37mPOST&amp#27;[39m &amp#27;[37m/session/8b9c12c4-9c1c-4db2-8d1e-b301ec11f45a/element/10a40242-4639-4168-86b1-865f38d7a134/click&amp#27;[39m
&amp#27;[38;5;0m[HTTP]&amp#27;[0m &amp#27;[90m{"id":"10a40242-4639-4168-86b1-865f38d7a134"}&amp#27;[39m
&amp#27;[38;5;32m[AndroidUiautomator2Driver@6453 (8b9c12c4)]&amp#27;[0m Driver proxy active, passing request on via HTTP proxy
&amp#27;[38;5;96m[Chromedriver@0756 (d105eff1)]&amp#27;[0m Matched '/session/8b9c12c4-9c1c-4db2-8d1e-b301ec11f45a/element/10a40242-4639-4168-86b1-865f38d7a134/click' to command name 'click'
&amp#27;[38;5;96m[Chromedriver@0756 (d105eff1)]&amp#27;[0m Proxying [POST /session/8b9c12c4-9c1c-4db2-8d1e-b301ec11f45a/element/10a40242-4639-4168-86b1-865f38d7a134/click] to [POST http://127.0.0.1:52851/session/d105eff11b76bfce77f640f2b066a387/element/10a40242-4639-4168-86b1-865f38d7a134/click] with body: {"id":"10a40242-4639-4168-86b1-865f38d7a134"}
&amp#27;[38;5;96m[Chromedriver@0756 (d105eff1)]&amp#27;[0m Got response with status 200: {"value":null}
&amp#27;[38;5;0m[HTTP]&amp#27;[0m &amp#27;[37m<-- POST /session/8b9c12c4-9c1c-4db2-8d1e-b301ec11f45a/element/10a40242-4639-4168-86b1-865f38d7a134/click &amp#27;[39m&amp#27;[32m200&amp#27;[39m &amp#27;[90m208 ms - 14&amp#27;[39m
&amp#27;[38;5;0m[HTTP]&amp#27;[0m &amp#27;[90m&amp#27;[39m
Selected Employee as Sanjay Thangavel
Sending the asset id which we created A20240001444
&amp#27;[38;5;0m[HTTP]&amp#27;[0m &amp#27;[37m-->&amp#27;[39m &amp#27;[37mPOST&amp#27;[39m &amp#27;[37m/session/8b9c12c4-9c1c-4db2-8d1e-b301ec11f45a/element&amp#27;[39m
&amp#27;[38;5;0m[HTTP]&amp#27;[0m &amp#27;[90m{"value":"#id_preventive_search","using":"css selector"}&amp#27;[39m
&amp#27;[38;5;32m[AndroidUiautomator2Driver@6453 (8b9c12c4)]&amp#27;[0m Driver proxy active, passing request on via HTTP proxy
&amp#27;[38;5;96m[Chromedriver@0756 (d105eff1)]&amp#27;[0m Matched '/session/8b9c12c4-9c1c-4db2-8d1e-b301ec11f45a/element' to command name 'findElement'
&amp#27;[38;5;96m[Chromedriver@0756 (d105eff1)]&amp#27;[0m Proxying [POST /session/8b9c12c4-9c1c-4db2-8d1e-b301ec11f45a/element] to [POST http://127.0.0.1:52851/session/d105eff11b76bfce77f640f2b066a387/element] with body: {"value":"#id_preventive_search","using":"css selector"}
&amp#27;[38;5;96m[Chromedriver@0756 (d105eff1)]&amp#27;[0m Got response with status 200: {"value":{"element-6066-11e4-a52e-4f735466cecf":"3dae26af-c049-4280-baa1-d4156262d76d"}}
&amp#27;[38;5;0m[HTTP]&amp#27;[0m &amp#27;[37m<-- POST /session/8b9c12c4-9c1c-4db2-8d1e-b301ec11f45a/element &amp#27;[39m&amp#27;[32m200&amp#27;[39m &amp#27;[90m65 ms - 137&amp#27;[39m
&amp#27;[38;5;0m[HTTP]&amp#27;[0m &amp#27;[90m&amp#27;[39m
&amp#27;[38;5;0m[HTTP]&amp#27;[0m &amp#27;[37m-->&amp#27;[39m &amp#27;[37mPOST&amp#27;[39m &amp#27;[37m/session/8b9c12c4-9c1c-4db2-8d1e-b301ec11f45a/element/3dae26af-c049-4280-baa1-d4156262d76d/value&amp#27;[39m
&amp#27;[38;5;0m[HTTP]&amp#27;[0m &amp#27;[90m{"value":["A","2","0","2","4","0","0","0","1","4","4","4"],"id":"3dae26af-c049-4280-baa1-d4156262d76d","text":"A20240001444"}&amp#27;[39m
&amp#27;[38;5;32m[AndroidUiautomator2Driver@6453 (8b9c12c4)]&amp#27;[0m Driver proxy active, passing request on via HTTP proxy
&amp#27;[38;5;96m[Chromedriver@0756 (d105eff1)]&amp#27;[0m Matched '/session/8b9c12c4-9c1c-4db2-8d1e-b301ec11f45a/element/3dae26af-c049-4280-baa1-d4156262d76d/value' to command name 'setValue'
&amp#27;[38;5;96m[Chromedriver@0756 (d105eff1)]&amp#27;[0m Proxying [POST /session/8b9c12c4-9c1c-4db2-8d1e-b301ec11f45a/element/3dae26af-c049-4280-baa1-d4156262d76d/value] to [POST http://127.0.0.1:52851/session/d105eff11b76bfce77f640f2b066a387/element/3dae26af-c049-4280-baa1-d4156262d76d/value] with body: {"value":["A","2","0","2","4","0","0","0","1","4","4","4"],"id":"3dae26af-c049-4280-baa1-d4156262d76d","text":"A20240001444"}
&amp#27;[38;5;96m[Chromedriver@0756 (d105eff1)]&amp#27;[0m Got response with status 200: {"value":null}
&amp#27;[38;5;0m[HTTP]&amp#27;[0m &amp#27;[37m<-- POST /session/8b9c12c4-9c1c-4db2-8d1e-b301ec11f45a/element/3dae26af-c049-4280-baa1-d4156262d76d/value &amp#27;[39m&amp#27;[32m200&amp#27;[39m &amp#27;[90m1102 ms - 14&amp#27;[39m
&amp#27;[38;5;0m[HTTP]&amp#27;[0m &amp#27;[90m&amp#27;[39m
The Assetid sent into the Assetid box successfully
&amp#27;[38;5;0m[HTTP]&amp#27;[0m &amp#27;[37m-->&amp#27;[39m &amp#27;[37mPOST&amp#27;[39m &amp#27;[37m/session/8b9c12c4-9c1c-4db2-8d1e-b301ec11f45a/element&amp#27;[39m
&amp#27;[38;5;0m[HTTP]&amp#27;[0m &amp#27;[90m{"value":"//*[@id=\"id_btn_search_asset\"]/i","using":"xpath"}&amp#27;[39m
&amp#27;[38;5;32m[AndroidUiautomator2Driver@6453 (8b9c12c4)]&amp#27;[0m Driver proxy active, passing request on via HTTP proxy
&amp#27;[38;5;96m[Chromedriver@0756 (d105eff1)]&amp#27;[0m Matched '/session/8b9c12c4-9c1c-4db2-8d1e-b301ec11f45a/element' to command name 'findElement'
&amp#27;[38;5;96m[Chromedriver@0756 (d105eff1)]&amp#27;[0m Proxying [POST /session/8b9c12c4-9c1c-4db2-8d1e-b301ec11f45a/element] to [POST http://127.0.0.1:52851/session/d105eff11b76bfce77f640f2b066a387/element] with body: {"value":"//*[@id=\"id_btn_search_asset\"]/i","using":"xpath"}
&amp#27;[38;5;96m[Chromedriver@0756 (d105eff1)]&amp#27;[0m Got response with status 200: {"value":{"element-6066-11e4-a52e-4f735466cecf":"1ab6e3d7-eb5f-4556-89da-e28c39de163e"}}
&amp#27;[38;5;0m[HTTP]&amp#27;[0m &amp#27;[37m<-- POST /session/8b9c12c4-9c1c-4db2-8d1e-b301ec11f45a/element &amp#27;[39m&amp#27;[32m200&amp#27;[39m &amp#27;[90m34 ms - 137&amp#27;[39m
&amp#27;[38;5;0m[HTTP]&amp#27;[0m &amp#27;[90m&amp#27;[39m
&amp#27;[38;5;0m[HTTP]&amp#27;[0m &amp#27;[37m-->&amp#27;[39m &amp#27;[37mPOST&amp#27;[39m &amp#27;[37m/session/8b9c12c4-9c1c-4db2-8d1e-b301ec11f45a/element/1ab6e3d7-eb5f-4556-89da-e28c39de163e/click&amp#27;[39m
&amp#27;[38;5;0m[HTTP]&amp#27;[0m &amp#27;[90m{"id":"1ab6e3d7-eb5f-4556-89da-e28c39de163e"}&amp#27;[39m
&amp#27;[38;5;32m[AndroidUiautomator2Driver@6453 (8b9c12c4)]&amp#27;[0m Driver proxy active, passing request on via HTTP proxy
&amp#27;[38;5;96m[Chromedriver@0756 (d105eff1)]&amp#27;[0m Matched '/session/8b9c12c4-9c1c-4db2-8d1e-b301ec11f45a/element/1ab6e3d7-eb5f-4556-89da-e28c39de163e/click' to command name 'click'
&amp#27;[38;5;96m[Chromedriver@0756 (d105eff1)]&amp#27;[0m Proxying [POST /session/8b9c12c4-9c1c-4db2-8d1e-b301ec11f45a/element/1ab6e3d7-eb5f-4556-89da-e28c39de163e/click] to [POST http://127.0.0.1:52851/session/d105eff11b76bfce77f640f2b066a387/element/1ab6e3d7-eb5f-4556-89da-e28c39de163e/click] with body: {"id":"1ab6e3d7-eb5f-4556-89da-e28c39de163e"}
&amp#27;[38;5;96m[Chromedriver@0756 (d105eff1)]&amp#27;[0m Got response with status 200: {"value":null}
&amp#27;[38;5;0m[HTTP]&amp#27;[0m &amp#27;[37m<-- POST /session/8b9c12c4-9c1c-4db2-8d1e-b301ec11f45a/element/1ab6e3d7-eb5f-4556-89da-e28c39de163e/click &amp#27;[39m&amp#27;[32m200&amp#27;[39m &amp#27;[90m327 ms - 14&amp#27;[39m
&amp#27;[38;5;0m[HTTP]&amp#27;[0m &amp#27;[90m&amp#27;[39m
&amp#27;[38;5;0m[HTTP]&amp#27;[0m &amp#27;[37m-->&amp#27;[39m &amp#27;[37mPOST&amp#27;[39m &amp#27;[37m/session/8b9c12c4-9c1c-4db2-8d1e-b301ec11f45a/element&amp#27;[39m
&amp#27;[38;5;0m[HTTP]&amp#27;[0m &amp#27;[90m{"value":"//*[@id=\"id_assetcategory\"]//preceding::input[1]","using":"xpath"}&amp#27;[39m
&amp#27;[38;5;32m[AndroidUiautomator2Driver@6453 (8b9c12c4)]&amp#27;[0m Driver proxy active, passing request on via HTTP proxy
&amp#27;[38;5;96m[Chromedriver@0756 (d105eff1)]&amp#27;[0m Matched '/session/8b9c12c4-9c1c-4db2-8d1e-b301ec11f45a/element' to command name 'findElement'
&amp#27;[38;5;96m[Chromedriver@0756 (d105eff1)]&amp#27;[0m Proxying [POST /session/8b9c12c4-9c1c-4db2-8d1e-b301ec11f45a/element] to [POST http://127.0.0.1:52851/session/d105eff11b76bfce77f640f2b066a387/element] with body: {"value":"//*[@id=\"id_assetcategory\"]//preceding::input[1]","using":"xpath"}
&amp#27;[38;5;96m[Chromedriver@0756 (d105eff1)]&amp#27;[0m Got response with status 200: {"value":{"element-6066-11e4-a52e-4f735466cecf":"dbaa28f0-08af-4e66-a1dd-fd9456f738e3"}}
&amp#27;[38;5;0m[HTTP]&amp#27;[0m &amp#27;[37m<-- POST /session/8b9c12c4-9c1c-4db2-8d1e-b301ec11f45a/element &amp#27;[39m&amp#27;[32m200&amp#27;[39m &amp#27;[90m344 ms - 137&amp#27;[39m
&amp#27;[38;5;0m[HTTP]&amp#27;[0m &amp#27;[90m&amp#27;[39m
&amp#27;[38;5;0m[HTTP]&amp#27;[0m &amp#27;[37m-->&amp#27;[39m &amp#27;[37mPOST&amp#27;[39m &amp#27;[37m/session/8b9c12c4-9c1c-4db2-8d1e-b301ec11f45a/element/dbaa28f0-08af-4e66-a1dd-fd9456f738e3/value&amp#27;[39m
&amp#27;[38;5;0m[HTTP]&amp#27;[0m &amp#27;[90m{"value":["A","2","0","2","4","0","0","0","1","4","4","4"],"id":"dbaa28f0-08af-4e66-a1dd-fd9456f738e3","text":"A20240001444"}&amp#27;[39m
&amp#27;[38;5;32m[AndroidUiautomator2Driver@6453 (8b9c12c4)]&amp#27;[0m Driver proxy active, passing request on via HTTP proxy
&amp#27;[38;5;96m[Chromedriver@0756 (d105eff1)]&amp#27;[0m Matched '/session/8b9c12c4-9c1c-4db2-8d1e-b301ec11f45a/element/dbaa28f0-08af-4e66-a1dd-fd9456f738e3/value' to command name 'setValue'
&amp#27;[38;5;96m[Chromedriver@0756 (d105eff1)]&amp#27;[0m Proxying [POST /session/8b9c12c4-9c1c-4db2-8d1e-b301ec11f45a/element/dbaa28f0-08af-4e66-a1dd-fd9456f738e3/value] to [POST http://127.0.0.1:52851/session/d105eff11b76bfce77f640f2b066a387/element/dbaa28f0-08af-4e66-a1dd-fd9456f738e3/value] with body: {"value":["A","2","0","2","4","0","0","0","1","4","4","4"],"id":"dbaa28f0-08af-4e66-a1dd-fd9456f738e3","text":"A20240001444"}
&amp#27;[38;5;96m[Chromedriver@0756 (d105eff1)]&amp#27;[0m Got response with status 200: {"value":null}
&amp#27;[38;5;0m[HTTP]&amp#27;[0m &amp#27;[37m<-- POST /session/8b9c12c4-9c1c-4db2-8d1e-b301ec11f45a/element/dbaa28f0-08af-4e66-a1dd-fd9456f738e3/value &amp#27;[39m&amp#27;[32m200&amp#27;[39m &amp#27;[90m2063 ms - 14&amp#27;[39m
&amp#27;[38;5;0m[HTTP]&amp#27;[0m &amp#27;[90m&amp#27;[39m
Sent the asset id in the new window
&amp#27;[38;5;0m[HTTP]&amp#27;[0m &amp#27;[37m-->&amp#27;[39m &amp#27;[37mPOST&amp#27;[39m &amp#27;[37m/session/8b9c12c4-9c1c-4db2-8d1e-b301ec11f45a/element&amp#27;[39m
&amp#27;[38;5;0m[HTTP]&amp#27;[0m &amp#27;[90m{"value":"//*[@id=\"id_assetcategory\"]","using":"xpath"}&amp#27;[39m
&amp#27;[38;5;32m[AndroidUiautomator2Driver@6453 (8b9c12c4)]&amp#27;[0m Driver proxy active, passing request on via HTTP proxy
&amp#27;[38;5;96m[Chromedriver@0756 (d105eff1)]&amp#27;[0m Matched '/session/8b9c12c4-9c1c-4db2-8d1e-b301ec11f45a/element' to command name 'findElement'
&amp#27;[38;5;96m[Chromedriver@0756 (d105eff1)]&amp#27;[0m Proxying [POST /session/8b9c12c4-9c1c-4db2-8d1e-b301ec11f45a/element] to [POST http://127.0.0.1:52851/session/d105eff11b76bfce77f640f2b066a387/element] with body: {"value":"//*[@id=\"id_assetcategory\"]","using":"xpath"}
&amp#27;[38;5;96m[Chromedriver@0756 (d105eff1)]&amp#27;[0m Got response with status 200: {"value":{"element-6066-11e4-a52e-4f735466cecf":"5970996d-18b0-4959-a4aa-b0ae7be9af3e"}}
&amp#27;[38;5;0m[HTTP]&amp#27;[0m &amp#27;[37m<-- POST /session/8b9c12c4-9c1c-4db2-8d1e-b301ec11f45a/element &amp#27;[39m&amp#27;[32m200&amp#27;[39m &amp#27;[90m322 ms - 137&amp#27;[39m
&amp#27;[38;5;0m[HTTP]&amp#27;[0m &amp#27;[90m&amp#27;[39m
&amp#27;[38;5;0m[HTTP]&amp#27;[0m &amp#27;[37m-->&amp#27;[39m &amp#27;[37mGET&amp#27;[39m &amp#27;[37m/session/8b9c12c4-9c1c-4db2-8d1e-b301ec11f45a/element/5970996d-18b0-4959-a4aa-b0ae7be9af3e/name&amp#27;[39m
&amp#27;[38;5;0m[HTTP]&amp#27;[0m &amp#27;[90m{}&amp#27;[39m
&amp#27;[38;5;32m[AndroidUiautomator2Driver@6453 (8b9c12c4)]&amp#27;[0m Driver proxy active, passing request on via HTTP proxy
&amp#27;[38;5;96m[Chromedriver@0756 (d105eff1)]&amp#27;[0m Matched '/session/8b9c12c4-9c1c-4db2-8d1e-b301ec11f45a/element/5970996d-18b0-4959-a4aa-b0ae7be9af3e/name' to command name 'getName'
&amp#27;[38;5;96m[Chromedriver@0756 (d105eff1)]&amp#27;[0m Proxying [GET /session/8b9c12c4-9c1c-4db2-8d1e-b301ec11f45a/element/5970996d-18b0-4959-a4aa-b0ae7be9af3e/name] to [GET http://127.0.0.1:52851/session/d105eff11b76bfce77f640f2b066a387/element/5970996d-18b0-4959-a4aa-b0ae7be9af3e/name] with no body
&amp#27;[38;5;96m[Chromedriver@0756 (d105eff1)]&amp#27;[0m Got response with status 200: {"value":"select"}
&amp#27;[38;5;0m[HTTP]&amp#27;[0m &amp#27;[37m<-- GET /session/8b9c12c4-9c1c-4db2-8d1e-b301ec11f45a/element/5970996d-18b0-4959-a4aa-b0ae7be9af3e/name &amp#27;[39m&amp#27;[32m200&amp#27;[39m &amp#27;[90m35 ms - 18&amp#27;[39m
&amp#27;[38;5;0m[HTTP]&amp#27;[0m &amp#27;[90m&amp#27;[39m
&amp#27;[38;5;0m[HTTP]&amp#27;[0m &amp#27;[37m-->&amp#27;[39m &amp#27;[37mPOST&amp#27;[39m &amp#27;[37m/session/8b9c12c4-9c1c-4db2-8d1e-b301ec11f45a/element&amp#27;[39m
&amp#27;[38;5;0m[HTTP]&amp#27;[0m &amp#27;[90m{"value":"//*[@id=\"id_assetcategory\"]","using":"xpath"}&amp#27;[39m
&amp#27;[38;5;32m[AndroidUiautomator2Driver@6453 (8b9c12c4)]&amp#27;[0m Driver proxy active, passing request on via HTTP proxy
&amp#27;[38;5;96m[Chromedriver@0756 (d105eff1)]&amp#27;[0m Matched '/session/8b9c12c4-9c1c-4db2-8d1e-b301ec11f45a/element' to command name 'findElement'
&amp#27;[38;5;96m[Chromedriver@0756 (d105eff1)]&amp#27;[0m Proxying [POST /session/8b9c12c4-9c1c-4db2-8d1e-b301ec11f45a/element] to [POST http://127.0.0.1:52851/session/d105eff11b76bfce77f640f2b066a387/element] with body: {"value":"//*[@id=\"id_assetcategory\"]","using":"xpath"}
&amp#27;[38;5;96m[Chromedriver@0756 (d105eff1)]&amp#27;[0m Got response with status 200: {"value":{"element-6066-11e4-a52e-4f735466cecf":"5970996d-18b0-4959-a4aa-b0ae7be9af3e"}}
&amp#27;[38;5;0m[HTTP]&amp#27;[0m &amp#27;[37m<-- POST /session/8b9c12c4-9c1c-4db2-8d1e-b301ec11f45a/element &amp#27;[39m&amp#27;[32m200&amp#27;[39m &amp#27;[90m30 ms - 137&amp#27;[39m
&amp#27;[38;5;0m[HTTP]&amp#27;[0m &amp#27;[90m&amp#27;[39m
&amp#27;[38;5;0m[HTTP]&amp#27;[0m &amp#27;[37m-->&amp#27;[39m &amp#27;[37mGET&amp#27;[39m &amp#27;[37m/session/8b9c12c4-9c1c-4db2-8d1e-b301ec11f45a/element/5970996d-18b0-4959-a4aa-b0ae7be9af3e/attribute/multiple&amp#27;[39m
&amp#27;[38;5;0m[HTTP]&amp#27;[0m &amp#27;[90m{}&amp#27;[39m
&amp#27;[38;5;32m[AndroidUiautomator2Driver@6453 (8b9c12c4)]&amp#27;[0m Driver proxy active, passing request on via HTTP proxy
&amp#27;[38;5;96m[Chromedriver@0756 (d105eff1)]&amp#27;[0m Matched '/session/8b9c12c4-9c1c-4db2-8d1e-b301ec11f45a/element/5970996d-18b0-4959-a4aa-b0ae7be9af3e/attribute/multiple' to command name 'getAttribute'
&amp#27;[38;5;96m[Chromedriver@0756 (d105eff1)]&amp#27;[0m Proxying [GET /session/8b9c12c4-9c1c-4db2-8d1e-b301ec11f45a/element/5970996d-18b0-4959-a4aa-b0ae7be9af3e/attribute/multiple] to [GET http://127.0.0.1:52851/session/d105eff11b76bfce77f640f2b066a387/element/5970996d-18b0-4959-a4aa-b0ae7be9af3e/attribute/multiple] with no body
&amp#27;[38;5;96m[Chromedriver@0756 (d105eff1)]&amp#27;[0m Got response with status 200: {"value":null}
&amp#27;[38;5;0m[HTTP]&amp#27;[0m &amp#27;[37m<-- GET /session/8b9c12c4-9c1c-4db2-8d1e-b301ec11f45a/element/5970996d-18b0-4959-a4aa-b0ae7be9af3e/attribute/multiple &amp#27;[39m&amp#27;[32m200&amp#27;[39m &amp#27;[90m35 ms - 14&amp#27;[39m
&amp#27;[38;5;0m[HTTP]&amp#27;[0m &amp#27;[90m&amp#27;[39m
&amp#27;[38;5;0m[HTTP]&amp#27;[0m &amp#27;[37m-->&amp#27;[39m &amp#27;[37mPOST&amp#27;[39m &amp#27;[37m/session/8b9c12c4-9c1c-4db2-8d1e-b301ec11f45a/element&amp#27;[39m
&amp#27;[38;5;0m[HTTP]&amp#27;[0m &amp#27;[90m{"value":"//*[@id=\"id_assetcategory\"]","using":"xpath"}&amp#27;[39m
&amp#27;[38;5;32m[AndroidUiautomator2Driver@6453 (8b9c12c4)]&amp#27;[0m Driver proxy active, passing request on via HTTP proxy
&amp#27;[38;5;96m[Chromedriver@0756 (d105eff1)]&amp#27;[0m Matched '/session/8b9c12c4-9c1c-4db2-8d1e-b301ec11f45a/element' to command name 'findElement'
&amp#27;[38;5;96m[Chromedriver@0756 (d105eff1)]&amp#27;[0m Proxying [POST /session/8b9c12c4-9c1c-4db2-8d1e-b301ec11f45a/element] to [POST http://127.0.0.1:52851/session/d105eff11b76bfce77f640f2b066a387/element] with body: {"value":"//*[@id=\"id_assetcategory\"]","using":"xpath"}
&amp#27;[38;5;96m[Chromedriver@0756 (d105eff1)]&amp#27;[0m Got response with status 200: {"value":{"element-6066-11e4-a52e-4f735466cecf":"5970996d-18b0-4959-a4aa-b0ae7be9af3e"}}
&amp#27;[38;5;0m[HTTP]&amp#27;[0m &amp#27;[37m<-- POST /session/8b9c12c4-9c1c-4db2-8d1e-b301ec11f45a/element &amp#27;[39m&amp#27;[32m200&amp#27;[39m &amp#27;[90m37 ms - 137&amp#27;[39m
&amp#27;[38;5;0m[HTTP]&amp#27;[0m &amp#27;[90m&amp#27;[39m
&amp#27;[38;5;0m[HTTP]&amp#27;[0m &amp#27;[37m-->&amp#27;[39m &amp#27;[37mGET&amp#27;[39m &amp#27;[37m/session/8b9c12c4-9c1c-4db2-8d1e-b301ec11f45a/element/5970996d-18b0-4959-a4aa-b0ae7be9af3e/enabled&amp#27;[39m
&amp#27;[38;5;0m[HTTP]&amp#27;[0m &amp#27;[90m{}&amp#27;[39m
&amp#27;[38;5;32m[AndroidUiautomator2Driver@6453 (8b9c12c4)]&amp#27;[0m Driver proxy active, passing request on via HTTP proxy
&amp#27;[38;5;96m[Chromedriver@0756 (d105eff1)]&amp#27;[0m Matched '/session/8b9c12c4-9c1c-4db2-8d1e-b301ec11f45a/element/5970996d-18b0-4959-a4aa-b0ae7be9af3e/enabled' to command name 'elementEnabled'
&amp#27;[38;5;96m[Chromedriver@0756 (d105eff1)]&amp#27;[0m Proxying [GET /session/8b9c12c4-9c1c-4db2-8d1e-b301ec11f45a/element/5970996d-18b0-4959-a4aa-b0ae7be9af3e/enabled] to [GET http://127.0.0.1:52851/session/d105eff11b76bfce77f640f2b066a387/element/5970996d-18b0-4959-a4aa-b0ae7be9af3e/enabled] with no body
&amp#27;[38;5;96m[Chromedriver@0756 (d105eff1)]&amp#27;[0m Got response with status 200: {"value":true}
&amp#27;[38;5;0m[HTTP]&amp#27;[0m &amp#27;[37m<-- GET /session/8b9c12c4-9c1c-4db2-8d1e-b301ec11f45a/element/5970996d-18b0-4959-a4aa-b0ae7be9af3e/enabled &amp#27;[39m&amp#27;[32m200&amp#27;[39m &amp#27;[90m47 ms - 14&amp#27;[39m
&amp#27;[38;5;0m[HTTP]&amp#27;[0m &amp#27;[90m&amp#27;[39m
&amp#27;[38;5;0m[HTTP]&amp#27;[0m &amp#27;[37m-->&amp#27;[39m &amp#27;[37mPOST&amp#27;[39m &amp#27;[37m/session/8b9c12c4-9c1c-4db2-8d1e-b301ec11f45a/element&amp#27;[39m
&amp#27;[38;5;0m[HTTP]&amp#27;[0m &amp#27;[90m{"value":"//*[@id=\"id_assetcategory\"]","using":"xpath"}&amp#27;[39m
&amp#27;[38;5;32m[AndroidUiautomator2Driver@6453 (8b9c12c4)]&amp#27;[0m Driver proxy active, passing request on via HTTP proxy
&amp#27;[38;5;96m[Chromedriver@0756 (d105eff1)]&amp#27;[0m Matched '/session/8b9c12c4-9c1c-4db2-8d1e-b301ec11f45a/element' to command name 'findElement'
&amp#27;[38;5;96m[Chromedriver@0756 (d105eff1)]&amp#27;[0m Proxying [POST /session/8b9c12c4-9c1c-4db2-8d1e-b301ec11f45a/element] to [POST http://127.0.0.1:52851/session/d105eff11b76bfce77f640f2b066a387/element] with body: {"value":"//*[@id=\"id_assetcategory\"]","using":"xpath"}
&amp#27;[38;5;96m[Chromedriver@0756 (d105eff1)]&amp#27;[0m Got response with status 200: {"value":{"element-6066-11e4-a52e-4f735466cecf":"5970996d-18b0-4959-a4aa-b0ae7be9af3e"}}
&amp#27;[38;5;0m[HTTP]&amp#27;[0m &amp#27;[37m<-- POST /session/8b9c12c4-9c1c-4db2-8d1e-b301ec11f45a/element &amp#27;[39m&amp#27;[32m200&amp#27;[39m &amp#27;[90m40 ms - 137&amp#27;[39m
&amp#27;[38;5;0m[HTTP]&amp#27;[0m &amp#27;[90m&amp#27;[39m
&amp#27;[38;5;0m[HTTP]&amp#27;[0m &amp#27;[37m-->&amp#27;[39m &amp#27;[37mPOST&amp#27;[39m &amp#27;[37m/session/8b9c12c4-9c1c-4db2-8d1e-b301ec11f45a/element/5970996d-18b0-4959-a4aa-b0ae7be9af3e/elements&amp#27;[39m
&amp#27;[38;5;0m[HTTP]&amp#27;[0m &amp#27;[90m{"value":"option","id":"5970996d-18b0-4959-a4aa-b0ae7be9af3e","using":"tag name"}&amp#27;[39m
&amp#27;[38;5;32m[AndroidUiautomator2Driver@6453 (8b9c12c4)]&amp#27;[0m Driver proxy active, passing request on via HTTP proxy
&amp#27;[38;5;96m[Chromedriver@0756 (d105eff1)]&amp#27;[0m Matched '/session/8b9c12c4-9c1c-4db2-8d1e-b301ec11f45a/element/5970996d-18b0-4959-a4aa-b0ae7be9af3e/elements' to command name 'findElementsFromElement'
&amp#27;[38;5;96m[Chromedriver@0756 (d105eff1)]&amp#27;[0m Proxying [POST /session/8b9c12c4-9c1c-4db2-8d1e-b301ec11f45a/element/5970996d-18b0-4959-a4aa-b0ae7be9af3e/elements] to [POST http://127.0.0.1:52851/session/d105eff11b76bfce77f640f2b066a387/element/5970996d-18b0-4959-a4aa-b0ae7be9af3e/elements] with body: {"value":"option","id":"5970996d-18b0-4959-a4aa-b0ae7be9af3e","using":"tag name"}
&amp#27;[38;5;96m[Chromedriver@0756 (d105eff1)]&amp#27;[0m Got response with status 200: {"value":[{"element-6066-11e4-a52e-4f735466cecf":"ea1a2114-d1da-4e44-8bd4-ccb925d5d4b4"},{"element-6066-11e4-a52e-4f735466cecf":"e7b29f7c-9651-4b98-82c8-189b1187d77a"},{"element-6066-11e4-a52e-4f735466cecf":"d3f7c248-125c-4308-a977-0add18f70ae3"},{"element-6066-11e4-a52e-4f735466cecf":"ea885b54-ade8-4ced-9b87-b83adcac595a"},{"element-6066-11e4-a52e-4f735466cecf":"bf6e4312-4b4f-4dc8-9401-6e6bb9d8d653"},{"element-6066-11e4-a52e-4f735466cecf":"178c63f9-5b23-4fd8-ba4b-80ebdcd31aad"},{"element-6066-11e4-a52e-4f735466cecf":"ba769144-b7d7-4e9b-b7c6-461d8e978019"},{"element-6066-11e4-a52e-4f735466cecf":"e0fb804d-85e4-4889-8b00-49dc3f5e7e74"},{"element-6066-11e4-a52e-4f735466cecf":"557ac018-3917-4c9b-9f75-806426077320"},{"element-6066-11e4-a52e-4f735466cecf":"be93ffc2-4973-42ed-b5fe-38d205dc7a1b"}]}
&amp#27;[38;5;0m[HTTP]&amp#27;[0m &amp#27;[37m<-- POST /session/8b9c12c4-9c1c-4db2-8d1e-b301ec11f45a/element/5970996d-18b0-4959-a4aa-b0ae7be9af3e/elements &amp#27;[39m&amp#27;[32m200&amp#27;[39m &amp#27;[90m42 ms - 1291&amp#27;[39m
&amp#27;[38;5;0m[HTTP]&amp#27;[0m &amp#27;[90m&amp#27;[39m
&amp#27;[38;5;0m[HTTP]&amp#27;[0m &amp#27;[37m-->&amp#27;[39m &amp#27;[37mGET&amp#27;[39m &amp#27;[37m/session/8b9c12c4-9c1c-4db2-8d1e-b301ec11f45a/element/ea1a2114-d1da-4e44-8bd4-ccb925d5d4b4/attribute/index&amp#27;[39m
&amp#27;[38;5;0m[HTTP]&amp#27;[0m &amp#27;[90m{}&amp#27;[39m
&amp#27;[38;5;32m[AndroidUiautomator2Driver@6453 (8b9c12c4)]&amp#27;[0m Driver proxy active, passing request on via HTTP proxy
&amp#27;[38;5;96m[Chromedriver@0756 (d105eff1)]&amp#27;[0m Matched '/session/8b9c12c4-9c1c-4db2-8d1e-b301ec11f45a/element/ea1a2114-d1da-4e44-8bd4-ccb925d5d4b4/attribute/index' to command name 'getAttribute'
&amp#27;[38;5;96m[Chromedriver@0756 (d105eff1)]&amp#27;[0m Proxying [GET /session/8b9c12c4-9c1c-4db2-8d1e-b301ec11f45a/element/ea1a2114-d1da-4e44-8bd4-ccb925d5d4b4/attribute/index] to [GET http://127.0.0.1:52851/session/d105eff11b76bfce77f640f2b066a387/element/ea1a2114-d1da-4e44-8bd4-ccb925d5d4b4/attribute/index] with no body
&amp#27;[38;5;96m[Chromedriver@0756 (d105eff1)]&amp#27;[0m Got response with status 200: {"value":"0"}
&amp#27;[38;5;0m[HTTP]&amp#27;[0m &amp#27;[37m<-- GET /session/8b9c12c4-9c1c-4db2-8d1e-b301ec11f45a/element/ea1a2114-d1da-4e44-8bd4-ccb925d5d4b4/attribute/index &amp#27;[39m&amp#27;[32m200&amp#27;[39m &amp#27;[90m35 ms - 13&amp#27;[39m
&amp#27;[38;5;0m[HTTP]&amp#27;[0m &amp#27;[90m&amp#27;[39m
&amp#27;[38;5;0m[HTTP]&amp#27;[0m &amp#27;[37m-->&amp#27;[39m &amp#27;[37mGET&amp#27;[39m &amp#27;[37m/session/8b9c12c4-9c1c-4db2-8d1e-b301ec11f45a/element/e7b29f7c-9651-4b98-82c8-189b1187d77a/attribute/index&amp#27;[39m
&amp#27;[38;5;0m[HTTP]&amp#27;[0m &amp#27;[90m{}&amp#27;[39m
&amp#27;[38;5;32m[AndroidUiautomator2Driver@6453 (8b9c12c4)]&amp#27;[0m Driver proxy active, passing request on via HTTP proxy
&amp#27;[38;5;96m[Chromedriver@0756 (d105eff1)]&amp#27;[0m Matched '/session/8b9c12c4-9c1c-4db2-8d1e-b301ec11f45a/element/e7b29f7c-9651-4b98-82c8-189b1187d77a/attribute/index' to command name 'getAttribute'
&amp#27;[38;5;96m[Chromedriver@0756 (d105eff1)]&amp#27;[0m Proxying [GET /session/8b9c12c4-9c1c-4db2-8d1e-b301ec11f45a/element/e7b29f7c-9651-4b98-82c8-189b1187d77a/attribute/index] to [GET http://127.0.0.1:52851/session/d105eff11b76bfce77f640f2b066a387/element/e7b29f7c-9651-4b98-82c8-189b1187d77a/attribute/index] with no body
&amp#27;[38;5;96m[Chromedriver@0756 (d105eff1)]&amp#27;[0m Got response with status 200: {"value":"1"}
&amp#27;[38;5;0m[HTTP]&amp#27;[0m &amp#27;[37m<-- GET /session/8b9c12c4-9c1c-4db2-8d1e-b301ec11f45a/element/e7b29f7c-9651-4b98-82c8-189b1187d77a/attribute/index &amp#27;[39m&amp#27;[32m200&amp#27;[39m &amp#27;[90m37 ms - 13&amp#27;[39m
&amp#27;[38;5;0m[HTTP]&amp#27;[0m &amp#27;[90m&amp#27;[39m
&amp#27;[38;5;0m[HTTP]&amp#27;[0m &amp#27;[37m-->&amp#27;[39m &amp#27;[37mGET&amp#27;[39m &amp#27;[37m/session/8b9c12c4-9c1c-4db2-8d1e-b301ec11f45a/element/d3f7c248-125c-4308-a977-0add18f70ae3/attribute/index&amp#27;[39m
&amp#27;[38;5;0m[HTTP]&amp#27;[0m &amp#27;[90m{}&amp#27;[39m
&amp#27;[38;5;32m[AndroidUiautomator2Driver@6453 (8b9c12c4)]&amp#27;[0m Driver proxy active, passing request on via HTTP proxy
&amp#27;[38;5;96m[Chromedriver@0756 (d105eff1)]&amp#27;[0m Matched '/session/8b9c12c4-9c1c-4db2-8d1e-b301ec11f45a/element/d3f7c248-125c-4308-a977-0add18f70ae3/attribute/index' to command name 'getAttribute'
&amp#27;[38;5;96m[Chromedriver@0756 (d105eff1)]&amp#27;[0m Proxying [GET /session/8b9c12c4-9c1c-4db2-8d1e-b301ec11f45a/element/d3f7c248-125c-4308-a977-0add18f70ae3/attribute/index] to [GET http://127.0.0.1:52851/session/d105eff11b76bfce77f640f2b066a387/element/d3f7c248-125c-4308-a977-0add18f70ae3/attribute/index] with no body
&amp#27;[38;5;96m[Chromedriver@0756 (d105eff1)]&amp#27;[0m Got response with status 200: {"value":"2"}
&amp#27;[38;5;0m[HTTP]&amp#27;[0m &amp#27;[37m<-- GET /session/8b9c12c4-9c1c-4db2-8d1e-b301ec11f45a/element/d3f7c248-125c-4308-a977-0add18f70ae3/attribute/index &amp#27;[39m&amp#27;[32m200&amp#27;[39m &amp#27;[90m41 ms - 13&amp#27;[39m
&amp#27;[38;5;0m[HTTP]&amp#27;[0m &amp#27;[90m&amp#27;[39m
&amp#27;[38;5;0m[HTTP]&amp#27;[0m &amp#27;[37m-->&amp#27;[39m &amp#27;[37mGET&amp#27;[39m &amp#27;[37m/session/8b9c12c4-9c1c-4db2-8d1e-b301ec11f45a/element/d3f7c248-125c-4308-a977-0add18f70ae3/enabled&amp#27;[39m
&amp#27;[38;5;0m[HTTP]&amp#27;[0m &amp#27;[90m{}&amp#27;[39m
&amp#27;[38;5;32m[AndroidUiautomator2Driver@6453 (8b9c12c4)]&amp#27;[0m Driver proxy active, passing request on via HTTP proxy
&amp#27;[38;5;96m[Chromedriver@0756 (d105eff1)]&amp#27;[0m Matched '/session/8b9c12c4-9c1c-4db2-8d1e-b301ec11f45a/element/d3f7c248-125c-4308-a977-0add18f70ae3/enabled' to command name 'elementEnabled'
&amp#27;[38;5;96m[Chromedriver@0756 (d105eff1)]&amp#27;[0m Proxying [GET /session/8b9c12c4-9c1c-4db2-8d1e-b301ec11f45a/element/d3f7c248-125c-4308-a977-0add18f70ae3/enabled] to [GET http://127.0.0.1:52851/session/d105eff11b76bfce77f640f2b066a387/element/d3f7c248-125c-4308-a977-0add18f70ae3/enabled] with no body
&amp#27;[38;5;96m[Chromedriver@0756 (d105eff1)]&amp#27;[0m Got response with status 200: {"value":true}
&amp#27;[38;5;0m[HTTP]&amp#27;[0m &amp#27;[37m<-- GET /session/8b9c12c4-9c1c-4db2-8d1e-b301ec11f45a/element/d3f7c248-125c-4308-a977-0add18f70ae3/enabled &amp#27;[39m&amp#27;[32m200&amp#27;[39m &amp#27;[90m41 ms - 14&amp#27;[39m
&amp#27;[38;5;0m[HTTP]&amp#27;[0m &amp#27;[90m&amp#27;[39m
&amp#27;[38;5;0m[HTTP]&amp#27;[0m &amp#27;[37m-->&amp#27;[39m &amp#27;[37mGET&amp#27;[39m &amp#27;[37m/session/8b9c12c4-9c1c-4db2-8d1e-b301ec11f45a/element/d3f7c248-125c-4308-a977-0add18f70ae3/selected&amp#27;[39m
&amp#27;[38;5;0m[HTTP]&amp#27;[0m &amp#27;[90m{}&amp#27;[39m
&amp#27;[38;5;32m[AndroidUiautomator2Driver@6453 (8b9c12c4)]&amp#27;[0m Driver proxy active, passing request on via HTTP proxy
&amp#27;[38;5;96m[Chromedriver@0756 (d105eff1)]&amp#27;[0m Matched '/session/8b9c12c4-9c1c-4db2-8d1e-b301ec11f45a/element/d3f7c248-125c-4308-a977-0add18f70ae3/selected' to command name 'elementSelected'
&amp#27;[38;5;96m[Chromedriver@0756 (d105eff1)]&amp#27;[0m Proxying [GET /session/8b9c12c4-9c1c-4db2-8d1e-b301ec11f45a/element/d3f7c248-125c-4308-a977-0add18f70ae3/selected] to [GET http://127.0.0.1:52851/session/d105eff11b76bfce77f640f2b066a387/element/d3f7c248-125c-4308-a977-0add18f70ae3/selected] with no body
&amp#27;[38;5;96m[Chromedriver@0756 (d105eff1)]&amp#27;[0m Got response with status 200: {"value":false}
&amp#27;[38;5;0m[HTTP]&amp#27;[0m &amp#27;[37m<-- GET /session/8b9c12c4-9c1c-4db2-8d1e-b301ec11f45a/element/d3f7c248-125c-4308-a977-0add18f70ae3/selected &amp#27;[39m&amp#27;[32m200&amp#27;[39m &amp#27;[90m36 ms - 15&amp#27;[39m
&amp#27;[38;5;0m[HTTP]&amp#27;[0m &amp#27;[90m&amp#27;[39m
&amp#27;[38;5;0m[HTTP]&amp#27;[0m &amp#27;[37m-->&amp#27;[39m &amp#27;[37mPOST&amp#27;[39m &amp#27;[37m/session/8b9c12c4-9c1c-4db2-8d1e-b301ec11f45a/element/d3f7c248-125c-4308-a977-0add18f70ae3/click&amp#27;[39m
&amp#27;[38;5;0m[HTTP]&amp#27;[0m &amp#27;[90m{"id":"d3f7c248-125c-4308-a977-0add18f70ae3"}&amp#27;[39m
&amp#27;[38;5;32m[AndroidUiautomator2Driver@6453 (8b9c12c4)]&amp#27;[0m Driver proxy active, passing request on via HTTP proxy
&amp#27;[38;5;96m[Chromedriver@0756 (d105eff1)]&amp#27;[0m Matched '/session/8b9c12c4-9c1c-4db2-8d1e-b301ec11f45a/element/d3f7c248-125c-4308-a977-0add18f70ae3/click' to command name 'click'
&amp#27;[38;5;96m[Chromedriver@0756 (d105eff1)]&amp#27;[0m Proxying [POST /session/8b9c12c4-9c1c-4db2-8d1e-b301ec11f45a/element/d3f7c248-125c-4308-a977-0add18f70ae3/click] to [POST http://127.0.0.1:52851/session/d105eff11b76bfce77f640f2b066a387/element/d3f7c248-125c-4308-a977-0add18f70ae3/click] with body: {"id":"d3f7c248-125c-4308-a977-0add18f70ae3"}
&amp#27;[38;5;96m[Chromedriver@0756 (d105eff1)]&amp#27;[0m Got response with status 200: {"value":null}
&amp#27;[38;5;0m[HTTP]&amp#27;[0m &amp#27;[37m<-- POST /session/8b9c12c4-9c1c-4db2-8d1e-b301ec11f45a/element/d3f7c248-125c-4308-a977-0add18f70ae3/click &amp#27;[39m&amp#27;[32m200&amp#27;[39m &amp#27;[90m293 ms - 14&amp#27;[39m
&amp#27;[38;5;0m[HTTP]&amp#27;[0m &amp#27;[90m&amp#27;[39m
The category was selected in the new window
&amp#27;[38;5;0m[HTTP]&amp#27;[0m &amp#27;[37m-->&amp#27;[39m &amp#27;[37mPOST&amp#27;[39m &amp#27;[37m/session/8b9c12c4-9c1c-4db2-8d1e-b301ec11f45a/element&amp#27;[39m
&amp#27;[38;5;0m[HTTP]&amp#27;[0m &amp#27;[90m{"value":"#id_available_asset_list > tbody > tr > td:nth-child(4) > a","using":"css selector"}&amp#27;[39m
&amp#27;[38;5;32m[AndroidUiautomator2Driver@6453 (8b9c12c4)]&amp#27;[0m Driver proxy active, passing request on via HTTP proxy
&amp#27;[38;5;96m[Chromedriver@0756 (d105eff1)]&amp#27;[0m Matched '/session/8b9c12c4-9c1c-4db2-8d1e-b301ec11f45a/element' to command name 'findElement'
&amp#27;[38;5;96m[Chromedriver@0756 (d105eff1)]&amp#27;[0m Proxying [POST /session/8b9c12c4-9c1c-4db2-8d1e-b301ec11f45a/element] to [POST http://127.0.0.1:52851/session/d105eff11b76bfce77f640f2b066a387/element] with body: {"value":"#id_available_asset_list > tbody > tr > td:nth-child(4) > a","using":"css selector"}
&amp#27;[38;5;96m[Chromedriver@0756 (d105eff1)]&amp#27;[0m Got response with status 200: {"value":{"element-6066-11e4-a52e-4f735466cecf":"ecdf87c2-2bb0-4286-ad4a-9f3343fd4c7d"}}
&amp#27;[38;5;0m[HTTP]&amp#27;[0m &amp#27;[37m<-- POST /session/8b9c12c4-9c1c-4db2-8d1e-b301ec11f45a/element &amp#27;[39m&amp#27;[32m200&amp#27;[39m &amp#27;[90m206 ms - 137&amp#27;[39m
&amp#27;[38;5;0m[HTTP]&amp#27;[0m &amp#27;[90m&amp#27;[39m
&amp#27;[38;5;0m[HTTP]&amp#27;[0m &amp#27;[37m-->&amp#27;[39m &amp#27;[37mPOST&amp#27;[39m &amp#27;[37m/session/8b9c12c4-9c1c-4db2-8d1e-b301ec11f45a/element/ecdf87c2-2bb0-4286-ad4a-9f3343fd4c7d/click&amp#27;[39m
&amp#27;[38;5;0m[HTTP]&amp#27;[0m &amp#27;[90m{"id":"ecdf87c2-2bb0-4286-ad4a-9f3343fd4c7d"}&amp#27;[39m
&amp#27;[38;5;32m[AndroidUiautomator2Driver@6453 (8b9c12c4)]&amp#27;[0m Driver proxy active, passing request on via HTTP proxy
&amp#27;[38;5;96m[Chromedriver@0756 (d105eff1)]&amp#27;[0m Matched '/session/8b9c12c4-9c1c-4db2-8d1e-b301ec11f45a/element/ecdf87c2-2bb0-4286-ad4a-9f3343fd4c7d/click' to command name 'click'
&amp#27;[38;5;96m[Chromedriver@0756 (d105eff1)]&amp#27;[0m Proxying [POST /session/8b9c12c4-9c1c-4db2-8d1e-b301ec11f45a/element/ecdf87c2-2bb0-4286-ad4a-9f3343fd4c7d/click] to [POST http://127.0.0.1:52851/session/d105eff11b76bfce77f640f2b066a387/element/ecdf87c2-2bb0-4286-ad4a-9f3343fd4c7d/click] with body: {"id":"ecdf87c2-2bb0-4286-ad4a-9f3343fd4c7d"}
&amp#27;[38;5;96m[Chromedriver@0756 (d105eff1)]&amp#27;[0m Got response with status 200: {"value":null}
&amp#27;[38;5;0m[HTTP]&amp#27;[0m &amp#27;[37m<-- POST /session/8b9c12c4-9c1c-4db2-8d1e-b301ec11f45a/element/ecdf87c2-2bb0-4286-ad4a-9f3343fd4c7d/click &amp#27;[39m&amp#27;[32m200&amp#27;[39m &amp#27;[90m421 ms - 14&amp#27;[39m
&amp#27;[38;5;0m[HTTP]&amp#27;[0m &amp#27;[90m&amp#27;[39m
Asset was selected in the new window
&amp#27;[38;5;0m[HTTP]&amp#27;[0m &amp#27;[37m-->&amp#27;[39m &amp#27;[37mPOST&amp#27;[39m &amp#27;[37m/session/8b9c12c4-9c1c-4db2-8d1e-b301ec11f45a/element&amp#27;[39m
&amp#27;[38;5;0m[HTTP]&amp#27;[0m &amp#27;[90m{"value":"#id_modal_available_asset > div > div > div.modal-header > button","using":"css selector"}&amp#27;[39m
&amp#27;[38;5;32m[AndroidUiautomator2Driver@6453 (8b9c12c4)]&amp#27;[0m Driver proxy active, passing request on via HTTP proxy
&amp#27;[38;5;96m[Chromedriver@0756 (d105eff1)]&amp#27;[0m Matched '/session/8b9c12c4-9c1c-4db2-8d1e-b301ec11f45a/element' to command name 'findElement'
&amp#27;[38;5;96m[Chromedriver@0756 (d105eff1)]&amp#27;[0m Proxying [POST /session/8b9c12c4-9c1c-4db2-8d1e-b301ec11f45a/element] to [POST http://127.0.0.1:52851/session/d105eff11b76bfce77f640f2b066a387/element] with body: {"value":"#id_modal_available_asset > div > div > div.modal-header > button","using":"css selector"}
&amp#27;[38;5;96m[Chromedriver@0756 (d105eff1)]&amp#27;[0m Got response with status 200: {"value":{"element-6066-11e4-a52e-4f735466cecf":"5f0f2c90-41f4-45e1-9fd3-d44b494dda52"}}
&amp#27;[38;5;0m[HTTP]&amp#27;[0m &amp#27;[37m<-- POST /session/8b9c12c4-9c1c-4db2-8d1e-b301ec11f45a/element &amp#27;[39m&amp#27;[32m200&amp#27;[39m &amp#27;[90m125 ms - 137&amp#27;[39m
&amp#27;[38;5;0m[HTTP]&amp#27;[0m &amp#27;[90m&amp#27;[39m
&amp#27;[38;5;0m[HTTP]&amp#27;[0m &amp#27;[37m-->&amp#27;[39m &amp#27;[37mPOST&amp#27;[39m &amp#27;[37m/session/8b9c12c4-9c1c-4db2-8d1e-b301ec11f45a/execute/sync&amp#27;[39m
&amp#27;[38;5;0m[HTTP]&amp#27;[0m &amp#27;[90m{"args":[{"element-6066-11e4-a52e-4f735466cecf":"5f0f2c90-41f4-45e1-9fd3-d44b494dda52"}],"script":"arguments[0].scrollIntoView(true);"}&amp#27;[39m
&amp#27;[38;5;32m[AndroidUiautomator2Driver@6453 (8b9c12c4)]&amp#27;[0m Calling AppiumDriver.execute() with args: ["arguments[0].scrollIntoView(true);",[{"element-6066-11e4-a52e-4f735466cecf":"5f0f2c90-41f4-45e1-9fd3-d44b494dda52"}],"8b9c12c4-9c1c-4db2-8d1e-b301ec11f45a"]
&amp#27;[38;5;96m[Chromedriver@0756 (d105eff1)]&amp#27;[0m Matched '/execute/sync' to command name 'execute'
&amp#27;[38;5;96m[Chromedriver@0756 (d105eff1)]&amp#27;[0m Did not know how to rewrite the original URL '/execute/sync' for W3C protocol
&amp#27;[38;5;96m[Chromedriver@0756 (d105eff1)]&amp#27;[0m Proxying [POST /execute/sync] to [POST http://127.0.0.1:52851/session/d105eff11b76bfce77f640f2b066a387/execute/sync] with body: {"script":"arguments[0].scrollIntoView(true);","args":[{"element-6066-11e4-a52e-4f735466cecf":"5f0f2c90-41f4-45e1-9fd3-d44b494dda52"}]}
&amp#27;[38;5;96m[Chromedriver@0756 (d105eff1)]&amp#27;[0m Got response with status 200: {"value":null}
&amp#27;[38;5;32m[AndroidUiautomator2Driver@6453 (8b9c12c4)]&amp#27;[0m Responding to client with driver.execute() result: null
&amp#27;[38;5;0m[HTTP]&amp#27;[0m &amp#27;[37m<-- POST /session/8b9c12c4-9c1c-4db2-8d1e-b301ec11f45a/execute/sync &amp#27;[39m&amp#27;[32m200&amp#27;[39m &amp#27;[90m34 ms - 14&amp#27;[39m
&amp#27;[38;5;0m[HTTP]&amp#27;[0m &amp#27;[90m&amp#27;[39m
&amp#27;[38;5;0m[HTTP]&amp#27;[0m &amp#27;[37m-->&amp#27;[39m &amp#27;[37mPOST&amp#27;[39m &amp#27;[37m/session/8b9c12c4-9c1c-4db2-8d1e-b301ec11f45a/element&amp#27;[39m
&amp#27;[38;5;0m[HTTP]&amp#27;[0m &amp#27;[90m{"value":"#id_modal_available_asset > div > div > div.modal-header > button","using":"css selector"}&amp#27;[39m
&amp#27;[38;5;32m[AndroidUiautomator2Driver@6453 (8b9c12c4)]&amp#27;[0m Driver proxy active, passing request on via HTTP proxy
&amp#27;[38;5;96m[Chromedriver@0756 (d105eff1)]&amp#27;[0m Matched '/session/8b9c12c4-9c1c-4db2-8d1e-b301ec11f45a/element' to command name 'findElement'
&amp#27;[38;5;96m[Chromedriver@0756 (d105eff1)]&amp#27;[0m Proxying [POST /session/8b9c12c4-9c1c-4db2-8d1e-b301ec11f45a/element] to [POST http://127.0.0.1:52851/session/d105eff11b76bfce77f640f2b066a387/element] with body: {"value":"#id_modal_available_asset > div > div > div.modal-header > button","using":"css selector"}
&amp#27;[38;5;96m[Chromedriver@0756 (d105eff1)]&amp#27;[0m Got response with status 200: {"value":{"element-6066-11e4-a52e-4f735466cecf":"5f0f2c90-41f4-45e1-9fd3-d44b494dda52"}}
&amp#27;[38;5;0m[HTTP]&amp#27;[0m &amp#27;[37m<-- POST /session/8b9c12c4-9c1c-4db2-8d1e-b301ec11f45a/element &amp#27;[39m&amp#27;[32m200&amp#27;[39m &amp#27;[90m34 ms - 137&amp#27;[39m
&amp#27;[38;5;0m[HTTP]&amp#27;[0m &amp#27;[90m&amp#27;[39m
&amp#27;[38;5;0m[HTTP]&amp#27;[0m &amp#27;[37m-->&amp#27;[39m &amp#27;[37mPOST&amp#27;[39m &amp#27;[37m/session/8b9c12c4-9c1c-4db2-8d1e-b301ec11f45a/execute/sync&amp#27;[39m
&amp#27;[38;5;0m[HTTP]&amp#27;[0m &amp#27;[90m{"args":[{"element-6066-11e4-a52e-4f735466cecf":"5f0f2c90-41f4-45e1-9fd3-d44b494dda52"}],"script":"arguments[0].click();"}&amp#27;[39m
&amp#27;[38;5;32m[AndroidUiautomator2Driver@6453 (8b9c12c4)]&amp#27;[0m Calling AppiumDriver.execute() with args: ["arguments[0].click();",[{"element-6066-11e4-a52e-4f735466cecf":"5f0f2c90-41f4-45e1-9fd3-d44b494dda52"}],"8b9c12c4-9c1c-4db2-8d1e-b301ec11f45a"]
&amp#27;[38;5;96m[Chromedriver@0756 (d105eff1)]&amp#27;[0m Matched '/execute/sync' to command name 'execute'
&amp#27;[38;5;96m[Chromedriver@0756 (d105eff1)]&amp#27;[0m Did not know how to rewrite the original URL '/execute/sync' for W3C protocol
&amp#27;[38;5;96m[Chromedriver@0756 (d105eff1)]&amp#27;[0m Proxying [POST /execute/sync] to [POST http://127.0.0.1:52851/session/d105eff11b76bfce77f640f2b066a387/execute/sync] with body: {"script":"arguments[0].click();","args":[{"element-6066-11e4-a52e-4f735466cecf":"5f0f2c90-41f4-45e1-9fd3-d44b494dda52"}]}
&amp#27;[38;5;96m[Chromedriver@0756 (d105eff1)]&amp#27;[0m Got response with status 200: {"value":null}
&amp#27;[38;5;32m[AndroidUiautomator2Driver@6453 (8b9c12c4)]&amp#27;[0m Responding to client with driver.execute() result: null
&amp#27;[38;5;0m[HTTP]&amp#27;[0m &amp#27;[37m<-- POST /session/8b9c12c4-9c1c-4db2-8d1e-b301ec11f45a/execute/sync &amp#27;[39m&amp#27;[32m200&amp#27;[39m &amp#27;[90m54 ms - 14&amp#27;[39m
&amp#27;[38;5;0m[HTTP]&amp#27;[0m &amp#27;[90m&amp#27;[39m
Closed the new window
&amp#27;[38;5;0m[HTTP]&amp#27;[0m &amp#27;[37m-->&amp#27;[39m &amp#27;[37mPOST&amp#27;[39m &amp#27;[37m/session/8b9c12c4-9c1c-4db2-8d1e-b301ec11f45a/timeouts&amp#27;[39m
&amp#27;[38;5;0m[HTTP]&amp#27;[0m &amp#27;[90m{"implicit":100000}&amp#27;[39m
&amp#27;[38;5;32m[AndroidUiautomator2Driver@6453 (8b9c12c4)]&amp#27;[0m Driver proxy active, passing request on via HTTP proxy
&amp#27;[38;5;96m[Chromedriver@0756 (d105eff1)]&amp#27;[0m Matched '/session/8b9c12c4-9c1c-4db2-8d1e-b301ec11f45a/timeouts' to command name 'timeouts'
&amp#27;[38;5;96m[Chromedriver@0756 (d105eff1)]&amp#27;[0m Will send the following request bodies to /timeouts: [{"implicit":100000}]
&amp#27;[38;5;96m[Chromedriver@0756 (d105eff1)]&amp#27;[0m Proxying [POST /session/8b9c12c4-9c1c-4db2-8d1e-b301ec11f45a/timeouts] to [POST http://127.0.0.1:52851/session/d105eff11b76bfce77f640f2b066a387/timeouts] with body: {"implicit":100000}
&amp#27;[38;5;96m[Chromedriver@0756 (d105eff1)]&amp#27;[0m Got response with status 200: {"value":null}
&amp#27;[38;5;0m[HTTP]&amp#27;[0m &amp#27;[37m<-- POST /session/8b9c12c4-9c1c-4db2-8d1e-b301ec11f45a/timeouts &amp#27;[39m&amp#27;[32m200&amp#27;[39m &amp#27;[90m3 ms - 14&amp#27;[39m
&amp#27;[38;5;0m[HTTP]&amp#27;[0m &amp#27;[90m&amp#27;[39m
&amp#27;[38;5;0m[HTTP]&amp#27;[0m &amp#27;[37m-->&amp#27;[39m &amp#27;[37mPOST&amp#27;[39m &amp#27;[37m/session/8b9c12c4-9c1c-4db2-8d1e-b301ec11f45a/element&amp#27;[39m
&amp#27;[38;5;0m[HTTP]&amp#27;[0m &amp#27;[90m{"value":"*[name='expreturndate']","using":"css selector"}&amp#27;[39m
&amp#27;[38;5;32m[AndroidUiautomator2Driver@6453 (8b9c12c4)]&amp#27;[0m Driver proxy active, passing request on via HTTP proxy
&amp#27;[38;5;96m[Chromedriver@0756 (d105eff1)]&amp#27;[0m Matched '/session/8b9c12c4-9c1c-4db2-8d1e-b301ec11f45a/element' to command name 'findElement'
&amp#27;[38;5;96m[Chromedriver@0756 (d105eff1)]&amp#27;[0m Proxying [POST /session/8b9c12c4-9c1c-4db2-8d1e-b301ec11f45a/element] to [POST http://127.0.0.1:52851/session/d105eff11b76bfce77f640f2b066a387/element] with body: {"value":"*[name='expreturndate']","using":"css selector"}
&amp#27;[38;5;96m[Chromedriver@0756 (d105eff1)]&amp#27;[0m Got response with status 200: {"value":{"element-6066-11e4-a52e-4f735466cecf":"0a2914f2-dd48-45b1-bb02-34b65ae1df95"}}
&amp#27;[38;5;0m[HTTP]&amp#27;[0m &amp#27;[37m<-- POST /session/8b9c12c4-9c1c-4db2-8d1e-b301ec11f45a/element &amp#27;[39m&amp#27;[32m200&amp#27;[39m &amp#27;[90m325 ms - 137&amp#27;[39m
&amp#27;[38;5;0m[HTTP]&amp#27;[0m &amp#27;[90m&amp#27;[39m
&amp#27;[38;5;0m[HTTP]&amp#27;[0m &amp#27;[37m-->&amp#27;[39m &amp#27;[37mPOST&amp#27;[39m &amp#27;[37m/session/8b9c12c4-9c1c-4db2-8d1e-b301ec11f45a/element/0a2914f2-dd48-45b1-bb02-34b65ae1df95/value&amp#27;[39m
&amp#27;[38;5;0m[HTTP]&amp#27;[0m &amp#27;[90m{"value":["0","1","0","4","2","0","2","5"],"id":"0a2914f2-dd48-45b1-bb02-34b65ae1df95","text":"01042025"}&amp#27;[39m
&amp#27;[38;5;32m[AndroidUiautomator2Driver@6453 (8b9c12c4)]&amp#27;[0m Driver proxy active, passing request on via HTTP proxy
&amp#27;[38;5;96m[Chromedriver@0756 (d105eff1)]&amp#27;[0m Matched '/session/8b9c12c4-9c1c-4db2-8d1e-b301ec11f45a/element/0a2914f2-dd48-45b1-bb02-34b65ae1df95/value' to command name 'setValue'
&amp#27;[38;5;96m[Chromedriver@0756 (d105eff1)]&amp#27;[0m Proxying [POST /session/8b9c12c4-9c1c-4db2-8d1e-b301ec11f45a/element/0a2914f2-dd48-45b1-bb02-34b65ae1df95/value] to [POST http://127.0.0.1:52851/session/d105eff11b76bfce77f640f2b066a387/element/0a2914f2-dd48-45b1-bb02-34b65ae1df95/value] with body: {"value":["0","1","0","4","2","0","2","5"],"id":"0a2914f2-dd48-45b1-bb02-34b65ae1df95","text":"01042025"}
&amp#27;[38;5;96m[Chromedriver@0756 (d105eff1)]&amp#27;[0m Got response with status 200: {"value":null}
&amp#27;[38;5;0m[HTTP]&amp#27;[0m &amp#27;[37m<-- POST /session/8b9c12c4-9c1c-4db2-8d1e-b301ec11f45a/element/0a2914f2-dd48-45b1-bb02-34b65ae1df95/value &amp#27;[39m&amp#27;[32m200&amp#27;[39m &amp#27;[90m947 ms - 14&amp#27;[39m
&amp#27;[38;5;0m[HTTP]&amp#27;[0m &amp#27;[90m&amp#27;[39m
Sending the Exp.Ret.Date
&amp#27;[38;5;0m[HTTP]&amp#27;[0m &amp#27;[37m-->&amp#27;[39m &amp#27;[37mPOST&amp#27;[39m &amp#27;[37m/session/8b9c12c4-9c1c-4db2-8d1e-b301ec11f45a/element&amp#27;[39m
&amp#27;[38;5;0m[HTTP]&amp#27;[0m &amp#27;[90m{"value":"#btn_save_transfer","using":"css selector"}&amp#27;[39m
&amp#27;[38;5;32m[AndroidUiautomator2Driver@6453 (8b9c12c4)]&amp#27;[0m Driver proxy active, passing request on via HTTP proxy
&amp#27;[38;5;96m[Chromedriver@0756 (d105eff1)]&amp#27;[0m Matched '/session/8b9c12c4-9c1c-4db2-8d1e-b301ec11f45a/element' to command name 'findElement'
&amp#27;[38;5;96m[Chromedriver@0756 (d105eff1)]&amp#27;[0m Proxying [POST /session/8b9c12c4-9c1c-4db2-8d1e-b301ec11f45a/element] to [POST http://127.0.0.1:52851/session/d105eff11b76bfce77f640f2b066a387/element] with body: {"value":"#btn_save_transfer","using":"css selector"}
&amp#27;[38;5;96m[Chromedriver@0756 (d105eff1)]&amp#27;[0m Got response with status 200: {"value":{"element-6066-11e4-a52e-4f735466cecf":"01bcf838-8b20-4efc-a1e8-f9a3ff3ad722"}}
&amp#27;[38;5;0m[HTTP]&amp#27;[0m &amp#27;[37m<-- POST /session/8b9c12c4-9c1c-4db2-8d1e-b301ec11f45a/element &amp#27;[39m&amp#27;[32m200&amp#27;[39m &amp#27;[90m89 ms - 137&amp#27;[39m
&amp#27;[38;5;0m[HTTP]&amp#27;[0m &amp#27;[90m&amp#27;[39m
&amp#27;[38;5;0m[HTTP]&amp#27;[0m &amp#27;[37m-->&amp#27;[39m &amp#27;[37mPOST&amp#27;[39m &amp#27;[37m/session/8b9c12c4-9c1c-4db2-8d1e-b301ec11f45a/execute/sync&amp#27;[39m
&amp#27;[38;5;0m[HTTP]&amp#27;[0m &amp#27;[90m{"args":[{"element-6066-11e4-a52e-4f735466cecf":"01bcf838-8b20-4efc-a1e8-f9a3ff3ad722"}],"script":"arguments[0].scrollIntoView(true);"}&amp#27;[39m
&amp#27;[38;5;32m[AndroidUiautomator2Driver@6453 (8b9c12c4)]&amp#27;[0m Calling AppiumDriver.execute() with args: ["arguments[0].scrollIntoView(true);",[{"element-6066-11e4-a52e-4f735466cecf":"01bcf838-8b20-4efc-a1e8-f9a3ff3ad722"}],"8b9c12c4-9c1c-4db2-8d1e-b301ec11f45a"]
&amp#27;[38;5;96m[Chromedriver@0756 (d105eff1)]&amp#27;[0m Matched '/execute/sync' to command name 'execute'
&amp#27;[38;5;96m[Chromedriver@0756 (d105eff1)]&amp#27;[0m Did not know how to rewrite the original URL '/execute/sync' for W3C protocol
&amp#27;[38;5;96m[Chromedriver@0756 (d105eff1)]&amp#27;[0m Proxying [POST /execute/sync] to [POST http://127.0.0.1:52851/session/d105eff11b76bfce77f640f2b066a387/execute/sync] with body: {"script":"arguments[0].scrollIntoView(true);","args":[{"element-6066-11e4-a52e-4f735466cecf":"01bcf838-8b20-4efc-a1e8-f9a3ff3ad722"}]}
&amp#27;[38;5;96m[Chromedriver@0756 (d105eff1)]&amp#27;[0m Got response with status 200: {"value":null}
&amp#27;[38;5;32m[AndroidUiautomator2Driver@6453 (8b9c12c4)]&amp#27;[0m Responding to client with driver.execute() result: null
&amp#27;[38;5;0m[HTTP]&amp#27;[0m &amp#27;[37m<-- POST /session/8b9c12c4-9c1c-4db2-8d1e-b301ec11f45a/execute/sync &amp#27;[39m&amp#27;[32m200&amp#27;[39m &amp#27;[90m72 ms - 14&amp#27;[39m
&amp#27;[38;5;0m[HTTP]&amp#27;[0m &amp#27;[90m&amp#27;[39m
&amp#27;[38;5;0m[HTTP]&amp#27;[0m &amp#27;[37m-->&amp#27;[39m &amp#27;[37mPOST&amp#27;[39m &amp#27;[37m/session/8b9c12c4-9c1c-4db2-8d1e-b301ec11f45a/element&amp#27;[39m
&amp#27;[38;5;0m[HTTP]&amp#27;[0m &amp#27;[90m{"value":"#btn_save_transfer","using":"css selector"}&amp#27;[39m
&amp#27;[38;5;32m[AndroidUiautomator2Driver@6453 (8b9c12c4)]&amp#27;[0m Driver proxy active, passing request on via HTTP proxy
&amp#27;[38;5;96m[Chromedriver@0756 (d105eff1)]&amp#27;[0m Matched '/session/8b9c12c4-9c1c-4db2-8d1e-b301ec11f45a/element' to command name 'findElement'
&amp#27;[38;5;96m[Chromedriver@0756 (d105eff1)]&amp#27;[0m Proxying [POST /session/8b9c12c4-9c1c-4db2-8d1e-b301ec11f45a/element] to [POST http://127.0.0.1:52851/session/d105eff11b76bfce77f640f2b066a387/element] with body: {"value":"#btn_save_transfer","using":"css selector"}
&amp#27;[38;5;96m[Chromedriver@0756 (d105eff1)]&amp#27;[0m Got response with status 200: {"value":{"element-6066-11e4-a52e-4f735466cecf":"01bcf838-8b20-4efc-a1e8-f9a3ff3ad722"}}
&amp#27;[38;5;0m[HTTP]&amp#27;[0m &amp#27;[37m<-- POST /session/8b9c12c4-9c1c-4db2-8d1e-b301ec11f45a/element &amp#27;[39m&amp#27;[32m200&amp#27;[39m &amp#27;[90m101 ms - 137&amp#27;[39m
&amp#27;[38;5;0m[HTTP]&amp#27;[0m &amp#27;[90m&amp#27;[39m
&amp#27;[38;5;0m[HTTP]&amp#27;[0m &amp#27;[37m-->&amp#27;[39m &amp#27;[37mPOST&amp#27;[39m &amp#27;[37m/session/8b9c12c4-9c1c-4db2-8d1e-b301ec11f45a/execute/sync&amp#27;[39m
&amp#27;[38;5;0m[HTTP]&amp#27;[0m &amp#27;[90m{"args":[{"element-6066-11e4-a52e-4f735466cecf":"01bcf838-8b20-4efc-a1e8-f9a3ff3ad722"}],"script":"arguments[0].click();"}&amp#27;[39m
&amp#27;[38;5;32m[AndroidUiautomator2Driver@6453 (8b9c12c4)]&amp#27;[0m Calling AppiumDriver.execute() with args: ["arguments[0].click();",[{"element-6066-11e4-a52e-4f735466cecf":"01bcf838-8b20-4efc-a1e8-f9a3ff3ad722"}],"8b9c12c4-9c1c-4db2-8d1e-b301ec11f45a"]
&amp#27;[38;5;96m[Chromedriver@0756 (d105eff1)]&amp#27;[0m Matched '/execute/sync' to command name 'execute'
&amp#27;[38;5;96m[Chromedriver@0756 (d105eff1)]&amp#27;[0m Did not know how to rewrite the original URL '/execute/sync' for W3C protocol
&amp#27;[38;5;96m[Chromedriver@0756 (d105eff1)]&amp#27;[0m Proxying [POST /execute/sync] to [POST http://127.0.0.1:52851/session/d105eff11b76bfce77f640f2b066a387/execute/sync] with body: {"script":"arguments[0].click();","args":[{"element-6066-11e4-a52e-4f735466cecf":"01bcf838-8b20-4efc-a1e8-f9a3ff3ad722"}]}
&amp#27;[38;5;96m[Chromedriver@0756 (d105eff1)]&amp#27;[0m Got response with status 200: {"value":null}
&amp#27;[38;5;32m[AndroidUiautomator2Driver@6453 (8b9c12c4)]&amp#27;[0m Responding to client with driver.execute() result: null
&amp#27;[38;5;0m[HTTP]&amp#27;[0m &amp#27;[37m<-- POST /session/8b9c12c4-9c1c-4db2-8d1e-b301ec11f45a/execute/sync &amp#27;[39m&amp#27;[32m200&amp#27;[39m &amp#27;[90m123 ms - 14&amp#27;[39m
&amp#27;[38;5;0m[HTTP]&amp#27;[0m &amp#27;[90m&amp#27;[39m
Saved the Selected Assets Inorder to see the assets in Allocated Assets
&amp#27;[38;5;0m[HTTP]&amp#27;[0m &amp#27;[37m-->&amp#27;[39m &amp#27;[37mPOST&amp#27;[39m &amp#27;[37m/session/8b9c12c4-9c1c-4db2-8d1e-b301ec11f45a/element&amp#27;[39m
&amp#27;[38;5;0m[HTTP]&amp#27;[0m &amp#27;[90m{"value":"#id_div_savedassets","using":"css selector"}&amp#27;[39m
&amp#27;[38;5;32m[AndroidUiautomator2Driver@6453 (8b9c12c4)]&amp#27;[0m Driver proxy active, passing request on via HTTP proxy
&amp#27;[38;5;96m[Chromedriver@0756 (d105eff1)]&amp#27;[0m Matched '/session/8b9c12c4-9c1c-4db2-8d1e-b301ec11f45a/element' to command name 'findElement'
&amp#27;[38;5;96m[Chromedriver@0756 (d105eff1)]&amp#27;[0m Proxying [POST /session/8b9c12c4-9c1c-4db2-8d1e-b301ec11f45a/element] to [POST http://127.0.0.1:52851/session/d105eff11b76bfce77f640f2b066a387/element] with body: {"value":"#id_div_savedassets","using":"css selector"}
&amp#27;[38;5;96m[Chromedriver@0756 (d105eff1)]&amp#27;[0m Got response with status 200: {"value":{"element-6066-11e4-a52e-4f735466cecf":"785f4842-8088-4c6a-9038-bbc177b076ce"}}
&amp#27;[38;5;0m[HTTP]&amp#27;[0m &amp#27;[37m<-- POST /session/8b9c12c4-9c1c-4db2-8d1e-b301ec11f45a/element &amp#27;[39m&amp#27;[32m200&amp#27;[39m &amp#27;[90m70 ms - 137&amp#27;[39m
&amp#27;[38;5;0m[HTTP]&amp#27;[0m &amp#27;[90m&amp#27;[39m
&amp#27;[38;5;0m[HTTP]&amp#27;[0m &amp#27;[37m-->&amp#27;[39m &amp#27;[37mPOST&amp#27;[39m &amp#27;[37m/session/8b9c12c4-9c1c-4db2-8d1e-b301ec11f45a/element/785f4842-8088-4c6a-9038-bbc177b076ce/elements&amp#27;[39m
&amp#27;[38;5;0m[HTTP]&amp#27;[0m &amp#27;[90m{"value":"//*[@id=\"id_div_savedassets\"]/div[1]/span/label/span","id":"785f4842-8088-4c6a-9038-bbc177b076ce","using":"xpath"}&amp#27;[39m
&amp#27;[38;5;32m[AndroidUiautomator2Driver@6453 (8b9c12c4)]&amp#27;[0m Driver proxy active, passing request on via HTTP proxy
&amp#27;[38;5;96m[Chromedriver@0756 (d105eff1)]&amp#27;[0m Matched '/session/8b9c12c4-9c1c-4db2-8d1e-b301ec11f45a/element/785f4842-8088-4c6a-9038-bbc177b076ce/elements' to command name 'findElementsFromElement'
&amp#27;[38;5;96m[Chromedriver@0756 (d105eff1)]&amp#27;[0m Proxying [POST /session/8b9c12c4-9c1c-4db2-8d1e-b301ec11f45a/element/785f4842-8088-4c6a-9038-bbc177b076ce/elements] to [POST http://127.0.0.1:52851/session/d105eff11b76bfce77f640f2b066a387/element/785f4842-8088-4c6a-9038-bbc177b076ce/elements] with body: {"value":"//*[@id=\"id_div_savedassets\"]/div[1]/span/label/span","id":"785f4842-8088-4c6a-9038-bbc177b076ce","using":"xpath"}
&amp#27;[38;5;96m[Chromedriver@0756 (d105eff1)]&amp#27;[0m Got response with status 200: {"value":[{"element-6066-11e4-a52e-4f735466cecf":"29022108-4c49-4287-a8a2-e4a2458083da"}]}
&amp#27;[38;5;0m[HTTP]&amp#27;[0m &amp#27;[37m<-- POST /session/8b9c12c4-9c1c-4db2-8d1e-b301ec11f45a/element/785f4842-8088-4c6a-9038-bbc177b076ce/elements &amp#27;[39m&amp#27;[32m200&amp#27;[39m &amp#27;[90m50 ms - 139&amp#27;[39m
&amp#27;[38;5;0m[HTTP]&amp#27;[0m &amp#27;[90m&amp#27;[39m
&amp#27;[38;5;0m[HTTP]&amp#27;[0m &amp#27;[37m-->&amp#27;[39m &amp#27;[37mPOST&amp#27;[39m &amp#27;[37m/session/8b9c12c4-9c1c-4db2-8d1e-b301ec11f45a/execute/sync&amp#27;[39m
&amp#27;[38;5;0m[HTTP]&amp#27;[0m &amp#27;[90m{"args":[],"script":"window.scrollBy(0,-1000)"}&amp#27;[39m
&amp#27;[38;5;32m[AndroidUiautomator2Driver@6453 (8b9c12c4)]&amp#27;[0m Calling AppiumDriver.execute() with args: ["window.scrollBy(0,-1000)",[],"8b9c12c4-9c1c-4db2-8d1e-b301ec11f45a"]
&amp#27;[38;5;96m[Chromedriver@0756 (d105eff1)]&amp#27;[0m Matched '/execute/sync' to command name 'execute'
&amp#27;[38;5;96m[Chromedriver@0756 (d105eff1)]&amp#27;[0m Did not know how to rewrite the original URL '/execute/sync' for W3C protocol
&amp#27;[38;5;96m[Chromedriver@0756 (d105eff1)]&amp#27;[0m Proxying [POST /execute/sync] to [POST http://127.0.0.1:52851/session/d105eff11b76bfce77f640f2b066a387/execute/sync] with body: {"script":"window.scrollBy(0,-1000)","args":[]}
&amp#27;[38;5;96m[Chromedriver@0756 (d105eff1)]&amp#27;[0m Got response with status 200: {"value":null}
&amp#27;[38;5;32m[AndroidUiautomator2Driver@6453 (8b9c12c4)]&amp#27;[0m Responding to client with driver.execute() result: null
&amp#27;[38;5;0m[HTTP]&amp#27;[0m &amp#27;[37m<-- POST /session/8b9c12c4-9c1c-4db2-8d1e-b301ec11f45a/execute/sync &amp#27;[39m&amp#27;[32m200&amp#27;[39m &amp#27;[90m94 ms - 14&amp#27;[39m
&amp#27;[38;5;0m[HTTP]&amp#27;[0m &amp#27;[90m&amp#27;[39m
&amp#27;[38;5;0m[HTTP]&amp#27;[0m &amp#27;[37m-->&amp#27;[39m &amp#27;[37mGET&amp#27;[39m &amp#27;[37m/session/8b9c12c4-9c1c-4db2-8d1e-b301ec11f45a/element/29022108-4c49-4287-a8a2-e4a2458083da/displayed&amp#27;[39m
&amp#27;[38;5;0m[HTTP]&amp#27;[0m &amp#27;[90m{}&amp#27;[39m
&amp#27;[38;5;32m[AndroidUiautomator2Driver@6453 (8b9c12c4)]&amp#27;[0m Driver proxy active, passing request on via HTTP proxy
&amp#27;[38;5;96m[Chromedriver@0756 (d105eff1)]&amp#27;[0m Matched '/session/8b9c12c4-9c1c-4db2-8d1e-b301ec11f45a/element/29022108-4c49-4287-a8a2-e4a2458083da/displayed' to command name 'elementDisplayed'
&amp#27;[38;5;96m[Chromedriver@0756 (d105eff1)]&amp#27;[0m Proxying [GET /session/8b9c12c4-9c1c-4db2-8d1e-b301ec11f45a/element/29022108-4c49-4287-a8a2-e4a2458083da/displayed] to [GET http://127.0.0.1:52851/session/d105eff11b76bfce77f640f2b066a387/element/29022108-4c49-4287-a8a2-e4a2458083da/displayed] with no body
&amp#27;[38;5;96m[Chromedriver@0756 (d105eff1)]&amp#27;[0m Got response with status 200: {"value":true}
&amp#27;[38;5;0m[HTTP]&amp#27;[0m &amp#27;[37m<-- GET /session/8b9c12c4-9c1c-4db2-8d1e-b301ec11f45a/element/29022108-4c49-4287-a8a2-e4a2458083da/displayed &amp#27;[39m&amp#27;[32m200&amp#27;[39m &amp#27;[90m149 ms - 14&amp#27;[39m
&amp#27;[38;5;0m[HTTP]&amp#27;[0m &amp#27;[90m&amp#27;[39m
&amp#27;[38;5;0m[HTTP]&amp#27;[0m &amp#27;[37m-->&amp#27;[39m &amp#27;[37mGET&amp#27;[39m &amp#27;[37m/session/8b9c12c4-9c1c-4db2-8d1e-b301ec11f45a/element/29022108-4c49-4287-a8a2-e4a2458083da/enabled&amp#27;[39m
&amp#27;[38;5;0m[HTTP]&amp#27;[0m &amp#27;[90m{}&amp#27;[39m
&amp#27;[38;5;32m[AndroidUiautomator2Driver@6453 (8b9c12c4)]&amp#27;[0m Driver proxy active, passing request on via HTTP proxy
&amp#27;[38;5;96m[Chromedriver@0756 (d105eff1)]&amp#27;[0m Matched '/session/8b9c12c4-9c1c-4db2-8d1e-b301ec11f45a/element/29022108-4c49-4287-a8a2-e4a2458083da/enabled' to command name 'elementEnabled'
&amp#27;[38;5;96m[Chromedriver@0756 (d105eff1)]&amp#27;[0m Proxying [GET /session/8b9c12c4-9c1c-4db2-8d1e-b301ec11f45a/element/29022108-4c49-4287-a8a2-e4a2458083da/enabled] to [GET http://127.0.0.1:52851/session/d105eff11b76bfce77f640f2b066a387/element/29022108-4c49-4287-a8a2-e4a2458083da/enabled] with no body
&amp#27;[38;5;96m[Chromedriver@0756 (d105eff1)]&amp#27;[0m Got response with status 404: {"value":{"error":"stale element reference","message":"stale element reference: element is not attached to the page document\n  (Session info: chrome=83.0.4103.106)","stacktrace":"Backtrace:\n\tOrdinal0 [0x006F9563+2725219]\n\tOrdinal0 [0x005F8551+1672529]\n\tOrdinal0 [0x004E0359+525145]\n\tOrdinal0 [0x004E20E5+532709]\n\tOrdinal0 [0x004E1FD4+532436]\n\tOrdinal0 [0x004E2190+532880]\n\tOrdinal0 [0x004776C1+95937]\n\tOrdinal0 [0x0048AA9D+174749]\n\tOrdinal0 [0x004741F6+82422]\n\tOrdinal0 [0x0048ACE1+175329]\n\tOrdinal0 [0x00493D7C+212348]\n\tOrdinal0 [0x0048A94B+174411]\n\tOrdinal0 [0x00472528+75048]\n\tOrdinal0 [0x004735A0+79264]\n\tOrdinal0 [0x00473539+79161]\n\tOrdinal0 [0x0060D607+1758727]\n\tGetHandleVerifier [0x00816546+1050150]\n\tGetHandleVerifier [0x00816291+1049457]\n\tGetHandleVerifier [0x008210D7+1094071]\n\tGetHandleVerifier [0x00816B46+1051686]\n\tOrdinal0 [0x00605B06+1727238]\n\tOrdinal0 [0x0060EB7B+1764219]\n\tOrdinal0 [0x0060ECE3+1764579]\n\tOrdinal0 [0x00624C05+1854469]\n\tBaseThreadInitThu...
&amp#27;[38;5;112m[W3C]&amp#27;[0m Matched W3C error code 'stale element reference' to StaleElementReferenceError
&amp#27;[38;5;0m[HTTP]&amp#27;[0m &amp#27;[37m<-- GET /session/8b9c12c4-9c1c-4db2-8d1e-b301ec11f45a/element/29022108-4c49-4287-a8a2-e4a2458083da/enabled &amp#27;[39m&amp#27;[33m404&amp#27;[39m &amp#27;[90m630 ms - 1125&amp#27;[39m
&amp#27;[38;5;0m[HTTP]&amp#27;[0m &amp#27;[90m&amp#27;[39m
&amp#27;[38;5;0m[HTTP]&amp#27;[0m &amp#27;[37m-->&amp#27;[39m &amp#27;[37mGET&amp#27;[39m &amp#27;[37m/session/8b9c12c4-9c1c-4db2-8d1e-b301ec11f45a/element/29022108-4c49-4287-a8a2-e4a2458083da/displayed&amp#27;[39m
&amp#27;[38;5;0m[HTTP]&amp#27;[0m &amp#27;[90m{}&amp#27;[39m
&amp#27;[38;5;32m[AndroidUiautomator2Driver@6453 (8b9c12c4)]&amp#27;[0m Driver proxy active, passing request on via HTTP proxy
&amp#27;[38;5;96m[Chromedriver@0756 (d105eff1)]&amp#27;[0m Matched '/session/8b9c12c4-9c1c-4db2-8d1e-b301ec11f45a/element/29022108-4c49-4287-a8a2-e4a2458083da/displayed' to command name 'elementDisplayed'
&amp#27;[38;5;96m[Chromedriver@0756 (d105eff1)]&amp#27;[0m Proxying [GET /session/8b9c12c4-9c1c-4db2-8d1e-b301ec11f45a/element/29022108-4c49-4287-a8a2-e4a2458083da/displayed] to [GET http://127.0.0.1:52851/session/d105eff11b76bfce77f640f2b066a387/element/29022108-4c49-4287-a8a2-e4a2458083da/displayed] with no body
&amp#27;[38;5;96m[Chromedriver@0756 (d105eff1)]&amp#27;[0m Got response with status 404: {"value":{"error":"stale element reference","message":"stale element reference: element is not attached to the page document\n  (Session info: chrome=83.0.4103.106)","stacktrace":"Backtrace:\n\tOrdinal0 [0x006F9563+2725219]\n\tOrdinal0 [0x005F8551+1672529]\n\tOrdinal0 [0x004E0359+525145]\n\tOrdinal0 [0x004E20E5+532709]\n\tOrdinal0 [0x004E1FD4+532436]\n\tOrdinal0 [0x004E2190+532880]\n\tOrdinal0 [0x00477808+96264]\n\tOrdinal0 [0x0048AA9D+174749]\n\tOrdinal0 [0x004741F6+82422]\n\tOrdinal0 [0x0048ACE1+175329]\n\tOrdinal0 [0x00493D7C+212348]\n\tOrdinal0 [0x0048A94B+174411]\n\tOrdinal0 [0x00472528+75048]\n\tOrdinal0 [0x004735A0+79264]\n\tOrdinal0 [0x00473539+79161]\n\tOrdinal0 [0x0060D607+1758727]\n\tGetHandleVerifier [0x00816546+1050150]\n\tGetHandleVerifier [0x00816291+1049457]\n\tGetHandleVerifier [0x008210D7+1094071]\n\tGetHandleVerifier [0x00816B46+1051686]\n\tOrdinal0 [0x00605B06+1727238]\n\tOrdinal0 [0x0060EB7B+1764219]\n\tOrdinal0 [0x0060ECE3+1764579]\n\tOrdinal0 [0x00624C05+1854469]\n\tBaseThreadInitThu...
&amp#27;[38;5;112m[W3C]&amp#27;[0m Matched W3C error code 'stale element reference' to StaleElementReferenceError
&amp#27;[38;5;0m[HTTP]&amp#27;[0m &amp#27;[37m<-- GET /session/8b9c12c4-9c1c-4db2-8d1e-b301ec11f45a/element/29022108-4c49-4287-a8a2-e4a2458083da/displayed &amp#27;[39m&amp#27;[33m404&amp#27;[39m &amp#27;[90m66 ms - 1125&amp#27;[39m
&amp#27;[38;5;0m[HTTP]&amp#27;[0m &amp#27;[90m&amp#27;[39m
Failed to click checkbox: stale element reference: element is not attached to the page document
  (Session info: chrome=83.0.4103.106)
For documentation on this error, please visit: https://www.selenium.dev/documentation/webdriver/troubleshooting/errors#stale-element-reference-exception
Build info: version: '4.20.0', revision: '866c76ca80'
System info: os.name: 'Windows 11', os.arch: 'amd64', os.version: '10.0', java.version: '17.0.8'
Driver info: io.appium.java_client.android.AndroidDriver
Command: [8b9c12c4-9c1c-4db2-8d1e-b301ec11f45a, isElementDisplayed {id=29022108-4c49-4287-a8a2-e4a2458083da}]
Capabilities {appium:automationName: UIAutomator2, appium:chromedriverExecutable: C://Users//wwwsa//Downloads..., appium:databaseEnabled: false, appium:desired: {appActivity: com.android.chrome/com.goog..., appPackage: com.android.chrome, automationName: UIAutomator2, browserName: Chrome, chromedriverExecutable: C://Users//wwwsa//Downloads..., deviceName: Android11, platformName: ANDROID}, appium:deviceApiLevel: 30, appium:deviceManufacturer: Google, appium:deviceModel: sdk_gphone_x86, appium:deviceName: emulator-5554, appium:deviceScreenDensity: 420, appium:deviceScreenSize: 2208x1840, appium:deviceUDID: emulator-5554, appium:javascriptEnabled: true, appium:locationContextEnabled: false, appium:networkConnectionEnabled: true, appium:pixelRatio: 2.625, appium:platformVersion: 11, appium:statBarHeight: 63, appium:takesScreenshot: true, appium:viewportRect: {height: 1777, left: 0, top: 63, width: 2208}, appium:warnings: {}, appium:webStorageEnabled: false, browserName: Chrome, platformName: ANDROID}
Element: [[[[AndroidDriver: Chrome on ANDROID (8b9c12c4-9c1c-4db2-8d1e-b301ec11f45a)] -> id: id_div_savedassets]] -> xpath: //*[@id="id_div_savedassets"]/div[1]/span/label/span]
Session ID: 8b9c12c4-9c1c-4db2-8d1e-b301ec11f45a
&amp#27;[38;5;0m[HTTP]&amp#27;[0m &amp#27;[37m-->&amp#27;[39m &amp#27;[37mPOST&amp#27;[39m &amp#27;[37m/session/8b9c12c4-9c1c-4db2-8d1e-b301ec11f45a/element&amp#27;[39m
&amp#27;[38;5;0m[HTTP]&amp#27;[0m &amp#27;[90m{"value":"//*[@id=\"btn_save_receive\"]","using":"xpath"}&amp#27;[39m
&amp#27;[38;5;32m[AndroidUiautomator2Driver@6453 (8b9c12c4)]&amp#27;[0m Driver proxy active, passing request on via HTTP proxy
&amp#27;[38;5;96m[Chromedriver@0756 (d105eff1)]&amp#27;[0m Matched '/session/8b9c12c4-9c1c-4db2-8d1e-b301ec11f45a/element' to command name 'findElement'
&amp#27;[38;5;96m[Chromedriver@0756 (d105eff1)]&amp#27;[0m Proxying [POST /session/8b9c12c4-9c1c-4db2-8d1e-b301ec11f45a/element] to [POST http://127.0.0.1:52851/session/d105eff11b76bfce77f640f2b066a387/element] with body: {"value":"//*[@id=\"btn_save_receive\"]","using":"xpath"}
&amp#27;[38;5;96m[Chromedriver@0756 (d105eff1)]&amp#27;[0m Got response with status 200: {"value":{"element-6066-11e4-a52e-4f735466cecf":"0805caf1-e49f-4fa0-82b9-74262a94ef7b"}}
&amp#27;[38;5;0m[HTTP]&amp#27;[0m &amp#27;[37m<-- POST /session/8b9c12c4-9c1c-4db2-8d1e-b301ec11f45a/element &amp#27;[39m&amp#27;[32m200&amp#27;[39m &amp#27;[90m61 ms - 137&amp#27;[39m
&amp#27;[38;5;0m[HTTP]&amp#27;[0m &amp#27;[90m&amp#27;[39m
&amp#27;[38;5;0m[HTTP]&amp#27;[0m &amp#27;[37m-->&amp#27;[39m &amp#27;[37mPOST&amp#27;[39m &amp#27;[37m/session/8b9c12c4-9c1c-4db2-8d1e-b301ec11f45a/execute/sync&amp#27;[39m
&amp#27;[38;5;0m[HTTP]&amp#27;[0m &amp#27;[90m{"args":[{"element-6066-11e4-a52e-4f735466cecf":"0805caf1-e49f-4fa0-82b9-74262a94ef7b"}],"script":"arguments[0].scrollIntoView(true)"}&amp#27;[39m
&amp#27;[38;5;32m[AndroidUiautomator2Driver@6453 (8b9c12c4)]&amp#27;[0m Calling AppiumDriver.execute() with args: ["arguments[0].scrollIntoView(true)",[{"element-6066-11e4-a52e-4f735466cecf":"0805caf1-e49f-4fa0-82b9-74262a94ef7b"}],"8b9c12c4-9c1c-4db2-8d1e-b301ec11f45a"]
&amp#27;[38;5;96m[Chromedriver@0756 (d105eff1)]&amp#27;[0m Matched '/execute/sync' to command name 'execute'
&amp#27;[38;5;96m[Chromedriver@0756 (d105eff1)]&amp#27;[0m Did not know how to rewrite the original URL '/execute/sync' for W3C protocol
&amp#27;[38;5;96m[Chromedriver@0756 (d105eff1)]&amp#27;[0m Proxying [POST /execute/sync] to [POST http://127.0.0.1:52851/session/d105eff11b76bfce77f640f2b066a387/execute/sync] with body: {"script":"arguments[0].scrollIntoView(true)","args":[{"element-6066-11e4-a52e-4f735466cecf":"0805caf1-e49f-4fa0-82b9-74262a94ef7b"}]}
&amp#27;[38;5;96m[Chromedriver@0756 (d105eff1)]&amp#27;[0m Got response with status 200: {"value":null}
&amp#27;[38;5;32m[AndroidUiautomator2Driver@6453 (8b9c12c4)]&amp#27;[0m Responding to client with driver.execute() result: null
&amp#27;[38;5;0m[HTTP]&amp#27;[0m &amp#27;[37m<-- POST /session/8b9c12c4-9c1c-4db2-8d1e-b301ec11f45a/execute/sync &amp#27;[39m&amp#27;[32m200&amp#27;[39m &amp#27;[90m34 ms - 14&amp#27;[39m
&amp#27;[38;5;0m[HTTP]&amp#27;[0m &amp#27;[90m&amp#27;[39m
&amp#27;[38;5;0m[HTTP]&amp#27;[0m &amp#27;[37m-->&amp#27;[39m &amp#27;[37mPOST&amp#27;[39m &amp#27;[37m/session/8b9c12c4-9c1c-4db2-8d1e-b301ec11f45a/element&amp#27;[39m
&amp#27;[38;5;0m[HTTP]&amp#27;[0m &amp#27;[90m{"value":"//*[@id=\"btn_save_receive\"]","using":"xpath"}&amp#27;[39m
&amp#27;[38;5;32m[AndroidUiautomator2Driver@6453 (8b9c12c4)]&amp#27;[0m Driver proxy active, passing request on via HTTP proxy
&amp#27;[38;5;96m[Chromedriver@0756 (d105eff1)]&amp#27;[0m Matched '/session/8b9c12c4-9c1c-4db2-8d1e-b301ec11f45a/element' to command name 'findElement'
&amp#27;[38;5;96m[Chromedriver@0756 (d105eff1)]&amp#27;[0m Proxying [POST /session/8b9c12c4-9c1c-4db2-8d1e-b301ec11f45a/element] to [POST http://127.0.0.1:52851/session/d105eff11b76bfce77f640f2b066a387/element] with body: {"value":"//*[@id=\"btn_save_receive\"]","using":"xpath"}
&amp#27;[38;5;96m[Chromedriver@0756 (d105eff1)]&amp#27;[0m Got response with status 200: {"value":{"element-6066-11e4-a52e-4f735466cecf":"0805caf1-e49f-4fa0-82b9-74262a94ef7b"}}
&amp#27;[38;5;0m[HTTP]&amp#27;[0m &amp#27;[37m<-- POST /session/8b9c12c4-9c1c-4db2-8d1e-b301ec11f45a/element &amp#27;[39m&amp#27;[32m200&amp#27;[39m &amp#27;[90m35 ms - 137&amp#27;[39m
&amp#27;[38;5;0m[HTTP]&amp#27;[0m &amp#27;[90m&amp#27;[39m
&amp#27;[38;5;0m[HTTP]&amp#27;[0m &amp#27;[37m-->&amp#27;[39m &amp#27;[37mPOST&amp#27;[39m &amp#27;[37m/session/8b9c12c4-9c1c-4db2-8d1e-b301ec11f45a/execute/sync&amp#27;[39m
&amp#27;[38;5;0m[HTTP]&amp#27;[0m &amp#27;[90m{"args":[{"element-6066-11e4-a52e-4f735466cecf":"0805caf1-e49f-4fa0-82b9-74262a94ef7b"}],"script":"arguments[0].click()"}&amp#27;[39m
&amp#27;[38;5;32m[AndroidUiautomator2Driver@6453 (8b9c12c4)]&amp#27;[0m Calling AppiumDriver.execute() with args: ["arguments[0].click()",[{"element-6066-11e4-a52e-4f735466cecf":"0805caf1-e49f-4fa0-82b9-74262a94ef7b"}],"8b9c12c4-9c1c-4db2-8d1e-b301ec11f45a"]
&amp#27;[38;5;96m[Chromedriver@0756 (d105eff1)]&amp#27;[0m Matched '/execute/sync' to command name 'execute'
&amp#27;[38;5;96m[Chromedriver@0756 (d105eff1)]&amp#27;[0m Did not know how to rewrite the original URL '/execute/sync' for W3C protocol
&amp#27;[38;5;96m[Chromedriver@0756 (d105eff1)]&amp#27;[0m Proxying [POST /execute/sync] to [POST http://127.0.0.1:52851/session/d105eff11b76bfce77f640f2b066a387/execute/sync] with body: {"script":"arguments[0].click()","args":[{"element-6066-11e4-a52e-4f735466cecf":"0805caf1-e49f-4fa0-82b9-74262a94ef7b"}]}
&amp#27;[38;5;96m[Chromedriver@0756 (d105eff1)]&amp#27;[0m Got response with status 200: {"value":null}
&amp#27;[38;5;32m[AndroidUiautomator2Driver@6453 (8b9c12c4)]&amp#27;[0m Responding to client with driver.execute() result: null
&amp#27;[38;5;0m[HTTP]&amp#27;[0m &amp#27;[37m<-- POST /session/8b9c12c4-9c1c-4db2-8d1e-b301ec11f45a/execute/sync &amp#27;[39m&amp#27;[32m200&amp#27;[39m &amp#27;[90m135 ms - 14&amp#27;[39m
&amp#27;[38;5;0m[HTTP]&amp#27;[0m &amp#27;[90m&amp#27;[39m
Asset Transfered & Recieved successfully
&amp#27;[38;5;0m[HTTP]&amp#27;[0m &amp#27;[37m-->&amp#27;[39m &amp#27;[37mPOST&amp#27;[39m &amp#27;[37m/session/8b9c12c4-9c1c-4db2-8d1e-b301ec11f45a/element&amp#27;[39m
&amp#27;[38;5;0m[HTTP]&amp#27;[0m &amp#27;[90m{"value":"//*[@id=\"sidebar\"]/ul/li[3]/a","using":"xpath"}&amp#27;[39m
&amp#27;[38;5;32m[AndroidUiautomator2Driver@6453 (8b9c12c4)]&amp#27;[0m Driver proxy active, passing request on via HTTP proxy
&amp#27;[38;5;96m[Chromedriver@0756 (d105eff1)]&amp#27;[0m Matched '/session/8b9c12c4-9c1c-4db2-8d1e-b301ec11f45a/element' to command name 'findElement'
&amp#27;[38;5;96m[Chromedriver@0756 (d105eff1)]&amp#27;[0m Proxying [POST /session/8b9c12c4-9c1c-4db2-8d1e-b301ec11f45a/element] to [POST http://127.0.0.1:52851/session/d105eff11b76bfce77f640f2b066a387/element] with body: {"value":"//*[@id=\"sidebar\"]/ul/li[3]/a","using":"xpath"}
&amp#27;[38;5;96m[Chromedriver@0756 (d105eff1)]&amp#27;[0m Got response with status 200: {"value":{"element-6066-11e4-a52e-4f735466cecf":"57a0326a-58ee-42ec-8ead-00298f1dfd38"}}
&amp#27;[38;5;0m[HTTP]&amp#27;[0m &amp#27;[37m<-- POST /session/8b9c12c4-9c1c-4db2-8d1e-b301ec11f45a/element &amp#27;[39m&amp#27;[32m200&amp#27;[39m &amp#27;[90m109 ms - 137&amp#27;[39m
&amp#27;[38;5;0m[HTTP]&amp#27;[0m &amp#27;[90m&amp#27;[39m
&amp#27;[38;5;0m[HTTP]&amp#27;[0m &amp#27;[37m-->&amp#27;[39m &amp#27;[37mPOST&amp#27;[39m &amp#27;[37m/session/8b9c12c4-9c1c-4db2-8d1e-b301ec11f45a/element/57a0326a-58ee-42ec-8ead-00298f1dfd38/click&amp#27;[39m
&amp#27;[38;5;0m[HTTP]&amp#27;[0m &amp#27;[90m{"id":"57a0326a-58ee-42ec-8ead-00298f1dfd38"}&amp#27;[39m
&amp#27;[38;5;32m[AndroidUiautomator2Driver@6453 (8b9c12c4)]&amp#27;[0m Driver proxy active, passing request on via HTTP proxy
&amp#27;[38;5;96m[Chromedriver@0756 (d105eff1)]&amp#27;[0m Matched '/session/8b9c12c4-9c1c-4db2-8d1e-b301ec11f45a/element/57a0326a-58ee-42ec-8ead-00298f1dfd38/click' to command name 'click'
&amp#27;[38;5;96m[Chromedriver@0756 (d105eff1)]&amp#27;[0m Proxying [POST /session/8b9c12c4-9c1c-4db2-8d1e-b301ec11f45a/element/57a0326a-58ee-42ec-8ead-00298f1dfd38/click] to [POST http://127.0.0.1:52851/session/d105eff11b76bfce77f640f2b066a387/element/57a0326a-58ee-42ec-8ead-00298f1dfd38/click] with body: {"id":"57a0326a-58ee-42ec-8ead-00298f1dfd38"}
&amp#27;[38;5;96m[Chromedriver@0756 (d105eff1)]&amp#27;[0m Got response with status 200: {"value":null}
&amp#27;[38;5;0m[HTTP]&amp#27;[0m &amp#27;[37m<-- POST /session/8b9c12c4-9c1c-4db2-8d1e-b301ec11f45a/element/57a0326a-58ee-42ec-8ead-00298f1dfd38/click &amp#27;[39m&amp#27;[32m200&amp#27;[39m &amp#27;[90m430 ms - 14&amp#27;[39m
&amp#27;[38;5;0m[HTTP]&amp#27;[0m &amp#27;[90m&amp#27;[39m
Clicked on Maintenance & Repairs
&amp#27;[38;5;0m[HTTP]&amp#27;[0m &amp#27;[37m-->&amp#27;[39m &amp#27;[37mPOST&amp#27;[39m &amp#27;[37m/session/8b9c12c4-9c1c-4db2-8d1e-b301ec11f45a/element&amp#27;[39m
&amp#27;[38;5;0m[HTTP]&amp#27;[0m &amp#27;[90m{"value":"Corrective","using":"partial link text"}&amp#27;[39m
&amp#27;[38;5;32m[AndroidUiautomator2Driver@6453 (8b9c12c4)]&amp#27;[0m Driver proxy active, passing request on via HTTP proxy
&amp#27;[38;5;96m[Chromedriver@0756 (d105eff1)]&amp#27;[0m Matched '/session/8b9c12c4-9c1c-4db2-8d1e-b301ec11f45a/element' to command name 'findElement'
&amp#27;[38;5;96m[Chromedriver@0756 (d105eff1)]&amp#27;[0m Proxying [POST /session/8b9c12c4-9c1c-4db2-8d1e-b301ec11f45a/element] to [POST http://127.0.0.1:52851/session/d105eff11b76bfce77f640f2b066a387/element] with body: {"value":"Corrective","using":"partial link text"}
&amp#27;[38;5;96m[Chromedriver@0756 (d105eff1)]&amp#27;[0m Got response with status 200: {"value":{"element-6066-11e4-a52e-4f735466cecf":"5fe2b92a-7cf8-4a0d-bd57-ba39d9d2b816"}}
&amp#27;[38;5;0m[HTTP]&amp#27;[0m &amp#27;[37m<-- POST /session/8b9c12c4-9c1c-4db2-8d1e-b301ec11f45a/element &amp#27;[39m&amp#27;[32m200&amp#27;[39m &amp#27;[90m199 ms - 137&amp#27;[39m
&amp#27;[38;5;0m[HTTP]&amp#27;[0m &amp#27;[90m&amp#27;[39m
&amp#27;[38;5;0m[HTTP]&amp#27;[0m &amp#27;[37m-->&amp#27;[39m &amp#27;[37mPOST&amp#27;[39m &amp#27;[37m/session/8b9c12c4-9c1c-4db2-8d1e-b301ec11f45a/element/5fe2b92a-7cf8-4a0d-bd57-ba39d9d2b816/click&amp#27;[39m
&amp#27;[38;5;0m[HTTP]&amp#27;[0m &amp#27;[90m{"id":"5fe2b92a-7cf8-4a0d-bd57-ba39d9d2b816"}&amp#27;[39m
&amp#27;[38;5;32m[AndroidUiautomator2Driver@6453 (8b9c12c4)]&amp#27;[0m Driver proxy active, passing request on via HTTP proxy
&amp#27;[38;5;96m[Chromedriver@0756 (d105eff1)]&amp#27;[0m Matched '/session/8b9c12c4-9c1c-4db2-8d1e-b301ec11f45a/element/5fe2b92a-7cf8-4a0d-bd57-ba39d9d2b816/click' to command name 'click'
&amp#27;[38;5;96m[Chromedriver@0756 (d105eff1)]&amp#27;[0m Proxying [POST /session/8b9c12c4-9c1c-4db2-8d1e-b301ec11f45a/element/5fe2b92a-7cf8-4a0d-bd57-ba39d9d2b816/click] to [POST http://127.0.0.1:52851/session/d105eff11b76bfce77f640f2b066a387/element/5fe2b92a-7cf8-4a0d-bd57-ba39d9d2b816/click] with body: {"id":"5fe2b92a-7cf8-4a0d-bd57-ba39d9d2b816"}
&amp#27;[38;5;96m[Chromedriver@0756 (d105eff1)]&amp#27;[0m Got response with status 200: {"value":null}
&amp#27;[38;5;0m[HTTP]&amp#27;[0m &amp#27;[37m<-- POST /session/8b9c12c4-9c1c-4db2-8d1e-b301ec11f45a/element/5fe2b92a-7cf8-4a0d-bd57-ba39d9d2b816/click &amp#27;[39m&amp#27;[32m200&amp#27;[39m &amp#27;[90m894 ms - 14&amp#27;[39m
&amp#27;[38;5;0m[HTTP]&amp#27;[0m &amp#27;[90m&amp#27;[39m
Clicked on Corrective Miantenance
&amp#27;[38;5;0m[HTTP]&amp#27;[0m &amp#27;[37m-->&amp#27;[39m &amp#27;[37mPOST&amp#27;[39m &amp#27;[37m/session/8b9c12c4-9c1c-4db2-8d1e-b301ec11f45a/element&amp#27;[39m
&amp#27;[38;5;0m[HTTP]&amp#27;[0m &amp#27;[90m{"value":"//*[@id=\"id_from_maintenancefilter\"]/div/div[8]/a","using":"xpath"}&amp#27;[39m
&amp#27;[38;5;32m[AndroidUiautomator2Driver@6453 (8b9c12c4)]&amp#27;[0m Driver proxy active, passing request on via HTTP proxy
&amp#27;[38;5;96m[Chromedriver@0756 (d105eff1)]&amp#27;[0m Matched '/session/8b9c12c4-9c1c-4db2-8d1e-b301ec11f45a/element' to command name 'findElement'
&amp#27;[38;5;96m[Chromedriver@0756 (d105eff1)]&amp#27;[0m Proxying [POST /session/8b9c12c4-9c1c-4db2-8d1e-b301ec11f45a/element] to [POST http://127.0.0.1:52851/session/d105eff11b76bfce77f640f2b066a387/element] with body: {"value":"//*[@id=\"id_from_maintenancefilter\"]/div/div[8]/a","using":"xpath"}
&amp#27;[38;5;96m[Chromedriver@0756 (d105eff1)]&amp#27;[0m Got response with status 200: {"value":{"element-6066-11e4-a52e-4f735466cecf":"1ea7ab72-d023-40bd-bda8-c49051b83667"}}
&amp#27;[38;5;0m[HTTP]&amp#27;[0m &amp#27;[37m<-- POST /session/8b9c12c4-9c1c-4db2-8d1e-b301ec11f45a/element &amp#27;[39m&amp#27;[32m200&amp#27;[39m &amp#27;[90m709 ms - 137&amp#27;[39m
&amp#27;[38;5;0m[HTTP]&amp#27;[0m &amp#27;[90m&amp#27;[39m
&amp#27;[38;5;0m[HTTP]&amp#27;[0m &amp#27;[37m-->&amp#27;[39m &amp#27;[37mPOST&amp#27;[39m &amp#27;[37m/session/8b9c12c4-9c1c-4db2-8d1e-b301ec11f45a/element/1ea7ab72-d023-40bd-bda8-c49051b83667/click&amp#27;[39m
&amp#27;[38;5;0m[HTTP]&amp#27;[0m &amp#27;[90m{"id":"1ea7ab72-d023-40bd-bda8-c49051b83667"}&amp#27;[39m
&amp#27;[38;5;32m[AndroidUiautomator2Driver@6453 (8b9c12c4)]&amp#27;[0m Driver proxy active, passing request on via HTTP proxy
&amp#27;[38;5;96m[Chromedriver@0756 (d105eff1)]&amp#27;[0m Matched '/session/8b9c12c4-9c1c-4db2-8d1e-b301ec11f45a/element/1ea7ab72-d023-40bd-bda8-c49051b83667/click' to command name 'click'
&amp#27;[38;5;96m[Chromedriver@0756 (d105eff1)]&amp#27;[0m Proxying [POST /session/8b9c12c4-9c1c-4db2-8d1e-b301ec11f45a/element/1ea7ab72-d023-40bd-bda8-c49051b83667/click] to [POST http://127.0.0.1:52851/session/d105eff11b76bfce77f640f2b066a387/element/1ea7ab72-d023-40bd-bda8-c49051b83667/click] with body: {"id":"1ea7ab72-d023-40bd-bda8-c49051b83667"}
&amp#27;[38;5;96m[Chromedriver@0756 (d105eff1)]&amp#27;[0m Got response with status 200: {"value":null}
&amp#27;[38;5;0m[HTTP]&amp#27;[0m &amp#27;[37m<-- POST /session/8b9c12c4-9c1c-4db2-8d1e-b301ec11f45a/element/1ea7ab72-d023-40bd-bda8-c49051b83667/click &amp#27;[39m&amp#27;[32m200&amp#27;[39m &amp#27;[90m713 ms - 14&amp#27;[39m
&amp#27;[38;5;0m[HTTP]&amp#27;[0m &amp#27;[90m&amp#27;[39m
Clicked on new workorder
&amp#27;[38;5;0m[HTTP]&amp#27;[0m &amp#27;[37m-->&amp#27;[39m &amp#27;[37mPOST&amp#27;[39m &amp#27;[37m/session/8b9c12c4-9c1c-4db2-8d1e-b301ec11f45a/element&amp#27;[39m
&amp#27;[38;5;0m[HTTP]&amp#27;[0m &amp#27;[90m{"value":"#id_duedate","using":"css selector"}&amp#27;[39m
&amp#27;[38;5;32m[AndroidUiautomator2Driver@6453 (8b9c12c4)]&amp#27;[0m Driver proxy active, passing request on via HTTP proxy
&amp#27;[38;5;96m[Chromedriver@0756 (d105eff1)]&amp#27;[0m Matched '/session/8b9c12c4-9c1c-4db2-8d1e-b301ec11f45a/element' to command name 'findElement'
&amp#27;[38;5;96m[Chromedriver@0756 (d105eff1)]&amp#27;[0m Proxying [POST /session/8b9c12c4-9c1c-4db2-8d1e-b301ec11f45a/element] to [POST http://127.0.0.1:52851/session/d105eff11b76bfce77f640f2b066a387/element] with body: {"value":"#id_duedate","using":"css selector"}
&amp#27;[38;5;96m[Chromedriver@0756 (d105eff1)]&amp#27;[0m Got response with status 200: {"value":{"element-6066-11e4-a52e-4f735466cecf":"4828dba6-6964-4006-b35a-3f09677fdfc6"}}
&amp#27;[38;5;0m[HTTP]&amp#27;[0m &amp#27;[37m<-- POST /session/8b9c12c4-9c1c-4db2-8d1e-b301ec11f45a/element &amp#27;[39m&amp#27;[32m200&amp#27;[39m &amp#27;[90m348 ms - 137&amp#27;[39m
&amp#27;[38;5;0m[HTTP]&amp#27;[0m &amp#27;[90m&amp#27;[39m
&amp#27;[38;5;0m[HTTP]&amp#27;[0m &amp#27;[37m-->&amp#27;[39m &amp#27;[37mPOST&amp#27;[39m &amp#27;[37m/session/8b9c12c4-9c1c-4db2-8d1e-b301ec11f45a/element/4828dba6-6964-4006-b35a-3f09677fdfc6/value&amp#27;[39m
&amp#27;[38;5;0m[HTTP]&amp#27;[0m &amp#27;[90m{"value":["0","4","-","2","0"],"id":"4828dba6-6964-4006-b35a-3f09677fdfc6","text":"04-20"}&amp#27;[39m
&amp#27;[38;5;32m[AndroidUiautomator2Driver@6453 (8b9c12c4)]&amp#27;[0m Driver proxy active, passing request on via HTTP proxy
&amp#27;[38;5;96m[Chromedriver@0756 (d105eff1)]&amp#27;[0m Matched '/session/8b9c12c4-9c1c-4db2-8d1e-b301ec11f45a/element/4828dba6-6964-4006-b35a-3f09677fdfc6/value' to command name 'setValue'
&amp#27;[38;5;96m[Chromedriver@0756 (d105eff1)]&amp#27;[0m Proxying [POST /session/8b9c12c4-9c1c-4db2-8d1e-b301ec11f45a/element/4828dba6-6964-4006-b35a-3f09677fdfc6/value] to [POST http://127.0.0.1:52851/session/d105eff11b76bfce77f640f2b066a387/element/4828dba6-6964-4006-b35a-3f09677fdfc6/value] with body: {"value":["0","4","-","2","0"],"id":"4828dba6-6964-4006-b35a-3f09677fdfc6","text":"04-20"}
&amp#27;[38;5;96m[Chromedriver@0756 (d105eff1)]&amp#27;[0m Got response with status 200: {"value":null}
&amp#27;[38;5;0m[HTTP]&amp#27;[0m &amp#27;[37m<-- POST /session/8b9c12c4-9c1c-4db2-8d1e-b301ec11f45a/element/4828dba6-6964-4006-b35a-3f09677fdfc6/value &amp#27;[39m&amp#27;[32m200&amp#27;[39m &amp#27;[90m521 ms - 14&amp#27;[39m
&amp#27;[38;5;0m[HTTP]&amp#27;[0m &amp#27;[90m&amp#27;[39m
Fixed duedate
&amp#27;[38;5;0m[HTTP]&amp#27;[0m &amp#27;[37m-->&amp#27;[39m &amp#27;[37mPOST&amp#27;[39m &amp#27;[37m/session/8b9c12c4-9c1c-4db2-8d1e-b301ec11f45a/element&amp#27;[39m
&amp#27;[38;5;0m[HTTP]&amp#27;[0m &amp#27;[90m{"value":"*[name='duetime']","using":"css selector"}&amp#27;[39m
&amp#27;[38;5;32m[AndroidUiautomator2Driver@6453 (8b9c12c4)]&amp#27;[0m Driver proxy active, passing request on via HTTP proxy
&amp#27;[38;5;96m[Chromedriver@0756 (d105eff1)]&amp#27;[0m Matched '/session/8b9c12c4-9c1c-4db2-8d1e-b301ec11f45a/element' to command name 'findElement'
&amp#27;[38;5;96m[Chromedriver@0756 (d105eff1)]&amp#27;[0m Proxying [POST /session/8b9c12c4-9c1c-4db2-8d1e-b301ec11f45a/element] to [POST http://127.0.0.1:52851/session/d105eff11b76bfce77f640f2b066a387/element] with body: {"value":"*[name='duetime']","using":"css selector"}
&amp#27;[38;5;96m[Chromedriver@0756 (d105eff1)]&amp#27;[0m Got response with status 200: {"value":{"element-6066-11e4-a52e-4f735466cecf":"7104c992-bc62-49ac-98f3-5912b5253510"}}
&amp#27;[38;5;0m[HTTP]&amp#27;[0m &amp#27;[37m<-- POST /session/8b9c12c4-9c1c-4db2-8d1e-b301ec11f45a/element &amp#27;[39m&amp#27;[32m200&amp#27;[39m &amp#27;[90m30 ms - 137&amp#27;[39m
&amp#27;[38;5;0m[HTTP]&amp#27;[0m &amp#27;[90m&amp#27;[39m
&amp#27;[38;5;0m[HTTP]&amp#27;[0m &amp#27;[37m-->&amp#27;[39m &amp#27;[37mPOST&amp#27;[39m &amp#27;[37m/session/8b9c12c4-9c1c-4db2-8d1e-b301ec11f45a/element/7104c992-bc62-49ac-98f3-5912b5253510/value&amp#27;[39m
&amp#27;[38;5;0m[HTTP]&amp#27;[0m &amp#27;[90m{"value":["1","0",":","0","0"],"id":"7104c992-bc62-49ac-98f3-5912b5253510","text":"10:00"}&amp#27;[39m
&amp#27;[38;5;32m[AndroidUiautomator2Driver@6453 (8b9c12c4)]&amp#27;[0m Driver proxy active, passing request on via HTTP proxy
&amp#27;[38;5;96m[Chromedriver@0756 (d105eff1)]&amp#27;[0m Matched '/session/8b9c12c4-9c1c-4db2-8d1e-b301ec11f45a/element/7104c992-bc62-49ac-98f3-5912b5253510/value' to command name 'setValue'
&amp#27;[38;5;96m[Chromedriver@0756 (d105eff1)]&amp#27;[0m Proxying [POST /session/8b9c12c4-9c1c-4db2-8d1e-b301ec11f45a/element/7104c992-bc62-49ac-98f3-5912b5253510/value] to [POST http://127.0.0.1:52851/session/d105eff11b76bfce77f640f2b066a387/element/7104c992-bc62-49ac-98f3-5912b5253510/value] with body: {"value":["1","0",":","0","0"],"id":"7104c992-bc62-49ac-98f3-5912b5253510","text":"10:00"}
&amp#27;[38;5;96m[Chromedriver@0756 (d105eff1)]&amp#27;[0m Got response with status 200: {"value":null}
&amp#27;[38;5;0m[HTTP]&amp#27;[0m &amp#27;[37m<-- POST /session/8b9c12c4-9c1c-4db2-8d1e-b301ec11f45a/element/7104c992-bc62-49ac-98f3-5912b5253510/value &amp#27;[39m&amp#27;[32m200&amp#27;[39m &amp#27;[90m387 ms - 14&amp#27;[39m
&amp#27;[38;5;0m[HTTP]&amp#27;[0m &amp#27;[90m&amp#27;[39m
Fixed duetime
&amp#27;[38;5;0m[HTTP]&amp#27;[0m &amp#27;[37m-->&amp#27;[39m &amp#27;[37mPOST&amp#27;[39m &amp#27;[37m/session/8b9c12c4-9c1c-4db2-8d1e-b301ec11f45a/element&amp#27;[39m
&amp#27;[38;5;0m[HTTP]&amp#27;[0m &amp#27;[90m{"value":"*[name='title']","using":"css selector"}&amp#27;[39m
&amp#27;[38;5;32m[AndroidUiautomator2Driver@6453 (8b9c12c4)]&amp#27;[0m Driver proxy active, passing request on via HTTP proxy
&amp#27;[38;5;96m[Chromedriver@0756 (d105eff1)]&amp#27;[0m Matched '/session/8b9c12c4-9c1c-4db2-8d1e-b301ec11f45a/element' to command name 'findElement'
&amp#27;[38;5;96m[Chromedriver@0756 (d105eff1)]&amp#27;[0m Proxying [POST /session/8b9c12c4-9c1c-4db2-8d1e-b301ec11f45a/element] to [POST http://127.0.0.1:52851/session/d105eff11b76bfce77f640f2b066a387/element] with body: {"value":"*[name='title']","using":"css selector"}
&amp#27;[38;5;96m[Chromedriver@0756 (d105eff1)]&amp#27;[0m Got response with status 200: {"value":{"element-6066-11e4-a52e-4f735466cecf":"3321cabe-5f28-47c3-8978-f26503f5d645"}}
&amp#27;[38;5;0m[HTTP]&amp#27;[0m &amp#27;[37m<-- POST /session/8b9c12c4-9c1c-4db2-8d1e-b301ec11f45a/element &amp#27;[39m&amp#27;[32m200&amp#27;[39m &amp#27;[90m33 ms - 137&amp#27;[39m
&amp#27;[38;5;0m[HTTP]&amp#27;[0m &amp#27;[90m&amp#27;[39m
&amp#27;[38;5;0m[HTTP]&amp#27;[0m &amp#27;[37m-->&amp#27;[39m &amp#27;[37mPOST&amp#27;[39m &amp#27;[37m/session/8b9c12c4-9c1c-4db2-8d1e-b301ec11f45a/element/3321cabe-5f28-47c3-8978-f26503f5d645/value&amp#27;[39m
&amp#27;[38;5;0m[HTTP]&amp#27;[0m &amp#27;[90m{"value":["H","e","a","t"],"id":"3321cabe-5f28-47c3-8978-f26503f5d645","text":"Heat"}&amp#27;[39m
&amp#27;[38;5;32m[AndroidUiautomator2Driver@6453 (8b9c12c4)]&amp#27;[0m Driver proxy active, passing request on via HTTP proxy
&amp#27;[38;5;96m[Chromedriver@0756 (d105eff1)]&amp#27;[0m Matched '/session/8b9c12c4-9c1c-4db2-8d1e-b301ec11f45a/element/3321cabe-5f28-47c3-8978-f26503f5d645/value' to command name 'setValue'
&amp#27;[38;5;96m[Chromedriver@0756 (d105eff1)]&amp#27;[0m Proxying [POST /session/8b9c12c4-9c1c-4db2-8d1e-b301ec11f45a/element/3321cabe-5f28-47c3-8978-f26503f5d645/value] to [POST http://127.0.0.1:52851/session/d105eff11b76bfce77f640f2b066a387/element/3321cabe-5f28-47c3-8978-f26503f5d645/value] with body: {"value":["H","e","a","t"],"id":"3321cabe-5f28-47c3-8978-f26503f5d645","text":"Heat"}
&amp#27;[38;5;96m[Chromedriver@0756 (d105eff1)]&amp#27;[0m Got response with status 200: {"value":null}
&amp#27;[38;5;0m[HTTP]&amp#27;[0m &amp#27;[37m<-- POST /session/8b9c12c4-9c1c-4db2-8d1e-b301ec11f45a/element/3321cabe-5f28-47c3-8978-f26503f5d645/value &amp#27;[39m&amp#27;[32m200&amp#27;[39m &amp#27;[90m758 ms - 14&amp#27;[39m
&amp#27;[38;5;0m[HTTP]&amp#27;[0m &amp#27;[90m&amp#27;[39m
Sent the Title
&amp#27;[38;5;0m[HTTP]&amp#27;[0m &amp#27;[37m-->&amp#27;[39m &amp#27;[37mPOST&amp#27;[39m &amp#27;[37m/session/8b9c12c4-9c1c-4db2-8d1e-b301ec11f45a/element&amp#27;[39m
&amp#27;[38;5;0m[HTTP]&amp#27;[0m &amp#27;[90m{"value":"//*[@id=\"id_title\"]//following::input[1]","using":"xpath"}&amp#27;[39m
&amp#27;[38;5;32m[AndroidUiautomator2Driver@6453 (8b9c12c4)]&amp#27;[0m Driver proxy active, passing request on via HTTP proxy
&amp#27;[38;5;96m[Chromedriver@0756 (d105eff1)]&amp#27;[0m Matched '/session/8b9c12c4-9c1c-4db2-8d1e-b301ec11f45a/element' to command name 'findElement'
&amp#27;[38;5;96m[Chromedriver@0756 (d105eff1)]&amp#27;[0m Proxying [POST /session/8b9c12c4-9c1c-4db2-8d1e-b301ec11f45a/element] to [POST http://127.0.0.1:52851/session/d105eff11b76bfce77f640f2b066a387/element] with body: {"value":"//*[@id=\"id_title\"]//following::input[1]","using":"xpath"}
&amp#27;[38;5;96m[Chromedriver@0756 (d105eff1)]&amp#27;[0m Got response with status 200: {"value":{"element-6066-11e4-a52e-4f735466cecf":"dc4e1b34-53c0-4b45-afef-ad240a89cc35"}}
&amp#27;[38;5;0m[HTTP]&amp#27;[0m &amp#27;[37m<-- POST /session/8b9c12c4-9c1c-4db2-8d1e-b301ec11f45a/element &amp#27;[39m&amp#27;[32m200&amp#27;[39m &amp#27;[90m83 ms - 137&amp#27;[39m
&amp#27;[38;5;0m[HTTP]&amp#27;[0m &amp#27;[90m&amp#27;[39m
&amp#27;[38;5;0m[HTTP]&amp#27;[0m &amp#27;[37m-->&amp#27;[39m &amp#27;[37mPOST&amp#27;[39m &amp#27;[37m/session/8b9c12c4-9c1c-4db2-8d1e-b301ec11f45a/element/dc4e1b34-53c0-4b45-afef-ad240a89cc35/value&amp#27;[39m
&amp#27;[38;5;0m[HTTP]&amp#27;[0m &amp#27;[90m{"value":["H","e","a","t","i","n","g"," ","I","s","s","u","e"],"id":"dc4e1b34-53c0-4b45-afef-ad240a89cc35","text":"Heating Issue"}&amp#27;[39m
&amp#27;[38;5;32m[AndroidUiautomator2Driver@6453 (8b9c12c4)]&amp#27;[0m Driver proxy active, passing request on via HTTP proxy
&amp#27;[38;5;96m[Chromedriver@0756 (d105eff1)]&amp#27;[0m Matched '/session/8b9c12c4-9c1c-4db2-8d1e-b301ec11f45a/element/dc4e1b34-53c0-4b45-afef-ad240a89cc35/value' to command name 'setValue'
&amp#27;[38;5;96m[Chromedriver@0756 (d105eff1)]&amp#27;[0m Proxying [POST /session/8b9c12c4-9c1c-4db2-8d1e-b301ec11f45a/element/dc4e1b34-53c0-4b45-afef-ad240a89cc35/value] to [POST http://127.0.0.1:52851/session/d105eff11b76bfce77f640f2b066a387/element/dc4e1b34-53c0-4b45-afef-ad240a89cc35/value] with body: {"value":["H","e","a","t","i","n","g"," ","I","s","s","u","e"],"id":"dc4e1b34-53c0-4b45-afef-ad240a89cc35","text":"Heating Issue"}
&amp#27;[38;5;96m[Chromedriver@0756 (d105eff1)]&amp#27;[0m Got response with status 200: {"value":null}
&amp#27;[38;5;0m[HTTP]&amp#27;[0m &amp#27;[37m<-- POST /session/8b9c12c4-9c1c-4db2-8d1e-b301ec11f45a/element/dc4e1b34-53c0-4b45-afef-ad240a89cc35/value &amp#27;[39m&amp#27;[32m200&amp#27;[39m &amp#27;[90m838 ms - 14&amp#27;[39m
&amp#27;[38;5;0m[HTTP]&amp#27;[0m &amp#27;[90m&amp#27;[39m
Sent the Description
&amp#27;[38;5;0m[HTTP]&amp#27;[0m &amp#27;[37m-->&amp#27;[39m &amp#27;[37mPOST&amp#27;[39m &amp#27;[37m/session/8b9c12c4-9c1c-4db2-8d1e-b301ec11f45a/element&amp#27;[39m
&amp#27;[38;5;0m[HTTP]&amp#27;[0m &amp#27;[90m{"value":"//*[@id=\"id_form_workorder\"]/div/div[2]/div/div[4]/div","using":"xpath"}&amp#27;[39m
&amp#27;[38;5;32m[AndroidUiautomator2Driver@6453 (8b9c12c4)]&amp#27;[0m Driver proxy active, passing request on via HTTP proxy
&amp#27;[38;5;96m[Chromedriver@0756 (d105eff1)]&amp#27;[0m Matched '/session/8b9c12c4-9c1c-4db2-8d1e-b301ec11f45a/element' to command name 'findElement'
&amp#27;[38;5;96m[Chromedriver@0756 (d105eff1)]&amp#27;[0m Proxying [POST /session/8b9c12c4-9c1c-4db2-8d1e-b301ec11f45a/element] to [POST http://127.0.0.1:52851/session/d105eff11b76bfce77f640f2b066a387/element] with body: {"value":"//*[@id=\"id_form_workorder\"]/div/div[2]/div/div[4]/div","using":"xpath"}
&amp#27;[38;5;96m[Chromedriver@0756 (d105eff1)]&amp#27;[0m Got response with status 200: {"value":{"element-6066-11e4-a52e-4f735466cecf":"f0eec4f3-ba5c-4f23-b5cf-d8c637e36dc8"}}
&amp#27;[38;5;0m[HTTP]&amp#27;[0m &amp#27;[37m<-- POST /session/8b9c12c4-9c1c-4db2-8d1e-b301ec11f45a/element &amp#27;[39m&amp#27;[32m200&amp#27;[39m &amp#27;[90m37 ms - 137&amp#27;[39m
&amp#27;[38;5;0m[HTTP]&amp#27;[0m &amp#27;[90m&amp#27;[39m
&amp#27;[38;5;0m[HTTP]&amp#27;[0m &amp#27;[37m-->&amp#27;[39m &amp#27;[37mPOST&amp#27;[39m &amp#27;[37m/session/8b9c12c4-9c1c-4db2-8d1e-b301ec11f45a/element/f0eec4f3-ba5c-4f23-b5cf-d8c637e36dc8/elements&amp#27;[39m
&amp#27;[38;5;0m[HTTP]&amp#27;[0m &amp#27;[90m{"value":"label","id":"f0eec4f3-ba5c-4f23-b5cf-d8c637e36dc8","using":"tag name"}&amp#27;[39m
&amp#27;[38;5;32m[AndroidUiautomator2Driver@6453 (8b9c12c4)]&amp#27;[0m Driver proxy active, passing request on via HTTP proxy
&amp#27;[38;5;96m[Chromedriver@0756 (d105eff1)]&amp#27;[0m Matched '/session/8b9c12c4-9c1c-4db2-8d1e-b301ec11f45a/element/f0eec4f3-ba5c-4f23-b5cf-d8c637e36dc8/elements' to command name 'findElementsFromElement'
&amp#27;[38;5;96m[Chromedriver@0756 (d105eff1)]&amp#27;[0m Proxying [POST /session/8b9c12c4-9c1c-4db2-8d1e-b301ec11f45a/element/f0eec4f3-ba5c-4f23-b5cf-d8c637e36dc8/elements] to [POST http://127.0.0.1:52851/session/d105eff11b76bfce77f640f2b066a387/element/f0eec4f3-ba5c-4f23-b5cf-d8c637e36dc8/elements] with body: {"value":"label","id":"f0eec4f3-ba5c-4f23-b5cf-d8c637e36dc8","using":"tag name"}
&amp#27;[38;5;96m[Chromedriver@0756 (d105eff1)]&amp#27;[0m Got response with status 200: {"value":[{"element-6066-11e4-a52e-4f735466cecf":"00759a30-afac-466f-9df3-335bc6b2f4c9"},{"element-6066-11e4-a52e-4f735466cecf":"4150b33c-2fe8-47e7-ac79-dc8eaaf75ae7"},{"element-6066-11e4-a52e-4f735466cecf":"ec07b219-be80-4185-b3d8-3cb17368bef9"},{"element-6066-11e4-a52e-4f735466cecf":"dcb4f728-d5d2-4482-bd07-df16574765f3"}]}
&amp#27;[38;5;0m[HTTP]&amp#27;[0m &amp#27;[37m<-- POST /session/8b9c12c4-9c1c-4db2-8d1e-b301ec11f45a/element/f0eec4f3-ba5c-4f23-b5cf-d8c637e36dc8/elements &amp#27;[39m&amp#27;[32m200&amp#27;[39m &amp#27;[90m31 ms - 523&amp#27;[39m
&amp#27;[38;5;0m[HTTP]&amp#27;[0m &amp#27;[90m&amp#27;[39m
&amp#27;[38;5;0m[HTTP]&amp#27;[0m &amp#27;[37m-->&amp#27;[39m &amp#27;[37mGET&amp#27;[39m &amp#27;[37m/session/8b9c12c4-9c1c-4db2-8d1e-b301ec11f45a/element/00759a30-afac-466f-9df3-335bc6b2f4c9/text&amp#27;[39m
&amp#27;[38;5;0m[HTTP]&amp#27;[0m &amp#27;[90m{}&amp#27;[39m
&amp#27;[38;5;32m[AndroidUiautomator2Driver@6453 (8b9c12c4)]&amp#27;[0m Driver proxy active, passing request on via HTTP proxy
&amp#27;[38;5;96m[Chromedriver@0756 (d105eff1)]&amp#27;[0m Matched '/session/8b9c12c4-9c1c-4db2-8d1e-b301ec11f45a/element/00759a30-afac-466f-9df3-335bc6b2f4c9/text' to command name 'getText'
&amp#27;[38;5;96m[Chromedriver@0756 (d105eff1)]&amp#27;[0m Proxying [GET /session/8b9c12c4-9c1c-4db2-8d1e-b301ec11f45a/element/00759a30-afac-466f-9df3-335bc6b2f4c9/text] to [GET http://127.0.0.1:52851/session/d105eff11b76bfce77f640f2b066a387/element/00759a30-afac-466f-9df3-335bc6b2f4c9/text] with no body
&amp#27;[38;5;96m[Chromedriver@0756 (d105eff1)]&amp#27;[0m Got response with status 200: {"value":"None"}
&amp#27;[38;5;0m[HTTP]&amp#27;[0m &amp#27;[37m<-- GET /session/8b9c12c4-9c1c-4db2-8d1e-b301ec11f45a/element/00759a30-afac-466f-9df3-335bc6b2f4c9/text &amp#27;[39m&amp#27;[32m200&amp#27;[39m &amp#27;[90m34 ms - 16&amp#27;[39m
&amp#27;[38;5;0m[HTTP]&amp#27;[0m &amp#27;[90m&amp#27;[39m
&amp#27;[38;5;0m[HTTP]&amp#27;[0m &amp#27;[37m-->&amp#27;[39m &amp#27;[37mGET&amp#27;[39m &amp#27;[37m/session/8b9c12c4-9c1c-4db2-8d1e-b301ec11f45a/element/4150b33c-2fe8-47e7-ac79-dc8eaaf75ae7/text&amp#27;[39m
&amp#27;[38;5;0m[HTTP]&amp#27;[0m &amp#27;[90m{}&amp#27;[39m
&amp#27;[38;5;32m[AndroidUiautomator2Driver@6453 (8b9c12c4)]&amp#27;[0m Driver proxy active, passing request on via HTTP proxy
&amp#27;[38;5;96m[Chromedriver@0756 (d105eff1)]&amp#27;[0m Matched '/session/8b9c12c4-9c1c-4db2-8d1e-b301ec11f45a/element/4150b33c-2fe8-47e7-ac79-dc8eaaf75ae7/text' to command name 'getText'
&amp#27;[38;5;96m[Chromedriver@0756 (d105eff1)]&amp#27;[0m Proxying [GET /session/8b9c12c4-9c1c-4db2-8d1e-b301ec11f45a/element/4150b33c-2fe8-47e7-ac79-dc8eaaf75ae7/text] to [GET http://127.0.0.1:52851/session/d105eff11b76bfce77f640f2b066a387/element/4150b33c-2fe8-47e7-ac79-dc8eaaf75ae7/text] with no body
&amp#27;[38;5;96m[Chromedriver@0756 (d105eff1)]&amp#27;[0m Got response with status 200: {"value":"Low"}
&amp#27;[38;5;0m[HTTP]&amp#27;[0m &amp#27;[37m<-- GET /session/8b9c12c4-9c1c-4db2-8d1e-b301ec11f45a/element/4150b33c-2fe8-47e7-ac79-dc8eaaf75ae7/text &amp#27;[39m&amp#27;[32m200&amp#27;[39m &amp#27;[90m33 ms - 15&amp#27;[39m
&amp#27;[38;5;0m[HTTP]&amp#27;[0m &amp#27;[90m&amp#27;[39m
&amp#27;[38;5;0m[HTTP]&amp#27;[0m &amp#27;[37m-->&amp#27;[39m &amp#27;[37mGET&amp#27;[39m &amp#27;[37m/session/8b9c12c4-9c1c-4db2-8d1e-b301ec11f45a/element/ec07b219-be80-4185-b3d8-3cb17368bef9/text&amp#27;[39m
&amp#27;[38;5;0m[HTTP]&amp#27;[0m &amp#27;[90m{}&amp#27;[39m
&amp#27;[38;5;32m[AndroidUiautomator2Driver@6453 (8b9c12c4)]&amp#27;[0m Driver proxy active, passing request on via HTTP proxy
&amp#27;[38;5;96m[Chromedriver@0756 (d105eff1)]&amp#27;[0m Matched '/session/8b9c12c4-9c1c-4db2-8d1e-b301ec11f45a/element/ec07b219-be80-4185-b3d8-3cb17368bef9/text' to command name 'getText'
&amp#27;[38;5;96m[Chromedriver@0756 (d105eff1)]&amp#27;[0m Proxying [GET /session/8b9c12c4-9c1c-4db2-8d1e-b301ec11f45a/element/ec07b219-be80-4185-b3d8-3cb17368bef9/text] to [GET http://127.0.0.1:52851/session/d105eff11b76bfce77f640f2b066a387/element/ec07b219-be80-4185-b3d8-3cb17368bef9/text] with no body
&amp#27;[38;5;96m[Chromedriver@0756 (d105eff1)]&amp#27;[0m Got response with status 200: {"value":"Medium"}
&amp#27;[38;5;0m[HTTP]&amp#27;[0m &amp#27;[37m<-- GET /session/8b9c12c4-9c1c-4db2-8d1e-b301ec11f45a/element/ec07b219-be80-4185-b3d8-3cb17368bef9/text &amp#27;[39m&amp#27;[32m200&amp#27;[39m &amp#27;[90m34 ms - 18&amp#27;[39m
&amp#27;[38;5;0m[HTTP]&amp#27;[0m &amp#27;[90m&amp#27;[39m
&amp#27;[38;5;0m[HTTP]&amp#27;[0m &amp#27;[37m-->&amp#27;[39m &amp#27;[37mPOST&amp#27;[39m &amp#27;[37m/session/8b9c12c4-9c1c-4db2-8d1e-b301ec11f45a/element/ec07b219-be80-4185-b3d8-3cb17368bef9/click&amp#27;[39m
&amp#27;[38;5;0m[HTTP]&amp#27;[0m &amp#27;[90m{"id":"ec07b219-be80-4185-b3d8-3cb17368bef9"}&amp#27;[39m
&amp#27;[38;5;32m[AndroidUiautomator2Driver@6453 (8b9c12c4)]&amp#27;[0m Driver proxy active, passing request on via HTTP proxy
&amp#27;[38;5;96m[Chromedriver@0756 (d105eff1)]&amp#27;[0m Matched '/session/8b9c12c4-9c1c-4db2-8d1e-b301ec11f45a/element/ec07b219-be80-4185-b3d8-3cb17368bef9/click' to command name 'click'
&amp#27;[38;5;96m[Chromedriver@0756 (d105eff1)]&amp#27;[0m Proxying [POST /session/8b9c12c4-9c1c-4db2-8d1e-b301ec11f45a/element/ec07b219-be80-4185-b3d8-3cb17368bef9/click] to [POST http://127.0.0.1:52851/session/d105eff11b76bfce77f640f2b066a387/element/ec07b219-be80-4185-b3d8-3cb17368bef9/click] with body: {"id":"ec07b219-be80-4185-b3d8-3cb17368bef9"}
&amp#27;[38;5;96m[Chromedriver@0756 (d105eff1)]&amp#27;[0m Got response with status 200: {"value":null}
&amp#27;[38;5;0m[HTTP]&amp#27;[0m &amp#27;[37m<-- POST /session/8b9c12c4-9c1c-4db2-8d1e-b301ec11f45a/element/ec07b219-be80-4185-b3d8-3cb17368bef9/click &amp#27;[39m&amp#27;[32m200&amp#27;[39m &amp#27;[90m286 ms - 14&amp#27;[39m
&amp#27;[38;5;0m[HTTP]&amp#27;[0m &amp#27;[90m&amp#27;[39m
Priority declared
&amp#27;[38;5;0m[HTTP]&amp#27;[0m &amp#27;[37m-->&amp#27;[39m &amp#27;[37mPOST&amp#27;[39m &amp#27;[37m/session/8b9c12c4-9c1c-4db2-8d1e-b301ec11f45a/element&amp#27;[39m
&amp#27;[38;5;0m[HTTP]&amp#27;[0m &amp#27;[90m{"value":"//*[@id='id_duedate']//preceding::input[1]","using":"xpath"}&amp#27;[39m
&amp#27;[38;5;32m[AndroidUiautomator2Driver@6453 (8b9c12c4)]&amp#27;[0m Driver proxy active, passing request on via HTTP proxy
&amp#27;[38;5;96m[Chromedriver@0756 (d105eff1)]&amp#27;[0m Matched '/session/8b9c12c4-9c1c-4db2-8d1e-b301ec11f45a/element' to command name 'findElement'
&amp#27;[38;5;96m[Chromedriver@0756 (d105eff1)]&amp#27;[0m Proxying [POST /session/8b9c12c4-9c1c-4db2-8d1e-b301ec11f45a/element] to [POST http://127.0.0.1:52851/session/d105eff11b76bfce77f640f2b066a387/element] with body: {"value":"//*[@id='id_duedate']//preceding::input[1]","using":"xpath"}
&amp#27;[38;5;96m[Chromedriver@0756 (d105eff1)]&amp#27;[0m Got response with status 200: {"value":{"element-6066-11e4-a52e-4f735466cecf":"971c0c43-3413-4517-a4e8-48b9bbc9c01f"}}
&amp#27;[38;5;0m[HTTP]&amp#27;[0m &amp#27;[37m<-- POST /session/8b9c12c4-9c1c-4db2-8d1e-b301ec11f45a/element &amp#27;[39m&amp#27;[32m200&amp#27;[39m &amp#27;[90m85 ms - 137&amp#27;[39m
&amp#27;[38;5;0m[HTTP]&amp#27;[0m &amp#27;[90m&amp#27;[39m
&amp#27;[38;5;0m[HTTP]&amp#27;[0m &amp#27;[37m-->&amp#27;[39m &amp#27;[37mPOST&amp#27;[39m &amp#27;[37m/session/8b9c12c4-9c1c-4db2-8d1e-b301ec11f45a/element/971c0c43-3413-4517-a4e8-48b9bbc9c01f/value&amp#27;[39m
&amp#27;[38;5;0m[HTTP]&amp#27;[0m &amp#27;[90m{"value":["A","2","0","2","4","0","0","0","1","4","4","4"],"id":"971c0c43-3413-4517-a4e8-48b9bbc9c01f","text":"A20240001444"}&amp#27;[39m
&amp#27;[38;5;32m[AndroidUiautomator2Driver@6453 (8b9c12c4)]&amp#27;[0m Driver proxy active, passing request on via HTTP proxy
&amp#27;[38;5;96m[Chromedriver@0756 (d105eff1)]&amp#27;[0m Matched '/session/8b9c12c4-9c1c-4db2-8d1e-b301ec11f45a/element/971c0c43-3413-4517-a4e8-48b9bbc9c01f/value' to command name 'setValue'
&amp#27;[38;5;96m[Chromedriver@0756 (d105eff1)]&amp#27;[0m Proxying [POST /session/8b9c12c4-9c1c-4db2-8d1e-b301ec11f45a/element/971c0c43-3413-4517-a4e8-48b9bbc9c01f/value] to [POST http://127.0.0.1:52851/session/d105eff11b76bfce77f640f2b066a387/element/971c0c43-3413-4517-a4e8-48b9bbc9c01f/value] with body: {"value":["A","2","0","2","4","0","0","0","1","4","4","4"],"id":"971c0c43-3413-4517-a4e8-48b9bbc9c01f","text":"A20240001444"}
&amp#27;[38;5;96m[Chromedriver@0756 (d105eff1)]&amp#27;[0m Got response with status 200: {"value":null}
&amp#27;[38;5;0m[HTTP]&amp#27;[0m &amp#27;[37m<-- POST /session/8b9c12c4-9c1c-4db2-8d1e-b301ec11f45a/element/971c0c43-3413-4517-a4e8-48b9bbc9c01f/value &amp#27;[39m&amp#27;[32m200&amp#27;[39m &amp#27;[90m1303 ms - 14&amp#27;[39m
&amp#27;[38;5;0m[HTTP]&amp#27;[0m &amp#27;[90m&amp#27;[39m
Using the Same Assetid
&amp#27;[38;5;0m[HTTP]&amp#27;[0m &amp#27;[37m-->&amp#27;[39m &amp#27;[37mPOST&amp#27;[39m &amp#27;[37m/session/8b9c12c4-9c1c-4db2-8d1e-b301ec11f45a/element&amp#27;[39m
&amp#27;[38;5;0m[HTTP]&amp#27;[0m &amp#27;[90m{"value":"//*[@id=\"id_title\"]//following::input[1]","using":"xpath"}&amp#27;[39m
&amp#27;[38;5;32m[AndroidUiautomator2Driver@6453 (8b9c12c4)]&amp#27;[0m Driver proxy active, passing request on via HTTP proxy
&amp#27;[38;5;96m[Chromedriver@0756 (d105eff1)]&amp#27;[0m Matched '/session/8b9c12c4-9c1c-4db2-8d1e-b301ec11f45a/element' to command name 'findElement'
&amp#27;[38;5;96m[Chromedriver@0756 (d105eff1)]&amp#27;[0m Proxying [POST /session/8b9c12c4-9c1c-4db2-8d1e-b301ec11f45a/element] to [POST http://127.0.0.1:52851/session/d105eff11b76bfce77f640f2b066a387/element] with body: {"value":"//*[@id=\"id_title\"]//following::input[1]","using":"xpath"}
&amp#27;[38;5;96m[Chromedriver@0756 (d105eff1)]&amp#27;[0m Got response with status 200: {"value":{"element-6066-11e4-a52e-4f735466cecf":"dc4e1b34-53c0-4b45-afef-ad240a89cc35"}}
&amp#27;[38;5;0m[HTTP]&amp#27;[0m &amp#27;[37m<-- POST /session/8b9c12c4-9c1c-4db2-8d1e-b301ec11f45a/element &amp#27;[39m&amp#27;[32m200&amp#27;[39m &amp#27;[90m45 ms - 137&amp#27;[39m
&amp#27;[38;5;0m[HTTP]&amp#27;[0m &amp#27;[90m&amp#27;[39m
&amp#27;[38;5;0m[HTTP]&amp#27;[0m &amp#27;[37m-->&amp#27;[39m &amp#27;[37mPOST&amp#27;[39m &amp#27;[37m/session/8b9c12c4-9c1c-4db2-8d1e-b301ec11f45a/element/dc4e1b34-53c0-4b45-afef-ad240a89cc35/click&amp#27;[39m
&amp#27;[38;5;0m[HTTP]&amp#27;[0m &amp#27;[90m{"id":"dc4e1b34-53c0-4b45-afef-ad240a89cc35"}&amp#27;[39m
&amp#27;[38;5;32m[AndroidUiautomator2Driver@6453 (8b9c12c4)]&amp#27;[0m Driver proxy active, passing request on via HTTP proxy
&amp#27;[38;5;96m[Chromedriver@0756 (d105eff1)]&amp#27;[0m Matched '/session/8b9c12c4-9c1c-4db2-8d1e-b301ec11f45a/element/dc4e1b34-53c0-4b45-afef-ad240a89cc35/click' to command name 'click'
&amp#27;[38;5;96m[Chromedriver@0756 (d105eff1)]&amp#27;[0m Proxying [POST /session/8b9c12c4-9c1c-4db2-8d1e-b301ec11f45a/element/dc4e1b34-53c0-4b45-afef-ad240a89cc35/click] to [POST http://127.0.0.1:52851/session/d105eff11b76bfce77f640f2b066a387/element/dc4e1b34-53c0-4b45-afef-ad240a89cc35/click] with body: {"id":"dc4e1b34-53c0-4b45-afef-ad240a89cc35"}
&amp#27;[38;5;96m[Chromedriver@0756 (d105eff1)]&amp#27;[0m Got response with status 200: {"value":null}
&amp#27;[38;5;0m[HTTP]&amp#27;[0m &amp#27;[37m<-- POST /session/8b9c12c4-9c1c-4db2-8d1e-b301ec11f45a/element/dc4e1b34-53c0-4b45-afef-ad240a89cc35/click &amp#27;[39m&amp#27;[32m200&amp#27;[39m &amp#27;[90m309 ms - 14&amp#27;[39m
&amp#27;[38;5;0m[HTTP]&amp#27;[0m &amp#27;[90m&amp#27;[39m
Clicked on the Description again to trigger
&amp#27;[38;5;0m[HTTP]&amp#27;[0m &amp#27;[37m-->&amp#27;[39m &amp#27;[37mPOST&amp#27;[39m &amp#27;[37m/session/8b9c12c4-9c1c-4db2-8d1e-b301ec11f45a/element&amp#27;[39m
&amp#27;[38;5;0m[HTTP]&amp#27;[0m &amp#27;[90m{"value":"//*[@id=\"btn_save_workorder\"]","using":"xpath"}&amp#27;[39m
&amp#27;[38;5;32m[AndroidUiautomator2Driver@6453 (8b9c12c4)]&amp#27;[0m Driver proxy active, passing request on via HTTP proxy
&amp#27;[38;5;96m[Chromedriver@0756 (d105eff1)]&amp#27;[0m Matched '/session/8b9c12c4-9c1c-4db2-8d1e-b301ec11f45a/element' to command name 'findElement'
&amp#27;[38;5;96m[Chromedriver@0756 (d105eff1)]&amp#27;[0m Proxying [POST /session/8b9c12c4-9c1c-4db2-8d1e-b301ec11f45a/element] to [POST http://127.0.0.1:52851/session/d105eff11b76bfce77f640f2b066a387/element] with body: {"value":"//*[@id=\"btn_save_workorder\"]","using":"xpath"}
&amp#27;[38;5;96m[Chromedriver@0756 (d105eff1)]&amp#27;[0m Got response with status 200: {"value":{"element-6066-11e4-a52e-4f735466cecf":"6d5a87d8-3242-480e-8642-7c6c7e490448"}}
&amp#27;[38;5;0m[HTTP]&amp#27;[0m &amp#27;[37m<-- POST /session/8b9c12c4-9c1c-4db2-8d1e-b301ec11f45a/element &amp#27;[39m&amp#27;[32m200&amp#27;[39m &amp#27;[90m1085 ms - 137&amp#27;[39m
&amp#27;[38;5;0m[HTTP]&amp#27;[0m &amp#27;[90m&amp#27;[39m
&amp#27;[38;5;0m[HTTP]&amp#27;[0m &amp#27;[37m-->&amp#27;[39m &amp#27;[37mPOST&amp#27;[39m &amp#27;[37m/session/8b9c12c4-9c1c-4db2-8d1e-b301ec11f45a/element/6d5a87d8-3242-480e-8642-7c6c7e490448/click&amp#27;[39m
&amp#27;[38;5;0m[HTTP]&amp#27;[0m &amp#27;[90m{"id":"6d5a87d8-3242-480e-8642-7c6c7e490448"}&amp#27;[39m
&amp#27;[38;5;32m[AndroidUiautomator2Driver@6453 (8b9c12c4)]&amp#27;[0m Driver proxy active, passing request on via HTTP proxy
&amp#27;[38;5;96m[Chromedriver@0756 (d105eff1)]&amp#27;[0m Matched '/session/8b9c12c4-9c1c-4db2-8d1e-b301ec11f45a/element/6d5a87d8-3242-480e-8642-7c6c7e490448/click' to command name 'click'
&amp#27;[38;5;96m[Chromedriver@0756 (d105eff1)]&amp#27;[0m Proxying [POST /session/8b9c12c4-9c1c-4db2-8d1e-b301ec11f45a/element/6d5a87d8-3242-480e-8642-7c6c7e490448/click] to [POST http://127.0.0.1:52851/session/d105eff11b76bfce77f640f2b066a387/element/6d5a87d8-3242-480e-8642-7c6c7e490448/click] with body: {"id":"6d5a87d8-3242-480e-8642-7c6c7e490448"}
&amp#27;[38;5;96m[Chromedriver@0756 (d105eff1)]&amp#27;[0m Got response with status 200: {"value":null}
&amp#27;[38;5;0m[HTTP]&amp#27;[0m &amp#27;[37m<-- POST /session/8b9c12c4-9c1c-4db2-8d1e-b301ec11f45a/element/6d5a87d8-3242-480e-8642-7c6c7e490448/click &amp#27;[39m&amp#27;[32m200&amp#27;[39m &amp#27;[90m263 ms - 14&amp#27;[39m
&amp#27;[38;5;0m[HTTP]&amp#27;[0m &amp#27;[90m&amp#27;[39m
Submitted..!
There is an Issue cannot automate now
&amp#27;[38;5;0m[HTTP]&amp#27;[0m &amp#27;[37m-->&amp#27;[39m &amp#27;[37mPOST&amp#27;[39m &amp#27;[37m/session/8b9c12c4-9c1c-4db2-8d1e-b301ec11f45a/element&amp#27;[39m
&amp#27;[38;5;0m[HTTP]&amp#27;[0m &amp#27;[90m{"value":"#sidebar > ul > li:nth-child(4) > a","using":"css selector"}&amp#27;[39m
&amp#27;[38;5;32m[AndroidUiautomator2Driver@6453 (8b9c12c4)]&amp#27;[0m Driver proxy active, passing request on via HTTP proxy
&amp#27;[38;5;96m[Chromedriver@0756 (d105eff1)]&amp#27;[0m Matched '/session/8b9c12c4-9c1c-4db2-8d1e-b301ec11f45a/element' to command name 'findElement'
&amp#27;[38;5;96m[Chromedriver@0756 (d105eff1)]&amp#27;[0m Proxying [POST /session/8b9c12c4-9c1c-4db2-8d1e-b301ec11f45a/element] to [POST http://127.0.0.1:52851/session/d105eff11b76bfce77f640f2b066a387/element] with body: {"value":"#sidebar > ul > li:nth-child(4) > a","using":"css selector"}
&amp#27;[38;5;96m[Chromedriver@0756 (d105eff1)]&amp#27;[0m Got response with status 200: {"value":{"element-6066-11e4-a52e-4f735466cecf":"ffce3a7a-eaf4-42e9-9fb8-f0f0365f8708"}}
&amp#27;[38;5;0m[HTTP]&amp#27;[0m &amp#27;[37m<-- POST /session/8b9c12c4-9c1c-4db2-8d1e-b301ec11f45a/element &amp#27;[39m&amp#27;[32m200&amp#27;[39m &amp#27;[90m89 ms - 137&amp#27;[39m
&amp#27;[38;5;0m[HTTP]&amp#27;[0m &amp#27;[90m&amp#27;[39m
&amp#27;[38;5;0m[HTTP]&amp#27;[0m &amp#27;[37m-->&amp#27;[39m &amp#27;[37mPOST&amp#27;[39m &amp#27;[37m/session/8b9c12c4-9c1c-4db2-8d1e-b301ec11f45a/element/ffce3a7a-eaf4-42e9-9fb8-f0f0365f8708/click&amp#27;[39m
&amp#27;[38;5;0m[HTTP]&amp#27;[0m &amp#27;[90m{"id":"ffce3a7a-eaf4-42e9-9fb8-f0f0365f8708"}&amp#27;[39m
&amp#27;[38;5;32m[AndroidUiautomator2Driver@6453 (8b9c12c4)]&amp#27;[0m Driver proxy active, passing request on via HTTP proxy
&amp#27;[38;5;96m[Chromedriver@0756 (d105eff1)]&amp#27;[0m Matched '/session/8b9c12c4-9c1c-4db2-8d1e-b301ec11f45a/element/ffce3a7a-eaf4-42e9-9fb8-f0f0365f8708/click' to command name 'click'
&amp#27;[38;5;96m[Chromedriver@0756 (d105eff1)]&amp#27;[0m Proxying [POST /session/8b9c12c4-9c1c-4db2-8d1e-b301ec11f45a/element/ffce3a7a-eaf4-42e9-9fb8-f0f0365f8708/click] to [POST http://127.0.0.1:52851/session/d105eff11b76bfce77f640f2b066a387/element/ffce3a7a-eaf4-42e9-9fb8-f0f0365f8708/click] with body: {"id":"ffce3a7a-eaf4-42e9-9fb8-f0f0365f8708"}
&amp#27;[38;5;96m[Chromedriver@0756 (d105eff1)]&amp#27;[0m Got response with status 200: {"value":null}
&amp#27;[38;5;0m[HTTP]&amp#27;[0m &amp#27;[37m<-- POST /session/8b9c12c4-9c1c-4db2-8d1e-b301ec11f45a/element/ffce3a7a-eaf4-42e9-9fb8-f0f0365f8708/click &amp#27;[39m&amp#27;[32m200&amp#27;[39m &amp#27;[90m929 ms - 14&amp#27;[39m
&amp#27;[38;5;0m[HTTP]&amp#27;[0m &amp#27;[90m&amp#27;[39m
Clicked on MDMS
&amp#27;[38;5;0m[HTTP]&amp#27;[0m &amp#27;[37m-->&amp#27;[39m &amp#27;[37mPOST&amp#27;[39m &amp#27;[37m/session/8b9c12c4-9c1c-4db2-8d1e-b301ec11f45a/element&amp#27;[39m
&amp#27;[38;5;0m[HTTP]&amp#27;[0m &amp#27;[90m{"value":"Add Asset","using":"link text"}&amp#27;[39m
&amp#27;[38;5;32m[AndroidUiautomator2Driver@6453 (8b9c12c4)]&amp#27;[0m Driver proxy active, passing request on via HTTP proxy
&amp#27;[38;5;96m[Chromedriver@0756 (d105eff1)]&amp#27;[0m Matched '/session/8b9c12c4-9c1c-4db2-8d1e-b301ec11f45a/element' to command name 'findElement'
&amp#27;[38;5;96m[Chromedriver@0756 (d105eff1)]&amp#27;[0m Proxying [POST /session/8b9c12c4-9c1c-4db2-8d1e-b301ec11f45a/element] to [POST http://127.0.0.1:52851/session/d105eff11b76bfce77f640f2b066a387/element] with body: {"value":"Add Asset","using":"link text"}
&amp#27;[38;5;96m[Chromedriver@0756 (d105eff1)]&amp#27;[0m Got response with status 200: {"value":{"element-6066-11e4-a52e-4f735466cecf":"a4cef916-8be5-4fc7-97cb-f606a848b5f9"}}
&amp#27;[38;5;0m[HTTP]&amp#27;[0m &amp#27;[37m<-- POST /session/8b9c12c4-9c1c-4db2-8d1e-b301ec11f45a/element &amp#27;[39m&amp#27;[32m200&amp#27;[39m &amp#27;[90m180 ms - 137&amp#27;[39m
&amp#27;[38;5;0m[HTTP]&amp#27;[0m &amp#27;[90m&amp#27;[39m
&amp#27;[38;5;0m[HTTP]&amp#27;[0m &amp#27;[37m-->&amp#27;[39m &amp#27;[37mPOST&amp#27;[39m &amp#27;[37m/session/8b9c12c4-9c1c-4db2-8d1e-b301ec11f45a/element/a4cef916-8be5-4fc7-97cb-f606a848b5f9/click&amp#27;[39m
&amp#27;[38;5;0m[HTTP]&amp#27;[0m &amp#27;[90m{"id":"a4cef916-8be5-4fc7-97cb-f606a848b5f9"}&amp#27;[39m
&amp#27;[38;5;32m[AndroidUiautomator2Driver@6453 (8b9c12c4)]&amp#27;[0m Driver proxy active, passing request on via HTTP proxy
&amp#27;[38;5;96m[Chromedriver@0756 (d105eff1)]&amp#27;[0m Matched '/session/8b9c12c4-9c1c-4db2-8d1e-b301ec11f45a/element/a4cef916-8be5-4fc7-97cb-f606a848b5f9/click' to command name 'click'
&amp#27;[38;5;96m[Chromedriver@0756 (d105eff1)]&amp#27;[0m Proxying [POST /session/8b9c12c4-9c1c-4db2-8d1e-b301ec11f45a/element/a4cef916-8be5-4fc7-97cb-f606a848b5f9/click] to [POST http://127.0.0.1:52851/session/d105eff11b76bfce77f640f2b066a387/element/a4cef916-8be5-4fc7-97cb-f606a848b5f9/click] with body: {"id":"a4cef916-8be5-4fc7-97cb-f606a848b5f9"}
&amp#27;[38;5;96m[Chromedriver@0756 (d105eff1)]&amp#27;[0m Got response with status 200: {"value":null}
&amp#27;[38;5;0m[HTTP]&amp#27;[0m &amp#27;[37m<-- POST /session/8b9c12c4-9c1c-4db2-8d1e-b301ec11f45a/element/a4cef916-8be5-4fc7-97cb-f606a848b5f9/click &amp#27;[39m&amp#27;[32m200&amp#27;[39m &amp#27;[90m1193 ms - 14&amp#27;[39m
&amp#27;[38;5;0m[HTTP]&amp#27;[0m &amp#27;[90m&amp#27;[39m
&amp#27;[38;5;0m[HTTP]&amp#27;[0m &amp#27;[37m-->&amp#27;[39m &amp#27;[37mPOST&amp#27;[39m &amp#27;[37m/session/8b9c12c4-9c1c-4db2-8d1e-b301ec11f45a/element&amp#27;[39m
&amp#27;[38;5;0m[HTTP]&amp#27;[0m &amp#27;[90m{"value":"*[name='assetname']","using":"css selector"}&amp#27;[39m
&amp#27;[38;5;32m[AndroidUiautomator2Driver@6453 (8b9c12c4)]&amp#27;[0m Driver proxy active, passing request on via HTTP proxy
&amp#27;[38;5;96m[Chromedriver@0756 (d105eff1)]&amp#27;[0m Matched '/session/8b9c12c4-9c1c-4db2-8d1e-b301ec11f45a/element' to command name 'findElement'
&amp#27;[38;5;96m[Chromedriver@0756 (d105eff1)]&amp#27;[0m Proxying [POST /session/8b9c12c4-9c1c-4db2-8d1e-b301ec11f45a/element] to [POST http://127.0.0.1:52851/session/d105eff11b76bfce77f640f2b066a387/element] with body: {"value":"*[name='assetname']","using":"css selector"}
&amp#27;[38;5;96m[Chromedriver@0756 (d105eff1)]&amp#27;[0m Got response with status 200: {"value":{"element-6066-11e4-a52e-4f735466cecf":"3eed70c5-3d55-496e-869b-fe0594a75036"}}
&amp#27;[38;5;0m[HTTP]&amp#27;[0m &amp#27;[37m<-- POST /session/8b9c12c4-9c1c-4db2-8d1e-b301ec11f45a/element &amp#27;[39m&amp#27;[32m200&amp#27;[39m &amp#27;[90m398 ms - 137&amp#27;[39m
&amp#27;[38;5;0m[HTTP]&amp#27;[0m &amp#27;[90m&amp#27;[39m
&amp#27;[38;5;0m[HTTP]&amp#27;[0m &amp#27;[37m-->&amp#27;[39m &amp#27;[37mPOST&amp#27;[39m &amp#27;[37m/session/8b9c12c4-9c1c-4db2-8d1e-b301ec11f45a/element/3eed70c5-3d55-496e-869b-fe0594a75036/value&amp#27;[39m
&amp#27;[38;5;0m[HTTP]&amp#27;[0m &amp#27;[90m{"value":["A","C","-","1"],"id":"3eed70c5-3d55-496e-869b-fe0594a75036","text":"AC-1"}&amp#27;[39m
&amp#27;[38;5;32m[AndroidUiautomator2Driver@6453 (8b9c12c4)]&amp#27;[0m Driver proxy active, passing request on via HTTP proxy
&amp#27;[38;5;96m[Chromedriver@0756 (d105eff1)]&amp#27;[0m Matched '/session/8b9c12c4-9c1c-4db2-8d1e-b301ec11f45a/element/3eed70c5-3d55-496e-869b-fe0594a75036/value' to command name 'setValue'
&amp#27;[38;5;96m[Chromedriver@0756 (d105eff1)]&amp#27;[0m Proxying [POST /session/8b9c12c4-9c1c-4db2-8d1e-b301ec11f45a/element/3eed70c5-3d55-496e-869b-fe0594a75036/value] to [POST http://127.0.0.1:52851/session/d105eff11b76bfce77f640f2b066a387/element/3eed70c5-3d55-496e-869b-fe0594a75036/value] with body: {"value":["A","C","-","1"],"id":"3eed70c5-3d55-496e-869b-fe0594a75036","text":"AC-1"}
&amp#27;[38;5;96m[Chromedriver@0756 (d105eff1)]&amp#27;[0m Got response with status 200: {"value":null}
&amp#27;[38;5;0m[HTTP]&amp#27;[0m &amp#27;[37m<-- POST /session/8b9c12c4-9c1c-4db2-8d1e-b301ec11f45a/element/3eed70c5-3d55-496e-869b-fe0594a75036/value &amp#27;[39m&amp#27;[32m200&amp#27;[39m &amp#27;[90m1084 ms - 14&amp#27;[39m
&amp#27;[38;5;0m[HTTP]&amp#27;[0m &amp#27;[90m&amp#27;[39m
Asset Name is Fixed
&amp#27;[38;5;0m[HTTP]&amp#27;[0m &amp#27;[37m-->&amp#27;[39m &amp#27;[37mPOST&amp#27;[39m &amp#27;[37m/session/8b9c12c4-9c1c-4db2-8d1e-b301ec11f45a/element&amp#27;[39m
&amp#27;[38;5;0m[HTTP]&amp#27;[0m &amp#27;[90m{"value":"*[name='assetcategory']","using":"css selector"}&amp#27;[39m
&amp#27;[38;5;32m[AndroidUiautomator2Driver@6453 (8b9c12c4)]&amp#27;[0m Driver proxy active, passing request on via HTTP proxy
&amp#27;[38;5;96m[Chromedriver@0756 (d105eff1)]&amp#27;[0m Matched '/session/8b9c12c4-9c1c-4db2-8d1e-b301ec11f45a/element' to command name 'findElement'
&amp#27;[38;5;96m[Chromedriver@0756 (d105eff1)]&amp#27;[0m Proxying [POST /session/8b9c12c4-9c1c-4db2-8d1e-b301ec11f45a/element] to [POST http://127.0.0.1:52851/session/d105eff11b76bfce77f640f2b066a387/element] with body: {"value":"*[name='assetcategory']","using":"css selector"}
&amp#27;[38;5;96m[Chromedriver@0756 (d105eff1)]&amp#27;[0m Got response with status 200: {"value":{"element-6066-11e4-a52e-4f735466cecf":"2d8f918b-50f0-4dfa-9266-60a7a7fe1362"}}
&amp#27;[38;5;0m[HTTP]&amp#27;[0m &amp#27;[37m<-- POST /session/8b9c12c4-9c1c-4db2-8d1e-b301ec11f45a/element &amp#27;[39m&amp#27;[32m200&amp#27;[39m &amp#27;[90m45 ms - 137&amp#27;[39m
&amp#27;[38;5;0m[HTTP]&amp#27;[0m &amp#27;[90m&amp#27;[39m
&amp#27;[38;5;0m[HTTP]&amp#27;[0m &amp#27;[37m-->&amp#27;[39m &amp#27;[37mGET&amp#27;[39m &amp#27;[37m/session/8b9c12c4-9c1c-4db2-8d1e-b301ec11f45a/element/2d8f918b-50f0-4dfa-9266-60a7a7fe1362/name&amp#27;[39m
&amp#27;[38;5;0m[HTTP]&amp#27;[0m &amp#27;[90m{}&amp#27;[39m
&amp#27;[38;5;32m[AndroidUiautomator2Driver@6453 (8b9c12c4)]&amp#27;[0m Driver proxy active, passing request on via HTTP proxy
&amp#27;[38;5;96m[Chromedriver@0756 (d105eff1)]&amp#27;[0m Matched '/session/8b9c12c4-9c1c-4db2-8d1e-b301ec11f45a/element/2d8f918b-50f0-4dfa-9266-60a7a7fe1362/name' to command name 'getName'
&amp#27;[38;5;96m[Chromedriver@0756 (d105eff1)]&amp#27;[0m Proxying [GET /session/8b9c12c4-9c1c-4db2-8d1e-b301ec11f45a/element/2d8f918b-50f0-4dfa-9266-60a7a7fe1362/name] to [GET http://127.0.0.1:52851/session/d105eff11b76bfce77f640f2b066a387/element/2d8f918b-50f0-4dfa-9266-60a7a7fe1362/name] with no body
&amp#27;[38;5;96m[Chromedriver@0756 (d105eff1)]&amp#27;[0m Got response with status 200: {"value":"select"}
&amp#27;[38;5;0m[HTTP]&amp#27;[0m &amp#27;[37m<-- GET /session/8b9c12c4-9c1c-4db2-8d1e-b301ec11f45a/element/2d8f918b-50f0-4dfa-9266-60a7a7fe1362/name &amp#27;[39m&amp#27;[32m200&amp#27;[39m &amp#27;[90m29 ms - 18&amp#27;[39m
&amp#27;[38;5;0m[HTTP]&amp#27;[0m &amp#27;[90m&amp#27;[39m
&amp#27;[38;5;0m[HTTP]&amp#27;[0m &amp#27;[37m-->&amp#27;[39m &amp#27;[37mPOST&amp#27;[39m &amp#27;[37m/session/8b9c12c4-9c1c-4db2-8d1e-b301ec11f45a/element&amp#27;[39m
&amp#27;[38;5;0m[HTTP]&amp#27;[0m &amp#27;[90m{"value":"*[name='assetcategory']","using":"css selector"}&amp#27;[39m
&amp#27;[38;5;32m[AndroidUiautomator2Driver@6453 (8b9c12c4)]&amp#27;[0m Driver proxy active, passing request on via HTTP proxy
&amp#27;[38;5;96m[Chromedriver@0756 (d105eff1)]&amp#27;[0m Matched '/session/8b9c12c4-9c1c-4db2-8d1e-b301ec11f45a/element' to command name 'findElement'
&amp#27;[38;5;96m[Chromedriver@0756 (d105eff1)]&amp#27;[0m Proxying [POST /session/8b9c12c4-9c1c-4db2-8d1e-b301ec11f45a/element] to [POST http://127.0.0.1:52851/session/d105eff11b76bfce77f640f2b066a387/element] with body: {"value":"*[name='assetcategory']","using":"css selector"}
&amp#27;[38;5;96m[Chromedriver@0756 (d105eff1)]&amp#27;[0m Got response with status 200: {"value":{"element-6066-11e4-a52e-4f735466cecf":"2d8f918b-50f0-4dfa-9266-60a7a7fe1362"}}
&amp#27;[38;5;0m[HTTP]&amp#27;[0m &amp#27;[37m<-- POST /session/8b9c12c4-9c1c-4db2-8d1e-b301ec11f45a/element &amp#27;[39m&amp#27;[32m200&amp#27;[39m &amp#27;[90m25 ms - 137&amp#27;[39m
&amp#27;[38;5;0m[HTTP]&amp#27;[0m &amp#27;[90m&amp#27;[39m
&amp#27;[38;5;0m[HTTP]&amp#27;[0m &amp#27;[37m-->&amp#27;[39m &amp#27;[37mGET&amp#27;[39m &amp#27;[37m/session/8b9c12c4-9c1c-4db2-8d1e-b301ec11f45a/element/2d8f918b-50f0-4dfa-9266-60a7a7fe1362/attribute/multiple&amp#27;[39m
&amp#27;[38;5;0m[HTTP]&amp#27;[0m &amp#27;[90m{}&amp#27;[39m
&amp#27;[38;5;32m[AndroidUiautomator2Driver@6453 (8b9c12c4)]&amp#27;[0m Driver proxy active, passing request on via HTTP proxy
&amp#27;[38;5;96m[Chromedriver@0756 (d105eff1)]&amp#27;[0m Matched '/session/8b9c12c4-9c1c-4db2-8d1e-b301ec11f45a/element/2d8f918b-50f0-4dfa-9266-60a7a7fe1362/attribute/multiple' to command name 'getAttribute'
&amp#27;[38;5;96m[Chromedriver@0756 (d105eff1)]&amp#27;[0m Proxying [GET /session/8b9c12c4-9c1c-4db2-8d1e-b301ec11f45a/element/2d8f918b-50f0-4dfa-9266-60a7a7fe1362/attribute/multiple] to [GET http://127.0.0.1:52851/session/d105eff11b76bfce77f640f2b066a387/element/2d8f918b-50f0-4dfa-9266-60a7a7fe1362/attribute/multiple] with no body
&amp#27;[38;5;96m[Chromedriver@0756 (d105eff1)]&amp#27;[0m Got response with status 200: {"value":null}
&amp#27;[38;5;0m[HTTP]&amp#27;[0m &amp#27;[37m<-- GET /session/8b9c12c4-9c1c-4db2-8d1e-b301ec11f45a/element/2d8f918b-50f0-4dfa-9266-60a7a7fe1362/attribute/multiple &amp#27;[39m&amp#27;[32m200&amp#27;[39m &amp#27;[90m30 ms - 14&amp#27;[39m
&amp#27;[38;5;0m[HTTP]&amp#27;[0m &amp#27;[90m&amp#27;[39m
&amp#27;[38;5;0m[HTTP]&amp#27;[0m &amp#27;[37m-->&amp#27;[39m &amp#27;[37mPOST&amp#27;[39m &amp#27;[37m/session/8b9c12c4-9c1c-4db2-8d1e-b301ec11f45a/element&amp#27;[39m
&amp#27;[38;5;0m[HTTP]&amp#27;[0m &amp#27;[90m{"value":"*[name='assetcategory']","using":"css selector"}&amp#27;[39m
&amp#27;[38;5;32m[AndroidUiautomator2Driver@6453 (8b9c12c4)]&amp#27;[0m Driver proxy active, passing request on via HTTP proxy
&amp#27;[38;5;96m[Chromedriver@0756 (d105eff1)]&amp#27;[0m Matched '/session/8b9c12c4-9c1c-4db2-8d1e-b301ec11f45a/element' to command name 'findElement'
&amp#27;[38;5;96m[Chromedriver@0756 (d105eff1)]&amp#27;[0m Proxying [POST /session/8b9c12c4-9c1c-4db2-8d1e-b301ec11f45a/element] to [POST http://127.0.0.1:52851/session/d105eff11b76bfce77f640f2b066a387/element] with body: {"value":"*[name='assetcategory']","using":"css selector"}
&amp#27;[38;5;96m[Chromedriver@0756 (d105eff1)]&amp#27;[0m Got response with status 200: {"value":{"element-6066-11e4-a52e-4f735466cecf":"2d8f918b-50f0-4dfa-9266-60a7a7fe1362"}}
&amp#27;[38;5;0m[HTTP]&amp#27;[0m &amp#27;[37m<-- POST /session/8b9c12c4-9c1c-4db2-8d1e-b301ec11f45a/element &amp#27;[39m&amp#27;[32m200&amp#27;[39m &amp#27;[90m21 ms - 137&amp#27;[39m
&amp#27;[38;5;0m[HTTP]&amp#27;[0m &amp#27;[90m&amp#27;[39m
&amp#27;[38;5;0m[HTTP]&amp#27;[0m &amp#27;[37m-->&amp#27;[39m &amp#27;[37mGET&amp#27;[39m &amp#27;[37m/session/8b9c12c4-9c1c-4db2-8d1e-b301ec11f45a/element/2d8f918b-50f0-4dfa-9266-60a7a7fe1362/enabled&amp#27;[39m
&amp#27;[38;5;0m[HTTP]&amp#27;[0m &amp#27;[90m{}&amp#27;[39m
&amp#27;[38;5;32m[AndroidUiautomator2Driver@6453 (8b9c12c4)]&amp#27;[0m Driver proxy active, passing request on via HTTP proxy
&amp#27;[38;5;96m[Chromedriver@0756 (d105eff1)]&amp#27;[0m Matched '/session/8b9c12c4-9c1c-4db2-8d1e-b301ec11f45a/element/2d8f918b-50f0-4dfa-9266-60a7a7fe1362/enabled' to command name 'elementEnabled'
&amp#27;[38;5;96m[Chromedriver@0756 (d105eff1)]&amp#27;[0m Proxying [GET /session/8b9c12c4-9c1c-4db2-8d1e-b301ec11f45a/element/2d8f918b-50f0-4dfa-9266-60a7a7fe1362/enabled] to [GET http://127.0.0.1:52851/session/d105eff11b76bfce77f640f2b066a387/element/2d8f918b-50f0-4dfa-9266-60a7a7fe1362/enabled] with no body
&amp#27;[38;5;96m[Chromedriver@0756 (d105eff1)]&amp#27;[0m Got response with status 200: {"value":true}
&amp#27;[38;5;0m[HTTP]&amp#27;[0m &amp#27;[37m<-- GET /session/8b9c12c4-9c1c-4db2-8d1e-b301ec11f45a/element/2d8f918b-50f0-4dfa-9266-60a7a7fe1362/enabled &amp#27;[39m&amp#27;[32m200&amp#27;[39m &amp#27;[90m28 ms - 14&amp#27;[39m
&amp#27;[38;5;0m[HTTP]&amp#27;[0m &amp#27;[90m&amp#27;[39m
&amp#27;[38;5;0m[HTTP]&amp#27;[0m &amp#27;[37m-->&amp#27;[39m &amp#27;[37mPOST&amp#27;[39m &amp#27;[37m/session/8b9c12c4-9c1c-4db2-8d1e-b301ec11f45a/element&amp#27;[39m
&amp#27;[38;5;0m[HTTP]&amp#27;[0m &amp#27;[90m{"value":"*[name='assetcategory']","using":"css selector"}&amp#27;[39m
&amp#27;[38;5;32m[AndroidUiautomator2Driver@6453 (8b9c12c4)]&amp#27;[0m Driver proxy active, passing request on via HTTP proxy
&amp#27;[38;5;96m[Chromedriver@0756 (d105eff1)]&amp#27;[0m Matched '/session/8b9c12c4-9c1c-4db2-8d1e-b301ec11f45a/element' to command name 'findElement'
&amp#27;[38;5;96m[Chromedriver@0756 (d105eff1)]&amp#27;[0m Proxying [POST /session/8b9c12c4-9c1c-4db2-8d1e-b301ec11f45a/element] to [POST http://127.0.0.1:52851/session/d105eff11b76bfce77f640f2b066a387/element] with body: {"value":"*[name='assetcategory']","using":"css selector"}
&amp#27;[38;5;96m[Chromedriver@0756 (d105eff1)]&amp#27;[0m Got response with status 200: {"value":{"element-6066-11e4-a52e-4f735466cecf":"2d8f918b-50f0-4dfa-9266-60a7a7fe1362"}}
&amp#27;[38;5;0m[HTTP]&amp#27;[0m &amp#27;[37m<-- POST /session/8b9c12c4-9c1c-4db2-8d1e-b301ec11f45a/element &amp#27;[39m&amp#27;[32m200&amp#27;[39m &amp#27;[90m22 ms - 137&amp#27;[39m
&amp#27;[38;5;0m[HTTP]&amp#27;[0m &amp#27;[90m&amp#27;[39m
&amp#27;[38;5;0m[HTTP]&amp#27;[0m &amp#27;[37m-->&amp#27;[39m &amp#27;[37mPOST&amp#27;[39m &amp#27;[37m/session/8b9c12c4-9c1c-4db2-8d1e-b301ec11f45a/element/2d8f918b-50f0-4dfa-9266-60a7a7fe1362/elements&amp#27;[39m
&amp#27;[38;5;0m[HTTP]&amp#27;[0m &amp#27;[90m{"value":".//option[normalize-space(.) = \"AC\"]","id":"2d8f918b-50f0-4dfa-9266-60a7a7fe1362","using":"xpath"}&amp#27;[39m
&amp#27;[38;5;32m[AndroidUiautomator2Driver@6453 (8b9c12c4)]&amp#27;[0m Driver proxy active, passing request on via HTTP proxy
&amp#27;[38;5;96m[Chromedriver@0756 (d105eff1)]&amp#27;[0m Matched '/session/8b9c12c4-9c1c-4db2-8d1e-b301ec11f45a/element/2d8f918b-50f0-4dfa-9266-60a7a7fe1362/elements' to command name 'findElementsFromElement'
&amp#27;[38;5;96m[Chromedriver@0756 (d105eff1)]&amp#27;[0m Proxying [POST /session/8b9c12c4-9c1c-4db2-8d1e-b301ec11f45a/element/2d8f918b-50f0-4dfa-9266-60a7a7fe1362/elements] to [POST http://127.0.0.1:52851/session/d105eff11b76bfce77f640f2b066a387/element/2d8f918b-50f0-4dfa-9266-60a7a7fe1362/elements] with body: {"value":".//option[normalize-space(.) = \"AC\"]","id":"2d8f918b-50f0-4dfa-9266-60a7a7fe1362","using":"xpath"}
&amp#27;[38;5;96m[Chromedriver@0756 (d105eff1)]&amp#27;[0m Got response with status 200: {"value":[{"element-6066-11e4-a52e-4f735466cecf":"d95cc93d-1954-429b-97e5-0f5b632178d5"}]}
&amp#27;[38;5;0m[HTTP]&amp#27;[0m &amp#27;[37m<-- POST /session/8b9c12c4-9c1c-4db2-8d1e-b301ec11f45a/element/2d8f918b-50f0-4dfa-9266-60a7a7fe1362/elements &amp#27;[39m&amp#27;[32m200&amp#27;[39m &amp#27;[90m29 ms - 139&amp#27;[39m
&amp#27;[38;5;0m[HTTP]&amp#27;[0m &amp#27;[90m&amp#27;[39m
&amp#27;[38;5;0m[HTTP]&amp#27;[0m &amp#27;[37m-->&amp#27;[39m &amp#27;[37mGET&amp#27;[39m &amp#27;[37m/session/8b9c12c4-9c1c-4db2-8d1e-b301ec11f45a/element/d95cc93d-1954-429b-97e5-0f5b632178d5/enabled&amp#27;[39m
&amp#27;[38;5;0m[HTTP]&amp#27;[0m &amp#27;[90m{}&amp#27;[39m
&amp#27;[38;5;32m[AndroidUiautomator2Driver@6453 (8b9c12c4)]&amp#27;[0m Driver proxy active, passing request on via HTTP proxy
&amp#27;[38;5;96m[Chromedriver@0756 (d105eff1)]&amp#27;[0m Matched '/session/8b9c12c4-9c1c-4db2-8d1e-b301ec11f45a/element/d95cc93d-1954-429b-97e5-0f5b632178d5/enabled' to command name 'elementEnabled'
&amp#27;[38;5;96m[Chromedriver@0756 (d105eff1)]&amp#27;[0m Proxying [GET /session/8b9c12c4-9c1c-4db2-8d1e-b301ec11f45a/element/d95cc93d-1954-429b-97e5-0f5b632178d5/enabled] to [GET http://127.0.0.1:52851/session/d105eff11b76bfce77f640f2b066a387/element/d95cc93d-1954-429b-97e5-0f5b632178d5/enabled] with no body
&amp#27;[38;5;96m[Chromedriver@0756 (d105eff1)]&amp#27;[0m Got response with status 200: {"value":true}
&amp#27;[38;5;0m[HTTP]&amp#27;[0m &amp#27;[37m<-- GET /session/8b9c12c4-9c1c-4db2-8d1e-b301ec11f45a/element/d95cc93d-1954-429b-97e5-0f5b632178d5/enabled &amp#27;[39m&amp#27;[32m200&amp#27;[39m &amp#27;[90m30 ms - 14&amp#27;[39m
&amp#27;[38;5;0m[HTTP]&amp#27;[0m &amp#27;[90m&amp#27;[39m
&amp#27;[38;5;0m[HTTP]&amp#27;[0m &amp#27;[37m-->&amp#27;[39m &amp#27;[37mGET&amp#27;[39m &amp#27;[37m/session/8b9c12c4-9c1c-4db2-8d1e-b301ec11f45a/element/d95cc93d-1954-429b-97e5-0f5b632178d5/selected&amp#27;[39m
&amp#27;[38;5;0m[HTTP]&amp#27;[0m &amp#27;[90m{}&amp#27;[39m
&amp#27;[38;5;32m[AndroidUiautomator2Driver@6453 (8b9c12c4)]&amp#27;[0m Driver proxy active, passing request on via HTTP proxy
&amp#27;[38;5;96m[Chromedriver@0756 (d105eff1)]&amp#27;[0m Matched '/session/8b9c12c4-9c1c-4db2-8d1e-b301ec11f45a/element/d95cc93d-1954-429b-97e5-0f5b632178d5/selected' to command name 'elementSelected'
&amp#27;[38;5;96m[Chromedriver@0756 (d105eff1)]&amp#27;[0m Proxying [GET /session/8b9c12c4-9c1c-4db2-8d1e-b301ec11f45a/element/d95cc93d-1954-429b-97e5-0f5b632178d5/selected] to [GET http://127.0.0.1:52851/session/d105eff11b76bfce77f640f2b066a387/element/d95cc93d-1954-429b-97e5-0f5b632178d5/selected] with no body
&amp#27;[38;5;96m[Chromedriver@0756 (d105eff1)]&amp#27;[0m Got response with status 200: {"value":false}
&amp#27;[38;5;0m[HTTP]&amp#27;[0m &amp#27;[37m<-- GET /session/8b9c12c4-9c1c-4db2-8d1e-b301ec11f45a/element/d95cc93d-1954-429b-97e5-0f5b632178d5/selected &amp#27;[39m&amp#27;[32m200&amp#27;[39m &amp#27;[90m26 ms - 15&amp#27;[39m
&amp#27;[38;5;0m[HTTP]&amp#27;[0m &amp#27;[90m&amp#27;[39m
&amp#27;[38;5;0m[HTTP]&amp#27;[0m &amp#27;[37m-->&amp#27;[39m &amp#27;[37mPOST&amp#27;[39m &amp#27;[37m/session/8b9c12c4-9c1c-4db2-8d1e-b301ec11f45a/element/d95cc93d-1954-429b-97e5-0f5b632178d5/click&amp#27;[39m
&amp#27;[38;5;0m[HTTP]&amp#27;[0m &amp#27;[90m{"id":"d95cc93d-1954-429b-97e5-0f5b632178d5"}&amp#27;[39m
&amp#27;[38;5;32m[AndroidUiautomator2Driver@6453 (8b9c12c4)]&amp#27;[0m Driver proxy active, passing request on via HTTP proxy
&amp#27;[38;5;96m[Chromedriver@0756 (d105eff1)]&amp#27;[0m Matched '/session/8b9c12c4-9c1c-4db2-8d1e-b301ec11f45a/element/d95cc93d-1954-429b-97e5-0f5b632178d5/click' to command name 'click'
&amp#27;[38;5;96m[Chromedriver@0756 (d105eff1)]&amp#27;[0m Proxying [POST /session/8b9c12c4-9c1c-4db2-8d1e-b301ec11f45a/element/d95cc93d-1954-429b-97e5-0f5b632178d5/click] to [POST http://127.0.0.1:52851/session/d105eff11b76bfce77f640f2b066a387/element/d95cc93d-1954-429b-97e5-0f5b632178d5/click] with body: {"id":"d95cc93d-1954-429b-97e5-0f5b632178d5"}
&amp#27;[38;5;96m[Chromedriver@0756 (d105eff1)]&amp#27;[0m Got response with status 200: {"value":null}
&amp#27;[38;5;0m[HTTP]&amp#27;[0m &amp#27;[37m<-- POST /session/8b9c12c4-9c1c-4db2-8d1e-b301ec11f45a/element/d95cc93d-1954-429b-97e5-0f5b632178d5/click &amp#27;[39m&amp#27;[32m200&amp#27;[39m &amp#27;[90m87 ms - 14&amp#27;[39m
&amp#27;[38;5;0m[HTTP]&amp#27;[0m &amp#27;[90m&amp#27;[39m
Asset Category is Fixed
&amp#27;[38;5;0m[HTTP]&amp#27;[0m &amp#27;[37m-->&amp#27;[39m &amp#27;[37mPOST&amp#27;[39m &amp#27;[37m/session/8b9c12c4-9c1c-4db2-8d1e-b301ec11f45a/element&amp#27;[39m
&amp#27;[38;5;0m[HTTP]&amp#27;[0m &amp#27;[90m{"value":"*[name='status']","using":"css selector"}&amp#27;[39m
&amp#27;[38;5;32m[AndroidUiautomator2Driver@6453 (8b9c12c4)]&amp#27;[0m Driver proxy active, passing request on via HTTP proxy
&amp#27;[38;5;96m[Chromedriver@0756 (d105eff1)]&amp#27;[0m Matched '/session/8b9c12c4-9c1c-4db2-8d1e-b301ec11f45a/element' to command name 'findElement'
&amp#27;[38;5;96m[Chromedriver@0756 (d105eff1)]&amp#27;[0m Proxying [POST /session/8b9c12c4-9c1c-4db2-8d1e-b301ec11f45a/element] to [POST http://127.0.0.1:52851/session/d105eff11b76bfce77f640f2b066a387/element] with body: {"value":"*[name='status']","using":"css selector"}
&amp#27;[38;5;96m[Chromedriver@0756 (d105eff1)]&amp#27;[0m Got response with status 200: {"value":{"element-6066-11e4-a52e-4f735466cecf":"02bd891a-7d87-400d-a7a9-0fb24d801ed9"}}
&amp#27;[38;5;0m[HTTP]&amp#27;[0m &amp#27;[37m<-- POST /session/8b9c12c4-9c1c-4db2-8d1e-b301ec11f45a/element &amp#27;[39m&amp#27;[32m200&amp#27;[39m &amp#27;[90m71 ms - 137&amp#27;[39m
&amp#27;[38;5;0m[HTTP]&amp#27;[0m &amp#27;[90m&amp#27;[39m
&amp#27;[38;5;0m[HTTP]&amp#27;[0m &amp#27;[37m-->&amp#27;[39m &amp#27;[37mGET&amp#27;[39m &amp#27;[37m/session/8b9c12c4-9c1c-4db2-8d1e-b301ec11f45a/element/02bd891a-7d87-400d-a7a9-0fb24d801ed9/name&amp#27;[39m
&amp#27;[38;5;0m[HTTP]&amp#27;[0m &amp#27;[90m{}&amp#27;[39m
&amp#27;[38;5;32m[AndroidUiautomator2Driver@6453 (8b9c12c4)]&amp#27;[0m Driver proxy active, passing request on via HTTP proxy
&amp#27;[38;5;96m[Chromedriver@0756 (d105eff1)]&amp#27;[0m Matched '/session/8b9c12c4-9c1c-4db2-8d1e-b301ec11f45a/element/02bd891a-7d87-400d-a7a9-0fb24d801ed9/name' to command name 'getName'
&amp#27;[38;5;96m[Chromedriver@0756 (d105eff1)]&amp#27;[0m Proxying [GET /session/8b9c12c4-9c1c-4db2-8d1e-b301ec11f45a/element/02bd891a-7d87-400d-a7a9-0fb24d801ed9/name] to [GET http://127.0.0.1:52851/session/d105eff11b76bfce77f640f2b066a387/element/02bd891a-7d87-400d-a7a9-0fb24d801ed9/name] with no body
&amp#27;[38;5;96m[Chromedriver@0756 (d105eff1)]&amp#27;[0m Got response with status 200: {"value":"select"}
&amp#27;[38;5;0m[HTTP]&amp#27;[0m &amp#27;[37m<-- GET /session/8b9c12c4-9c1c-4db2-8d1e-b301ec11f45a/element/02bd891a-7d87-400d-a7a9-0fb24d801ed9/name &amp#27;[39m&amp#27;[32m200&amp#27;[39m &amp#27;[90m33 ms - 18&amp#27;[39m
&amp#27;[38;5;0m[HTTP]&amp#27;[0m &amp#27;[90m&amp#27;[39m
&amp#27;[38;5;0m[HTTP]&amp#27;[0m &amp#27;[37m-->&amp#27;[39m &amp#27;[37mPOST&amp#27;[39m &amp#27;[37m/session/8b9c12c4-9c1c-4db2-8d1e-b301ec11f45a/element&amp#27;[39m
&amp#27;[38;5;0m[HTTP]&amp#27;[0m &amp#27;[90m{"value":"*[name='status']","using":"css selector"}&amp#27;[39m
&amp#27;[38;5;32m[AndroidUiautomator2Driver@6453 (8b9c12c4)]&amp#27;[0m Driver proxy active, passing request on via HTTP proxy
&amp#27;[38;5;96m[Chromedriver@0756 (d105eff1)]&amp#27;[0m Matched '/session/8b9c12c4-9c1c-4db2-8d1e-b301ec11f45a/element' to command name 'findElement'
&amp#27;[38;5;96m[Chromedriver@0756 (d105eff1)]&amp#27;[0m Proxying [POST /session/8b9c12c4-9c1c-4db2-8d1e-b301ec11f45a/element] to [POST http://127.0.0.1:52851/session/d105eff11b76bfce77f640f2b066a387/element] with body: {"value":"*[name='status']","using":"css selector"}
&amp#27;[38;5;96m[Chromedriver@0756 (d105eff1)]&amp#27;[0m Got response with status 200: {"value":{"element-6066-11e4-a52e-4f735466cecf":"02bd891a-7d87-400d-a7a9-0fb24d801ed9"}}
&amp#27;[38;5;0m[HTTP]&amp#27;[0m &amp#27;[37m<-- POST /session/8b9c12c4-9c1c-4db2-8d1e-b301ec11f45a/element &amp#27;[39m&amp#27;[32m200&amp#27;[39m &amp#27;[90m26 ms - 137&amp#27;[39m
&amp#27;[38;5;0m[HTTP]&amp#27;[0m &amp#27;[90m&amp#27;[39m
&amp#27;[38;5;0m[HTTP]&amp#27;[0m &amp#27;[37m-->&amp#27;[39m &amp#27;[37mGET&amp#27;[39m &amp#27;[37m/session/8b9c12c4-9c1c-4db2-8d1e-b301ec11f45a/element/02bd891a-7d87-400d-a7a9-0fb24d801ed9/attribute/multiple&amp#27;[39m
&amp#27;[38;5;0m[HTTP]&amp#27;[0m &amp#27;[90m{}&amp#27;[39m
&amp#27;[38;5;32m[AndroidUiautomator2Driver@6453 (8b9c12c4)]&amp#27;[0m Driver proxy active, passing request on via HTTP proxy
&amp#27;[38;5;96m[Chromedriver@0756 (d105eff1)]&amp#27;[0m Matched '/session/8b9c12c4-9c1c-4db2-8d1e-b301ec11f45a/element/02bd891a-7d87-400d-a7a9-0fb24d801ed9/attribute/multiple' to command name 'getAttribute'
&amp#27;[38;5;96m[Chromedriver@0756 (d105eff1)]&amp#27;[0m Proxying [GET /session/8b9c12c4-9c1c-4db2-8d1e-b301ec11f45a/element/02bd891a-7d87-400d-a7a9-0fb24d801ed9/attribute/multiple] to [GET http://127.0.0.1:52851/session/d105eff11b76bfce77f640f2b066a387/element/02bd891a-7d87-400d-a7a9-0fb24d801ed9/attribute/multiple] with no body
&amp#27;[38;5;96m[Chromedriver@0756 (d105eff1)]&amp#27;[0m Got response with status 200: {"value":null}
&amp#27;[38;5;0m[HTTP]&amp#27;[0m &amp#27;[37m<-- GET /session/8b9c12c4-9c1c-4db2-8d1e-b301ec11f45a/element/02bd891a-7d87-400d-a7a9-0fb24d801ed9/attribute/multiple &amp#27;[39m&amp#27;[32m200&amp#27;[39m &amp#27;[90m38 ms - 14&amp#27;[39m
&amp#27;[38;5;0m[HTTP]&amp#27;[0m &amp#27;[90m&amp#27;[39m
&amp#27;[38;5;0m[HTTP]&amp#27;[0m &amp#27;[37m-->&amp#27;[39m &amp#27;[37mPOST&amp#27;[39m &amp#27;[37m/session/8b9c12c4-9c1c-4db2-8d1e-b301ec11f45a/element&amp#27;[39m
&amp#27;[38;5;0m[HTTP]&amp#27;[0m &amp#27;[90m{"value":"*[name='status']","using":"css selector"}&amp#27;[39m
&amp#27;[38;5;32m[AndroidUiautomator2Driver@6453 (8b9c12c4)]&amp#27;[0m Driver proxy active, passing request on via HTTP proxy
&amp#27;[38;5;96m[Chromedriver@0756 (d105eff1)]&amp#27;[0m Matched '/session/8b9c12c4-9c1c-4db2-8d1e-b301ec11f45a/element' to command name 'findElement'
&amp#27;[38;5;96m[Chromedriver@0756 (d105eff1)]&amp#27;[0m Proxying [POST /session/8b9c12c4-9c1c-4db2-8d1e-b301ec11f45a/element] to [POST http://127.0.0.1:52851/session/d105eff11b76bfce77f640f2b066a387/element] with body: {"value":"*[name='status']","using":"css selector"}
&amp#27;[38;5;96m[Chromedriver@0756 (d105eff1)]&amp#27;[0m Got response with status 200: {"value":{"element-6066-11e4-a52e-4f735466cecf":"02bd891a-7d87-400d-a7a9-0fb24d801ed9"}}
&amp#27;[38;5;0m[HTTP]&amp#27;[0m &amp#27;[37m<-- POST /session/8b9c12c4-9c1c-4db2-8d1e-b301ec11f45a/element &amp#27;[39m&amp#27;[32m200&amp#27;[39m &amp#27;[90m33 ms - 137&amp#27;[39m
&amp#27;[38;5;0m[HTTP]&amp#27;[0m &amp#27;[90m&amp#27;[39m
&amp#27;[38;5;0m[HTTP]&amp#27;[0m &amp#27;[37m-->&amp#27;[39m &amp#27;[37mGET&amp#27;[39m &amp#27;[37m/session/8b9c12c4-9c1c-4db2-8d1e-b301ec11f45a/element/02bd891a-7d87-400d-a7a9-0fb24d801ed9/enabled&amp#27;[39m
&amp#27;[38;5;0m[HTTP]&amp#27;[0m &amp#27;[90m{}&amp#27;[39m
&amp#27;[38;5;32m[AndroidUiautomator2Driver@6453 (8b9c12c4)]&amp#27;[0m Driver proxy active, passing request on via HTTP proxy
&amp#27;[38;5;96m[Chromedriver@0756 (d105eff1)]&amp#27;[0m Matched '/session/8b9c12c4-9c1c-4db2-8d1e-b301ec11f45a/element/02bd891a-7d87-400d-a7a9-0fb24d801ed9/enabled' to command name 'elementEnabled'
&amp#27;[38;5;96m[Chromedriver@0756 (d105eff1)]&amp#27;[0m Proxying [GET /session/8b9c12c4-9c1c-4db2-8d1e-b301ec11f45a/element/02bd891a-7d87-400d-a7a9-0fb24d801ed9/enabled] to [GET http://127.0.0.1:52851/session/d105eff11b76bfce77f640f2b066a387/element/02bd891a-7d87-400d-a7a9-0fb24d801ed9/enabled] with no body
&amp#27;[38;5;96m[Chromedriver@0756 (d105eff1)]&amp#27;[0m Got response with status 200: {"value":true}
&amp#27;[38;5;0m[HTTP]&amp#27;[0m &amp#27;[37m<-- GET /session/8b9c12c4-9c1c-4db2-8d1e-b301ec11f45a/element/02bd891a-7d87-400d-a7a9-0fb24d801ed9/enabled &amp#27;[39m&amp#27;[32m200&amp#27;[39m &amp#27;[90m37 ms - 14&amp#27;[39m
&amp#27;[38;5;0m[HTTP]&amp#27;[0m &amp#27;[90m&amp#27;[39m
&amp#27;[38;5;0m[HTTP]&amp#27;[0m &amp#27;[37m-->&amp#27;[39m &amp#27;[37mPOST&amp#27;[39m &amp#27;[37m/session/8b9c12c4-9c1c-4db2-8d1e-b301ec11f45a/element&amp#27;[39m
&amp#27;[38;5;0m[HTTP]&amp#27;[0m &amp#27;[90m{"value":"*[name='status']","using":"css selector"}&amp#27;[39m
&amp#27;[38;5;32m[AndroidUiautomator2Driver@6453 (8b9c12c4)]&amp#27;[0m Driver proxy active, passing request on via HTTP proxy
&amp#27;[38;5;96m[Chromedriver@0756 (d105eff1)]&amp#27;[0m Matched '/session/8b9c12c4-9c1c-4db2-8d1e-b301ec11f45a/element' to command name 'findElement'
&amp#27;[38;5;96m[Chromedriver@0756 (d105eff1)]&amp#27;[0m Proxying [POST /session/8b9c12c4-9c1c-4db2-8d1e-b301ec11f45a/element] to [POST http://127.0.0.1:52851/session/d105eff11b76bfce77f640f2b066a387/element] with body: {"value":"*[name='status']","using":"css selector"}
&amp#27;[38;5;96m[Chromedriver@0756 (d105eff1)]&amp#27;[0m Got response with status 200: {"value":{"element-6066-11e4-a52e-4f735466cecf":"02bd891a-7d87-400d-a7a9-0fb24d801ed9"}}
&amp#27;[38;5;0m[HTTP]&amp#27;[0m &amp#27;[37m<-- POST /session/8b9c12c4-9c1c-4db2-8d1e-b301ec11f45a/element &amp#27;[39m&amp#27;[32m200&amp#27;[39m &amp#27;[90m27 ms - 137&amp#27;[39m
&amp#27;[38;5;0m[HTTP]&amp#27;[0m &amp#27;[90m&amp#27;[39m
&amp#27;[38;5;0m[HTTP]&amp#27;[0m &amp#27;[37m-->&amp#27;[39m &amp#27;[37mPOST&amp#27;[39m &amp#27;[37m/session/8b9c12c4-9c1c-4db2-8d1e-b301ec11f45a/element/02bd891a-7d87-400d-a7a9-0fb24d801ed9/elements&amp#27;[39m
&amp#27;[38;5;0m[HTTP]&amp#27;[0m &amp#27;[90m{"value":".//option[normalize-space(.) = \"IN USE\"]","id":"02bd891a-7d87-400d-a7a9-0fb24d801ed9","using":"xpath"}&amp#27;[39m
&amp#27;[38;5;32m[AndroidUiautomator2Driver@6453 (8b9c12c4)]&amp#27;[0m Driver proxy active, passing request on via HTTP proxy
&amp#27;[38;5;96m[Chromedriver@0756 (d105eff1)]&amp#27;[0m Matched '/session/8b9c12c4-9c1c-4db2-8d1e-b301ec11f45a/element/02bd891a-7d87-400d-a7a9-0fb24d801ed9/elements' to command name 'findElementsFromElement'
&amp#27;[38;5;96m[Chromedriver@0756 (d105eff1)]&amp#27;[0m Proxying [POST /session/8b9c12c4-9c1c-4db2-8d1e-b301ec11f45a/element/02bd891a-7d87-400d-a7a9-0fb24d801ed9/elements] to [POST http://127.0.0.1:52851/session/d105eff11b76bfce77f640f2b066a387/element/02bd891a-7d87-400d-a7a9-0fb24d801ed9/elements] with body: {"value":".//option[normalize-space(.) = \"IN USE\"]","id":"02bd891a-7d87-400d-a7a9-0fb24d801ed9","using":"xpath"}
&amp#27;[38;5;96m[Chromedriver@0756 (d105eff1)]&amp#27;[0m Got response with status 200: {"value":[{"element-6066-11e4-a52e-4f735466cecf":"47b07b3a-97c6-49aa-a7bc-88810be058c1"}]}
&amp#27;[38;5;0m[HTTP]&amp#27;[0m &amp#27;[37m<-- POST /session/8b9c12c4-9c1c-4db2-8d1e-b301ec11f45a/element/02bd891a-7d87-400d-a7a9-0fb24d801ed9/elements &amp#27;[39m&amp#27;[32m200&amp#27;[39m &amp#27;[90m45 ms - 139&amp#27;[39m
&amp#27;[38;5;0m[HTTP]&amp#27;[0m &amp#27;[90m&amp#27;[39m
&amp#27;[38;5;0m[HTTP]&amp#27;[0m &amp#27;[37m-->&amp#27;[39m &amp#27;[37mGET&amp#27;[39m &amp#27;[37m/session/8b9c12c4-9c1c-4db2-8d1e-b301ec11f45a/element/47b07b3a-97c6-49aa-a7bc-88810be058c1/enabled&amp#27;[39m
&amp#27;[38;5;0m[HTTP]&amp#27;[0m &amp#27;[90m{}&amp#27;[39m
&amp#27;[38;5;32m[AndroidUiautomator2Driver@6453 (8b9c12c4)]&amp#27;[0m Driver proxy active, passing request on via HTTP proxy
&amp#27;[38;5;96m[Chromedriver@0756 (d105eff1)]&amp#27;[0m Matched '/session/8b9c12c4-9c1c-4db2-8d1e-b301ec11f45a/element/47b07b3a-97c6-49aa-a7bc-88810be058c1/enabled' to command name 'elementEnabled'
&amp#27;[38;5;96m[Chromedriver@0756 (d105eff1)]&amp#27;[0m Proxying [GET /session/8b9c12c4-9c1c-4db2-8d1e-b301ec11f45a/element/47b07b3a-97c6-49aa-a7bc-88810be058c1/enabled] to [GET http://127.0.0.1:52851/session/d105eff11b76bfce77f640f2b066a387/element/47b07b3a-97c6-49aa-a7bc-88810be058c1/enabled] with no body
&amp#27;[38;5;96m[Chromedriver@0756 (d105eff1)]&amp#27;[0m Got response with status 200: {"value":true}
&amp#27;[38;5;0m[HTTP]&amp#27;[0m &amp#27;[37m<-- GET /session/8b9c12c4-9c1c-4db2-8d1e-b301ec11f45a/element/47b07b3a-97c6-49aa-a7bc-88810be058c1/enabled &amp#27;[39m&amp#27;[32m200&amp#27;[39m &amp#27;[90m93 ms - 14&amp#27;[39m
&amp#27;[38;5;0m[HTTP]&amp#27;[0m &amp#27;[90m&amp#27;[39m
&amp#27;[38;5;0m[HTTP]&amp#27;[0m &amp#27;[37m-->&amp#27;[39m &amp#27;[37mGET&amp#27;[39m &amp#27;[37m/session/8b9c12c4-9c1c-4db2-8d1e-b301ec11f45a/element/47b07b3a-97c6-49aa-a7bc-88810be058c1/selected&amp#27;[39m
&amp#27;[38;5;0m[HTTP]&amp#27;[0m &amp#27;[90m{}&amp#27;[39m
&amp#27;[38;5;32m[AndroidUiautomator2Driver@6453 (8b9c12c4)]&amp#27;[0m Driver proxy active, passing request on via HTTP proxy
&amp#27;[38;5;96m[Chromedriver@0756 (d105eff1)]&amp#27;[0m Matched '/session/8b9c12c4-9c1c-4db2-8d1e-b301ec11f45a/element/47b07b3a-97c6-49aa-a7bc-88810be058c1/selected' to command name 'elementSelected'
&amp#27;[38;5;96m[Chromedriver@0756 (d105eff1)]&amp#27;[0m Proxying [GET /session/8b9c12c4-9c1c-4db2-8d1e-b301ec11f45a/element/47b07b3a-97c6-49aa-a7bc-88810be058c1/selected] to [GET http://127.0.0.1:52851/session/d105eff11b76bfce77f640f2b066a387/element/47b07b3a-97c6-49aa-a7bc-88810be058c1/selected] with no body
&amp#27;[38;5;96m[Chromedriver@0756 (d105eff1)]&amp#27;[0m Got response with status 200: {"value":false}
&amp#27;[38;5;0m[HTTP]&amp#27;[0m &amp#27;[37m<-- GET /session/8b9c12c4-9c1c-4db2-8d1e-b301ec11f45a/element/47b07b3a-97c6-49aa-a7bc-88810be058c1/selected &amp#27;[39m&amp#27;[32m200&amp#27;[39m &amp#27;[90m35 ms - 15&amp#27;[39m
&amp#27;[38;5;0m[HTTP]&amp#27;[0m &amp#27;[90m&amp#27;[39m
&amp#27;[38;5;0m[HTTP]&amp#27;[0m &amp#27;[37m-->&amp#27;[39m &amp#27;[37mPOST&amp#27;[39m &amp#27;[37m/session/8b9c12c4-9c1c-4db2-8d1e-b301ec11f45a/element/47b07b3a-97c6-49aa-a7bc-88810be058c1/click&amp#27;[39m
&amp#27;[38;5;0m[HTTP]&amp#27;[0m &amp#27;[90m{"id":"47b07b3a-97c6-49aa-a7bc-88810be058c1"}&amp#27;[39m
&amp#27;[38;5;32m[AndroidUiautomator2Driver@6453 (8b9c12c4)]&amp#27;[0m Driver proxy active, passing request on via HTTP proxy
&amp#27;[38;5;96m[Chromedriver@0756 (d105eff1)]&amp#27;[0m Matched '/session/8b9c12c4-9c1c-4db2-8d1e-b301ec11f45a/element/47b07b3a-97c6-49aa-a7bc-88810be058c1/click' to command name 'click'
&amp#27;[38;5;96m[Chromedriver@0756 (d105eff1)]&amp#27;[0m Proxying [POST /session/8b9c12c4-9c1c-4db2-8d1e-b301ec11f45a/element/47b07b3a-97c6-49aa-a7bc-88810be058c1/click] to [POST http://127.0.0.1:52851/session/d105eff11b76bfce77f640f2b066a387/element/47b07b3a-97c6-49aa-a7bc-88810be058c1/click] with body: {"id":"47b07b3a-97c6-49aa-a7bc-88810be058c1"}
&amp#27;[38;5;96m[Chromedriver@0756 (d105eff1)]&amp#27;[0m Got response with status 200: {"value":null}
&amp#27;[38;5;0m[HTTP]&amp#27;[0m &amp#27;[37m<-- POST /session/8b9c12c4-9c1c-4db2-8d1e-b301ec11f45a/element/47b07b3a-97c6-49aa-a7bc-88810be058c1/click &amp#27;[39m&amp#27;[32m200&amp#27;[39m &amp#27;[90m83 ms - 14&amp#27;[39m
&amp#27;[38;5;0m[HTTP]&amp#27;[0m &amp#27;[90m&amp#27;[39m
Asset Status is Fixed
&amp#27;[38;5;0m[HTTP]&amp#27;[0m &amp#27;[37m-->&amp#27;[39m &amp#27;[37mPOST&amp#27;[39m &amp#27;[37m/session/8b9c12c4-9c1c-4db2-8d1e-b301ec11f45a/element&amp#27;[39m
&amp#27;[38;5;0m[HTTP]&amp#27;[0m &amp#27;[90m{"value":"body > div.wrapper.d-flex.flex-column.min-vh-100.bg-light.dark\\:bg-transparent > header > div:nth-child(1) > button:nth-child(1) > svg","using":"css selector"}&amp#27;[39m
&amp#27;[38;5;32m[AndroidUiautomator2Driver@6453 (8b9c12c4)]&amp#27;[0m Driver proxy active, passing request on via HTTP proxy
&amp#27;[38;5;96m[Chromedriver@0756 (d105eff1)]&amp#27;[0m Matched '/session/8b9c12c4-9c1c-4db2-8d1e-b301ec11f45a/element' to command name 'findElement'
&amp#27;[38;5;96m[Chromedriver@0756 (d105eff1)]&amp#27;[0m Proxying [POST /session/8b9c12c4-9c1c-4db2-8d1e-b301ec11f45a/element] to [POST http://127.0.0.1:52851/session/d105eff11b76bfce77f640f2b066a387/element] with body: {"value":"body > div.wrapper.d-flex.flex-column.min-vh-100.bg-light.dark\\:bg-transparent > header > div:nth-child(1) > button:nth-child(1) > svg","using":"css selector"}
&amp#27;[38;5;96m[Chromedriver@0756 (d105eff1)]&amp#27;[0m Got response with status 200: {"value":{"element-6066-11e4-a52e-4f735466cecf":"9548e170-25f5-488a-bb57-2a0ab0780137"}}
&amp#27;[38;5;0m[HTTP]&amp#27;[0m &amp#27;[37m<-- POST /session/8b9c12c4-9c1c-4db2-8d1e-b301ec11f45a/element &amp#27;[39m&amp#27;[32m200&amp#27;[39m &amp#27;[90m48 ms - 137&amp#27;[39m
&amp#27;[38;5;0m[HTTP]&amp#27;[0m &amp#27;[90m&amp#27;[39m
&amp#27;[38;5;0m[HTTP]&amp#27;[0m &amp#27;[37m-->&amp#27;[39m &amp#27;[37mPOST&amp#27;[39m &amp#27;[37m/session/8b9c12c4-9c1c-4db2-8d1e-b301ec11f45a/element/9548e170-25f5-488a-bb57-2a0ab0780137/click&amp#27;[39m
&amp#27;[38;5;0m[HTTP]&amp#27;[0m &amp#27;[90m{"id":"9548e170-25f5-488a-bb57-2a0ab0780137"}&amp#27;[39m
&amp#27;[38;5;32m[AndroidUiautomator2Driver@6453 (8b9c12c4)]&amp#27;[0m Driver proxy active, passing request on via HTTP proxy
&amp#27;[38;5;96m[Chromedriver@0756 (d105eff1)]&amp#27;[0m Matched '/session/8b9c12c4-9c1c-4db2-8d1e-b301ec11f45a/element/9548e170-25f5-488a-bb57-2a0ab0780137/click' to command name 'click'
&amp#27;[38;5;96m[Chromedriver@0756 (d105eff1)]&amp#27;[0m Proxying [POST /session/8b9c12c4-9c1c-4db2-8d1e-b301ec11f45a/element/9548e170-25f5-488a-bb57-2a0ab0780137/click] to [POST http://127.0.0.1:52851/session/d105eff11b76bfce77f640f2b066a387/element/9548e170-25f5-488a-bb57-2a0ab0780137/click] with body: {"id":"9548e170-25f5-488a-bb57-2a0ab0780137"}
&amp#27;[38;5;96m[Chromedriver@0756 (d105eff1)]&amp#27;[0m Got response with status 200: {"value":null}
&amp#27;[38;5;0m[HTTP]&amp#27;[0m &amp#27;[37m<-- POST /session/8b9c12c4-9c1c-4db2-8d1e-b301ec11f45a/element/9548e170-25f5-488a-bb57-2a0ab0780137/click &amp#27;[39m&amp#27;[32m200&amp#27;[39m &amp#27;[90m197 ms - 14&amp#27;[39m
&amp#27;[38;5;0m[HTTP]&amp#27;[0m &amp#27;[90m&amp#27;[39m
&amp#27;[38;5;0m[HTTP]&amp#27;[0m &amp#27;[37m-->&amp#27;[39m &amp#27;[37mPOST&amp#27;[39m &amp#27;[37m/session/8b9c12c4-9c1c-4db2-8d1e-b301ec11f45a/execute/sync&amp#27;[39m
&amp#27;[38;5;0m[HTTP]&amp#27;[0m &amp#27;[90m{"args":[],"script":"window.scrollBy(0,1000)"}&amp#27;[39m
&amp#27;[38;5;32m[AndroidUiautomator2Driver@6453 (8b9c12c4)]&amp#27;[0m Calling AppiumDriver.execute() with args: ["window.scrollBy(0,1000)",[],"8b9c12c4-9c1c-4db2-8d1e-b301ec11f45a"]
&amp#27;[38;5;96m[Chromedriver@0756 (d105eff1)]&amp#27;[0m Matched '/execute/sync' to command name 'execute'
&amp#27;[38;5;96m[Chromedriver@0756 (d105eff1)]&amp#27;[0m Did not know how to rewrite the original URL '/execute/sync' for W3C protocol
&amp#27;[38;5;96m[Chromedriver@0756 (d105eff1)]&amp#27;[0m Proxying [POST /execute/sync] to [POST http://127.0.0.1:52851/session/d105eff11b76bfce77f640f2b066a387/execute/sync] with body: {"script":"window.scrollBy(0,1000)","args":[]}
&amp#27;[38;5;96m[Chromedriver@0756 (d105eff1)]&amp#27;[0m Got response with status 200: {"value":null}
&amp#27;[38;5;32m[AndroidUiautomator2Driver@6453 (8b9c12c4)]&amp#27;[0m Responding to client with driver.execute() result: null
&amp#27;[38;5;0m[HTTP]&amp#27;[0m &amp#27;[37m<-- POST /session/8b9c12c4-9c1c-4db2-8d1e-b301ec11f45a/execute/sync &amp#27;[39m&amp#27;[32m200&amp#27;[39m &amp#27;[90m179 ms - 14&amp#27;[39m
&amp#27;[38;5;0m[HTTP]&amp#27;[0m &amp#27;[90m&amp#27;[39m
&amp#27;[38;5;0m[HTTP]&amp#27;[0m &amp#27;[37m-->&amp#27;[39m &amp#27;[37mPOST&amp#27;[39m &amp#27;[37m/session/8b9c12c4-9c1c-4db2-8d1e-b301ec11f45a/element&amp#27;[39m
&amp#27;[38;5;0m[HTTP]&amp#27;[0m &amp#27;[90m{"value":"//*[@id=\"id_purchasedate\"]","using":"xpath"}&amp#27;[39m
&amp#27;[38;5;32m[AndroidUiautomator2Driver@6453 (8b9c12c4)]&amp#27;[0m Driver proxy active, passing request on via HTTP proxy
&amp#27;[38;5;96m[Chromedriver@0756 (d105eff1)]&amp#27;[0m Matched '/session/8b9c12c4-9c1c-4db2-8d1e-b301ec11f45a/element' to command name 'findElement'
&amp#27;[38;5;96m[Chromedriver@0756 (d105eff1)]&amp#27;[0m Proxying [POST /session/8b9c12c4-9c1c-4db2-8d1e-b301ec11f45a/element] to [POST http://127.0.0.1:52851/session/d105eff11b76bfce77f640f2b066a387/element] with body: {"value":"//*[@id=\"id_purchasedate\"]","using":"xpath"}
&amp#27;[38;5;96m[Chromedriver@0756 (d105eff1)]&amp#27;[0m Got response with status 200: {"value":{"element-6066-11e4-a52e-4f735466cecf":"afb860e8-b8d2-40a4-a86d-4da58a85c761"}}
&amp#27;[38;5;0m[HTTP]&amp#27;[0m &amp#27;[37m<-- POST /session/8b9c12c4-9c1c-4db2-8d1e-b301ec11f45a/element &amp#27;[39m&amp#27;[32m200&amp#27;[39m &amp#27;[90m76 ms - 137&amp#27;[39m
&amp#27;[38;5;0m[HTTP]&amp#27;[0m &amp#27;[90m&amp#27;[39m
&amp#27;[38;5;0m[HTTP]&amp#27;[0m &amp#27;[37m-->&amp#27;[39m &amp#27;[37mPOST&amp#27;[39m &amp#27;[37m/session/8b9c12c4-9c1c-4db2-8d1e-b301ec11f45a/execute/sync&amp#27;[39m
&amp#27;[38;5;0m[HTTP]&amp#27;[0m &amp#27;[90m{"args":[{"element-6066-11e4-a52e-4f735466cecf":"afb860e8-b8d2-40a4-a86d-4da58a85c761"}],"script":"arguments[0].scrollIntoView(true)"}&amp#27;[39m
&amp#27;[38;5;32m[AndroidUiautomator2Driver@6453 (8b9c12c4)]&amp#27;[0m Calling AppiumDriver.execute() with args: ["arguments[0].scrollIntoView(true)",[{"element-6066-11e4-a52e-4f735466cecf":"afb860e8-b8d2-40a4-a86d-4da58a85c761"}],"8b9c12c4-9c1c-4db2-8d1e-b301ec11f45a"]
&amp#27;[38;5;96m[Chromedriver@0756 (d105eff1)]&amp#27;[0m Matched '/execute/sync' to command name 'execute'
&amp#27;[38;5;96m[Chromedriver@0756 (d105eff1)]&amp#27;[0m Did not know how to rewrite the original URL '/execute/sync' for W3C protocol
&amp#27;[38;5;96m[Chromedriver@0756 (d105eff1)]&amp#27;[0m Proxying [POST /execute/sync] to [POST http://127.0.0.1:52851/session/d105eff11b76bfce77f640f2b066a387/execute/sync] with body: {"script":"arguments[0].scrollIntoView(true)","args":[{"element-6066-11e4-a52e-4f735466cecf":"afb860e8-b8d2-40a4-a86d-4da58a85c761"}]}
&amp#27;[38;5;96m[Chromedriver@0756 (d105eff1)]&amp#27;[0m Got response with status 200: {"value":null}
&amp#27;[38;5;32m[AndroidUiautomator2Driver@6453 (8b9c12c4)]&amp#27;[0m Responding to client with driver.execute() result: null
&amp#27;[38;5;0m[HTTP]&amp#27;[0m &amp#27;[37m<-- POST /session/8b9c12c4-9c1c-4db2-8d1e-b301ec11f45a/execute/sync &amp#27;[39m&amp#27;[32m200&amp#27;[39m &amp#27;[90m42 ms - 14&amp#27;[39m
&amp#27;[38;5;0m[HTTP]&amp#27;[0m &amp#27;[90m&amp#27;[39m
&amp#27;[38;5;0m[HTTP]&amp#27;[0m &amp#27;[37m-->&amp#27;[39m &amp#27;[37mPOST&amp#27;[39m &amp#27;[37m/session/8b9c12c4-9c1c-4db2-8d1e-b301ec11f45a/element&amp#27;[39m
&amp#27;[38;5;0m[HTTP]&amp#27;[0m &amp#27;[90m{"value":"//*[@id=\"id_purchasedate\"]","using":"xpath"}&amp#27;[39m
&amp#27;[38;5;32m[AndroidUiautomator2Driver@6453 (8b9c12c4)]&amp#27;[0m Driver proxy active, passing request on via HTTP proxy
&amp#27;[38;5;96m[Chromedriver@0756 (d105eff1)]&amp#27;[0m Matched '/session/8b9c12c4-9c1c-4db2-8d1e-b301ec11f45a/element' to command name 'findElement'
&amp#27;[38;5;96m[Chromedriver@0756 (d105eff1)]&amp#27;[0m Proxying [POST /session/8b9c12c4-9c1c-4db2-8d1e-b301ec11f45a/element] to [POST http://127.0.0.1:52851/session/d105eff11b76bfce77f640f2b066a387/element] with body: {"value":"//*[@id=\"id_purchasedate\"]","using":"xpath"}
&amp#27;[38;5;96m[Chromedriver@0756 (d105eff1)]&amp#27;[0m Got response with status 200: {"value":{"element-6066-11e4-a52e-4f735466cecf":"afb860e8-b8d2-40a4-a86d-4da58a85c761"}}
&amp#27;[38;5;0m[HTTP]&amp#27;[0m &amp#27;[37m<-- POST /session/8b9c12c4-9c1c-4db2-8d1e-b301ec11f45a/element &amp#27;[39m&amp#27;[32m200&amp#27;[39m &amp#27;[90m48 ms - 137&amp#27;[39m
&amp#27;[38;5;0m[HTTP]&amp#27;[0m &amp#27;[90m&amp#27;[39m
&amp#27;[38;5;0m[HTTP]&amp#27;[0m &amp#27;[37m-->&amp#27;[39m &amp#27;[37mPOST&amp#27;[39m &amp#27;[37m/session/8b9c12c4-9c1c-4db2-8d1e-b301ec11f45a/element/afb860e8-b8d2-40a4-a86d-4da58a85c761/value&amp#27;[39m
&amp#27;[38;5;0m[HTTP]&amp#27;[0m &amp#27;[90m{"value":["0","1","-","0","4","-","2","0","2","4"],"id":"afb860e8-b8d2-40a4-a86d-4da58a85c761","text":"01-04-2024"}&amp#27;[39m
&amp#27;[38;5;32m[AndroidUiautomator2Driver@6453 (8b9c12c4)]&amp#27;[0m Driver proxy active, passing request on via HTTP proxy
&amp#27;[38;5;96m[Chromedriver@0756 (d105eff1)]&amp#27;[0m Matched '/session/8b9c12c4-9c1c-4db2-8d1e-b301ec11f45a/element/afb860e8-b8d2-40a4-a86d-4da58a85c761/value' to command name 'setValue'
&amp#27;[38;5;96m[Chromedriver@0756 (d105eff1)]&amp#27;[0m Proxying [POST /session/8b9c12c4-9c1c-4db2-8d1e-b301ec11f45a/element/afb860e8-b8d2-40a4-a86d-4da58a85c761/value] to [POST http://127.0.0.1:52851/session/d105eff11b76bfce77f640f2b066a387/element/afb860e8-b8d2-40a4-a86d-4da58a85c761/value] with body: {"value":["0","1","-","0","4","-","2","0","2","4"],"id":"afb860e8-b8d2-40a4-a86d-4da58a85c761","text":"01-04-2024"}
&amp#27;[38;5;96m[Chromedriver@0756 (d105eff1)]&amp#27;[0m Got response with status 200: {"value":null}
&amp#27;[38;5;0m[HTTP]&amp#27;[0m &amp#27;[37m<-- POST /session/8b9c12c4-9c1c-4db2-8d1e-b301ec11f45a/element/afb860e8-b8d2-40a4-a86d-4da58a85c761/value &amp#27;[39m&amp#27;[32m200&amp#27;[39m &amp#27;[90m642 ms - 14&amp#27;[39m
&amp#27;[38;5;0m[HTTP]&amp#27;[0m &amp#27;[90m&amp#27;[39m
Purchased Date Fixed
&amp#27;[38;5;0m[HTTP]&amp#27;[0m &amp#27;[37m-->&amp#27;[39m &amp#27;[37mPOST&amp#27;[39m &amp#27;[37m/session/8b9c12c4-9c1c-4db2-8d1e-b301ec11f45a/element&amp#27;[39m
&amp#27;[38;5;0m[HTTP]&amp#27;[0m &amp#27;[90m{"value":"#id_purchaseamount","using":"css selector"}&amp#27;[39m
&amp#27;[38;5;32m[AndroidUiautomator2Driver@6453 (8b9c12c4)]&amp#27;[0m Driver proxy active, passing request on via HTTP proxy
&amp#27;[38;5;96m[Chromedriver@0756 (d105eff1)]&amp#27;[0m Matched '/session/8b9c12c4-9c1c-4db2-8d1e-b301ec11f45a/element' to command name 'findElement'
&amp#27;[38;5;96m[Chromedriver@0756 (d105eff1)]&amp#27;[0m Proxying [POST /session/8b9c12c4-9c1c-4db2-8d1e-b301ec11f45a/element] to [POST http://127.0.0.1:52851/session/d105eff11b76bfce77f640f2b066a387/element] with body: {"value":"#id_purchaseamount","using":"css selector"}
&amp#27;[38;5;96m[Chromedriver@0756 (d105eff1)]&amp#27;[0m Got response with status 200: {"value":{"element-6066-11e4-a52e-4f735466cecf":"f7ca70df-458f-470e-ab3b-3e697becdff3"}}
&amp#27;[38;5;0m[HTTP]&amp#27;[0m &amp#27;[37m<-- POST /session/8b9c12c4-9c1c-4db2-8d1e-b301ec11f45a/element &amp#27;[39m&amp#27;[32m200&amp#27;[39m &amp#27;[90m42 ms - 137&amp#27;[39m
&amp#27;[38;5;0m[HTTP]&amp#27;[0m &amp#27;[90m&amp#27;[39m
&amp#27;[38;5;0m[HTTP]&amp#27;[0m &amp#27;[37m-->&amp#27;[39m &amp#27;[37mPOST&amp#27;[39m &amp#27;[37m/session/8b9c12c4-9c1c-4db2-8d1e-b301ec11f45a/execute/sync&amp#27;[39m
&amp#27;[38;5;0m[HTTP]&amp#27;[0m &amp#27;[90m{"args":[{"element-6066-11e4-a52e-4f735466cecf":"f7ca70df-458f-470e-ab3b-3e697becdff3"}],"script":"arguments[0].scrollIntoView(true)"}&amp#27;[39m
&amp#27;[38;5;32m[AndroidUiautomator2Driver@6453 (8b9c12c4)]&amp#27;[0m Calling AppiumDriver.execute() with args: ["arguments[0].scrollIntoView(true)",[{"element-6066-11e4-a52e-4f735466cecf":"f7ca70df-458f-470e-ab3b-3e697becdff3"}],"8b9c12c4-9c1c-4db2-8d1e-b301ec11f45a"]
&amp#27;[38;5;96m[Chromedriver@0756 (d105eff1)]&amp#27;[0m Matched '/execute/sync' to command name 'execute'
&amp#27;[38;5;96m[Chromedriver@0756 (d105eff1)]&amp#27;[0m Did not know how to rewrite the original URL '/execute/sync' for W3C protocol
&amp#27;[38;5;96m[Chromedriver@0756 (d105eff1)]&amp#27;[0m Proxying [POST /execute/sync] to [POST http://127.0.0.1:52851/session/d105eff11b76bfce77f640f2b066a387/execute/sync] with body: {"script":"arguments[0].scrollIntoView(true)","args":[{"element-6066-11e4-a52e-4f735466cecf":"f7ca70df-458f-470e-ab3b-3e697becdff3"}]}
&amp#27;[38;5;96m[Chromedriver@0756 (d105eff1)]&amp#27;[0m Got response with status 200: {"value":null}
&amp#27;[38;5;32m[AndroidUiautomator2Driver@6453 (8b9c12c4)]&amp#27;[0m Responding to client with driver.execute() result: null
&amp#27;[38;5;0m[HTTP]&amp#27;[0m &amp#27;[37m<-- POST /session/8b9c12c4-9c1c-4db2-8d1e-b301ec11f45a/execute/sync &amp#27;[39m&amp#27;[32m200&amp#27;[39m &amp#27;[90m30 ms - 14&amp#27;[39m
&amp#27;[38;5;0m[HTTP]&amp#27;[0m &amp#27;[90m&amp#27;[39m
&amp#27;[38;5;0m[HTTP]&amp#27;[0m &amp#27;[37m-->&amp#27;[39m &amp#27;[37mPOST&amp#27;[39m &amp#27;[37m/session/8b9c12c4-9c1c-4db2-8d1e-b301ec11f45a/element&amp#27;[39m
&amp#27;[38;5;0m[HTTP]&amp#27;[0m &amp#27;[90m{"value":"#id_purchaseamount","using":"css selector"}&amp#27;[39m
&amp#27;[38;5;32m[AndroidUiautomator2Driver@6453 (8b9c12c4)]&amp#27;[0m Driver proxy active, passing request on via HTTP proxy
&amp#27;[38;5;96m[Chromedriver@0756 (d105eff1)]&amp#27;[0m Matched '/session/8b9c12c4-9c1c-4db2-8d1e-b301ec11f45a/element' to command name 'findElement'
&amp#27;[38;5;96m[Chromedriver@0756 (d105eff1)]&amp#27;[0m Proxying [POST /session/8b9c12c4-9c1c-4db2-8d1e-b301ec11f45a/element] to [POST http://127.0.0.1:52851/session/d105eff11b76bfce77f640f2b066a387/element] with body: {"value":"#id_purchaseamount","using":"css selector"}
&amp#27;[38;5;96m[Chromedriver@0756 (d105eff1)]&amp#27;[0m Got response with status 200: {"value":{"element-6066-11e4-a52e-4f735466cecf":"f7ca70df-458f-470e-ab3b-3e697becdff3"}}
&amp#27;[38;5;0m[HTTP]&amp#27;[0m &amp#27;[37m<-- POST /session/8b9c12c4-9c1c-4db2-8d1e-b301ec11f45a/element &amp#27;[39m&amp#27;[32m200&amp#27;[39m &amp#27;[90m28 ms - 137&amp#27;[39m
&amp#27;[38;5;0m[HTTP]&amp#27;[0m &amp#27;[90m&amp#27;[39m
&amp#27;[38;5;0m[HTTP]&amp#27;[0m &amp#27;[37m-->&amp#27;[39m &amp#27;[37mPOST&amp#27;[39m &amp#27;[37m/session/8b9c12c4-9c1c-4db2-8d1e-b301ec11f45a/element/f7ca70df-458f-470e-ab3b-3e697becdff3/value&amp#27;[39m
&amp#27;[38;5;0m[HTTP]&amp#27;[0m &amp#27;[90m{"value":["5","0",",","0","0","0"],"id":"f7ca70df-458f-470e-ab3b-3e697becdff3","text":"50,000"}&amp#27;[39m
&amp#27;[38;5;32m[AndroidUiautomator2Driver@6453 (8b9c12c4)]&amp#27;[0m Driver proxy active, passing request on via HTTP proxy
&amp#27;[38;5;96m[Chromedriver@0756 (d105eff1)]&amp#27;[0m Matched '/session/8b9c12c4-9c1c-4db2-8d1e-b301ec11f45a/element/f7ca70df-458f-470e-ab3b-3e697becdff3/value' to command name 'setValue'
&amp#27;[38;5;96m[Chromedriver@0756 (d105eff1)]&amp#27;[0m Proxying [POST /session/8b9c12c4-9c1c-4db2-8d1e-b301ec11f45a/element/f7ca70df-458f-470e-ab3b-3e697becdff3/value] to [POST http://127.0.0.1:52851/session/d105eff11b76bfce77f640f2b066a387/element/f7ca70df-458f-470e-ab3b-3e697becdff3/value] with body: {"value":["5","0",",","0","0","0"],"id":"f7ca70df-458f-470e-ab3b-3e697becdff3","text":"50,000"}
&amp#27;[38;5;96m[Chromedriver@0756 (d105eff1)]&amp#27;[0m Got response with status 200: {"value":null}
&amp#27;[38;5;0m[HTTP]&amp#27;[0m &amp#27;[37m<-- POST /session/8b9c12c4-9c1c-4db2-8d1e-b301ec11f45a/element/f7ca70df-458f-470e-ab3b-3e697becdff3/value &amp#27;[39m&amp#27;[32m200&amp#27;[39m &amp#27;[90m745 ms - 14&amp#27;[39m
&amp#27;[38;5;0m[HTTP]&amp#27;[0m &amp#27;[90m&amp#27;[39m
Purchased Amount Fixed
&amp#27;[38;5;0m[HTTP]&amp#27;[0m &amp#27;[37m-->&amp#27;[39m &amp#27;[37mPOST&amp#27;[39m &amp#27;[37m/session/8b9c12c4-9c1c-4db2-8d1e-b301ec11f45a/element&amp#27;[39m
&amp#27;[38;5;0m[HTTP]&amp#27;[0m &amp#27;[90m{"value":"#id_warrantytill","using":"css selector"}&amp#27;[39m
&amp#27;[38;5;32m[AndroidUiautomator2Driver@6453 (8b9c12c4)]&amp#27;[0m Driver proxy active, passing request on via HTTP proxy
&amp#27;[38;5;96m[Chromedriver@0756 (d105eff1)]&amp#27;[0m Matched '/session/8b9c12c4-9c1c-4db2-8d1e-b301ec11f45a/element' to command name 'findElement'
&amp#27;[38;5;96m[Chromedriver@0756 (d105eff1)]&amp#27;[0m Proxying [POST /session/8b9c12c4-9c1c-4db2-8d1e-b301ec11f45a/element] to [POST http://127.0.0.1:52851/session/d105eff11b76bfce77f640f2b066a387/element] with body: {"value":"#id_warrantytill","using":"css selector"}
&amp#27;[38;5;96m[Chromedriver@0756 (d105eff1)]&amp#27;[0m Got response with status 200: {"value":{"element-6066-11e4-a52e-4f735466cecf":"2aa651af-7758-45bb-b064-2e4d56251e56"}}
&amp#27;[38;5;0m[HTTP]&amp#27;[0m &amp#27;[37m<-- POST /session/8b9c12c4-9c1c-4db2-8d1e-b301ec11f45a/element &amp#27;[39m&amp#27;[32m200&amp#27;[39m &amp#27;[90m43 ms - 137&amp#27;[39m
&amp#27;[38;5;0m[HTTP]&amp#27;[0m &amp#27;[90m&amp#27;[39m
&amp#27;[38;5;0m[HTTP]&amp#27;[0m &amp#27;[37m-->&amp#27;[39m &amp#27;[37mPOST&amp#27;[39m &amp#27;[37m/session/8b9c12c4-9c1c-4db2-8d1e-b301ec11f45a/execute/sync&amp#27;[39m
&amp#27;[38;5;0m[HTTP]&amp#27;[0m &amp#27;[90m{"args":[{"element-6066-11e4-a52e-4f735466cecf":"2aa651af-7758-45bb-b064-2e4d56251e56"}],"script":"arguments[0].scrollIntoView(true)"}&amp#27;[39m
&amp#27;[38;5;32m[AndroidUiautomator2Driver@6453 (8b9c12c4)]&amp#27;[0m Calling AppiumDriver.execute() with args: ["arguments[0].scrollIntoView(true)",[{"element-6066-11e4-a52e-4f735466cecf":"2aa651af-7758-45bb-b064-2e4d56251e56"}],"8b9c12c4-9c1c-4db2-8d1e-b301ec11f45a"]
&amp#27;[38;5;96m[Chromedriver@0756 (d105eff1)]&amp#27;[0m Matched '/execute/sync' to command name 'execute'
&amp#27;[38;5;96m[Chromedriver@0756 (d105eff1)]&amp#27;[0m Did not know how to rewrite the original URL '/execute/sync' for W3C protocol
&amp#27;[38;5;96m[Chromedriver@0756 (d105eff1)]&amp#27;[0m Proxying [POST /execute/sync] to [POST http://127.0.0.1:52851/session/d105eff11b76bfce77f640f2b066a387/execute/sync] with body: {"script":"arguments[0].scrollIntoView(true)","args":[{"element-6066-11e4-a52e-4f735466cecf":"2aa651af-7758-45bb-b064-2e4d56251e56"}]}
&amp#27;[38;5;96m[Chromedriver@0756 (d105eff1)]&amp#27;[0m Got response with status 200: {"value":null}
&amp#27;[38;5;32m[AndroidUiautomator2Driver@6453 (8b9c12c4)]&amp#27;[0m Responding to client with driver.execute() result: null
&amp#27;[38;5;0m[HTTP]&amp#27;[0m &amp#27;[37m<-- POST /session/8b9c12c4-9c1c-4db2-8d1e-b301ec11f45a/execute/sync &amp#27;[39m&amp#27;[32m200&amp#27;[39m &amp#27;[90m30 ms - 14&amp#27;[39m
&amp#27;[38;5;0m[HTTP]&amp#27;[0m &amp#27;[90m&amp#27;[39m
&amp#27;[38;5;0m[HTTP]&amp#27;[0m &amp#27;[37m-->&amp#27;[39m &amp#27;[37mPOST&amp#27;[39m &amp#27;[37m/session/8b9c12c4-9c1c-4db2-8d1e-b301ec11f45a/element&amp#27;[39m
&amp#27;[38;5;0m[HTTP]&amp#27;[0m &amp#27;[90m{"value":"#id_warrantytill","using":"css selector"}&amp#27;[39m
&amp#27;[38;5;32m[AndroidUiautomator2Driver@6453 (8b9c12c4)]&amp#27;[0m Driver proxy active, passing request on via HTTP proxy
&amp#27;[38;5;96m[Chromedriver@0756 (d105eff1)]&amp#27;[0m Matched '/session/8b9c12c4-9c1c-4db2-8d1e-b301ec11f45a/element' to command name 'findElement'
&amp#27;[38;5;96m[Chromedriver@0756 (d105eff1)]&amp#27;[0m Proxying [POST /session/8b9c12c4-9c1c-4db2-8d1e-b301ec11f45a/element] to [POST http://127.0.0.1:52851/session/d105eff11b76bfce77f640f2b066a387/element] with body: {"value":"#id_warrantytill","using":"css selector"}
&amp#27;[38;5;96m[Chromedriver@0756 (d105eff1)]&amp#27;[0m Got response with status 200: {"value":{"element-6066-11e4-a52e-4f735466cecf":"2aa651af-7758-45bb-b064-2e4d56251e56"}}
&amp#27;[38;5;0m[HTTP]&amp#27;[0m &amp#27;[37m<-- POST /session/8b9c12c4-9c1c-4db2-8d1e-b301ec11f45a/element &amp#27;[39m&amp#27;[32m200&amp#27;[39m &amp#27;[90m30 ms - 137&amp#27;[39m
&amp#27;[38;5;0m[HTTP]&amp#27;[0m &amp#27;[90m&amp#27;[39m
&amp#27;[38;5;0m[HTTP]&amp#27;[0m &amp#27;[37m-->&amp#27;[39m &amp#27;[37mPOST&amp#27;[39m &amp#27;[37m/session/8b9c12c4-9c1c-4db2-8d1e-b301ec11f45a/element/2aa651af-7758-45bb-b064-2e4d56251e56/value&amp#27;[39m
&amp#27;[38;5;0m[HTTP]&amp#27;[0m &amp#27;[90m{"value":["0","1","-","0","4","-","2","0","2","6"],"id":"2aa651af-7758-45bb-b064-2e4d56251e56","text":"01-04-2026"}&amp#27;[39m
&amp#27;[38;5;32m[AndroidUiautomator2Driver@6453 (8b9c12c4)]&amp#27;[0m Driver proxy active, passing request on via HTTP proxy
&amp#27;[38;5;96m[Chromedriver@0756 (d105eff1)]&amp#27;[0m Matched '/session/8b9c12c4-9c1c-4db2-8d1e-b301ec11f45a/element/2aa651af-7758-45bb-b064-2e4d56251e56/value' to command name 'setValue'
&amp#27;[38;5;96m[Chromedriver@0756 (d105eff1)]&amp#27;[0m Proxying [POST /session/8b9c12c4-9c1c-4db2-8d1e-b301ec11f45a/element/2aa651af-7758-45bb-b064-2e4d56251e56/value] to [POST http://127.0.0.1:52851/session/d105eff11b76bfce77f640f2b066a387/element/2aa651af-7758-45bb-b064-2e4d56251e56/value] with body: {"value":["0","1","-","0","4","-","2","0","2","6"],"id":"2aa651af-7758-45bb-b064-2e4d56251e56","text":"01-04-2026"}
&amp#27;[38;5;96m[Chromedriver@0756 (d105eff1)]&amp#27;[0m Got response with status 200: {"value":null}
&amp#27;[38;5;0m[HTTP]&amp#27;[0m &amp#27;[37m<-- POST /session/8b9c12c4-9c1c-4db2-8d1e-b301ec11f45a/element/2aa651af-7758-45bb-b064-2e4d56251e56/value &amp#27;[39m&amp#27;[32m200&amp#27;[39m &amp#27;[90m608 ms - 14&amp#27;[39m
&amp#27;[38;5;0m[HTTP]&amp#27;[0m &amp#27;[90m&amp#27;[39m
Warranty Date is set
&amp#27;[38;5;0m[HTTP]&amp#27;[0m &amp#27;[37m-->&amp#27;[39m &amp#27;[37mPOST&amp#27;[39m &amp#27;[37m/session/8b9c12c4-9c1c-4db2-8d1e-b301ec11f45a/element&amp#27;[39m
&amp#27;[38;5;0m[HTTP]&amp#27;[0m &amp#27;[90m{"value":"*[name='vendor']","using":"css selector"}&amp#27;[39m
&amp#27;[38;5;32m[AndroidUiautomator2Driver@6453 (8b9c12c4)]&amp#27;[0m Driver proxy active, passing request on via HTTP proxy
&amp#27;[38;5;96m[Chromedriver@0756 (d105eff1)]&amp#27;[0m Matched '/session/8b9c12c4-9c1c-4db2-8d1e-b301ec11f45a/element' to command name 'findElement'
&amp#27;[38;5;96m[Chromedriver@0756 (d105eff1)]&amp#27;[0m Proxying [POST /session/8b9c12c4-9c1c-4db2-8d1e-b301ec11f45a/element] to [POST http://127.0.0.1:52851/session/d105eff11b76bfce77f640f2b066a387/element] with body: {"value":"*[name='vendor']","using":"css selector"}
&amp#27;[38;5;96m[Chromedriver@0756 (d105eff1)]&amp#27;[0m Got response with status 200: {"value":{"element-6066-11e4-a52e-4f735466cecf":"e2d2262b-877d-4994-a70b-1b1d13fc973a"}}
&amp#27;[38;5;0m[HTTP]&amp#27;[0m &amp#27;[37m<-- POST /session/8b9c12c4-9c1c-4db2-8d1e-b301ec11f45a/element &amp#27;[39m&amp#27;[32m200&amp#27;[39m &amp#27;[90m40 ms - 137&amp#27;[39m
&amp#27;[38;5;0m[HTTP]&amp#27;[0m &amp#27;[90m&amp#27;[39m
&amp#27;[38;5;0m[HTTP]&amp#27;[0m &amp#27;[37m-->&amp#27;[39m &amp#27;[37mGET&amp#27;[39m &amp#27;[37m/session/8b9c12c4-9c1c-4db2-8d1e-b301ec11f45a/element/e2d2262b-877d-4994-a70b-1b1d13fc973a/name&amp#27;[39m
&amp#27;[38;5;0m[HTTP]&amp#27;[0m &amp#27;[90m{}&amp#27;[39m
&amp#27;[38;5;32m[AndroidUiautomator2Driver@6453 (8b9c12c4)]&amp#27;[0m Driver proxy active, passing request on via HTTP proxy
&amp#27;[38;5;96m[Chromedriver@0756 (d105eff1)]&amp#27;[0m Matched '/session/8b9c12c4-9c1c-4db2-8d1e-b301ec11f45a/element/e2d2262b-877d-4994-a70b-1b1d13fc973a/name' to command name 'getName'
&amp#27;[38;5;96m[Chromedriver@0756 (d105eff1)]&amp#27;[0m Proxying [GET /session/8b9c12c4-9c1c-4db2-8d1e-b301ec11f45a/element/e2d2262b-877d-4994-a70b-1b1d13fc973a/name] to [GET http://127.0.0.1:52851/session/d105eff11b76bfce77f640f2b066a387/element/e2d2262b-877d-4994-a70b-1b1d13fc973a/name] with no body
&amp#27;[38;5;96m[Chromedriver@0756 (d105eff1)]&amp#27;[0m Got response with status 200: {"value":"select"}
&amp#27;[38;5;0m[HTTP]&amp#27;[0m &amp#27;[37m<-- GET /session/8b9c12c4-9c1c-4db2-8d1e-b301ec11f45a/element/e2d2262b-877d-4994-a70b-1b1d13fc973a/name &amp#27;[39m&amp#27;[32m200&amp#27;[39m &amp#27;[90m29 ms - 18&amp#27;[39m
&amp#27;[38;5;0m[HTTP]&amp#27;[0m &amp#27;[90m&amp#27;[39m
&amp#27;[38;5;0m[HTTP]&amp#27;[0m &amp#27;[37m-->&amp#27;[39m &amp#27;[37mPOST&amp#27;[39m &amp#27;[37m/session/8b9c12c4-9c1c-4db2-8d1e-b301ec11f45a/element&amp#27;[39m
&amp#27;[38;5;0m[HTTP]&amp#27;[0m &amp#27;[90m{"value":"*[name='vendor']","using":"css selector"}&amp#27;[39m
&amp#27;[38;5;32m[AndroidUiautomator2Driver@6453 (8b9c12c4)]&amp#27;[0m Driver proxy active, passing request on via HTTP proxy
&amp#27;[38;5;96m[Chromedriver@0756 (d105eff1)]&amp#27;[0m Matched '/session/8b9c12c4-9c1c-4db2-8d1e-b301ec11f45a/element' to command name 'findElement'
&amp#27;[38;5;96m[Chromedriver@0756 (d105eff1)]&amp#27;[0m Proxying [POST /session/8b9c12c4-9c1c-4db2-8d1e-b301ec11f45a/element] to [POST http://127.0.0.1:52851/session/d105eff11b76bfce77f640f2b066a387/element] with body: {"value":"*[name='vendor']","using":"css selector"}
&amp#27;[38;5;96m[Chromedriver@0756 (d105eff1)]&amp#27;[0m Got response with status 200: {"value":{"element-6066-11e4-a52e-4f735466cecf":"e2d2262b-877d-4994-a70b-1b1d13fc973a"}}
&amp#27;[38;5;0m[HTTP]&amp#27;[0m &amp#27;[37m<-- POST /session/8b9c12c4-9c1c-4db2-8d1e-b301ec11f45a/element &amp#27;[39m&amp#27;[32m200&amp#27;[39m &amp#27;[90m32 ms - 137&amp#27;[39m
&amp#27;[38;5;0m[HTTP]&amp#27;[0m &amp#27;[90m&amp#27;[39m
&amp#27;[38;5;0m[HTTP]&amp#27;[0m &amp#27;[37m-->&amp#27;[39m &amp#27;[37mGET&amp#27;[39m &amp#27;[37m/session/8b9c12c4-9c1c-4db2-8d1e-b301ec11f45a/element/e2d2262b-877d-4994-a70b-1b1d13fc973a/attribute/multiple&amp#27;[39m
&amp#27;[38;5;0m[HTTP]&amp#27;[0m &amp#27;[90m{}&amp#27;[39m
&amp#27;[38;5;32m[AndroidUiautomator2Driver@6453 (8b9c12c4)]&amp#27;[0m Driver proxy active, passing request on via HTTP proxy
&amp#27;[38;5;96m[Chromedriver@0756 (d105eff1)]&amp#27;[0m Matched '/session/8b9c12c4-9c1c-4db2-8d1e-b301ec11f45a/element/e2d2262b-877d-4994-a70b-1b1d13fc973a/attribute/multiple' to command name 'getAttribute'
&amp#27;[38;5;96m[Chromedriver@0756 (d105eff1)]&amp#27;[0m Proxying [GET /session/8b9c12c4-9c1c-4db2-8d1e-b301ec11f45a/element/e2d2262b-877d-4994-a70b-1b1d13fc973a/attribute/multiple] to [GET http://127.0.0.1:52851/session/d105eff11b76bfce77f640f2b066a387/element/e2d2262b-877d-4994-a70b-1b1d13fc973a/attribute/multiple] with no body
&amp#27;[38;5;96m[Chromedriver@0756 (d105eff1)]&amp#27;[0m Got response with status 200: {"value":null}
&amp#27;[38;5;0m[HTTP]&amp#27;[0m &amp#27;[37m<-- GET /session/8b9c12c4-9c1c-4db2-8d1e-b301ec11f45a/element/e2d2262b-877d-4994-a70b-1b1d13fc973a/attribute/multiple &amp#27;[39m&amp#27;[32m200&amp#27;[39m &amp#27;[90m45 ms - 14&amp#27;[39m
&amp#27;[38;5;0m[HTTP]&amp#27;[0m &amp#27;[90m&amp#27;[39m
&amp#27;[38;5;0m[HTTP]&amp#27;[0m &amp#27;[37m-->&amp#27;[39m &amp#27;[37mPOST&amp#27;[39m &amp#27;[37m/session/8b9c12c4-9c1c-4db2-8d1e-b301ec11f45a/element&amp#27;[39m
&amp#27;[38;5;0m[HTTP]&amp#27;[0m &amp#27;[90m{"value":"*[name='vendor']","using":"css selector"}&amp#27;[39m
&amp#27;[38;5;32m[AndroidUiautomator2Driver@6453 (8b9c12c4)]&amp#27;[0m Driver proxy active, passing request on via HTTP proxy
&amp#27;[38;5;96m[Chromedriver@0756 (d105eff1)]&amp#27;[0m Matched '/session/8b9c12c4-9c1c-4db2-8d1e-b301ec11f45a/element' to command name 'findElement'
&amp#27;[38;5;96m[Chromedriver@0756 (d105eff1)]&amp#27;[0m Proxying [POST /session/8b9c12c4-9c1c-4db2-8d1e-b301ec11f45a/element] to [POST http://127.0.0.1:52851/session/d105eff11b76bfce77f640f2b066a387/element] with body: {"value":"*[name='vendor']","using":"css selector"}
&amp#27;[38;5;96m[Chromedriver@0756 (d105eff1)]&amp#27;[0m Got response with status 200: {"value":{"element-6066-11e4-a52e-4f735466cecf":"e2d2262b-877d-4994-a70b-1b1d13fc973a"}}
&amp#27;[38;5;0m[HTTP]&amp#27;[0m &amp#27;[37m<-- POST /session/8b9c12c4-9c1c-4db2-8d1e-b301ec11f45a/element &amp#27;[39m&amp#27;[32m200&amp#27;[39m &amp#27;[90m25 ms - 137&amp#27;[39m
&amp#27;[38;5;0m[HTTP]&amp#27;[0m &amp#27;[90m&amp#27;[39m
&amp#27;[38;5;0m[HTTP]&amp#27;[0m &amp#27;[37m-->&amp#27;[39m &amp#27;[37mGET&amp#27;[39m &amp#27;[37m/session/8b9c12c4-9c1c-4db2-8d1e-b301ec11f45a/element/e2d2262b-877d-4994-a70b-1b1d13fc973a/enabled&amp#27;[39m
&amp#27;[38;5;0m[HTTP]&amp#27;[0m &amp#27;[90m{}&amp#27;[39m
&amp#27;[38;5;32m[AndroidUiautomator2Driver@6453 (8b9c12c4)]&amp#27;[0m Driver proxy active, passing request on via HTTP proxy
&amp#27;[38;5;96m[Chromedriver@0756 (d105eff1)]&amp#27;[0m Matched '/session/8b9c12c4-9c1c-4db2-8d1e-b301ec11f45a/element/e2d2262b-877d-4994-a70b-1b1d13fc973a/enabled' to command name 'elementEnabled'
&amp#27;[38;5;96m[Chromedriver@0756 (d105eff1)]&amp#27;[0m Proxying [GET /session/8b9c12c4-9c1c-4db2-8d1e-b301ec11f45a/element/e2d2262b-877d-4994-a70b-1b1d13fc973a/enabled] to [GET http://127.0.0.1:52851/session/d105eff11b76bfce77f640f2b066a387/element/e2d2262b-877d-4994-a70b-1b1d13fc973a/enabled] with no body
&amp#27;[38;5;96m[Chromedriver@0756 (d105eff1)]&amp#27;[0m Got response with status 200: {"value":true}
&amp#27;[38;5;0m[HTTP]&amp#27;[0m &amp#27;[37m<-- GET /session/8b9c12c4-9c1c-4db2-8d1e-b301ec11f45a/element/e2d2262b-877d-4994-a70b-1b1d13fc973a/enabled &amp#27;[39m&amp#27;[32m200&amp#27;[39m &amp#27;[90m34 ms - 14&amp#27;[39m
&amp#27;[38;5;0m[HTTP]&amp#27;[0m &amp#27;[90m&amp#27;[39m
&amp#27;[38;5;0m[HTTP]&amp#27;[0m &amp#27;[37m-->&amp#27;[39m &amp#27;[37mPOST&amp#27;[39m &amp#27;[37m/session/8b9c12c4-9c1c-4db2-8d1e-b301ec11f45a/element&amp#27;[39m
&amp#27;[38;5;0m[HTTP]&amp#27;[0m &amp#27;[90m{"value":"*[name='vendor']","using":"css selector"}&amp#27;[39m
&amp#27;[38;5;32m[AndroidUiautomator2Driver@6453 (8b9c12c4)]&amp#27;[0m Driver proxy active, passing request on via HTTP proxy
&amp#27;[38;5;96m[Chromedriver@0756 (d105eff1)]&amp#27;[0m Matched '/session/8b9c12c4-9c1c-4db2-8d1e-b301ec11f45a/element' to command name 'findElement'
&amp#27;[38;5;96m[Chromedriver@0756 (d105eff1)]&amp#27;[0m Proxying [POST /session/8b9c12c4-9c1c-4db2-8d1e-b301ec11f45a/element] to [POST http://127.0.0.1:52851/session/d105eff11b76bfce77f640f2b066a387/element] with body: {"value":"*[name='vendor']","using":"css selector"}
&amp#27;[38;5;96m[Chromedriver@0756 (d105eff1)]&amp#27;[0m Got response with status 200: {"value":{"element-6066-11e4-a52e-4f735466cecf":"e2d2262b-877d-4994-a70b-1b1d13fc973a"}}
&amp#27;[38;5;0m[HTTP]&amp#27;[0m &amp#27;[37m<-- POST /session/8b9c12c4-9c1c-4db2-8d1e-b301ec11f45a/element &amp#27;[39m&amp#27;[32m200&amp#27;[39m &amp#27;[90m25 ms - 137&amp#27;[39m
&amp#27;[38;5;0m[HTTP]&amp#27;[0m &amp#27;[90m&amp#27;[39m
&amp#27;[38;5;0m[HTTP]&amp#27;[0m &amp#27;[37m-->&amp#27;[39m &amp#27;[37mPOST&amp#27;[39m &amp#27;[37m/session/8b9c12c4-9c1c-4db2-8d1e-b301ec11f45a/element/e2d2262b-877d-4994-a70b-1b1d13fc973a/elements&amp#27;[39m
&amp#27;[38;5;0m[HTTP]&amp#27;[0m &amp#27;[90m{"value":".//option[normalize-space(.) = \"AMEX\"]","id":"e2d2262b-877d-4994-a70b-1b1d13fc973a","using":"xpath"}&amp#27;[39m
&amp#27;[38;5;32m[AndroidUiautomator2Driver@6453 (8b9c12c4)]&amp#27;[0m Driver proxy active, passing request on via HTTP proxy
&amp#27;[38;5;96m[Chromedriver@0756 (d105eff1)]&amp#27;[0m Matched '/session/8b9c12c4-9c1c-4db2-8d1e-b301ec11f45a/element/e2d2262b-877d-4994-a70b-1b1d13fc973a/elements' to command name 'findElementsFromElement'
&amp#27;[38;5;96m[Chromedriver@0756 (d105eff1)]&amp#27;[0m Proxying [POST /session/8b9c12c4-9c1c-4db2-8d1e-b301ec11f45a/element/e2d2262b-877d-4994-a70b-1b1d13fc973a/elements] to [POST http://127.0.0.1:52851/session/d105eff11b76bfce77f640f2b066a387/element/e2d2262b-877d-4994-a70b-1b1d13fc973a/elements] with body: {"value":".//option[normalize-space(.) = \"AMEX\"]","id":"e2d2262b-877d-4994-a70b-1b1d13fc973a","using":"xpath"}
&amp#27;[38;5;96m[Chromedriver@0756 (d105eff1)]&amp#27;[0m Got response with status 200: {"value":[{"element-6066-11e4-a52e-4f735466cecf":"6321f228-536a-4c09-b753-bfcd1a3a4501"}]}
&amp#27;[38;5;0m[HTTP]&amp#27;[0m &amp#27;[37m<-- POST /session/8b9c12c4-9c1c-4db2-8d1e-b301ec11f45a/element/e2d2262b-877d-4994-a70b-1b1d13fc973a/elements &amp#27;[39m&amp#27;[32m200&amp#27;[39m &amp#27;[90m33 ms - 139&amp#27;[39m
&amp#27;[38;5;0m[HTTP]&amp#27;[0m &amp#27;[90m&amp#27;[39m
&amp#27;[38;5;0m[HTTP]&amp#27;[0m &amp#27;[37m-->&amp#27;[39m &amp#27;[37mGET&amp#27;[39m &amp#27;[37m/session/8b9c12c4-9c1c-4db2-8d1e-b301ec11f45a/element/6321f228-536a-4c09-b753-bfcd1a3a4501/enabled&amp#27;[39m
&amp#27;[38;5;0m[HTTP]&amp#27;[0m &amp#27;[90m{}&amp#27;[39m
&amp#27;[38;5;32m[AndroidUiautomator2Driver@6453 (8b9c12c4)]&amp#27;[0m Driver proxy active, passing request on via HTTP proxy
&amp#27;[38;5;96m[Chromedriver@0756 (d105eff1)]&amp#27;[0m Matched '/session/8b9c12c4-9c1c-4db2-8d1e-b301ec11f45a/element/6321f228-536a-4c09-b753-bfcd1a3a4501/enabled' to command name 'elementEnabled'
&amp#27;[38;5;96m[Chromedriver@0756 (d105eff1)]&amp#27;[0m Proxying [GET /session/8b9c12c4-9c1c-4db2-8d1e-b301ec11f45a/element/6321f228-536a-4c09-b753-bfcd1a3a4501/enabled] to [GET http://127.0.0.1:52851/session/d105eff11b76bfce77f640f2b066a387/element/6321f228-536a-4c09-b753-bfcd1a3a4501/enabled] with no body
&amp#27;[38;5;96m[Chromedriver@0756 (d105eff1)]&amp#27;[0m Got response with status 200: {"value":true}
&amp#27;[38;5;0m[HTTP]&amp#27;[0m &amp#27;[37m<-- GET /session/8b9c12c4-9c1c-4db2-8d1e-b301ec11f45a/element/6321f228-536a-4c09-b753-bfcd1a3a4501/enabled &amp#27;[39m&amp#27;[32m200&amp#27;[39m &amp#27;[90m33 ms - 14&amp#27;[39m
&amp#27;[38;5;0m[HTTP]&amp#27;[0m &amp#27;[90m&amp#27;[39m
&amp#27;[38;5;0m[HTTP]&amp#27;[0m &amp#27;[37m-->&amp#27;[39m &amp#27;[37mGET&amp#27;[39m &amp#27;[37m/session/8b9c12c4-9c1c-4db2-8d1e-b301ec11f45a/element/6321f228-536a-4c09-b753-bfcd1a3a4501/selected&amp#27;[39m
&amp#27;[38;5;0m[HTTP]&amp#27;[0m &amp#27;[90m{}&amp#27;[39m
&amp#27;[38;5;32m[AndroidUiautomator2Driver@6453 (8b9c12c4)]&amp#27;[0m Driver proxy active, passing request on via HTTP proxy
&amp#27;[38;5;96m[Chromedriver@0756 (d105eff1)]&amp#27;[0m Matched '/session/8b9c12c4-9c1c-4db2-8d1e-b301ec11f45a/element/6321f228-536a-4c09-b753-bfcd1a3a4501/selected' to command name 'elementSelected'
&amp#27;[38;5;96m[Chromedriver@0756 (d105eff1)]&amp#27;[0m Proxying [GET /session/8b9c12c4-9c1c-4db2-8d1e-b301ec11f45a/element/6321f228-536a-4c09-b753-bfcd1a3a4501/selected] to [GET http://127.0.0.1:52851/session/d105eff11b76bfce77f640f2b066a387/element/6321f228-536a-4c09-b753-bfcd1a3a4501/selected] with no body
&amp#27;[38;5;96m[Chromedriver@0756 (d105eff1)]&amp#27;[0m Got response with status 200: {"value":false}
&amp#27;[38;5;0m[HTTP]&amp#27;[0m &amp#27;[37m<-- GET /session/8b9c12c4-9c1c-4db2-8d1e-b301ec11f45a/element/6321f228-536a-4c09-b753-bfcd1a3a4501/selected &amp#27;[39m&amp#27;[32m200&amp#27;[39m &amp#27;[90m30 ms - 15&amp#27;[39m
&amp#27;[38;5;0m[HTTP]&amp#27;[0m &amp#27;[90m&amp#27;[39m
&amp#27;[38;5;0m[HTTP]&amp#27;[0m &amp#27;[37m-->&amp#27;[39m &amp#27;[37mPOST&amp#27;[39m &amp#27;[37m/session/8b9c12c4-9c1c-4db2-8d1e-b301ec11f45a/element/6321f228-536a-4c09-b753-bfcd1a3a4501/click&amp#27;[39m
&amp#27;[38;5;0m[HTTP]&amp#27;[0m &amp#27;[90m{"id":"6321f228-536a-4c09-b753-bfcd1a3a4501"}&amp#27;[39m
&amp#27;[38;5;32m[AndroidUiautomator2Driver@6453 (8b9c12c4)]&amp#27;[0m Driver proxy active, passing request on via HTTP proxy
&amp#27;[38;5;96m[Chromedriver@0756 (d105eff1)]&amp#27;[0m Matched '/session/8b9c12c4-9c1c-4db2-8d1e-b301ec11f45a/element/6321f228-536a-4c09-b753-bfcd1a3a4501/click' to command name 'click'
&amp#27;[38;5;96m[Chromedriver@0756 (d105eff1)]&amp#27;[0m Proxying [POST /session/8b9c12c4-9c1c-4db2-8d1e-b301ec11f45a/element/6321f228-536a-4c09-b753-bfcd1a3a4501/click] to [POST http://127.0.0.1:52851/session/d105eff11b76bfce77f640f2b066a387/element/6321f228-536a-4c09-b753-bfcd1a3a4501/click] with body: {"id":"6321f228-536a-4c09-b753-bfcd1a3a4501"}
&amp#27;[38;5;96m[Chromedriver@0756 (d105eff1)]&amp#27;[0m Got response with status 200: {"value":null}
&amp#27;[38;5;0m[HTTP]&amp#27;[0m &amp#27;[37m<-- POST /session/8b9c12c4-9c1c-4db2-8d1e-b301ec11f45a/element/6321f228-536a-4c09-b753-bfcd1a3a4501/click &amp#27;[39m&amp#27;[32m200&amp#27;[39m &amp#27;[90m86 ms - 14&amp#27;[39m
&amp#27;[38;5;0m[HTTP]&amp#27;[0m &amp#27;[90m&amp#27;[39m
Supplier is set
&amp#27;[38;5;0m[HTTP]&amp#27;[0m &amp#27;[37m-->&amp#27;[39m &amp#27;[37mPOST&amp#27;[39m &amp#27;[37m/session/8b9c12c4-9c1c-4db2-8d1e-b301ec11f45a/element&amp#27;[39m
&amp#27;[38;5;0m[HTTP]&amp#27;[0m &amp#27;[90m{"value":"#id_btn_assetdetails","using":"css selector"}&amp#27;[39m
&amp#27;[38;5;32m[AndroidUiautomator2Driver@6453 (8b9c12c4)]&amp#27;[0m Driver proxy active, passing request on via HTTP proxy
&amp#27;[38;5;96m[Chromedriver@0756 (d105eff1)]&amp#27;[0m Matched '/session/8b9c12c4-9c1c-4db2-8d1e-b301ec11f45a/element' to command name 'findElement'
&amp#27;[38;5;96m[Chromedriver@0756 (d105eff1)]&amp#27;[0m Proxying [POST /session/8b9c12c4-9c1c-4db2-8d1e-b301ec11f45a/element] to [POST http://127.0.0.1:52851/session/d105eff11b76bfce77f640f2b066a387/element] with body: {"value":"#id_btn_assetdetails","using":"css selector"}
&amp#27;[38;5;96m[Chromedriver@0756 (d105eff1)]&amp#27;[0m Got response with status 200: {"value":{"element-6066-11e4-a52e-4f735466cecf":"7ef3c8b6-044f-4221-bc73-657e7b8811ef"}}
&amp#27;[38;5;0m[HTTP]&amp#27;[0m &amp#27;[37m<-- POST /session/8b9c12c4-9c1c-4db2-8d1e-b301ec11f45a/element &amp#27;[39m&amp#27;[32m200&amp#27;[39m &amp#27;[90m57 ms - 137&amp#27;[39m
&amp#27;[38;5;0m[HTTP]&amp#27;[0m &amp#27;[90m&amp#27;[39m
&amp#27;[38;5;0m[HTTP]&amp#27;[0m &amp#27;[37m-->&amp#27;[39m &amp#27;[37mPOST&amp#27;[39m &amp#27;[37m/session/8b9c12c4-9c1c-4db2-8d1e-b301ec11f45a/execute/sync&amp#27;[39m
&amp#27;[38;5;0m[HTTP]&amp#27;[0m &amp#27;[90m{"args":[{"element-6066-11e4-a52e-4f735466cecf":"7ef3c8b6-044f-4221-bc73-657e7b8811ef"}],"script":"arguments[0].scrollIntoView(true);"}&amp#27;[39m
&amp#27;[38;5;32m[AndroidUiautomator2Driver@6453 (8b9c12c4)]&amp#27;[0m Calling AppiumDriver.execute() with args: ["arguments[0].scrollIntoView(true);",[{"element-6066-11e4-a52e-4f735466cecf":"7ef3c8b6-044f-4221-bc73-657e7b8811ef"}],"8b9c12c4-9c1c-4db2-8d1e-b301ec11f45a"]
&amp#27;[38;5;96m[Chromedriver@0756 (d105eff1)]&amp#27;[0m Matched '/execute/sync' to command name 'execute'
&amp#27;[38;5;96m[Chromedriver@0756 (d105eff1)]&amp#27;[0m Did not know how to rewrite the original URL '/execute/sync' for W3C protocol
&amp#27;[38;5;96m[Chromedriver@0756 (d105eff1)]&amp#27;[0m Proxying [POST /execute/sync] to [POST http://127.0.0.1:52851/session/d105eff11b76bfce77f640f2b066a387/execute/sync] with body: {"script":"arguments[0].scrollIntoView(true);","args":[{"element-6066-11e4-a52e-4f735466cecf":"7ef3c8b6-044f-4221-bc73-657e7b8811ef"}]}
&amp#27;[38;5;96m[Chromedriver@0756 (d105eff1)]&amp#27;[0m Got response with status 200: {"value":null}
&amp#27;[38;5;32m[AndroidUiautomator2Driver@6453 (8b9c12c4)]&amp#27;[0m Responding to client with driver.execute() result: null
&amp#27;[38;5;0m[HTTP]&amp#27;[0m &amp#27;[37m<-- POST /session/8b9c12c4-9c1c-4db2-8d1e-b301ec11f45a/execute/sync &amp#27;[39m&amp#27;[32m200&amp#27;[39m &amp#27;[90m31 ms - 14&amp#27;[39m
&amp#27;[38;5;0m[HTTP]&amp#27;[0m &amp#27;[90m&amp#27;[39m
&amp#27;[38;5;0m[HTTP]&amp#27;[0m &amp#27;[37m-->&amp#27;[39m &amp#27;[37mPOST&amp#27;[39m &amp#27;[37m/session/8b9c12c4-9c1c-4db2-8d1e-b301ec11f45a/element&amp#27;[39m
&amp#27;[38;5;0m[HTTP]&amp#27;[0m &amp#27;[90m{"value":"#id_btn_assetdetails","using":"css selector"}&amp#27;[39m
&amp#27;[38;5;32m[AndroidUiautomator2Driver@6453 (8b9c12c4)]&amp#27;[0m Driver proxy active, passing request on via HTTP proxy
&amp#27;[38;5;96m[Chromedriver@0756 (d105eff1)]&amp#27;[0m Matched '/session/8b9c12c4-9c1c-4db2-8d1e-b301ec11f45a/element' to command name 'findElement'
&amp#27;[38;5;96m[Chromedriver@0756 (d105eff1)]&amp#27;[0m Proxying [POST /session/8b9c12c4-9c1c-4db2-8d1e-b301ec11f45a/element] to [POST http://127.0.0.1:52851/session/d105eff11b76bfce77f640f2b066a387/element] with body: {"value":"#id_btn_assetdetails","using":"css selector"}
&amp#27;[38;5;96m[Chromedriver@0756 (d105eff1)]&amp#27;[0m Got response with status 200: {"value":{"element-6066-11e4-a52e-4f735466cecf":"7ef3c8b6-044f-4221-bc73-657e7b8811ef"}}
&amp#27;[38;5;0m[HTTP]&amp#27;[0m &amp#27;[37m<-- POST /session/8b9c12c4-9c1c-4db2-8d1e-b301ec11f45a/element &amp#27;[39m&amp#27;[32m200&amp#27;[39m &amp#27;[90m39 ms - 137&amp#27;[39m
&amp#27;[38;5;0m[HTTP]&amp#27;[0m &amp#27;[90m&amp#27;[39m
&amp#27;[38;5;0m[HTTP]&amp#27;[0m &amp#27;[37m-->&amp#27;[39m &amp#27;[37mPOST&amp#27;[39m &amp#27;[37m/session/8b9c12c4-9c1c-4db2-8d1e-b301ec11f45a/execute/sync&amp#27;[39m
&amp#27;[38;5;0m[HTTP]&amp#27;[0m &amp#27;[90m{"args":[{"element-6066-11e4-a52e-4f735466cecf":"7ef3c8b6-044f-4221-bc73-657e7b8811ef"}],"script":"arguments[0].click();"}&amp#27;[39m
&amp#27;[38;5;32m[AndroidUiautomator2Driver@6453 (8b9c12c4)]&amp#27;[0m Calling AppiumDriver.execute() with args: ["arguments[0].click();",[{"element-6066-11e4-a52e-4f735466cecf":"7ef3c8b6-044f-4221-bc73-657e7b8811ef"}],"8b9c12c4-9c1c-4db2-8d1e-b301ec11f45a"]
&amp#27;[38;5;96m[Chromedriver@0756 (d105eff1)]&amp#27;[0m Matched '/execute/sync' to command name 'execute'
&amp#27;[38;5;96m[Chromedriver@0756 (d105eff1)]&amp#27;[0m Did not know how to rewrite the original URL '/execute/sync' for W3C protocol
&amp#27;[38;5;96m[Chromedriver@0756 (d105eff1)]&amp#27;[0m Proxying [POST /execute/sync] to [POST http://127.0.0.1:52851/session/d105eff11b76bfce77f640f2b066a387/execute/sync] with body: {"script":"arguments[0].click();","args":[{"element-6066-11e4-a52e-4f735466cecf":"7ef3c8b6-044f-4221-bc73-657e7b8811ef"}]}
&amp#27;[38;5;96m[Chromedriver@0756 (d105eff1)]&amp#27;[0m Got response with status 200: {"value":null}
&amp#27;[38;5;32m[AndroidUiautomator2Driver@6453 (8b9c12c4)]&amp#27;[0m Responding to client with driver.execute() result: null
&amp#27;[38;5;0m[HTTP]&amp#27;[0m &amp#27;[37m<-- POST /session/8b9c12c4-9c1c-4db2-8d1e-b301ec11f45a/execute/sync &amp#27;[39m&amp#27;[32m200&amp#27;[39m &amp#27;[90m63 ms - 14&amp#27;[39m
&amp#27;[38;5;0m[HTTP]&amp#27;[0m &amp#27;[90m&amp#27;[39m
Clicked on save
&amp#27;[38;5;0m[HTTP]&amp#27;[0m &amp#27;[37m-->&amp#27;[39m &amp#27;[37mPOST&amp#27;[39m &amp#27;[37m/session/8b9c12c4-9c1c-4db2-8d1e-b301ec11f45a/element&amp#27;[39m
&amp#27;[38;5;0m[HTTP]&amp#27;[0m &amp#27;[90m{"value":"*[name='assetid']","using":"css selector"}&amp#27;[39m
&amp#27;[38;5;32m[AndroidUiautomator2Driver@6453 (8b9c12c4)]&amp#27;[0m Driver proxy active, passing request on via HTTP proxy
&amp#27;[38;5;96m[Chromedriver@0756 (d105eff1)]&amp#27;[0m Matched '/session/8b9c12c4-9c1c-4db2-8d1e-b301ec11f45a/element' to command name 'findElement'
&amp#27;[38;5;96m[Chromedriver@0756 (d105eff1)]&amp#27;[0m Proxying [POST /session/8b9c12c4-9c1c-4db2-8d1e-b301ec11f45a/element] to [POST http://127.0.0.1:52851/session/d105eff11b76bfce77f640f2b066a387/element] with body: {"value":"*[name='assetid']","using":"css selector"}
&amp#27;[38;5;96m[Chromedriver@0756 (d105eff1)]&amp#27;[0m Got response with status 200: {"value":{"element-6066-11e4-a52e-4f735466cecf":"34c16421-db22-4fd7-907e-b9d2f69fa800"}}
&amp#27;[38;5;0m[HTTP]&amp#27;[0m &amp#27;[37m<-- POST /session/8b9c12c4-9c1c-4db2-8d1e-b301ec11f45a/element &amp#27;[39m&amp#27;[32m200&amp#27;[39m &amp#27;[90m69 ms - 137&amp#27;[39m
&amp#27;[38;5;0m[HTTP]&amp#27;[0m &amp#27;[90m&amp#27;[39m
&amp#27;[38;5;0m[HTTP]&amp#27;[0m &amp#27;[37m-->&amp#27;[39m &amp#27;[37mGET&amp#27;[39m &amp#27;[37m/session/8b9c12c4-9c1c-4db2-8d1e-b301ec11f45a/element/34c16421-db22-4fd7-907e-b9d2f69fa800/attribute/value&amp#27;[39m
&amp#27;[38;5;0m[HTTP]&amp#27;[0m &amp#27;[90m{}&amp#27;[39m
&amp#27;[38;5;32m[AndroidUiautomator2Driver@6453 (8b9c12c4)]&amp#27;[0m Driver proxy active, passing request on via HTTP proxy
&amp#27;[38;5;96m[Chromedriver@0756 (d105eff1)]&amp#27;[0m Matched '/session/8b9c12c4-9c1c-4db2-8d1e-b301ec11f45a/element/34c16421-db22-4fd7-907e-b9d2f69fa800/attribute/value' to command name 'getAttribute'
&amp#27;[38;5;96m[Chromedriver@0756 (d105eff1)]&amp#27;[0m Proxying [GET /session/8b9c12c4-9c1c-4db2-8d1e-b301ec11f45a/element/34c16421-db22-4fd7-907e-b9d2f69fa800/attribute/value] to [GET http://127.0.0.1:52851/session/d105eff11b76bfce77f640f2b066a387/element/34c16421-db22-4fd7-907e-b9d2f69fa800/attribute/value] with no body
&amp#27;[38;5;96m[Chromedriver@0756 (d105eff1)]&amp#27;[0m Got response with status 200: {"value":"NEW"}
&amp#27;[38;5;0m[HTTP]&amp#27;[0m &amp#27;[37m<-- GET /session/8b9c12c4-9c1c-4db2-8d1e-b301ec11f45a/element/34c16421-db22-4fd7-907e-b9d2f69fa800/attribute/value &amp#27;[39m&amp#27;[32m200&amp#27;[39m &amp#27;[90m33 ms - 15&amp#27;[39m
&amp#27;[38;5;0m[HTTP]&amp#27;[0m &amp#27;[90m&amp#27;[39m
&amp#27;[38;5;0m[HTTP]&amp#27;[0m &amp#27;[37m-->&amp#27;[39m &amp#27;[37mPOST&amp#27;[39m &amp#27;[37m/session/8b9c12c4-9c1c-4db2-8d1e-b301ec11f45a/element&amp#27;[39m
&amp#27;[38;5;0m[HTTP]&amp#27;[0m &amp#27;[90m{"value":"*[name='assetid']","using":"css selector"}&amp#27;[39m
&amp#27;[38;5;32m[AndroidUiautomator2Driver@6453 (8b9c12c4)]&amp#27;[0m Driver proxy active, passing request on via HTTP proxy
&amp#27;[38;5;96m[Chromedriver@0756 (d105eff1)]&amp#27;[0m Matched '/session/8b9c12c4-9c1c-4db2-8d1e-b301ec11f45a/element' to command name 'findElement'
&amp#27;[38;5;96m[Chromedriver@0756 (d105eff1)]&amp#27;[0m Proxying [POST /session/8b9c12c4-9c1c-4db2-8d1e-b301ec11f45a/element] to [POST http://127.0.0.1:52851/session/d105eff11b76bfce77f640f2b066a387/element] with body: {"value":"*[name='assetid']","using":"css selector"}
&amp#27;[38;5;96m[Chromedriver@0756 (d105eff1)]&amp#27;[0m Got response with status 200: {"value":{"element-6066-11e4-a52e-4f735466cecf":"34c16421-db22-4fd7-907e-b9d2f69fa800"}}
&amp#27;[38;5;0m[HTTP]&amp#27;[0m &amp#27;[37m<-- POST /session/8b9c12c4-9c1c-4db2-8d1e-b301ec11f45a/element &amp#27;[39m&amp#27;[32m200&amp#27;[39m &amp#27;[90m32 ms - 137&amp#27;[39m
&amp#27;[38;5;0m[HTTP]&amp#27;[0m &amp#27;[90m&amp#27;[39m
&amp#27;[38;5;0m[HTTP]&amp#27;[0m &amp#27;[37m-->&amp#27;[39m &amp#27;[37mGET&amp#27;[39m &amp#27;[37m/session/8b9c12c4-9c1c-4db2-8d1e-b301ec11f45a/element/34c16421-db22-4fd7-907e-b9d2f69fa800/attribute/value&amp#27;[39m
&amp#27;[38;5;0m[HTTP]&amp#27;[0m &amp#27;[90m{}&amp#27;[39m
&amp#27;[38;5;32m[AndroidUiautomator2Driver@6453 (8b9c12c4)]&amp#27;[0m Driver proxy active, passing request on via HTTP proxy
&amp#27;[38;5;96m[Chromedriver@0756 (d105eff1)]&amp#27;[0m Matched '/session/8b9c12c4-9c1c-4db2-8d1e-b301ec11f45a/element/34c16421-db22-4fd7-907e-b9d2f69fa800/attribute/value' to command name 'getAttribute'
&amp#27;[38;5;96m[Chromedriver@0756 (d105eff1)]&amp#27;[0m Proxying [GET /session/8b9c12c4-9c1c-4db2-8d1e-b301ec11f45a/element/34c16421-db22-4fd7-907e-b9d2f69fa800/attribute/value] to [GET http://127.0.0.1:52851/session/d105eff11b76bfce77f640f2b066a387/element/34c16421-db22-4fd7-907e-b9d2f69fa800/attribute/value] with no body
&amp#27;[38;5;96m[Chromedriver@0756 (d105eff1)]&amp#27;[0m Got response with status 200: {"value":"A20240001445"}
&amp#27;[38;5;0m[HTTP]&amp#27;[0m &amp#27;[37m<-- GET /session/8b9c12c4-9c1c-4db2-8d1e-b301ec11f45a/element/34c16421-db22-4fd7-907e-b9d2f69fa800/attribute/value &amp#27;[39m&amp#27;[32m200&amp#27;[39m &amp#27;[90m26 ms - 24&amp#27;[39m
&amp#27;[38;5;0m[HTTP]&amp#27;[0m &amp#27;[90m&amp#27;[39m
&amp#27;[38;5;0m[HTTP]&amp#27;[0m &amp#27;[37m-->&amp#27;[39m &amp#27;[37mPOST&amp#27;[39m &amp#27;[37m/session/8b9c12c4-9c1c-4db2-8d1e-b301ec11f45a/element&amp#27;[39m
&amp#27;[38;5;0m[HTTP]&amp#27;[0m &amp#27;[90m{"value":"*[name='assetid']","using":"css selector"}&amp#27;[39m
&amp#27;[38;5;32m[AndroidUiautomator2Driver@6453 (8b9c12c4)]&amp#27;[0m Driver proxy active, passing request on via HTTP proxy
&amp#27;[38;5;96m[Chromedriver@0756 (d105eff1)]&amp#27;[0m Matched '/session/8b9c12c4-9c1c-4db2-8d1e-b301ec11f45a/element' to command name 'findElement'
&amp#27;[38;5;96m[Chromedriver@0756 (d105eff1)]&amp#27;[0m Proxying [POST /session/8b9c12c4-9c1c-4db2-8d1e-b301ec11f45a/element] to [POST http://127.0.0.1:52851/session/d105eff11b76bfce77f640f2b066a387/element] with body: {"value":"*[name='assetid']","using":"css selector"}
&amp#27;[38;5;96m[Chromedriver@0756 (d105eff1)]&amp#27;[0m Got response with status 200: {"value":{"element-6066-11e4-a52e-4f735466cecf":"34c16421-db22-4fd7-907e-b9d2f69fa800"}}
&amp#27;[38;5;0m[HTTP]&amp#27;[0m &amp#27;[37m<-- POST /session/8b9c12c4-9c1c-4db2-8d1e-b301ec11f45a/element &amp#27;[39m&amp#27;[32m200&amp#27;[39m &amp#27;[90m25 ms - 137&amp#27;[39m
&amp#27;[38;5;0m[HTTP]&amp#27;[0m &amp#27;[90m&amp#27;[39m
&amp#27;[38;5;0m[HTTP]&amp#27;[0m &amp#27;[37m-->&amp#27;[39m &amp#27;[37mGET&amp#27;[39m &amp#27;[37m/session/8b9c12c4-9c1c-4db2-8d1e-b301ec11f45a/element/34c16421-db22-4fd7-907e-b9d2f69fa800/attribute/value&amp#27;[39m
&amp#27;[38;5;0m[HTTP]&amp#27;[0m &amp#27;[90m{}&amp#27;[39m
&amp#27;[38;5;32m[AndroidUiautomator2Driver@6453 (8b9c12c4)]&amp#27;[0m Driver proxy active, passing request on via HTTP proxy
&amp#27;[38;5;96m[Chromedriver@0756 (d105eff1)]&amp#27;[0m Matched '/session/8b9c12c4-9c1c-4db2-8d1e-b301ec11f45a/element/34c16421-db22-4fd7-907e-b9d2f69fa800/attribute/value' to command name 'getAttribute'
&amp#27;[38;5;96m[Chromedriver@0756 (d105eff1)]&amp#27;[0m Proxying [GET /session/8b9c12c4-9c1c-4db2-8d1e-b301ec11f45a/element/34c16421-db22-4fd7-907e-b9d2f69fa800/attribute/value] to [GET http://127.0.0.1:52851/session/d105eff11b76bfce77f640f2b066a387/element/34c16421-db22-4fd7-907e-b9d2f69fa800/attribute/value] with no body
&amp#27;[38;5;96m[Chromedriver@0756 (d105eff1)]&amp#27;[0m Got response with status 200: {"value":"A20240001445"}
&amp#27;[38;5;0m[HTTP]&amp#27;[0m &amp#27;[37m<-- GET /session/8b9c12c4-9c1c-4db2-8d1e-b301ec11f45a/element/34c16421-db22-4fd7-907e-b9d2f69fa800/attribute/value &amp#27;[39m&amp#27;[32m200&amp#27;[39m &amp#27;[90m26 ms - 24&amp#27;[39m
&amp#27;[38;5;0m[HTTP]&amp#27;[0m &amp#27;[90m&amp#27;[39m
New Asset id for the Asset created under MDMS:A20240001445
Succsessfully Logged-In
Mastered the Masters
Created & transfered the Asset
WO has been created in the Corrective
Due to the issue in the Preventive Wo Schedule, Didn't Created one
Created the Asset in MDMS
]]></system-out>
    <system-err><![CDATA[SLF4J(W): No SLF4J providers were found.
SLF4J(W): Defaulting to no-operation (NOP) logger implementation
SLF4J(W): See https://www.slf4j.org/codes.html#noProviders for further details.
]]></system-err>
  </testcase>
</testsuite>