<?xml version="1.0" encoding="UTF-8"?>
<!-- Generated by org.testng.reporters.JUnitReportReporter -->
<testsuite hostname="SNJ22" failures="0" tests="1" name="CMMS.Testcase.TestCase" time="68.836" errors="0" timestamp="22 May 2024 10:31:03 GMT" skipped="0">
  <testcase classname="CMMS.Testcase.TestCase" name="testcmms" time="68.836"/>
</testsuite> <!-- CMMS.Testcase.TestCase -->
